    
 Finished initialization, starting time steps
    
       t          c1  (bottom left      middle       top right)  | lnst  lh
       t          c2  (bottom left      middle       top right)  | lnst  lh
  ----------------------------------------------------------------------------------
    7.200000E+03    1.046833E+04    2.963726E+04    1.118525E+04    219  1.586888E+02
                    2.526724E+11    7.153759E+11    2.699771E+11
    1.440000E+04    6.659014E+06    5.316008E+06    7.300804E+06    251  3.775365E+02
                    2.581912E+11    2.056791E+11    2.832856E+11
    2.160000E+04    2.664967E+07    1.036369E+07    2.930760E+07    283  2.639954E+02
                    2.992782E+11    1.028111E+11    3.313429E+11
    2.880000E+04    8.702118E+06    1.291963E+07    9.650041E+06    320  1.432299E+02
                    3.380362E+11    5.029274E+11    3.750966E+11
    3.600000E+04    1.404041E+04    2.029033E+04    1.560903E+04    360  9.445058E+01
                    3.386782E+11    4.894427E+11    3.765173E+11
    4.320000E+04   -9.116934E-09    2.738818E-09   -1.696904E-08    431  3.339896E+02
                    3.382337E+11    1.354921E+11    3.803530E+11
    5.040000E+04   -4.053076E-09   -8.574262E-09   -1.140444E-09    446  3.619463E+02
                    3.358174E+11    4.930469E+11    3.864454E+11
    5.760000E+04    1.016551E-08    2.158316E-08    2.852655E-09    460  6.353029E+02
                    3.320321E+11    9.649747E+11    3.909004E+11
    6.480000E+04   -1.913639E-08   -4.058264E-08   -5.377490E-09    471  6.353029E+02
                    3.313036E+11    8.921791E+11    3.963429E+11
    7.200000E+04   -9.078708E-10   -1.927952E-09   -2.546012E-10    483  6.353029E+02
                    3.329733E+11    6.186243E+11    4.038854E+11
    7.920000E+04   -4.877106E-12   -1.027155E-11   -1.386355E-12    494  6.353029E+02
                    3.334421E+11    6.668821E+11    4.120269E+11
    8.640000E+04   -6.978087E-15   -1.458493E-14   -1.986709E-15    505  6.353029E+02
                    3.351794E+11    9.106941E+11    4.162515E+11
  ----------------------------------------------------------------------------------
  
  General Solver Stats:
    Total internal steps taken      =      505
    Total rhs function call         =      721
    Total num preconditioner evals  =       82
    Total num preconditioner solves =     1684
    Num error test failures         =       27
    Num nonlinear solver iters      =      718
    Num linear solver iters         =     1034
    Avg Krylov subspace dim         =  1.440111E+00
    Num nonlinear solver fails      =       81
    Num linear solver fails         =       81
    main solver real/int workspace sizes   =     2689          53
    linear solver real/int workspace sizes =     2454          42
  
