    
 Finished initialization, starting time steps
    
       t          c1  (bottom left      middle       top right)  | lnst  lh
       t          c2  (bottom left      middle       top right)  | lnst  lh
  ----------------------------------------------------------------------------------
    7.200000E+03    1.046833E+04    2.963731E+04    1.118525E+04    190  1.609651E+02
                    2.526725E+11    7.153774E+11    2.699771E+11
    1.440000E+04    6.659019E+06    5.316023E+06    7.300811E+06    221  3.826870E+02
                    2.581915E+11    2.056797E+11    2.832860E+11
    2.160000E+04    2.664975E+07    1.036404E+07    2.930769E+07    246  2.781108E+02
                    2.992792E+11    1.028153E+11    3.313440E+11
    2.880000E+04    8.702080E+06    1.291961E+07    9.650005E+06    298  1.325022E+02
                    3.380347E+11    5.029265E+11    3.750952E+11
    3.600000E+04    1.404034E+04    2.028992E+04    1.560898E+04    341  6.312587E+01
                    3.386766E+11    4.894326E+11    3.765158E+11
    4.320000E+04    1.929352E-07   -6.028606E-06    4.403164E-07    402  4.479309E+02
                    3.382321E+11    1.354976E+11    3.803516E+11
    5.040000E+04    1.559324E-09    6.319483E-07    6.061980E-10    421  3.303700E+02
                    3.358158E+11    4.930292E+11    3.864439E+11
    5.760000E+04   -2.659808E-12   -1.079570E-09   -1.030014E-12    435  4.668299E+02
                    3.320306E+11    9.649764E+11    3.908991E+11
    6.480000E+04   -7.374705E-15   -2.741805E-12   -2.920272E-15    447  7.060938E+02
                    3.313019E+11    8.921840E+11    3.963414E+11
    7.200000E+04   -1.201892E-17   -4.105329E-15   -5.445391E-18    457  7.060938E+02
                    3.329716E+11    6.186195E+11    4.038841E+11
    7.920000E+04   -8.193303E-21   -1.460542E-15   -7.836531E-19    467  7.060938E+02
                    3.334407E+11    6.669087E+11    4.120254E+11
    8.640000E+04   -7.290370E-20   -3.730421E-15   -4.364209E-20    477  7.060938E+02
                    3.351776E+11    9.106311E+11    4.162500E+11
  ----------------------------------------------------------------------------------
  
  General Solver Stats:
    Total internal steps taken      =      477
    Total rhs function call         =      613
    Total num preconditioner evals  =        8
    Total num preconditioner solves =     1142
    Num error test failures         =       28
    Num nonlinear solver iters      =      610
    Num linear solver iters         =      614
    Avg Krylov subspace dim         =  1.006557E+00
    Num nonlinear solver fails      =        0
    Num linear solver fails         =        0
    main solver real/int workspace sizes   =     2689          53
    linear solver real/int workspace sizes =     2454          42
    CVBandPre real/int workspace sizes    =     2800         622
    CVBandPre number of f evaluations     =       40
  
