  
 cv_roberts_dns_f2003.f90: Robertson CV ODE serial example problem for CVODE
          Three equation chemical kinetics problem.
  
 Linear solver: DENSE, with user-supplied Jacobian.
Tolerance parameters:  rtol = 0.0001   atol =  1.E-08  1.E-14  1.E-06
Initial conditions y0 = ( 1.00  0.00  0.00 )
 Constraints not used.
  
 ---------------------------------------------------
    t            y1           y2           y3
 ---------------------------------------------------
  2.6391E-01   9.8997E-01   3.4706E-05   1.0000E-02
    rootsfound[] =  0   1
  4.0000E-01   9.8516E-01   3.3862E-05   1.4802E-02
  4.0000E+00   9.0551E-01   2.2403E-05   9.4468E-02
  4.0000E+01   7.1580E-01   9.1850E-06   2.8419E-01
  4.0000E+02   4.5054E-01   3.2233E-06   5.4946E-01
  4.0000E+03   1.8324E-01   8.9447E-07   8.1676E-01
  4.0000E+04   3.8983E-02   1.6217E-07   9.6102E-01
  4.0000E+05   4.9397E-03   1.9856E-08   9.9506E-01
  4.0000E+06   5.1710E-04   2.0695E-09   9.9948E-01
  2.0803E+07   1.0000E-04   4.0004E-10   9.9990E-01
    rootsfound[] = -1   0
  4.0000E+07   5.1996E-05   2.0800E-10   9.9995E-01
  4.0000E+08   5.2109E-06   2.0844E-11   9.9999E-01
  4.0000E+09   5.2178E-07   2.0871E-12   1.0000E+00
  4.0000E+10   5.2696E-08   2.1079E-13   1.0000E+00
  
 ---------------------------------------------------
      Final      y1'          y2'          y3'
 ---------------------------------------------------
              -1.2358E-18  -4.9433E-24   1.2358E-18
  
  General Solver Stats:
    Total internal steps taken    =      503
    Total rhs function calls      =      706
    Total Jacobian function calls =       11
    Total root function calls     =      531
    Total LU function calls       =       98
    Num error test failures       =       17
    Num nonlinear solver iters    =      703
    Num nonlinear solver fails    =        4
  
