  
 cv_roberts_dnsL_f2003.f90: Robertson CV ODE serial example problem for CVODE
          Three equation chemical kinetics problem.
  
 Linear solver: LAPACK DENSE, with user-supplied Jacobian.
Tolerance parameters:  rtol = 0.0001   atol =  1.E-06  1.E-11  1.E-05
Initial conditions y0 = ( 1.00  0.00  0.00 )
  
 ---------------------------------------------------
    t            y1           y2           y3
 ---------------------------------------------------
  2.6391E-01   9.8997E-01   3.4706E-05   1.0000E-02
    rootsfound[] =  0   1
  4.0000E-01   9.8517E-01   3.3863E-05   1.4801E-02
  4.0000E+00   9.0553E-01   2.2406E-05   9.4449E-02
  4.0000E+01   7.1587E-01   9.1872E-06   2.8412E-01
  4.0000E+02   4.5055E-01   3.2230E-06   5.4945E-01
  4.0000E+03   1.8323E-01   8.9439E-07   8.1677E-01
  4.0000E+04   3.8986E-02   1.6219E-07   9.6101E-01
  4.0000E+05   4.9340E-03   1.9833E-08   9.9507E-01
  4.0000E+06   5.1653E-04   2.0672E-09   9.9948E-01
  1.9818E+07   1.0000E-04   4.0007E-10   9.9990E-01
    rootsfound[] = -1   0
  4.0000E+07   4.4844E-05   1.7938E-10   9.9996E-01
  4.0000E+08   6.8491E-06   2.7396E-11   9.9999E-01
  4.0000E+09  -6.8850E+05  -4.0000E-06   6.8850E+05
  4.0000E+10  -1.7968E+07  -4.0000E-06   1.7968E+07
  
 ------------------------------------------------------
      Final      y1'          y2'          y3'
 ------------------------------------------------------
              -4.7999E-04   1.4590E-21   4.7999E-04
  
  General Solver Stats:
    Total internal steps taken    =      745
    Total rhs function calls      =     1206
    Total Jacobian function calls =       45
    Total root function calls     =      781
    Total LU function calls       =      190
    Num error test failures       =       46
    Num nonlinear solver iters    =     1203
    Num nonlinear solver fails    =       38
  
