

SENS_DIAGPF demo case. This kinsol example code does 
a 128 eqn diagonal algebraic system. Its purpose is to 
demonstrate the use of the Fortran interface in a
parallel environment.


 globalstrategy = INEXACT_NEWTON


 FSENSKINSOL returned flag =     1
 The resultant values of uu (processor 0) are:

   1   1.000000   2.000000   3.000000   4.000000
   5   5.000000   6.000000   7.000000   8.000000
   9   9.000000  10.000000  11.000000  12.000000
  13  13.000000  14.000000  15.000000  16.000000
  17  17.000000  18.000000  19.000000  20.000000
  21  21.000000  22.000000  23.000000  24.000000
  25  25.000000  26.000000  27.000000  28.000000
  29  29.000000  30.000000  31.000000  32.000000

 nni=   7 nli=  21 nfe=  36 npe=   2 nps=  28 ncfl=   0


The Sensitivity values ww (processor 0) are:

   1   0.500000   1.000000   1.500000   2.000000
   5   2.500000   3.000000   3.500000   4.000000
   9   4.500000   5.000000   5.500000   6.000000
  13   6.500000   7.000000   7.500000   8.000000
  17   8.500000   9.000000   9.500000  10.000000
  21  10.500000  11.000000  11.500000  12.000000
  25  12.500000  13.000000  13.500000  14.000000
  29  14.500000  15.000000  15.500000  16.000000

 nni=   7 nli=  39 nfe=  55 npe=   3 nps=  47 ncfl=   0
