   
 Analytical ODE test problem:
    lambda = (-0.01 , 10.00 ) 
    reltol =  1.0E-06,  abstol =  1.0E-10
  
       t     real(u)    imag(u)    error
    -------------------------------------------
      0.0   2.00E+00   0.00E+00   0.0E+00
      1.0  -1.66E+00  -1.08E+00   2.6E-04
      2.0   8.00E-01   1.79E+00   5.1E-04
      3.0   2.99E-01  -1.92E+00   7.5E-04
      4.0  -1.28E+00   1.43E+00   9.9E-04
      5.0   1.84E+00  -5.00E-01   1.2E-03
      6.0  -1.79E+00  -5.73E-01   1.4E-03
      7.0   1.18E+00   1.44E+00   1.7E-03
      8.0  -2.06E-01  -1.83E+00   1.9E-03
      9.0  -8.17E-01   1.63E+00   2.1E-03
     10.0   1.56E+00  -9.18E-01   2.3E-03
    -------------------------------------------
  
 Final Solver Statistics:
    Internal solver steps =  508, (attempted =  508)
    Total RHS evals =  2035
    Total number of error test failures =    0
    Error: max =  2.31E-03, rms =  1.47E-03
  
