Running on Intel(R) UHD Graphics P630 [0x3e96]
 
Group of independent 3-species kinetics problems

number of groups = 100

group 0: At t = 4.0000e-01      y =  9.851641e-01    3.386242e-05    1.480205e-02
group 10: At t = 4.0000e-01      y =  9.851641e-01    3.386242e-05    1.480205e-02
group 20: At t = 4.0000e-01      y =  9.851641e-01    3.386242e-05    1.480205e-02
group 30: At t = 4.0000e-01      y =  9.851641e-01    3.386242e-05    1.480205e-02
group 40: At t = 4.0000e-01      y =  9.851641e-01    3.386242e-05    1.480205e-02
group 50: At t = 4.0000e-01      y =  9.851641e-01    3.386242e-05    1.480205e-02
group 60: At t = 4.0000e-01      y =  9.851641e-01    3.386242e-05    1.480205e-02
group 70: At t = 4.0000e-01      y =  9.851641e-01    3.386242e-05    1.480205e-02
group 80: At t = 4.0000e-01      y =  9.851641e-01    3.386242e-05    1.480205e-02
group 90: At t = 4.0000e-01      y =  9.851641e-01    3.386242e-05    1.480205e-02
group 0: At t = 4.0000e+00      y =  9.055097e-01    2.240338e-05    9.446793e-02
group 10: At t = 4.0000e+00      y =  9.055097e-01    2.240338e-05    9.446793e-02
group 20: At t = 4.0000e+00      y =  9.055097e-01    2.240338e-05    9.446793e-02
group 30: At t = 4.0000e+00      y =  9.055097e-01    2.240338e-05    9.446793e-02
group 40: At t = 4.0000e+00      y =  9.055097e-01    2.240338e-05    9.446793e-02
group 50: At t = 4.0000e+00      y =  9.055097e-01    2.240338e-05    9.446793e-02
group 60: At t = 4.0000e+00      y =  9.055097e-01    2.240338e-05    9.446793e-02
group 70: At t = 4.0000e+00      y =  9.055097e-01    2.240338e-05    9.446793e-02
group 80: At t = 4.0000e+00      y =  9.055097e-01    2.240338e-05    9.446793e-02
group 90: At t = 4.0000e+00      y =  9.055097e-01    2.240338e-05    9.446793e-02
group 0: At t = 4.0000e+01      y =  7.158015e-01    9.185047e-06    2.841893e-01
group 10: At t = 4.0000e+01      y =  7.158015e-01    9.185047e-06    2.841893e-01
group 20: At t = 4.0000e+01      y =  7.158015e-01    9.185047e-06    2.841893e-01
group 30: At t = 4.0000e+01      y =  7.158015e-01    9.185047e-06    2.841893e-01
group 40: At t = 4.0000e+01      y =  7.158015e-01    9.185047e-06    2.841893e-01
group 50: At t = 4.0000e+01      y =  7.158015e-01    9.185047e-06    2.841893e-01
group 60: At t = 4.0000e+01      y =  7.158015e-01    9.185047e-06    2.841893e-01
group 70: At t = 4.0000e+01      y =  7.158015e-01    9.185047e-06    2.841893e-01
group 80: At t = 4.0000e+01      y =  7.158015e-01    9.185047e-06    2.841893e-01
group 90: At t = 4.0000e+01      y =  7.158015e-01    9.185047e-06    2.841893e-01
group 0: At t = 4.0000e+02      y =  4.505419e-01    3.223357e-06    5.494549e-01
group 10: At t = 4.0000e+02      y =  4.505419e-01    3.223357e-06    5.494549e-01
group 20: At t = 4.0000e+02      y =  4.505419e-01    3.223357e-06    5.494549e-01
group 30: At t = 4.0000e+02      y =  4.505419e-01    3.223357e-06    5.494549e-01
group 40: At t = 4.0000e+02      y =  4.505419e-01    3.223357e-06    5.494549e-01
group 50: At t = 4.0000e+02      y =  4.505419e-01    3.223357e-06    5.494549e-01
group 60: At t = 4.0000e+02      y =  4.505419e-01    3.223357e-06    5.494549e-01
group 70: At t = 4.0000e+02      y =  4.505419e-01    3.223357e-06    5.494549e-01
group 80: At t = 4.0000e+02      y =  4.505419e-01    3.223357e-06    5.494549e-01
group 90: At t = 4.0000e+02      y =  4.505419e-01    3.223357e-06    5.494549e-01
group 0: At t = 4.0000e+03      y =  1.832334e-01    8.944159e-07    8.167657e-01
group 10: At t = 4.0000e+03      y =  1.832334e-01    8.944159e-07    8.167657e-01
group 20: At t = 4.0000e+03      y =  1.832334e-01    8.944159e-07    8.167657e-01
group 30: At t = 4.0000e+03      y =  1.832334e-01    8.944159e-07    8.167657e-01
group 40: At t = 4.0000e+03      y =  1.832334e-01    8.944159e-07    8.167657e-01
group 50: At t = 4.0000e+03      y =  1.832334e-01    8.944159e-07    8.167657e-01
group 60: At t = 4.0000e+03      y =  1.832334e-01    8.944159e-07    8.167657e-01
group 70: At t = 4.0000e+03      y =  1.832334e-01    8.944159e-07    8.167657e-01
group 80: At t = 4.0000e+03      y =  1.832334e-01    8.944159e-07    8.167657e-01
group 90: At t = 4.0000e+03      y =  1.832334e-01    8.944159e-07    8.167657e-01
group 0: At t = 4.0000e+04      y =  3.897878e-02    1.621570e-07    9.610211e-01
group 10: At t = 4.0000e+04      y =  3.897878e-02    1.621570e-07    9.610211e-01
group 20: At t = 4.0000e+04      y =  3.897878e-02    1.621570e-07    9.610211e-01
group 30: At t = 4.0000e+04      y =  3.897878e-02    1.621570e-07    9.610211e-01
group 40: At t = 4.0000e+04      y =  3.897878e-02    1.621570e-07    9.610211e-01
group 50: At t = 4.0000e+04      y =  3.897878e-02    1.621570e-07    9.610211e-01
group 60: At t = 4.0000e+04      y =  3.897878e-02    1.621570e-07    9.610211e-01
group 70: At t = 4.0000e+04      y =  3.897878e-02    1.621570e-07    9.610211e-01
group 80: At t = 4.0000e+04      y =  3.897878e-02    1.621570e-07    9.610211e-01
group 90: At t = 4.0000e+04      y =  3.897878e-02    1.621570e-07    9.610211e-01
group 0: At t = 4.0000e+05      y =  4.939008e-03    1.985268e-08    9.950610e-01
group 10: At t = 4.0000e+05      y =  4.939008e-03    1.985268e-08    9.950610e-01
group 20: At t = 4.0000e+05      y =  4.939008e-03    1.985268e-08    9.950610e-01
group 30: At t = 4.0000e+05      y =  4.939008e-03    1.985268e-08    9.950610e-01
group 40: At t = 4.0000e+05      y =  4.939008e-03    1.985268e-08    9.950610e-01
group 50: At t = 4.0000e+05      y =  4.939008e-03    1.985268e-08    9.950610e-01
group 60: At t = 4.0000e+05      y =  4.939008e-03    1.985268e-08    9.950610e-01
group 70: At t = 4.0000e+05      y =  4.939008e-03    1.985268e-08    9.950610e-01
group 80: At t = 4.0000e+05      y =  4.939008e-03    1.985268e-08    9.950610e-01
group 90: At t = 4.0000e+05      y =  4.939008e-03    1.985268e-08    9.950610e-01
group 0: At t = 4.0000e+06      y =  5.166660e-04    2.067720e-09    9.994833e-01
group 10: At t = 4.0000e+06      y =  5.166660e-04    2.067720e-09    9.994833e-01
group 20: At t = 4.0000e+06      y =  5.166660e-04    2.067720e-09    9.994833e-01
group 30: At t = 4.0000e+06      y =  5.166660e-04    2.067720e-09    9.994833e-01
group 40: At t = 4.0000e+06      y =  5.166660e-04    2.067720e-09    9.994833e-01
group 50: At t = 4.0000e+06      y =  5.166660e-04    2.067720e-09    9.994833e-01
group 60: At t = 4.0000e+06      y =  5.166660e-04    2.067720e-09    9.994833e-01
group 70: At t = 4.0000e+06      y =  5.166660e-04    2.067720e-09    9.994833e-01
group 80: At t = 4.0000e+06      y =  5.166660e-04    2.067720e-09    9.994833e-01
group 90: At t = 4.0000e+06      y =  5.166660e-04    2.067720e-09    9.994833e-01
group 0: At t = 4.0000e+07      y =  5.199501e-05    2.079907e-10    9.999480e-01
group 10: At t = 4.0000e+07      y =  5.199501e-05    2.079907e-10    9.999480e-01
group 20: At t = 4.0000e+07      y =  5.199501e-05    2.079907e-10    9.999480e-01
group 30: At t = 4.0000e+07      y =  5.199501e-05    2.079907e-10    9.999480e-01
group 40: At t = 4.0000e+07      y =  5.199501e-05    2.079907e-10    9.999480e-01
group 50: At t = 4.0000e+07      y =  5.199501e-05    2.079907e-10    9.999480e-01
group 60: At t = 4.0000e+07      y =  5.199501e-05    2.079907e-10    9.999480e-01
group 70: At t = 4.0000e+07      y =  5.199501e-05    2.079907e-10    9.999480e-01
group 80: At t = 4.0000e+07      y =  5.199501e-05    2.079907e-10    9.999480e-01
group 90: At t = 4.0000e+07      y =  5.199501e-05    2.079907e-10    9.999480e-01
group 0: At t = 4.0000e+08      y =  5.229434e-06    2.091784e-11    9.999948e-01
group 10: At t = 4.0000e+08      y =  5.229434e-06    2.091784e-11    9.999948e-01
group 20: At t = 4.0000e+08      y =  5.229434e-06    2.091784e-11    9.999948e-01
group 30: At t = 4.0000e+08      y =  5.229434e-06    2.091784e-11    9.999948e-01
group 40: At t = 4.0000e+08      y =  5.229434e-06    2.091784e-11    9.999948e-01
group 50: At t = 4.0000e+08      y =  5.229434e-06    2.091784e-11    9.999948e-01
group 60: At t = 4.0000e+08      y =  5.229434e-06    2.091784e-11    9.999948e-01
group 70: At t = 4.0000e+08      y =  5.229434e-06    2.091784e-11    9.999948e-01
group 80: At t = 4.0000e+08      y =  5.229434e-06    2.091784e-11    9.999948e-01
group 90: At t = 4.0000e+08      y =  5.229434e-06    2.091784e-11    9.999948e-01
group 0: At t = 4.0000e+09      y =  5.235116e-07    2.094048e-12    9.999995e-01
group 10: At t = 4.0000e+09      y =  5.235116e-07    2.094048e-12    9.999995e-01
group 20: At t = 4.0000e+09      y =  5.235116e-07    2.094048e-12    9.999995e-01
group 30: At t = 4.0000e+09      y =  5.235116e-07    2.094048e-12    9.999995e-01
group 40: At t = 4.0000e+09      y =  5.235116e-07    2.094048e-12    9.999995e-01
group 50: At t = 4.0000e+09      y =  5.235116e-07    2.094048e-12    9.999995e-01
group 60: At t = 4.0000e+09      y =  5.235116e-07    2.094048e-12    9.999995e-01
group 70: At t = 4.0000e+09      y =  5.235116e-07    2.094048e-12    9.999995e-01
group 80: At t = 4.0000e+09      y =  5.235116e-07    2.094048e-12    9.999995e-01
group 90: At t = 4.0000e+09      y =  5.235116e-07    2.094048e-12    9.999995e-01
group 0: At t = 4.0000e+10      y =  5.026866e-08    2.010747e-13    9.999999e-01
group 10: At t = 4.0000e+10      y =  5.026866e-08    2.010747e-13    9.999999e-01
group 20: At t = 4.0000e+10      y =  5.026866e-08    2.010747e-13    9.999999e-01
group 30: At t = 4.0000e+10      y =  5.026866e-08    2.010747e-13    9.999999e-01
group 40: At t = 4.0000e+10      y =  5.026866e-08    2.010747e-13    9.999999e-01
group 50: At t = 4.0000e+10      y =  5.026866e-08    2.010747e-13    9.999999e-01
group 60: At t = 4.0000e+10      y =  5.026866e-08    2.010747e-13    9.999999e-01
group 70: At t = 4.0000e+10      y =  5.026866e-08    2.010747e-13    9.999999e-01
group 80: At t = 4.0000e+10      y =  5.026866e-08    2.010747e-13    9.999999e-01
group 90: At t = 4.0000e+10      y =  5.026866e-08    2.010747e-13    9.999999e-01

Final Statistics:
nst = 496    nfe  = 713    nsetups = 105    nje = 11
nni = 710    ncfn = 0      netf = 23        nge = 0
 
