Diagonal test problem, size NY =   40  parameter alpha =  10.000
  ydot_i = -alpha*i * y_i (i = 1,...,NY)

RTOL, ATOL =   0.1E-04   0.1E-09

Method is BDF/NEWTON/SPGMR
Preconditioner is band-block-diagonal, using PVBBDPRE

Number of processors =  4
Number of sensitivity vectors =  1
Total number of equations = 80

 t =  0.10E+00     no. steps =  180   no. f-s =  942

 t =  0.20E+00     no. steps =  227   no. f-s = 1183

 t =  0.30E+00     no. steps =  254   no. f-s = 1321

 t =  0.40E+00     no. steps =  272   no. f-s = 1414

 t =  0.50E+00     no. steps =  286   no. f-s = 1487

 t =  0.60E+00     no. steps =  297   no. f-s = 1542

 t =  0.70E+00     no. steps =  308   no. f-s = 1597

 t =  0.80E+00     no. steps =  315   no. f-s = 1635

 t =  0.90E+00     no. steps =  323   no. f-s = 1675

 t =  0.10E+01     no. steps =  327   no. f-s = 1698


Max. absolute error is  0.17E-07


Final statistics..
 number of steps        =  327     number of f evals.     = 1698
 number of prec. setups =   40
 number of prec. evals. =    6     number of prec. solves = 1306
 number of nonl. iters. =  349     number of lin. iters.  =  644
 average Krylov subspace dimension (NLI/NNI)  =  1.8453
 number of conv. failures..  nonlinear =  0  linear =  0
 number of error test failures =  1

In PVBBDPRE: real/integer local work space sizes =   20   10
 number of g evals.     =   12
