Diagonal test problem, size NY =  8  parameter alpha =   1.250
  ydot_i = -alpha*i * y_i (i = 1,...,NY)
RTOL, ATOL =   0.1E-04   0.1E-09
Method is ADAMS/FUNCTIONAL
Number of processors =  4
Number of sensitivity vectors =  1
Total number of equations = 16

 t =  0.10D+00     no. steps =   19   no. f-s =   82

 t =  0.20D+00     no. steps =   24   no. f-s =  112

 t =  0.30D+00     no. steps =   29   no. f-s =  139

 t =  0.40D+00     no. steps =   34   no. f-s =  160

 t =  0.50D+00     no. steps =   39   no. f-s =  181

 t =  0.60D+00     no. steps =   44   no. f-s =  205

 t =  0.70D+00     no. steps =   48   no. f-s =  223

 t =  0.80D+00     no. steps =   53   no. f-s =  250

 t =  0.90D+00     no. steps =   58   no. f-s =  268

 t =  0.10D+01     no. steps =   63   no. f-s =  295


Max. absolute error is  0.32E-07


 final statistics..
 number of steps        =   63     number of f evals.     =  295
 number of nonlinear iters. =    0
 number of nonlinear conv. failures =  0
 number of error test failures =  1
