
1D FEM Brusselator PDE test problem:
    N = 201,  NEQ = 603
    problem parameters:  a = 0.6,  b = 2,  ep = 1e-05
    diffusion coefficients:  du = 0.025,  dv = 0.025,  dw = 0.025
    reltol = 1.0e-06,  abstol = 1.0e-10

        t      ||u||_rms   ||v||_rms   ||w||_rms
   ----------------------------------------------
    0.100000    0.637854    3.356025    1.999989
    0.200000    0.643035    3.345751    1.999989
    0.300000    0.648532    3.334867    1.999989
    0.400000    0.654362    3.323350    1.999988
    0.500000    0.660543    3.311172    1.999988
    0.600000    0.667093    3.298309    1.999988
    0.700000    0.674032    3.284738    1.999988
    0.800000    0.681372    3.270440    1.999988
    0.900000    0.689121    3.255403    1.999988
    1.000000    0.697288    3.239616    1.999988
    1.100000    0.705858    3.223088    1.999987
    1.200000    0.714807    3.205840    1.999987
    1.300000    0.724103    3.187898    1.999987
    1.400000    0.733676    3.169325    1.999987
    1.500000    0.743430    3.150209    1.999987
    1.600000    0.753254    3.130646    1.999987
    1.700000    0.762979    3.110793    1.999986
    1.800000    0.772414    3.090824    1.999986
    1.900000    0.781340    3.070937    1.999986
    2.000000    0.789503    3.051383    1.999986
    2.100000    0.796640    3.032417    1.999986
    2.200000    0.802490    3.014314    1.999986
    2.300000    0.806811    2.997355    1.999986
    2.400000    0.809384    2.981817    1.999986
    2.500000    0.810060    2.967947    1.999986
    2.600000    0.808727    2.955977    1.999986
    2.700000    0.805360    2.946084    1.999986
    2.800000    0.799987    2.938410    1.999986
    2.900000    0.792709    2.933039    1.999986
    3.000000    0.783679    2.930009    1.999986
    3.100000    0.773094    2.929307    1.999986
    3.200000    0.761186    2.930873    1.999986
    3.300000    0.748206    2.934613    1.999987
    3.400000    0.734415    2.940393    1.999987
    3.500000    0.720073    2.948062    1.999987
    3.600000    0.705427    2.957444    1.999987
    3.700000    0.690714    2.968354    1.999988
    3.800000    0.676139    2.980600    1.999988
    3.900000    0.661891    2.993989    1.999988
    4.000000    0.648121    3.008332    1.999989
    4.100000    0.634961    3.023445    1.999989
    4.200000    0.622505    3.039158    1.999989
    4.300000    0.610827    3.055309    1.999989
    4.400000    0.599971    3.071753    1.999989
    4.500000    0.589960    3.088358    1.999990
    4.600000    0.580800    3.105008    1.999990
    4.700000    0.572475    3.121605    1.999990
    4.800000    0.564963    3.138060    1.999990
    4.900000    0.558226    3.154305    1.999990
    5.000000    0.552223    3.170279    1.999990
    5.100000    0.546906    3.185937    1.999991
    5.200000    0.542227    3.201241    1.999991
    5.300000    0.538137    3.216164    1.999991
    5.400000    0.534585    3.230685    1.999991
    5.500000    0.531524    3.244790    1.999991
    5.600000    0.528909    3.258470    1.999991
    5.700000    0.526698    3.271721    1.999991
    5.800000    0.524852    3.284541    1.999991
    5.900000    0.523333    3.296929    1.999991
    6.000000    0.522111    3.308891    1.999991
    6.100000    0.521154    3.320428    1.999991
    6.200000    0.520435    3.331547    1.999991
    6.300000    0.519931    3.342252    1.999991
    6.400000    0.519621    3.352551    1.999991
    6.500000    0.519483    3.362448    1.999991
    6.600000    0.519503    3.371951    1.999991
    6.700000    0.519664    3.381066    1.999991
    6.800000    0.519953    3.389798    1.999991
    6.900000    0.520358    3.398155    1.999991
    7.000000    0.520869    3.406140    1.999991
    7.100000    0.521477    3.413760    1.999991
    7.200000    0.522174    3.421021    1.999991
    7.300000    0.522953    3.427927    1.999991
    7.400000    0.523807    3.434483    1.999991
    7.500000    0.524732    3.440693    1.999991
    7.600000    0.525723    3.446561    1.999991
    7.700000    0.526776    3.452092    1.999991
    7.800000    0.527887    3.457289    1.999991
    7.900000    0.529055    3.462155    1.999991
    8.000000    0.530276    3.466693    1.999991
    8.100000    0.531549    3.470907    1.999991
    8.200000    0.532872    3.474799    1.999991
    8.300000    0.534244    3.478371    1.999991
    8.400000    0.535665    3.481625    1.999991
    8.500000    0.537134    3.484564    1.999991
    8.600000    0.538650    3.487188    1.999991
    8.700000    0.540213    3.489499    1.999991
    8.800000    0.541826    3.491498    1.999991
    8.900000    0.543486    3.493185    1.999991
    9.000000    0.545197    3.494560    1.999991
    9.100000    0.546958    3.495624    1.999991
    9.200000    0.548771    3.496375    1.999991
    9.300000    0.550639    3.496814    1.999990
    9.400000    0.552562    3.496938    1.999990
    9.500000    0.554543    3.496746    1.999990
    9.600000    0.556586    3.496235    1.999990
    9.700000    0.558692    3.495404    1.999990
    9.800000    0.560865    3.494247    1.999990
    9.900000    0.563108    3.492762    1.999990
   10.000000    0.565426    3.490944    1.999990
   ----------------------------------------------

Final Solver Statistics:
   Internal solver steps = 54 (attempted = 56)
   Total RHS evals:  Fe = 0,  Fi = 1057
   Total mass matrix setups = 1
   Total mass matrix solves = 113
   Total mass times evals = 1108
   Total linear solver setups = 34
   Total number of Jacobian evaluations = 18
   Total number of Newton iterations = 774
   Total number of nonlinear solver convergence failures = 17
   Total number of error test failures = 2
