
Slider-Crank example for IDAS:

Forward integration ... done!

Final Run Statistics: 

Number of steps                    = 147
Number of residual evaluations     = 703
Number of Jacobian evaluations     = 29
Number of nonlinear iterations     = 413
Number of error test failures      = 0
Number of nonlinear conv. failures = 0
--------------------------------------------
  G =       1.7303263555251926
--------------------------------------------

-------------F O R W A R D------------------
   dG/dp:    1.5046e-01  -1.0688e-01
--------------------------------------------



   Checking using Finite Differences 

---------------BACKWARD------------------
   dG/dp:    1.5046e-01  -1.0689e-01
-----------------------------------------

---------------FORWARD-------------------
   dG/dp:    1.5046e-01  -1.0689e-01
-----------------------------------------

--------------CENTERED-------------------
   dG/dp:    1.5046e-01  -1.0689e-01
-----------------------------------------

