
3-species chemical kinetics problem
Sensitivity: YES ( STAGGERED + FULL ERROR CONTROL )

Consistent IC:
	y =   1.0000e+00   0.0000e+00  -8.1102e-17 
	yp=  -4.0000e-02   4.0000e-02   0.0000e+00 
                  Sensitivity 1  
	s1 =   0.0000e+00   0.0000e+00  -1.9422e-21 
	s1'=  -1.0000e+00   1.0000e+00   0.0000e+00 
                  Sensitivity 2  
	s2 =   0.0000e+00   0.0000e+00   0.0000e+00 
	s2'=   0.0000e+00   0.0000e+00   0.0000e+00 
                  Sensitivity 3  
	s3 =   0.0000e+00   0.0000e+00   0.0000e+00 
	s3'=   0.0000e+00   0.0000e+00   0.0000e+00 


=======================================================================
     T     Q       H      NST           y1           y2           y3    
=======================================================================
4.000e-01  5  7.153e-02   212
                  Solution         9.8517e-01   3.3864e-05   1.4794e-02 
                  Sensitivity 1   -3.5595e-01   3.9025e-04   3.5556e-01 
                  Sensitivity 2    9.5424e-08  -2.1310e-10  -9.5210e-08 
                  Sensitivity 3   -1.5832e-11  -5.2900e-13   1.6361e-11 
-----------------------------------------------------------------------
4.000e+00  5  1.431e-01   247
                  Solution         9.0552e-01   2.2405e-05   9.4459e-02 
                  Sensitivity 1   -1.8761e+00   1.7922e-04   1.8759e+00 
                  Sensitivity 2    2.9614e-06  -5.8305e-10  -2.9608e-06 
                  Sensitivity 3   -4.9334e-10  -2.7626e-13   4.9362e-10 
-----------------------------------------------------------------------
4.000e+01  2  2.019e-01   379
                  Solution         7.1583e-01   9.1855e-06   2.8416e-01 
                  Sensitivity 1   -4.2476e+00   4.5912e-05   4.2475e+00 
                  Sensitivity 2    1.3731e-05  -2.3572e-10  -1.3731e-05 
                  Sensitivity 3   -2.2884e-09  -1.1381e-13   2.2885e-09 
-----------------------------------------------------------------------
4.000e+02  4  8.972e+00   558
                  Solution         4.5052e-01   3.2229e-06   5.4948e-01 
                  Sensitivity 1   -5.9584e+00   3.5427e-06   5.9584e+00 
                  Sensitivity 2    2.2738e-05  -2.2601e-11  -2.2738e-05 
                  Sensitivity 3   -3.7897e-09  -4.9948e-14   3.7897e-09 
-----------------------------------------------------------------------
4.000e+03  5  1.230e+02   705
                  Solution         1.8320e-01   8.9424e-07   8.1680e-01 
                  Sensitivity 1   -4.7501e+00  -5.9936e-06   4.7501e+00 
                  Sensitivity 2    1.8809e-05   2.3127e-11  -1.8809e-05 
                  Sensitivity 3   -3.1348e-09  -1.8758e-14   3.1348e-09 
-----------------------------------------------------------------------
4.000e+04  5  1.349e+03   805
                  Solution         3.8983e-02   1.6218e-07   9.6102e-01 
                  Sensitivity 1   -1.5750e+00  -2.7620e-06   1.5750e+00 
                  Sensitivity 2    6.2875e-06   1.1002e-11  -6.2875e-06 
                  Sensitivity 3   -1.0479e-09  -4.5367e-15   1.0479e-09 
-----------------------------------------------------------------------
4.000e+05  5  8.743e+03   890
                  Solution         4.9383e-03   1.9850e-08   9.9506e-01 
                  Sensitivity 1   -2.3633e-01  -4.5841e-07   2.3633e-01 
                  Sensitivity 2    9.4503e-07   1.8325e-12  -9.4503e-07 
                  Sensitivity 3   -1.5751e-10  -6.3625e-16   1.5751e-10 
-----------------------------------------------------------------------
4.000e+06  5  1.080e+05   972
                  Solution         5.1681e-04   2.0683e-09   9.9948e-01 
                  Sensitivity 1   -2.5666e-02  -5.1061e-08   2.5666e-02 
                  Sensitivity 2    1.0266e-07   2.0423e-13  -1.0266e-07 
                  Sensitivity 3   -1.7110e-11  -6.8510e-17   1.7110e-11 
-----------------------------------------------------------------------
4.000e+07  5  1.728e+06  1026
                  Solution         5.2033e-05   2.0814e-10   9.9995e-01 
                  Sensitivity 1   -2.5993e-03  -5.1946e-09   2.5993e-03 
                  Sensitivity 2    1.0397e-08   2.0778e-14  -1.0397e-08 
                  Sensitivity 3   -1.7328e-12  -6.9321e-18   1.7328e-12 
-----------------------------------------------------------------------
4.000e+08  5  2.536e+07  1065
                  Solution         5.2096e-06   2.0839e-11   9.9999e-01 
                  Sensitivity 1   -2.6045e-04  -5.2085e-10   2.6045e-04 
                  Sensitivity 2    1.0418e-09   2.0834e-15  -1.0418e-09 
                  Sensitivity 3   -1.7364e-13  -6.9455e-19   1.7364e-13 
-----------------------------------------------------------------------
4.000e+09  3  4.911e+08  1093
                  Solution         5.2112e-07   2.0845e-12   1.0000e+00 
                  Sensitivity 1   -2.6053e-05  -5.2101e-11   2.6053e-05 
                  Sensitivity 2    1.0421e-10   2.0840e-16  -1.0421e-10 
                  Sensitivity 3   -1.7370e-14  -6.9482e-20   1.7371e-14 
-----------------------------------------------------------------------
4.000e+10  2  5.105e+09  1115
                  Solution         5.1150e-08   2.0460e-13   1.0000e+00 
                  Sensitivity 1   -2.5678e-06  -5.1563e-12   2.5679e-06 
                  Sensitivity 2    1.0271e-11   2.0625e-17  -1.0271e-11 
                  Sensitivity 3   -1.7055e-15  -6.8219e-21   1.7055e-15 
-----------------------------------------------------------------------

Quadrature:
G:      4.0000e+10

Sensitivities at t=4e+10:
dG/dp1:  1.4865e+06
dG/dp1: -5.9414e+00
dG/dp1:  9.9023e-04

Final Statistics

nst     =  1115

nfe     =  1343
netf    =     5    nsetups  =    91
nni     =  1340    ncfn     =     0

nfSe    =  1437    nfeS     =     0
netfs   =     0    nsetupsS =     1
nniS    =  1435    ncfnS    =     0
