
3-species chemical kinetics problem
Sensitivity: YES ( SIMULTANEOUS + FULL ERROR CONTROL )

Consistent IC:
	y =   1.0000e+00   0.0000e+00  -7.4293e-17 
	yp=  -4.0000e-02   4.0000e-02   0.0000e+00 
                  Sensitivity 1  
	s1 =   0.0000e+00   0.0000e+00  -5.3259e-16 
	s1'=  -1.0000e-00   1.0000e-00   0.0000e+00 
                  Sensitivity 2  
	s2 =   0.0000e+00   0.0000e+00   0.0000e+00 
	s2'=   0.0000e+00   0.0000e+00   0.0000e+00 
                  Sensitivity 3  
	s3 =   0.0000e+00   0.0000e+00   0.0000e+00 
	s3'=   0.0000e+00   0.0000e+00   0.0000e+00 


=======================================================================
     T     Q       H      NST           y1           y2           y3    
=======================================================================
4.000e-01  2  5.785e-02   149
                  Solution         9.8518e-01   3.3865e-05   1.4787e-02 
                  Sensitivity 1   -3.5570e-01   3.9030e-04   3.5531e-01 
                  Sensitivity 2    9.5869e-08  -2.1291e-10  -9.5656e-08 
                  Sensitivity 3   -1.5906e-11  -5.2906e-13   1.6435e-11 
-----------------------------------------------------------------------
4.000e+00  3  3.749e-01   175
                  Solution         9.0552e-01   2.2405e-05   9.4459e-02 
                  Sensitivity 1   -1.8761e+00   1.7922e-04   1.8759e+00 
                  Sensitivity 2    2.9612e-06  -5.8306e-10  -2.9606e-06 
                  Sensitivity 3   -4.9331e-10  -2.7626e-13   4.9359e-10 
-----------------------------------------------------------------------
4.000e+01  4  2.429e+00   208
                  Solution         7.1582e-01   9.1854e-06   2.8417e-01 
                  Sensitivity 1   -4.2476e+00   4.5909e-05   4.2475e+00 
                  Sensitivity 2    1.3731e-05  -2.3570e-10  -1.3731e-05 
                  Sensitivity 3   -2.2884e-09  -1.1381e-13   2.2886e-09 
-----------------------------------------------------------------------
4.000e+02  4  2.436e+01   243
                  Solution         4.5050e-01   3.2227e-06   5.4950e-01 
                  Sensitivity 1   -5.9585e+00   3.5400e-06   5.9585e+00 
                  Sensitivity 2    2.2739e-05  -2.2583e-11  -2.2739e-05 
                  Sensitivity 3   -3.7898e-09  -4.9947e-14   3.7899e-09 
-----------------------------------------------------------------------
4.000e+03  3  1.739e+02   304
                  Solution         1.8321e-01   8.9430e-07   8.1679e-01 
                  Sensitivity 1   -4.7501e+00  -5.9931e-06   4.7501e+00 
                  Sensitivity 2    1.8809e-05   2.3125e-11  -1.8809e-05 
                  Sensitivity 3   -3.1348e-09  -1.8758e-14   3.1348e-09 
-----------------------------------------------------------------------
4.000e+04  4  2.782e+03   349
                  Solution         3.8981e-02   1.6216e-07   9.6102e-01 
                  Sensitivity 1   -1.5749e+00  -2.7620e-06   1.5749e+00 
                  Sensitivity 2    6.2875e-06   1.1003e-11  -6.2875e-06 
                  Sensitivity 3   -1.0479e-09  -4.5366e-15   1.0479e-09 
-----------------------------------------------------------------------
4.000e+05  4  2.003e+04   394
                  Solution         4.9372e-03   1.9845e-08   9.9506e-01 
                  Sensitivity 1   -2.3628e-01  -4.5828e-07   2.3628e-01 
                  Sensitivity 2    9.4483e-07   1.8320e-12  -9.4484e-07 
                  Sensitivity 3   -1.5748e-10  -6.3614e-16   1.5748e-10 
-----------------------------------------------------------------------
4.000e+06  4  3.178e+05   436
                  Solution         5.1690e-04   2.0687e-09   9.9948e-01 
                  Sensitivity 1   -2.5664e-02  -5.1045e-08   2.5664e-02 
                  Sensitivity 2    1.0265e-07   2.0416e-13  -1.0265e-07 
                  Sensitivity 3   -1.7113e-11  -6.8521e-17   1.7113e-11 
-----------------------------------------------------------------------
4.000e+07  5  1.442e+06   481
                  Solution         5.2029e-05   2.0813e-10   9.9995e-01 
                  Sensitivity 1   -2.5990e-03  -5.1956e-09   2.5990e-03 
                  Sensitivity 2    1.0396e-08   2.0782e-14  -1.0396e-08 
                  Sensitivity 3   -1.7327e-12  -6.9315e-18   1.7327e-12 
-----------------------------------------------------------------------
4.000e+08  5  4.613e+07   522
                  Solution         5.2092e-06   2.0837e-11   9.9999e-01 
                  Sensitivity 1   -2.6039e-04  -5.2078e-10   2.6039e-04 
                  Sensitivity 2    1.0416e-09   2.0831e-15  -1.0416e-09 
                  Sensitivity 3   -1.7362e-13  -6.9448e-19   1.7362e-13 
-----------------------------------------------------------------------
4.000e+09  3  3.727e+08   549
                  Solution         5.2294e-07   2.0918e-12   1.0000e-00 
                  Sensitivity 1   -2.6181e-05  -5.2538e-11   2.6181e-05 
                  Sensitivity 2    1.0472e-10   2.1015e-16  -1.0472e-10 
                  Sensitivity 3   -1.7431e-14  -6.9724e-20   1.7431e-14 
-----------------------------------------------------------------------
4.000e+10  3  6.007e+09   573
                  Solution         5.1501e-08   2.0600e-13   1.0000e-00 
                  Sensitivity 1   -2.5649e-06  -5.1094e-12   2.5649e-06 
                  Sensitivity 2    1.0260e-11   2.0438e-17  -1.0260e-11 
                  Sensitivity 3   -1.7167e-15  -6.8668e-21   1.7167e-15 
-----------------------------------------------------------------------

Final Statistics

nst     =   573

nfe     =   980
netf    =     6    nsetups  =   132
nni     =   978    ncfn     =    16

nfSe    =   980    nfeS     =     0
netfs   =     0    nsetupsS =     0
nniS    =     0    ncfnS    =     0

nje    =   132    nfeLS     =   396
