
Analytical DAE test problem:
    alpha = 10
   reltol = 1.0e-04
   abstol = 1.0e-09

        t          x1         x2
   ----------------------------------
    0.100000    1.105171   -0.581835
    0.200000    1.221404   -0.678748
    0.300000    1.349859   -0.794251
    0.400000    1.491826   -0.932637
    0.500000    1.648723   -1.099429
    0.600000    1.822120   -1.301831
    0.700000    2.013754   -1.549369
    0.800000    2.225541   -1.854629
    0.900000    2.459604   -2.236335
    1.000000    2.718284   -2.718654
   ----------------------------------

Final Solver Statistics: 

Initial time step                  = 0.000010
Number of steps                    = 345
Number of residual evaluations     = 578
Number of nonlinear iterations     = 578
Number of error test failures      = 232
Number of nonlinear conv. failures = 0
