
3-species chemical kinetics problem
Sensitivity: YES ( SIMULTANEOUS + FULL ERROR CONTROL )

Consistent IC:
	y =   1.0000e+00   0.0000e+00  -7.7954e-16 
	yp=  -4.0000e-02   4.0000e-02   0.0000e+00 
                  Sensitivity 1  
	s1 =   0.0000e+00   0.0000e+00  -1.9467e-14 
	s1'=  -1.0000e-00   1.0000e-00   0.0000e+00 
                  Sensitivity 2  
	s2 =   0.0000e+00   0.0000e+00   0.0000e+00 
	s2'=   0.0000e+00   0.0000e+00   0.0000e+00 
                  Sensitivity 3  
	s3 =   0.0000e+00   0.0000e+00   0.0000e+00 
	s3'=   0.0000e+00   0.0000e+00   0.0000e+00 


=======================================================================
     T     Q       H      NST           y1           y2           y3    
=======================================================================
4.000e-01  3  5.234e-02   410
                  Solution         9.8517e-01   3.3864e-05   1.4792e-02 
                  Sensitivity 1   -3.5590e-01   3.9026e-04   3.5551e-01 
                  Sensitivity 2    9.5512e-08  -2.1306e-10  -9.5299e-08 
                  Sensitivity 3   -1.5847e-11  -5.2901e-13   1.6376e-11 
-----------------------------------------------------------------------
4.000e+00  4  1.544e-01   452
                  Solution         9.0552e-01   2.2405e-05   9.4458e-02 
                  Sensitivity 1   -1.8761e+00   1.7922e-04   1.8759e+00 
                  Sensitivity 2    2.9614e-06  -5.8304e-10  -2.9608e-06 
                  Sensitivity 3   -4.9335e-10  -2.7626e-13   4.9362e-10 
-----------------------------------------------------------------------
4.000e+01  4  1.280e+00   511
                  Solution         7.1583e-01   9.1855e-06   2.8416e-01 
                  Sensitivity 1   -4.2476e+00   4.5912e-05   4.2475e+00 
                  Sensitivity 2    1.3731e-05  -2.3572e-10  -1.3731e-05 
                  Sensitivity 3   -2.2884e-09  -1.1381e-13   2.2885e-09 
-----------------------------------------------------------------------
4.000e+02  5  1.323e+01   581
                  Solution         4.5052e-01   3.2229e-06   5.4948e-01 
                  Sensitivity 1   -5.9584e+00   3.5427e-06   5.9584e+00 
                  Sensitivity 2    2.2738e-05  -2.2601e-11  -2.2738e-05 
                  Sensitivity 3   -3.7897e-09  -4.9948e-14   3.7897e-09 
-----------------------------------------------------------------------
4.000e+03  4  9.361e+01   675
                  Solution         1.8320e-01   8.9424e-07   8.1680e-01 
                  Sensitivity 1   -4.7501e+00  -5.9937e-06   4.7501e+00 
                  Sensitivity 2    1.8809e-05   2.3127e-11  -1.8809e-05 
                  Sensitivity 3   -3.1348e-09  -1.8758e-14   3.1348e-09 
-----------------------------------------------------------------------
4.000e+04  5  1.092e+03   763
                  Solution         3.8983e-02   1.6218e-07   9.6102e-01 
                  Sensitivity 1   -1.5750e+00  -2.7620e-06   1.5750e+00 
                  Sensitivity 2    6.2875e-06   1.1002e-11  -6.2875e-06 
                  Sensitivity 3   -1.0479e-09  -4.5367e-15   1.0479e-09 
-----------------------------------------------------------------------
4.000e+05  5  1.116e+04   846
                  Solution         4.9383e-03   1.9850e-08   9.9506e-01 
                  Sensitivity 1   -2.3633e-01  -4.5841e-07   2.3633e-01 
                  Sensitivity 2    9.4503e-07   1.8325e-12  -9.4503e-07 
                  Sensitivity 3   -1.5751e-10  -6.3625e-16   1.5751e-10 
-----------------------------------------------------------------------
4.000e+06  5  1.281e+05   919
                  Solution         5.1682e-04   2.0683e-09   9.9948e-01 
                  Sensitivity 1   -2.5666e-02  -5.1061e-08   2.5666e-02 
                  Sensitivity 2    1.0266e-07   2.0423e-13  -1.0266e-07 
                  Sensitivity 3   -1.7110e-11  -6.8510e-17   1.7110e-11 
-----------------------------------------------------------------------
4.000e+07  5  1.793e+06   974
                  Solution         5.2033e-05   2.0814e-10   9.9995e-01 
                  Sensitivity 1   -2.5993e-03  -5.1947e-09   2.5993e-03 
                  Sensitivity 2    1.0397e-08   2.0778e-14  -1.0397e-08 
                  Sensitivity 3   -1.7328e-12  -6.9320e-18   1.7328e-12 
-----------------------------------------------------------------------
4.000e+08  4  2.324e+07  1011
                  Solution         5.2096e-06   2.0839e-11   9.9999e-01 
                  Sensitivity 1   -2.6054e-04  -5.2100e-10   2.6054e-04 
                  Sensitivity 2    1.0422e-09   2.0840e-15  -1.0422e-09 
                  Sensitivity 3   -1.7363e-13  -6.9454e-19   1.7364e-13 
-----------------------------------------------------------------------
4.000e+09  3  3.664e+08  1042
                  Solution         5.2268e-07   2.0907e-12   1.0000e-00 
                  Sensitivity 1   -2.6168e-05  -5.2687e-11   2.6169e-05 
                  Sensitivity 2    1.0467e-10   2.1075e-16  -1.0467e-10 
                  Sensitivity 3   -1.7422e-14  -6.9690e-20   1.7423e-14 
-----------------------------------------------------------------------
4.000e+10  2  4.467e+09  1064
                  Solution         5.1289e-08   2.0516e-13   1.0000e-00 
                  Sensitivity 1   -2.5638e-06  -4.9912e-12   2.5638e-06 
                  Sensitivity 2    1.0255e-11   1.9965e-17  -1.0255e-11 
                  Sensitivity 3   -1.7096e-15  -6.8385e-21   1.7096e-15 
-----------------------------------------------------------------------

Quadrature:
G:      4.0000e+10

Sensitivities at t=4e+10:
dG/dp1:  1.4895e+06
dG/dp1: -5.9536e+00
dG/dp1:  9.9196e-04

Final Statistics

nst     =  1064

nfe     =  1702
netf    =    19    nsetups  =   129
nni     =  1700    ncfn     =    12

nfSe    =  1702    nfeS     =     0
netfs   =     0    nsetupsS =     0
nniS    =     0    ncfnS    =     0

nje    =   129    nfeLS     =   387
