
idasSliderCrank: Slider-Crank DAE serial example problem for IDAS
Linear solver: IDADENSE, Jacobian is computed by IDAS.
Tolerance parameters:  rtol = 1e-06   atol = 1e-07
-----------------------------------------------------------------------
  t         y1          y2           y3      | nst  k      h
-----------------------------------------------------------------------
 0.00   1.5708e+00   8.6603e-01  -5.2360e-01 |   0  0   0.0000e+00
 0.40   1.5299e+00   8.8672e-01  -5.2312e-01 |  39  5   4.7114e-02
 0.80   1.4072e+00   9.5128e-01  -5.1591e-01 |  48  5   4.7114e-02
 1.20   1.2039e+00   1.0638e+00  -4.8559e-01 |  57  5   3.8162e-02
 1.60   9.2524e-01   1.2176e+00  -4.1084e-01 |  67  4   3.0281e-02
 2.00   5.7904e-01   1.3803e+00  -2.7714e-01 |  81  4   2.7253e-02
 2.40   1.7784e-01   1.4882e+00  -8.8566e-02 |  96  5   2.4528e-02
 2.80  -2.4460e-01   1.4778e+00   1.2138e-01 | 112  5   3.4045e-02
 3.20  -6.3618e-01   1.3570e+00   3.0161e-01 | 126  4   3.9833e-02
 3.60  -9.6169e-01   1.1981e+00   4.2254e-01 | 136  4   3.5392e-02
 4.00  -1.2064e+00   1.0623e+00   4.8609e-01 | 146  4   5.1601e-02
 4.40  -1.3632e+00   9.7518e-01   5.1125e-01 | 154  5   5.1601e-02
 4.80  -1.4300e+00   9.3904e-01   5.1789e-01 | 161  5   5.1601e-02
 5.20  -1.4081e+00   9.5081e-01   5.1599e-01 | 169  5   5.1601e-02
 5.60  -1.2995e+00   1.0103e+00   5.0261e-01 | 177  5   5.1601e-02
 6.00  -1.1080e+00   1.1176e+00   4.6386e-01 | 185  5   5.1601e-02
 6.40  -8.4047e-01   1.2616e+00   3.8168e-01 | 193  5   4.6441e-02
 6.80  -5.0620e-01   1.4075e+00   2.4487e-01 | 201  5   4.6441e-02
 7.20  -1.2090e-01   1.4945e+00   6.0341e-02 | 210  5   4.1797e-02
 7.60   2.7895e-01   1.4712e+00  -1.3811e-01 | 222  5   3.3856e-02
 8.00   6.4423e-01   1.3536e+00  -3.0500e-01 | 234  5   3.0470e-02
 8.40   9.4289e-01   1.2082e+00  -4.1657e-01 | 247  5   3.0470e-02
 8.80   1.1604e+00   1.0882e+00  -4.7630e-01 | 260  5   3.0470e-02
 9.20   1.2895e+00   1.0159e+00  -5.0105e-01 | 273  5   3.0470e-02
 9.60   1.3276e+00   9.9478e-01  -5.0669e-01 | 286  4   3.0470e-02
10.00   1.2757e+00   1.0236e+00  -4.9881e-01 | 295  5   6.0940e-02

Final Run Statistics: 

Number of steps                    = 295
Number of residual evaluations     = 1164
Number of Jacobian evaluations     = 41
Number of nonlinear iterations     = 754
Number of error test failures      = 3
Number of nonlinear conv. failures = 0
--------------------------------------------
  G =       3.2668366167298610
--------------------------------------------

