
Slider-Crank example for IDAS:

Forward integration ... done!

Final Run Statistics: 

Number of steps                    = 265
Number of residual evaluations     = 1228
Number of Jacobian evaluations     = 45
Number of nonlinear iterations     = 778
Number of error test failures      = 0
Number of nonlinear conv. failures = 2
--------------------------------------------
  G =       3.3366104067151494
--------------------------------------------

-------------F O R W A R D------------------
   dG/dp:    3.3346e-01  -3.6376e-01
--------------------------------------------



   Checking using Finite Differences 

---------------BACKWARD------------------
   dG/dp:    3.3344e-01  -3.6375e-01
-----------------------------------------

---------------FORWARD-------------------
   dG/dp:    3.3345e-01  -3.6375e-01
-----------------------------------------

--------------CENTERED-------------------
   dG/dp:    3.3345e-01  -3.6375e-01
-----------------------------------------

