iheatbbd: Heat equation, parallel example problem for IDA 
          Discretized heat equation on 2D unit square. 
          Zero boundary conditions, polynomial initial conditions.
          Mesh dimensions: 10 x 10         Total system size: 100

Subgrid dimensions: 5 x 5         Processor array: 2 x 2
Tolerance parameters:  rtol = 0   atol = 0.001
Constraints set to force all solution components >= 0. 
iopt[SUPPRESSALG] = 1 to suppress local error testing on all boundary components. 
Linear solver: IDASPGMR.    Preconditioner: IDABBDPRE - Banded-block-diagonal.


Case 1. 
   Difference quotient half-bandwidths = 5   Retained matrix half-bandwidths = 1 

   Output Summary (umax = max-norm of solution) 

  time     umax       k  nst  nni  nli   nre    h       npe nps
 .  .  .  .  .  .  .  .  .  .  .  .  .  .  .  .  .  .  .  .  .
  0.00   9.75461e-01  0    0    0    0     0  0.00e+00    0   0
  0.01   8.24107e-01  2   11   13    7    20  2.56e-03    8  20
  0.02   6.88124e-01  3   14   17   12    29  5.12e-03    8  29
  0.04   4.70754e-01  3   17   23   22    45  6.58e-03    9  45
  0.08   2.16600e-01  3   21   28   30    58  1.32e-02    9  58
  0.16   4.56584e-02  4   27   36   43    79  2.63e-02   10  79
  0.32   2.10982e-03  4   34   44   59   103  2.37e-02   10 103
  0.64   4.37232e-05  1   39   53   70   123  1.89e-01   13 123
  1.28   1.67177e-04  1   41   56   74   130  3.79e-01   14 130
  2.56   4.07158e-05  1   43   59   77   136  1.52e+00   16 136
  5.12   1.67128e-04  1   44   61   79   140  3.03e+00   17 140
 10.24   3.06653e-04  1   45   63   82   145  6.06e+00   18 145

 netf = 1,   ncfn = 0,   ncfl = 0 


Case 2. 
   Difference quotient half-bandwidths = 1   Retained matrix half-bandwidths = 1 

   Output Summary (umax = max-norm of solution) 

  time     umax       k  nst  nni  nli   nre    h       npe nps
 .  .  .  .  .  .  .  .  .  .  .  .  .  .  .  .  .  .  .  .  .
  0.00   9.75461e-01  0    0    0    0     0  0.00e+00    0   0
  0.01   8.24111e-01  2   11   13    7    20  2.56e-03    8  20
  0.02   6.88118e-01  3   14   17   12    29  5.12e-03    8  29
  0.04   4.70932e-01  3   18   22   20    42  1.02e-02    9  42
  0.08   2.16547e-01  3   22   26   32    58  1.02e-02    9  58
  0.16   4.52247e-02  4   26   32   44    76  2.05e-02   10  76
  0.32   2.18621e-03  3   33   40   67   107  4.10e-02   11 107
  0.64   1.55517e-04  1   38   49   89   138  1.64e-01   13 138
  1.28   5.57494e-05  1   40   52   94   146  6.55e-01   15 146
  2.56   1.67585e-04  1   41   54   97   151  1.31e+00   16 151
  5.12   1.52814e-04  1   42   56  102   158  2.62e+00   17 158
 10.24   7.19069e-05  1   43   57  103   160  5.24e+00   18 160

 netf = 0,   ncfn = 0,   ncfl = 0 
