
1D Brusselator PDE test problem:
    N = 201,  NEQ = 603
    num_threads = 4
    problem parameters:  a = 0.6,  b = 2,  ep = 1e-05
    diffusion coefficients:  du = 0.025,  dv = 0.025,  dw = 0.025
    reltol = 1.0e-06,  abstol = 1.0e-10

        t      ||u||_rms   ||v||_rms   ||w||_rms
   ----------------------------------------------
    0.100000    0.673914    3.377329    1.999987
    0.200000    0.684316    3.356619    1.999986
    0.300000    0.695306    3.334633    1.999986
    0.400000    0.706918    3.311313    1.999986
    0.500000    0.719185    3.286601    1.999986
    0.600000    0.732138    3.260441    1.999986
    0.700000    0.745799    3.232786    1.999985
    0.800000    0.760186    3.203595    1.999985
    0.900000    0.775305    3.172836    1.999985
    1.000000    0.791136    3.140509    1.999984
    1.100000    0.807651    3.106620    1.999984
    1.200000    0.824776    3.071227    1.999984
    1.300000    0.842402    3.034425    1.999983
    1.400000    0.860389    2.996343    1.999983
    1.500000    0.878515    2.957204    1.999983
    1.600000    0.896529    2.917259    1.999982
    1.700000    0.914094    2.876864    1.999982
    1.800000    0.930824    2.836435    1.999982
    1.900000    0.946294    2.796442    1.999982
    2.000000    0.960034    2.757426    1.999981
    2.100000    0.971578    2.719958    1.999981
    2.200000    0.980474    2.684621    1.999981
    2.300000    0.986338    2.651978    1.999981
    2.400000    0.988851    2.622558    1.999981
    2.500000    0.987817    2.596815    1.999981
    2.600000    0.983138    2.575128    1.999981
    2.700000    0.974859    2.557763    1.999981
    2.800000    0.963112    2.544904    1.999981
    2.900000    0.948154    2.536609    1.999981
    3.000000    0.930297    2.532872    1.999982
    3.100000    0.909928    2.533570    1.999982
    3.200000    0.887463    2.538528    1.999983
    3.300000    0.863335    2.547516    1.999983
    3.400000    0.837978    2.560240    1.999983
    3.500000    0.811817    2.576390    1.999984
    3.600000    0.785256    2.595623    1.999984
    3.700000    0.758659    2.617586    1.999985
    3.800000    0.732362    2.641921    1.999986
    3.900000    0.706664    2.668273    1.999986
    4.000000    0.681808    2.696300    1.999986
    4.100000    0.658013    2.725669    1.999987
    4.200000    0.635435    2.756075    1.999987
    4.300000    0.614205    2.787227    1.999988
    4.400000    0.594405    2.818867    1.999988
    4.500000    0.576081    2.850765    1.999989
    4.600000    0.559255    2.882708    1.999989
    4.700000    0.543908    2.914530    1.999989
    4.800000    0.530011    2.946070    1.999990
    4.900000    0.517506    2.977209    1.999990
    5.000000    0.506325    3.007843    1.999990
    5.100000    0.496393    3.037888    1.999990
    5.200000    0.487625    3.067283    1.999990
    5.300000    0.479935    3.095976    1.999991
    5.400000    0.473236    3.123931    1.999991
    5.500000    0.467445    3.151126    1.999991
    5.600000    0.462479    3.177540    1.999991
    5.700000    0.458262    3.203165    1.999991
    5.800000    0.454725    3.227998    1.999991
    5.900000    0.451798    3.252036    1.999991
    6.000000    0.449421    3.275283    1.999991
    6.100000    0.447542    3.297745    1.999991
    6.200000    0.446113    3.319429    1.999991
    6.300000    0.445085    3.340342    1.999991
    6.400000    0.444416    3.360493    1.999991
    6.500000    0.444075    3.379892    1.999991
    6.600000    0.444032    3.398548    1.999991
    6.700000    0.444257    3.416471    1.999991
    6.800000    0.444722    3.433671    1.999991
    6.900000    0.445407    3.450156    1.999991
    7.000000    0.446295    3.465936    1.999991
    7.100000    0.447370    3.481020    1.999991
    7.200000    0.448615    3.495416    1.999991
    7.300000    0.450015    3.509133    1.999991
    7.400000    0.451563    3.522178    1.999991
    7.500000    0.453249    3.534558    1.999991
    7.600000    0.455064    3.546281    1.999991
    7.700000    0.457000    3.557354    1.999991
    7.800000    0.459052    3.567783    1.999991
    7.900000    0.461215    3.577573    1.999991
    8.000000    0.463485    3.586730    1.999991
    8.100000    0.465860    3.595258    1.999991
    8.200000    0.468335    3.603163    1.999991
    8.300000    0.470910    3.610448    1.999991
    8.400000    0.473582    3.617116    1.999991
    8.500000    0.476353    3.623172    1.999991
    8.600000    0.479220    3.628616    1.999991
    8.700000    0.482186    3.633452    1.999991
    8.800000    0.485251    3.637679    1.999990
    8.900000    0.488416    3.641299    1.999990
    9.000000    0.491685    3.644311    1.999990
    9.100000    0.495058    3.646715    1.999990
    9.200000    0.498540    3.648509    1.999990
    9.300000    0.502134    3.649691    1.999990
    9.400000    0.505844    3.650256    1.999990
    9.500000    0.509675    3.650202    1.999990
    9.600000    0.513633    3.649521    1.999990
    9.700000    0.517722    3.648209    1.999990
    9.800000    0.521951    3.646257    1.999990
    9.900000    0.526327    3.643656    1.999990
   10.000000    0.530857    3.640395    1.999990
   ----------------------------------------------

Final Solver Statistics:
   Internal solver steps = 59 (attempted = 74)
   Total RHS evals:  Fe = 0,  Fi = 896
   Total linear solver setups = 70
   Total RHS evals for setting up the linear system = 0
   Total number of Jacobian evaluations = 41
   Total number of Newton iterations = 933
   Total number of nonlinear solver convergence failures = 40
   Total number of error test failures = 5

