
Problem parameters and options:
 --------------------------------- 
  gamma      = 1.4
 --------------------------------- 
  tf         = 0.1
  xl         = 0
  xr         = 1
  nx         = 512
  dx         = 0.00195312
 --------------------------------- 
  integrator = ARKODE_LSRK_SSP_10_4
  rtol       = 0.0001
  atol       = 1e-11
  fixed h    = 0
 --------------------------------- 
  output     = 1
 --------------------------------- 

    t         ||rho||      ||mx||       ||my||       ||mz||       ||et||
 --------------------------------------------------------------------------
  0.00e+00  7.12610e-01  0.00000e+00  0.00000e+00  0.00000e+00  1.77658e+00
  1.00e-02  7.09460e-01  5.28096e-02  0.00000e+00  0.00000e+00  1.76732e+00
  2.00e-02  7.06459e-01  7.61800e-02  0.00000e+00  0.00000e+00  1.75863e+00
  3.00e-02  7.03444e-01  9.39388e-02  0.00000e+00  0.00000e+00  1.74990e+00
  4.00e-02  7.00418e-01  1.08850e-01  0.00000e+00  0.00000e+00  1.74113e+00
  5.00e-02  6.97379e-01  1.21954e-01  0.00000e+00  0.00000e+00  1.73232e+00
  6.00e-02  6.94326e-01  1.33783e-01  0.00000e+00  0.00000e+00  1.72346e+00
  7.00e-02  6.91261e-01  1.44649e-01  0.00000e+00  0.00000e+00  1.71456e+00
  8.00e-02  6.88182e-01  1.54755e-01  0.00000e+00  0.00000e+00  1.70561e+00
  9.00e-02  6.85089e-01  1.64241e-01  0.00000e+00  0.00000e+00  1.69661e+00
  1.00e-01  6.81982e-01  1.73210e-01  0.00000e+00  0.00000e+00  1.68756e+00
 --------------------------------------------------------------------------

Final integrator statistics:
Current time                  = 0.1
Steps                         = 302
Step attempts                 = 398
Stability limited steps       = 0
Accuracy limited steps        = 398
Error test fails              = 96
NLS step fails                = 0
Inequality constraint fails   = 0
Initial step size             = 1.12228425974954e-14
Last step size                = 0.000245077722421064
Current step size             = 0.000245077722421064
RHS fn evals                  = 3886
Number of stages used         = 10
