
1-D advection-diffusion equation, mesh size = 10
Sensitivity: YES ( SIMULTANEOUS + FULL ERROR CONTROL )

============================================================
     T     Q       H      NST                    Max norm   
============================================================
5.000e-01  4  7.656e-03   115
                                Solution         3.0529e+00 
                                Sensitivity 1    3.8668e+00 
                                Sensitivity 2    6.2020e-01 
------------------------------------------------------------
1.000e+00  4  9.525e-03   182
                                Solution         8.7533e-01 
                                Sensitivity 1    2.1743e+00 
                                Sensitivity 2    1.8909e-01 
------------------------------------------------------------
1.500e+00  3  1.040e-02   255
                                Solution         2.4949e-01 
                                Sensitivity 1    9.1825e-01 
                                Sensitivity 2    7.3922e-02 
------------------------------------------------------------
2.000e+00  2  1.271e-02   330
                                Solution         7.1097e-02 
                                Sensitivity 1    3.4667e-01 
                                Sensitivity 2    2.8228e-02 
------------------------------------------------------------
2.500e+00  2  1.629e-02   402
                                Solution         2.0260e-02 
                                Sensitivity 1    1.2301e-01 
                                Sensitivity 2    1.0085e-02 
------------------------------------------------------------
3.000e+00  2  3.820e-03   473
                                Solution         5.7734e-03 
                                Sensitivity 1    4.1956e-02 
                                Sensitivity 2    3.4556e-03 
------------------------------------------------------------
3.500e+00  2  8.988e-03   540
                                Solution         1.6451e-03 
                                Sensitivity 1    1.3922e-02 
                                Sensitivity 2    1.1669e-03 
------------------------------------------------------------
4.000e+00  2  1.199e-02   617
                                Solution         4.6945e-04 
                                Sensitivity 1    4.5300e-03 
                                Sensitivity 2    3.8674e-04 
------------------------------------------------------------
4.500e+00  3  4.744e-03   680
                                Solution         1.3422e-04 
                                Sensitivity 1    1.4548e-03 
                                Sensitivity 2    1.2589e-04 
------------------------------------------------------------
5.000e+00  1  4.010e-03   757
                                Solution         3.8656e-05 
                                Sensitivity 1    4.6451e-04 
                                Sensitivity 2    4.0616e-05 
------------------------------------------------------------

Final Statistics

nst     =   757

nfe     =  1373
netf    =     1    nsetups  =     0
nni     =  1369    ncfn     =   117

nfSe    =  2746    nfeS     =  5492
netfs   =     0    nsetupsS =     0
nniS    =     0    ncfnS    =     0
