Forward integration ... ( nst = 142, ncheck = 1 )

     y:      2.2732e-01   1.3534e-01   3.1472e-02
     G:      5.3088e-01

     yS1:   -1.6714e-01   0.0000e+00   0.0000e+00
     yS2:    2.1339e-01   0.0000e+00  -1.0885e-01

Backward integration ... (2 adjoint problems)

Gradient (1):   -1.2838e-01   1.8036e-02
         (2):   -1.2838e-01   1.8036e-02

Hessian
        (1)            (2)
    1.5628e-01    -7.8678e-02
   -7.8678e-02     1.1093e-01

Finite Difference tests ... (del_p = 0.01)

p1+  y:     2.2566e-01   1.3534e-01   3.1472e-02
     G:     5.2960e-01
p1-  y:     2.2900e-01   1.3534e-01   3.1472e-02
     G:     5.3217e-01

grad(1):   -1.2760e-01 (fwd)
           -1.2916e-01 (bck)
           -1.2838e-01 (cntr)
H(1,1):     1.5605e-01

p2+  y:     2.2943e-01   1.3534e-01   3.0399e-02
     G:     5.3106e-01
p2-  y:     2.2516e-01   1.3534e-01   3.2577e-02
     G:     5.3070e-01

grad(2):    1.8476e-02 (fwd)
            1.7580e-02 (bck)
            1.8028e-02 (cntr)
H(2,2):     8.9593e-02

