
Create and allocate CVODES memory for forward run

Allocate global memory

Forward integration

   g = int_x int_y c6(Tfinal,x,y) dx dy = 35988.916377 


Create and allocate CVODES memory for backward run

Backward integration

Maximum sensitivity with respect to I.C. of species 1
  mu max = 6.074957e-04
at
  x = 1.000000e+00
  y = 1.000000e+00

Maximum sensitivity with respect to I.C. of species 2
  mu max = 5.812681e-04
at
  x = 1.000000e+00
  y = 1.000000e+00

Maximum sensitivity with respect to I.C. of species 3
  mu max = 5.571946e-04
at
  x = 1.000000e+00
  y = 1.000000e+00

Maximum sensitivity with respect to I.C. of species 4
  mu max = 4.274343e-12
at
  x = 1.000000e+00
  y = 2.631579e-01

Maximum sensitivity with respect to I.C. of species 5
  mu max = 4.269644e-12
at
  x = 1.000000e+00
  y = 2.631579e-01

Maximum sensitivity with respect to I.C. of species 6
  mu max = 2.666027e-12
at
  x = 1.000000e+00
  y = 2.631579e-01
