
Create and allocate CVODE memory for forward run

Allocate global memory

Forward integration

   G = int_t int_x int_y c6(t,x,y) dx dy dt = 422295.450105 


Create and allocate CVODES memory for backward run

Backward integration

Maximum sensitivity with respect to I.C. of species 1
  lambda max = 9.567021e+02
at
  x = 1.000000e+00
  y = 1.000000e+00

Maximum sensitivity with respect to I.C. of species 2
  lambda max = 9.377348e+02
at
  x = 1.000000e+00
  y = 1.000000e+00

Maximum sensitivity with respect to I.C. of species 3
  lambda max = 9.198138e+02
at
  x = 1.000000e+00
  y = 1.000000e+00

Maximum sensitivity with respect to I.C. of species 4
  lambda max = -3.936708e-03
at
  x = 1.000000e+00
  y = 0.000000e+00

Maximum sensitivity with respect to I.C. of species 5
  lambda max = -3.934202e-03
at
  x = 1.000000e+00
  y = 0.000000e+00

Maximum sensitivity with respect to I.C. of species 6
  lambda max = 2.843092e-01
at
  x = 0.000000e+00
  y = 0.000000e+00
