 
3-species kinetics problem

At t = 2.6391e-01      y =  9.899653e-01    3.470564e-05    1.000000e-02
    rootsfound[] =   0   1
At t = 4.0000e-01      y =  9.851641e-01    3.386242e-05    1.480205e-02
At t = 4.0000e+00      y =  9.055097e-01    2.240338e-05    9.446793e-02
At t = 4.0000e+01      y =  7.158010e-01    9.185084e-06    2.841898e-01
At t = 4.0000e+02      y =  4.504693e-01    3.222627e-06    5.495274e-01
At t = 4.0000e+03      y =  1.832126e-01    8.943459e-07    8.167865e-01
At t = 4.0000e+04      y =  3.897839e-02    1.621552e-07    9.610214e-01
At t = 4.0000e+05      y =  4.940533e-03    1.985905e-08    9.950594e-01
At t = 4.0000e+06      y =  5.170046e-04    2.069075e-09    9.994830e-01
At t = 2.0803e+07      y =  1.000000e-04    4.000395e-10    9.999000e-01
    rootsfound[] =  -1   0
At t = 4.0000e+07      y =  5.199610e-05    2.079951e-10    9.999480e-01
At t = 4.0000e+08      y =  5.200133e-06    2.080064e-11    9.999948e-01
At t = 4.0000e+09      y =  5.131179e-07    2.052473e-12    9.999995e-01
At t = 4.0000e+10      y =  5.470287e-08    2.188115e-13    9.999999e-01

Final Statistics:
nst = 566    nfe  = 817    nsetups = 119    nfeLS = 0      nje = 12
nni = 813    ncfn = 0      netf = 32     nge = 600
 
