 
3-species kinetics problem

At t = 2.6391e-01      y =  9.899653e-01    3.470564e-05    1.000000e-02
    rootsfound[] =   0   1
At t = 4.0000e-01      y =  9.851641e-01    3.386242e-05    1.480205e-02
At t = 4.0000e+00      y =  9.055097e-01    2.240338e-05    9.446793e-02
At t = 4.0000e+01      y =  7.158010e-01    9.185084e-06    2.841898e-01
At t = 4.0000e+02      y =  4.504693e-01    3.222627e-06    5.495274e-01
At t = 4.0000e+03      y =  1.832126e-01    8.943459e-07    8.167865e-01
At t = 4.0000e+04      y =  3.897840e-02    1.621553e-07    9.610214e-01
At t = 4.0000e+05      y =  4.941626e-03    1.986351e-08    9.950584e-01
At t = 4.0000e+06      y =  5.162295e-04    2.065971e-09    9.994838e-01
At t = 2.0789e+07      y =  1.000000e-04    4.000395e-10    9.999000e-01
    rootsfound[] =  -1   0
At t = 4.0000e+07      y =  5.201354e-05    2.080648e-10    9.999480e-01
At t = 4.0000e+08      y =  5.215272e-06    2.086119e-11    9.999948e-01
At t = 4.0000e+09      y =  5.213021e-07    2.085210e-12    9.999995e-01
At t = 4.0000e+10      y =  4.958738e-08    1.983495e-13    1.000000e-00

Final Statistics:
nst = 534    nfe  = 796    nsetups = 127    nfeLS = 0      nje = 12
nni = 792    ncfn = 0      netf = 35     nge = 564
 
