
Robertson ODE test problem:
    initial conditions:  u0 = 1,  v0 = 0,  w0 = 0
        t           u           v           w
   --------------------------------------------------
   0.000e+00   1.00000e+00   0.00000e+00   0.00000e+00
   1.000e+09   2.08321e-06   8.33667e-12   9.99998e-01
   2.000e+09   1.04162e-06   4.16453e-12   9.99999e-01
   3.000e+09   6.94406e-07   2.77720e-12   9.99999e-01
   4.000e+09   5.20817e-07   2.08399e-12   9.99999e-01
   5.000e+09   4.16680e-07   1.66642e-12   1.00000e+00
   6.000e+09   3.47177e-07   1.38864e-12   1.00000e+00
   7.000e+09   2.97605e-07   1.19072e-12   1.00000e+00
   8.000e+09   2.60423e-07   1.04190e-12   1.00000e+00
   9.000e+09   2.31438e-07   9.25974e-13   1.00000e+00
   1.000e+10   2.08343e-07   8.33415e-13   1.00000e+00
   1.100e+10   1.89385e-07   7.55199e-13   1.00000e+00
   1.200e+10   1.73617e-07   6.92712e-13   1.00000e+00
   1.300e+10   1.60245e-07   6.43428e-13   1.00000e+00
   1.400e+10   1.48780e-07   5.96881e-13   1.00000e+00
   1.500e+10   1.38881e-07   5.55622e-13   1.00000e+00
   1.600e+10   1.30214e-07   5.22474e-13   1.00000e+00
   1.700e+10   1.22545e-07   4.93677e-13   1.00000e+00
   1.800e+10   1.15737e-07   4.66452e-13   1.00000e+00
   1.900e+10   1.09654e-07   4.39837e-13   1.00000e+00
   2.000e+10   1.04169e-07   4.15118e-13   1.00000e+00
   2.100e+10   9.92064e-08   3.95317e-13   1.00000e+00
   2.200e+10   9.46997e-08   3.78188e-13   1.00000e+00
   2.300e+10   9.05833e-08   3.61484e-13   1.00000e+00
   2.400e+10   8.68025e-08   3.45920e-13   1.00000e+00
   2.500e+10   8.33246e-08   3.31980e-13   1.00000e+00
   2.600e+10   8.01195e-08   3.19495e-13   1.00000e+00
   2.700e+10   7.71571e-08   3.08298e-13   1.00000e+00
   2.800e+10   7.44073e-08   2.98224e-13   1.00000e+00
   2.900e+10   7.18418e-08   2.89018e-13   1.00000e+00
   3.000e+10   6.94445e-08   2.80138e-13   1.00000e+00
   3.100e+10   6.72027e-08   2.71406e-13   1.00000e+00
   3.200e+10   6.51031e-08   2.62694e-13   1.00000e+00
   3.300e+10   6.31324e-08   2.53876e-13   1.00000e+00
   3.400e+10   6.12773e-08   2.44825e-13   1.00000e+00
   3.500e+10   5.95260e-08   2.35976e-13   1.00000e+00
   3.600e+10   5.78714e-08   2.28309e-13   1.00000e+00
   3.700e+10   5.63067e-08   2.21774e-13   1.00000e+00
   3.800e+10   5.48253e-08   2.16293e-13   1.00000e+00
   3.900e+10   5.34205e-08   2.11789e-13   1.00000e+00
   4.000e+10   5.20854e-08   2.08184e-13   1.00000e+00
   4.100e+10   5.08117e-08   2.04858e-13   1.00000e+00
   4.200e+10   4.95944e-08   2.01401e-13   1.00000e+00
   4.300e+10   4.84312e-08   1.97832e-13   1.00000e+00
   4.400e+10   4.73198e-08   1.94171e-13   1.00000e+00
   4.500e+10   4.62580e-08   1.90439e-13   1.00000e+00
   4.600e+10   4.52434e-08   1.86656e-13   1.00000e+00
   4.700e+10   4.42739e-08   1.82842e-13   1.00000e+00
   4.800e+10   4.33470e-08   1.79017e-13   1.00000e+00
   4.900e+10   4.24605e-08   1.75200e-13   1.00000e+00
   5.000e+10   4.16122e-08   1.71413e-13   1.00000e+00
   5.100e+10   4.07997e-08   1.67675e-13   1.00000e+00
   5.200e+10   4.00208e-08   1.64006e-13   1.00000e+00
   5.300e+10   3.92731e-08   1.60426e-13   1.00000e+00
   5.400e+10   3.85545e-08   1.56956e-13   1.00000e+00
   5.500e+10   3.78625e-08   1.53615e-13   1.00000e+00
   5.600e+10   3.71950e-08   1.50424e-13   1.00000e+00
   5.700e+10   3.65496e-08   1.47402e-13   1.00000e+00
   5.800e+10   3.59240e-08   1.44570e-13   1.00000e+00
   5.900e+10   3.53162e-08   1.41943e-13   1.00000e+00
   6.000e+10   3.47270e-08   1.39442e-13   1.00000e+00
   6.100e+10   3.41566e-08   1.37029e-13   1.00000e+00
   6.200e+10   3.36045e-08   1.34703e-13   1.00000e+00
   6.300e+10   3.30700e-08   1.32462e-13   1.00000e+00
   6.400e+10   3.25524e-08   1.30304e-13   1.00000e+00
   6.500e+10   3.20509e-08   1.28227e-13   1.00000e+00
   6.600e+10   3.15650e-08   1.26229e-13   1.00000e+00
   6.700e+10   3.10940e-08   1.24308e-13   1.00000e+00
   6.800e+10   3.06372e-08   1.22462e-13   1.00000e+00
   6.900e+10   3.01939e-08   1.20690e-13   1.00000e+00
   7.000e+10   2.97635e-08   1.18989e-13   1.00000e+00
   7.100e+10   2.93453e-08   1.17357e-13   1.00000e+00
   7.200e+10   2.89386e-08   1.15793e-13   1.00000e+00
   7.300e+10   2.85427e-08   1.14295e-13   1.00000e+00
   7.400e+10   2.81571e-08   1.12855e-13   1.00000e+00
   7.500e+10   2.77811e-08   1.11402e-13   1.00000e+00
   7.600e+10   2.74144e-08   1.09919e-13   1.00000e+00
   7.700e+10   2.70570e-08   1.08412e-13   1.00000e+00
   7.800e+10   2.67084e-08   1.06890e-13   1.00000e+00
   7.900e+10   2.63686e-08   1.05358e-13   1.00000e+00
   8.000e+10   2.60372e-08   1.03824e-13   1.00000e+00
   8.100e+10   2.57141e-08   1.02294e-13   1.00000e+00
   8.200e+10   2.53989e-08   1.00775e-13   1.00000e+00
   8.300e+10   2.50916e-08   9.92752e-14   1.00000e+00
   8.400e+10   2.47918e-08   9.78002e-14   1.00000e+00
   8.500e+10   2.44993e-08   9.63573e-14   1.00000e+00
   8.600e+10   2.42140e-08   9.49534e-14   1.00000e+00
   8.700e+10   2.39355e-08   9.35955e-14   1.00000e+00
   8.800e+10   2.36637e-08   9.22903e-14   1.00000e+00
   8.900e+10   2.33982e-08   9.10449e-14   1.00000e+00
   9.000e+10   2.31390e-08   8.98661e-14   1.00000e+00
   9.100e+10   2.28857e-08   8.87609e-14   1.00000e+00
   9.200e+10   2.26381e-08   8.77361e-14   1.00000e+00
   9.300e+10   2.23961e-08   8.67987e-14   1.00000e+00
   9.400e+10   2.21593e-08   8.59556e-14   1.00000e+00
   9.500e+10   2.19276e-08   8.52136e-14   1.00000e+00
   9.600e+10   2.17006e-08   8.45798e-14   1.00000e+00
   9.700e+10   2.14783e-08   8.40609e-14   1.00000e+00
   9.800e+10   2.12603e-08   8.36640e-14   1.00000e+00
   9.900e+10   2.10465e-08   8.33959e-14   1.00000e+00
   1.000e+11   2.08365e-08   8.32635e-14   1.00000e+00
   --------------------------------------------------

Final Statistics:
Current time                 = 100626656927.766
Steps                        = 137
Step attempts                = 137
Stability limited steps      = 0
Accuracy limited steps       = 137
Error test fails             = 0
NLS step fails               = 0
Inequality constraint fails  = 0
Initial step size            = 1e-08
Last step size               = 26945807385.61486
Current step size            = 26945807385.61486
Explicit RHS fn evals        = 0
Implicit RHS fn evals        = 5028
NLS iters                    = 4205
NLS fails                    = 36
NLS iters per step           = 30.69343065693431
LS setups                    = 104
Jac fn evals                 = 37
LS RHS fn evals              = 0
Prec setup evals             = 0
Prec solves                  = 0
LS iters                     = 0
LS fails                     = 0
Jac-times setups             = 0
Jac-times evals              = 0
LS iters per NLS iter        = 0
Jac evals per NLS iter       = 0.008799048751486327
Prec evals per NLS iter      = 0
