
Multirate nonlinear Kvaerno-Prothero-Robinson test problem:
    time domain:  (0,5]
    hs = 0.001
    hf = 1e-05
    G = -100
    w = 100
    e = 0.5
    slow solver: ARKODE_MERK32
    fast solver: erk-3-3
        t           u           v       uerr      verr
   ------------------------------------------------------
    0.000000    1.224745    1.732051  0.00e+00  0.00e+00
    0.100000    1.223725    1.077464  8.92e-10  3.75e-11
    0.200000    1.220669    1.551800  8.86e-10  7.57e-11
    0.300000    1.215594    1.467737  8.75e-10  1.10e-10
    0.400000    1.208524    1.154583  8.59e-10  1.40e-10
    0.500000    1.199496    1.721908  8.39e-10  1.66e-10
    0.600000    1.188557    1.023517  8.15e-10  1.89e-10
    0.700000    1.175764    1.622751  7.85e-10  2.09e-10
    0.800000    1.161186    1.374632  7.50e-10  2.25e-10
    0.900000    1.144904    1.245763  7.10e-10  2.38e-10
    1.000000    1.127010    1.691839  6.65e-10  2.47e-10
    1.100000    1.107609    1.000489  6.13e-10  2.58e-10
    1.200000    1.086821    1.677552  5.56e-10  2.57e-10
    1.300000    1.064777    1.277775  4.92e-10  2.59e-10
    1.400000    1.041625    1.342455  4.21e-10  2.56e-10
    1.500000    1.017531    1.642940  3.43e-10  2.47e-10
    1.600000    0.992673    1.012112  2.56e-10  2.42e-10
    1.700000    0.967253    1.714058  1.61e-10  2.25e-10
    1.800000    0.941488    1.183867  5.78e-11  2.12e-10
    1.900000    0.915617    1.437465  5.52e-11  1.90e-10
    2.000000    0.889903    1.577082  1.78e-10  1.66e-10
    2.100000    0.864625    1.056467  3.09e-10  1.42e-10
    2.200000    0.840089    1.730920  4.50e-10  1.07e-10
    2.300000    0.816616    1.101047  5.97e-10  7.65e-11
    2.400000    0.794546    1.525051  7.50e-10  3.53e-11
    2.500000    0.774227    1.496993  9.05e-10  6.53e-12
    2.600000    0.756013    1.126857  1.06e-09  4.93e-11
    2.700000    0.740246    1.727536  1.20e-09  1.01e-10
    2.800000    0.727247    1.038393  1.33e-09  1.46e-10
    2.900000    0.717301    1.600759  1.43e-09  2.00e-10
    3.000000    0.710636    1.406380  1.50e-09  2.49e-10
    3.100000    0.707412    1.214353  1.54e-09  2.95e-10
    3.200000    0.707709    1.704026  1.55e-09  3.43e-10
    3.300000    0.711520    1.004391  1.51e-09  3.77e-10
    3.400000    0.718750    1.661225  1.44e-09  4.14e-10
    3.500000    0.729227    1.310102  1.33e-09  4.38e-10
    3.600000    0.742712    1.310080  1.21e-09  4.56e-10
    3.700000    0.758914    1.661237  1.07e-09  4.68e-10
    3.800000    0.777506    1.004387  9.14e-10  4.66e-10
    3.900000    0.798144    1.704019  7.60e-10  4.65e-10
    4.000000    0.820474    1.214374  6.06e-10  4.50e-10
    4.100000    0.844149    1.406358  4.58e-10  4.31e-10
    4.200000    0.868832    1.600774  3.16e-10  4.10e-10
    4.300000    0.894204    1.038382  1.84e-10  3.81e-10
    4.400000    0.919964    1.727533  6.02e-11  3.51e-10
    4.500000    0.945834    1.126875  5.36e-11  3.19e-10
    4.600000    0.971557    1.496974  1.58e-10  2.82e-10
    4.700000    0.996898    1.525070  2.54e-10  2.47e-10
    4.800000    1.021641    1.101030  3.41e-10  2.09e-10
    4.900000    1.045589    1.730922  4.20e-10  1.72e-10
    5.000000    1.068565    1.056480  4.91e-10  1.34e-10
   ------------------------------------------------------

Final Solver Statistics:
   Steps: nsts = 5000, nstf = 1085000
   u error = 8.345e-10, v error = 2.743e-10, total error = 6.212e-10
   Total RHS evals:  Fs = 15001,  Ff = 3260001
