
Two way coupling ODE test problem:
    initial conditions:  u0 = 0.90001,  v0 = -9.999,  w0 = 1000
    hs = 0.001,  hf = 2e-05

        t           u           v           w
   -----------------------------------------------
    0.000000    0.900010   -9.999000  1000.000000
    0.100000   -0.929838   -8.503739  904.822759
    0.200000    0.327130   -9.098925  818.723463
    0.300000    0.078695   -6.418882  740.786055
    0.400000   -0.732497   -7.448765  670.300564
    0.500000    0.903691   -5.799589  606.497722
    0.600000   -1.008239   -5.185256  548.775539
    0.700000    0.586396   -5.736752  496.558275
    0.800000   -0.159295   -3.498941  449.283028
    0.900000   -0.484725   -4.961021  406.541945
    1.000000    0.823044   -3.167333  367.837598
    1.100000   -1.032597   -3.289257  332.833949
    1.200000    0.787540   -3.587042  301.163829
    1.300000   -0.400621   -1.796900  272.486934
    1.400000   -0.215634   -3.447071  246.572091
    1.500000    0.671577   -1.510563  223.089390
    1.600000   -0.994105   -2.245684  201.866203
    1.700000    0.922686   -2.165040  182.655750
    1.800000   -0.622231   -0.856693  165.260909
    1.900000    0.060822   -2.492497  149.549968
    2.000000    0.464925   -0.474704  135.299268
   -----------------------------------------------

Final Solver Statistics:
   Steps: nsts = 2001, nstf = 102051
   Total RHS evals:  Fs = 6003,  Ff = 306153
