
   Begin Kepler Problem

Problem Arguments:
  stepper:              0
  step mode:            0
  use tstop:            1
  use compensated sums: 1
  dt:                   0.01
  Tf:                   100
  nout:                 50

t = 0.0000, H(p,q) = -0.5000000000000000, L(p,q) = 0.8000000000000000
t = 2.0000, H(p,q)-H0 = 0.0000155500913761, L(p,q)-L0 = 0.0000044724976135
ROOT RETURN:	  g[0] =  -1, y[0] = -1.60006, y[1] = -1.88646e-14, num. orbits is now 0.50
t = 3.1418, H(p,q)-H0 = 0.0000155500918735, L(p,q)-L0 = 0.0000044724976096
t = 4.0000, H(p,q)-H0 = 0.0000155500916529, L(p,q)-L0 = 0.0000044724976135
t = 6.0000, H(p,q)-H0 = 0.0000155477772263, L(p,q)-L0 = 0.0000044724976135
ROOT RETURN:	  g[0] =   1, y[0] = 0.400002, y[1] = 8.25078e-16, num. orbits is now 1.00
t = 6.2835, H(p,q)-H0 = 0.0000155203795122, L(p,q)-L0 = 0.0000044664979287
t = 8.0000, H(p,q)-H0 = 0.0000155500907651, L(p,q)-L0 = 0.0000044724976135
ROOT RETURN:	  g[0] =  -1, y[0] = -1.60006, y[1] = -5.22907e-14, num. orbits is now 1.50
t = 9.4252, H(p,q)-H0 = 0.0000155500918704, L(p,q)-L0 = 0.0000044724976006
t = 10.0000, H(p,q)-H0 = 0.0000155500917899, L(p,q)-L0 = 0.0000044724976135
t = 12.0000, H(p,q)-H0 = 0.0000155498692904, L(p,q)-L0 = 0.0000044724976135
ROOT RETURN:	  g[0] =   1, y[0] = 0.400002, y[1] = 2.79488e-13, num. orbits is now 2.00
t = 12.5670, H(p,q)-H0 = 0.0000155049003756, L(p,q)-L0 = 0.0000044631180703
t = 14.0000, H(p,q)-H0 = 0.0000155500892037, L(p,q)-L0 = 0.0000044724976136
ROOT RETURN:	  g[0] =  -1, y[0] = -1.60006, y[1] = -8.67519e-14, num. orbits is now 2.50
t = 15.7087, H(p,q)-H0 = 0.0000155500918712, L(p,q)-L0 = 0.0000044724976036
t = 16.0000, H(p,q)-H0 = 0.0000155500918547, L(p,q)-L0 = 0.0000044724976134
t = 18.0000, H(p,q)-H0 = 0.0000155500584843, L(p,q)-L0 = 0.0000044724976135
ROOT RETURN:	  g[0] =   1, y[0] = 0.400002, y[1] = 3.21073e-13, num. orbits is now 3.00
t = 18.8504, H(p,q)-H0 = 0.0000155449689148, L(p,q)-L0 = 0.0000044718585810
t = 20.0000, H(p,q)-H0 = 0.0000155500841750, L(p,q)-L0 = 0.0000044724976134
ROOT RETURN:	  g[0] =  -1, y[0] = -1.60006, y[1] = -1.40404e-16, num. orbits is now 3.50
t = 21.9922, H(p,q)-H0 = 0.0000155500918731, L(p,q)-L0 = 0.0000044724976084
t = 22.0000, H(p,q)-H0 = 0.0000155500918747, L(p,q)-L0 = 0.0000044724976136
t = 24.0000, H(p,q)-H0 = 0.0000155500836105, L(p,q)-L0 = 0.0000044724976134
ROOT RETURN:	  g[0] =   1, y[0] = 0.400002, y[1] = 7.8236e-16, num. orbits is now 4.00
t = 25.1339, H(p,q)-H0 = 0.0000155169132525, L(p,q)-L0 = 0.0000044657418486
t = 26.0000, H(p,q)-H0 = 0.0000155500613853, L(p,q)-L0 = 0.0000044724976135
t = 28.0000, H(p,q)-H0 = 0.0000155500918571, L(p,q)-L0 = 0.0000044724976136
ROOT RETURN:	  g[0] =  -1, y[0] = -1.60006, y[1] = -1.10849e-15, num. orbits is now 4.50
t = 28.2757, H(p,q)-H0 = 0.0000155500918702, L(p,q)-L0 = 0.0000044724975999
t = 30.0000, H(p,q)-H0 = 0.0000155500890452, L(p,q)-L0 = 0.0000044724976134
ROOT RETURN:	  g[0] =   1, y[0] = 0.400002, y[1] = 1.40729e-15, num. orbits is now 5.00
t = 31.4174, H(p,q)-H0 = 0.0000155063900653, L(p,q)-L0 = 0.0000044634422682
t = 32.0000, H(p,q)-H0 = 0.0000155498937505, L(p,q)-L0 = 0.0000044724976136
t = 34.0000, H(p,q)-H0 = 0.0000155500917953, L(p,q)-L0 = 0.0000044724976134
ROOT RETURN:	  g[0] =  -1, y[0] = -1.60006, y[1] = -1.90379e-13, num. orbits is now 5.50
t = 34.5592, H(p,q)-H0 = 0.0000155500918726, L(p,q)-L0 = 0.0000044724976068
t = 36.0000, H(p,q)-H0 = 0.0000155500907079, L(p,q)-L0 = 0.0000044724976135
ROOT RETURN:	  g[0] =   1, y[0] = 0.400002, y[1] = 1.61859e-13, num. orbits is now 6.00
t = 37.7009, H(p,q)-H0 = 0.0000155418054639, L(p,q)-L0 = 0.0000044711691772
t = 38.0000, H(p,q)-H0 = 0.0000155480172854, L(p,q)-L0 = 0.0000044724976135
t = 40.0000, H(p,q)-H0 = 0.0000155500916642, L(p,q)-L0 = 0.0000044724976135
ROOT RETURN:	  g[0] =  -1, y[0] = -1.60006, y[1] = -2.25117e-13, num. orbits is now 6.50
t = 40.8426, H(p,q)-H0 = 0.0000155500918724, L(p,q)-L0 = 0.0000044724976068
t = 42.0000, H(p,q)-H0 = 0.0000155500913513, L(p,q)-L0 = 0.0000044724976134
ROOT RETURN:	  g[0] =   1, y[0] = 0.400002, y[1] = 5.75278e-15, num. orbits is now 7.00
t = 43.9843, H(p,q)-H0 = 0.0000155136751636, L(p,q)-L0 = 0.0000044650354014
t = 44.0000, H(p,q)-H0 = 0.0000155478340671, L(p,q)-L0 = 0.0000044724976134
t = 46.0000, H(p,q)-H0 = 0.0000155500913973, L(p,q)-L0 = 0.0000044724976134
ROOT RETURN:	  g[0] =  -1, y[0] = -1.60006, y[1] = -7.2956e-16, num. orbits is now 7.50
t = 47.1261, H(p,q)-H0 = 0.0000155500918698, L(p,q)-L0 = 0.0000044724975991
t = 48.0000, H(p,q)-H0 = 0.0000155500916421, L(p,q)-L0 = 0.0000044724976134
t = 50.0000, H(p,q)-H0 = 0.0000155474929582, L(p,q)-L0 = 0.0000044724976134
ROOT RETURN:	  g[0] =   1, y[0] = 0.400002, y[1] = 1.11845e-12, num. orbits is now 8.00
t = 50.2678, H(p,q)-H0 = 0.0000155091249194, L(p,q)-L0 = 0.0000044640381455
t = 52.0000, H(p,q)-H0 = 0.0000155500908142, L(p,q)-L0 = 0.0000044724976134
ROOT RETURN:	  g[0] =  -1, y[0] = -1.60006, y[1] = -2.94768e-13, num. orbits is now 8.50
t = 53.4096, H(p,q)-H0 = 0.0000155500918735, L(p,q)-L0 = 0.0000044724976096
t = 54.0000, H(p,q)-H0 = 0.0000155500917846, L(p,q)-L0 = 0.0000044724976134
t = 56.0000, H(p,q)-H0 = 0.0000155498403969, L(p,q)-L0 = 0.0000044724976133
ROOT RETURN:	  g[0] =   1, y[0] = 0.400002, y[1] = 1.24352e-12, num. orbits is now 9.00
t = 56.5513, H(p,q)-H0 = 0.0000155384487686, L(p,q)-L0 = 0.0000044704375812
t = 58.0000, H(p,q)-H0 = 0.0000155500893395, L(p,q)-L0 = 0.0000044724976134
ROOT RETURN:	  g[0] =  -1, y[0] = -1.60006, y[1] = -3.29137e-13, num. orbits is now 9.50
t = 59.6931, H(p,q)-H0 = 0.0000155500918722, L(p,q)-L0 = 0.0000044724976055
t = 60.0000, H(p,q)-H0 = 0.0000155500918526, L(p,q)-L0 = 0.0000044724976134
t = 62.0000, H(p,q)-H0 = 0.0000155500553390, L(p,q)-L0 = 0.0000044724976134
ROOT RETURN:	  g[0] =   1, y[0] = 0.400002, y[1] = 1.38799e-12, num. orbits is now 10.00
t = 62.8348, H(p,q)-H0 = 0.0000155107582724, L(p,q)-L0 = 0.0000044643988768
t = 64.0000, H(p,q)-H0 = 0.0000155500846616, L(p,q)-L0 = 0.0000044724976134
ROOT RETURN:	  g[0] =  -1, y[0] = -1.60006, y[1] = -3.68955e-13, num. orbits is now 10.50
t = 65.9766, H(p,q)-H0 = 0.0000155500918702, L(p,q)-L0 = 0.0000044724975993
t = 66.0000, H(p,q)-H0 = 0.0000155500918748, L(p,q)-L0 = 0.0000044724976135
t = 68.0000, H(p,q)-H0 = 0.0000155500830369, L(p,q)-L0 = 0.0000044724976135
ROOT RETURN:	  g[0] =   1, y[0] = 0.400002, y[1] = 6.73073e-16, num. orbits is now 11.00
t = 69.1183, H(p,q)-H0 = 0.0000155132795978, L(p,q)-L0 = 0.0000044649438806
t = 70.0000, H(p,q)-H0 = 0.0000155500639313, L(p,q)-L0 = 0.0000044724976135
t = 72.0000, H(p,q)-H0 = 0.0000155500918592, L(p,q)-L0 = 0.0000044724976134
ROOT RETURN:	  g[0] =  -1, y[0] = -1.60006, y[1] = -2.11431e-15, num. orbits is now 11.50
t = 72.2600, H(p,q)-H0 = 0.0000155500918748, L(p,q)-L0 = 0.0000044724976133
t = 74.0000, H(p,q)-H0 = 0.0000155500888908, L(p,q)-L0 = 0.0000044724976134
ROOT RETURN:	  g[0] =   1, y[0] = 0.400002, y[1] = 1.67165e-12, num. orbits is now 12.00
t = 75.4017, H(p,q)-H0 = 0.0000155349369808, L(p,q)-L0 = 0.0000044696720972
t = 76.0000, H(p,q)-H0 = 0.0000155499159623, L(p,q)-L0 = 0.0000044724976134
t = 78.0000, H(p,q)-H0 = 0.0000155500918005, L(p,q)-L0 = 0.0000044724976134
ROOT RETURN:	  g[0] =  -1, y[0] = -1.60006, y[1] = -4.30462e-13, num. orbits is now 12.50
t = 78.5435, H(p,q)-H0 = 0.0000155500918721, L(p,q)-L0 = 0.0000044724976048
t = 80.0000, H(p,q)-H0 = 0.0000155500906532, L(p,q)-L0 = 0.0000044724976134
ROOT RETURN:	  g[0] =   1, y[0] = 0.400002, y[1] = 3.37779e-12, num. orbits is now 13.00
t = 81.6852, H(p,q)-H0 = 0.0000155082648194, L(p,q)-L0 = 0.0000044638545811
t = 82.0000, H(p,q)-H0 = 0.0000155482613966, L(p,q)-L0 = 0.0000044724976134
t = 84.0000, H(p,q)-H0 = 0.0000155500916742, L(p,q)-L0 = 0.0000044724976134
ROOT RETURN:	  g[0] =  -1, y[0] = -1.60006, y[1] = -4.68566e-13, num. orbits is now 13.50
t = 84.8270, H(p,q)-H0 = 0.0000155500918701, L(p,q)-L0 = 0.0000044724975993
t = 86.0000, H(p,q)-H0 = 0.0000155500913284, L(p,q)-L0 = 0.0000044724976135
ROOT RETURN:	  g[0] =   1, y[0] = 0.400002, y[1] = 1.95522e-12, num. orbits is now 14.00
t = 87.9687, H(p,q)-H0 = 0.0000155190401663, L(p,q)-L0 = 0.0000044662001580
t = 88.0000, H(p,q)-H0 = 0.0000155476211892, L(p,q)-L0 = 0.0000044724976133
t = 90.0000, H(p,q)-H0 = 0.0000155500914178, L(p,q)-L0 = 0.0000044724976134
ROOT RETURN:	  g[0] =  -1, y[0] = -1.60006, y[1] = -2.10881e-15, num. orbits is now 14.50
t = 91.1105, H(p,q)-H0 = 0.0000155500918745, L(p,q)-L0 = 0.0000044724976124
t = 92.0000, H(p,q)-H0 = 0.0000155500916311, L(p,q)-L0 = 0.0000044724976134
t = 94.0000, H(p,q)-H0 = 0.0000155471925649, L(p,q)-L0 = 0.0000044724976134
ROOT RETURN:	  g[0] =   1, y[0] = 0.400002, y[1] = 2.09832e-12, num. orbits is now 15.00
t = 94.2522, H(p,q)-H0 = 0.0000155313150425, L(p,q)-L0 = 0.0000044688825105
t = 96.0000, H(p,q)-H0 = 0.0000155500908612, L(p,q)-L0 = 0.0000044724976134
ROOT RETURN:	  g[0] =  -1, y[0] = -1.60006, y[1] = -5.98154e-16, num. orbits is now 15.50
t = 97.3939, H(p,q)-H0 = 0.0000155500918717, L(p,q)-L0 = 0.0000044724976036
t = 98.0000, H(p,q)-H0 = 0.0000155500917791, L(p,q)-L0 = 0.0000044724976134
t = 100.0000, H(p,q)-H0 = 0.0000155498072557, L(p,q)-L0 = 0.0000044724976134
Current time                 = 100
Steps                        = 10000
Step attempts                = 10000
Stability limited steps      = 0
Accuracy limited steps       = 0
Error test fails             = 0
NLS step fails               = 0
Inequality constraint fails  = 0
Initial step size            = 0.01
Last step size               = 0.01
Current step size            = 0.01
Root fn evals                = 10315
f1 RHS fn evals              = 40032
f2 RHS fn evals              = 40032
