
Multirate nonlinear Kvaerno-Prothero-Robinson test problem:
    time domain:  (0,5]
    hs = 0.002
    hf = 2e-05
    G = -100
    w = 100
    e = 0.5
    slow solver: ARKODE_MRI_GARK_IRK21a
      reltol = 4.00e-06,  abstol = 1.00e-11
    fast solver: ARKODE_HEUN_EULER_2_1_2
        t           u           v       uerr      verr
   ------------------------------------------------------
    0.000000    1.224745    1.732051  0.00e+00  0.00e+00
    0.100000    1.223725    1.077464  2.77e-08  1.95e-07
    0.200000    1.220666    1.551800  2.88e-06  1.72e-08
    0.300000    1.215594    1.467737  5.07e-10  2.58e-08
    0.400000    1.208524    1.154583  1.40e-07  8.86e-08
    0.500000    1.199497    1.721908  3.78e-07  7.73e-08
    0.600000    1.188557    1.023517  3.84e-07  1.66e-07
    0.700000    1.175764    1.622750  1.13e-08  7.38e-08
    0.800000    1.161181    1.374632  5.67e-06  2.19e-08
    0.900000    1.144904    1.245763  5.40e-08  6.40e-09
    1.000000    1.127010    1.691839  4.83e-09  1.22e-07
    1.100000    1.107609    1.000490  3.50e-07  1.24e-07
    1.200000    1.086820    1.677552  1.80e-07  1.28e-07
    1.300000    1.064777    1.277775  2.08e-08  5.87e-08
    1.400000    1.041625    1.342455  6.57e-08  8.60e-08
    1.500000    1.017531    1.642940  1.02e-08  1.45e-07
    1.600000    0.992673    1.012112  7.42e-10  8.75e-08
    1.700000    0.967251    1.714058  1.26e-06  1.96e-07
    1.800000    0.941487    1.183866  5.89e-07  4.82e-08
    1.900000    0.915617    1.437465  8.48e-11  1.34e-07
    2.000000    0.889902    1.577082  8.30e-08  1.60e-07
    2.100000    0.864625    1.056467  2.81e-08  3.18e-08
    2.200000    0.840089    1.730920  2.75e-07  2.23e-07
    2.300000    0.816616    1.101047  1.41e-08  3.14e-08
    2.400000    0.794545    1.525051  5.03e-07  1.81e-07
    2.500000    0.774227    1.496993  7.88e-10  1.70e-07
    2.600000    0.756013    1.126857  1.27e-07  8.49e-08
    2.700000    0.740246    1.727536  2.32e-07  2.61e-07
    2.800000    0.727247    1.038393  6.92e-08  2.11e-08
    2.900000    0.717301    1.600759  1.26e-08  2.31e-07
    3.000000    0.710630    1.406379  6.27e-06  1.95e-07
    3.100000    0.707412    1.214352  2.29e-08  1.59e-07
    3.200000    0.707709    1.704026  1.45e-09  2.91e-07
    3.300000    0.711519    1.004391  8.68e-08  2.89e-08
    3.400000    0.718749    1.661225  2.14e-07  2.74e-07
    3.500000    0.729227    1.310102  1.60e-08  2.21e-07
    3.600000    0.742712    1.310080  1.03e-08  2.20e-07
    3.700000    0.758914    1.661236  2.40e-08  2.91e-07
    3.800000    0.777506    1.004387  4.29e-09  3.73e-08
    3.900000    0.798143    1.704018  8.32e-07  3.27e-07
    4.000000    0.820474    1.214374  7.44e-07  1.84e-07
    4.100000    0.844149    1.406358  2.75e-09  2.40e-07
    4.200000    0.868832    1.600774  1.39e-07  2.70e-07
    4.300000    0.894204    1.038382  6.99e-08  5.45e-08
    4.400000    0.919964    1.727533  3.58e-07  3.16e-07
    4.500000    0.945834    1.126875  7.57e-09  1.27e-07
    4.600000    0.971557    1.496973  7.25e-07  2.44e-07
    4.700000    0.996898    1.525070  4.95e-08  2.35e-07
    4.800000    1.021640    1.101030  1.22e-07  1.22e-07
    4.900000    1.045589    1.730922  1.36e-07  3.02e-07
    5.000000    1.068565    1.056480  2.82e-07  6.29e-08
   ------------------------------------------------------

Final Solver Statistics:
   Steps: nsts = 2501, nstf = 250100
   u error = 1.301e-06, v error = 1.744e-07, total error = 9.284e-07
   Total RHS evals:  Fs = 7002,  Ff = 502751
   Slow Newton iters = 4500
   Slow Newton conv fails = 0
   Slow Jacobian evals = 126
