
Multirate nonlinear Kvaerno-Prothero-Robinson test problem:
    time domain:  (0,5]
    hs = 0.002
    hf = 2e-05
    G = -100
    w = 100
    e = 0.5
    solver: exp-3/exp-3 (standard MIS)

        t           u           v       uerr      verr
   ------------------------------------------------------
    0.000000    1.224745    1.732051  0.00e+00  0.00e+00
    0.100000    1.223725    1.077464  4.99e-09  6.32e-11
    0.200000    1.220669    1.551800  4.96e-09  1.43e-10
    0.300000    1.215594    1.467737  4.90e-09  2.14e-10
    0.400000    1.208524    1.154583  4.81e-09  2.78e-10
    0.500000    1.199496    1.721908  4.70e-09  3.33e-10
    0.600000    1.188557    1.023517  4.57e-09  3.82e-10
    0.700000    1.175764    1.622751  4.40e-09  4.23e-10
    0.800000    1.161186    1.374632  4.21e-09  4.57e-10
    0.900000    1.144904    1.245763  3.98e-09  4.85e-10
    1.000000    1.127010    1.691839  3.73e-09  5.06e-10
    1.100000    1.107609    1.000489  3.45e-09  5.18e-10
    1.200000    1.086821    1.677552  3.13e-09  5.29e-10
    1.300000    1.064777    1.277775  2.77e-09  5.29e-10
    1.400000    1.041625    1.342455  2.38e-09  5.25e-10
    1.500000    1.017531    1.642940  1.94e-09  5.14e-10
    1.600000    0.992673    1.012112  1.46e-09  4.94e-10
    1.700000    0.967253    1.714058  9.32e-10  4.72e-10
    1.800000    0.941488    1.183867  3.54e-10  4.39e-10
    1.900000    0.915617    1.437465  2.75e-10  4.01e-10
    2.000000    0.889903    1.577082  9.56e-10  3.55e-10
    2.100000    0.864625    1.056467  1.69e-09  3.05e-10
    2.200000    0.840089    1.730920  3.52e-09  5.43e-08
    2.300000    0.816616    1.101047  4.94e-09  1.22e-07
    2.400000    0.794546    1.525051  7.22e-09  2.42e-07
    2.500000    0.774227    1.496993  6.47e-09  2.37e-07
    2.600000    0.756013    1.126856  9.23e-09  3.34e-07
    2.700000    0.740246    1.727536  8.43e-09  3.14e-07
    2.800000    0.727247    1.038393  9.83e-09  3.38e-07
    2.900000    0.717301    1.600758  1.10e-08  3.84e-07
    3.000000    0.710636    1.406379  9.81e-09  3.29e-07
    3.100000    0.707412    1.214352  1.16e-08  3.75e-07
    3.200000    0.707709    1.704026  9.41e-09  2.89e-07
    3.300000    0.711520    1.004391  9.95e-09  2.71e-07
    3.400000    0.718750    1.661225  9.31e-09  2.46e-07
    3.500000    0.729227    1.310102  7.36e-09  1.56e-07
    3.600000    0.742712    1.310080  7.92e-09  1.64e-07
    3.700000    0.758914    1.661237  4.70e-09  3.72e-08
    3.800000    0.777506    1.004387  4.76e-09  3.34e-09
    3.900000    0.798144    1.704019  3.01e-09  6.69e-08
    4.000000    0.820474    1.214374  1.30e-09  1.60e-07
    4.100000    0.844149    1.406358  1.58e-09  1.60e-07
    4.200000    0.868832    1.600775  1.55e-09  2.88e-07
    4.300000    0.894204    1.038382  1.08e-09  3.05e-07
    4.400000    0.919964    1.727534  3.08e-09  3.88e-07
    4.500000    0.945834    1.126875  3.92e-09  4.53e-07
    4.600000    0.971557    1.496974  3.51e-09  4.41e-07
    4.700000    0.996898    1.525070  6.06e-09  5.43e-07
    4.800000    1.021641    1.101030  5.01e-09  5.26e-07
    4.900000    1.045589    1.730922  7.03e-09  6.01e-07
    5.000000    1.068565    1.056481  6.96e-09  6.24e-07
   ------------------------------------------------------

Final Solver Statistics:
   Steps: nsts = 2501, nstf = 252601
   u error = 5.721e-09, v error = 2.541e-07, total error = 1.797e-07
   Total RHS evals:  Fs = 7503,  Ff = 757803
