
Multirate nonlinear Kvaerno-Prothero-Robinson test problem:
    time domain:  (0,5]
    hs = 0.001
    hf = 1e-05
    G = -100
    w = 100
    e = 0.5
    solver: imexark4/exp-4 (IMEX-MRI4 / ERK-4-4) -- solve decoupled
    reltol = 1.00e-12,  abstol = 1.00e-14
        t           u           v       uerr      verr
   ------------------------------------------------------
    0.000000    1.224745    1.732051  0.00e+00  0.00e+00
    0.100000    1.223725    1.077464  1.63e-11  6.37e-13
    0.200000    1.220669    1.551800  1.60e-11  6.83e-13
    0.300000    1.215594    1.467737  1.52e-11  9.61e-13
    0.400000    1.208524    1.154583  1.51e-11  9.21e-13
    0.500000    1.199496    1.721908  1.60e-11  1.72e-12
    0.600000    1.188557    1.023517  1.48e-11  3.43e-12
    0.700000    1.175764    1.622751  1.36e-11  2.17e-12
    0.800000    1.161186    1.374632  1.23e-11  2.77e-12
    0.900000    1.144904    1.245763  1.13e-11  3.12e-12
    1.000000    1.127010    1.691839  1.30e-11  2.17e-12
    1.100000    1.107609    1.000489  1.11e-11  1.99e-12
    1.200000    1.086821    1.677552  3.12e-10  1.86e-08
    1.300000    1.064777    1.277775  2.57e-10  2.70e-08
    1.400000    1.041625    1.342455  6.84e-10  5.85e-08
    1.500000    1.017531    1.642940  3.49e-10  5.76e-08
    1.600000    0.992673    1.012112  7.38e-10  8.10e-08
    1.700000    0.967253    1.714058  6.58e-10  9.07e-08
    1.800000    0.941488    1.183866  6.84e-10  9.86e-08
    1.900000    0.915617    1.437465  1.04e-09  1.25e-07
    2.000000    0.889903    1.577082  6.81e-10  1.20e-07
    2.100000    0.864625    1.056467  1.07e-09  1.41e-07
    2.200000    0.840089    1.730920  8.42e-10  1.40e-07
    2.300000    0.816616    1.101047  9.29e-10  1.45e-07
    2.400000    0.794546    1.525051  1.16e-09  1.63e-07
    2.500000    0.774227    1.496993  8.00e-10  1.52e-07
    2.600000    0.756013    1.126856  1.15e-09  1.67e-07
    2.700000    0.740246    1.727536  7.78e-10  1.53e-07
    2.800000    0.727247    1.038393  8.94e-10  1.52e-07
    2.900000    0.717301    1.600759  9.62e-10  1.56e-07
    3.000000    0.710636    1.406379  6.17e-10  1.37e-07
    3.100000    0.707412    1.214353  8.99e-10  1.43e-07
    3.200000    0.707709    1.704026  4.17e-10  1.16e-07
    3.300000    0.711520    1.004391  5.50e-10  1.08e-07
    3.400000    0.718750    1.661225  4.54e-10  9.70e-08
    3.500000    0.729227    1.310102  1.65e-10  7.18e-08
    3.600000    0.742712    1.310080  3.92e-10  7.04e-08
    3.700000    0.758914    1.661237  1.29e-10  3.64e-08
    3.800000    0.777506    1.004387  4.16e-11  2.61e-08
    3.900000    0.798144    1.704019  1.79e-10  5.62e-09
    4.000000    0.820474    1.214374  3.56e-10  1.85e-08
    4.100000    0.844149    1.406358  1.57e-10  2.10e-08
    4.200000    0.868832    1.600774  6.46e-10  5.37e-08
    4.300000    0.894204    1.038382  4.12e-10  5.91e-08
    4.400000    0.919964    1.727533  7.13e-10  8.15e-08
    4.500000    0.945834    1.126875  7.49e-10  9.79e-08
    4.600000    0.971557    1.496974  5.71e-10  9.68e-08
    4.700000    0.996898    1.525070  9.81e-10  1.22e-07
    4.800000    1.021641    1.101030  6.79e-10  1.19e-07
    4.900000    1.045589    1.730922  1.03e-09  1.39e-07
    5.000000    1.068565    1.056480  9.23e-10  1.45e-07
   ------------------------------------------------------

Final Solver Statistics:
   Steps: nsts = 5000, nstf = 510000
   u error = 6.270e-10, v error = 9.579e-08, total error = 6.773e-08
   Total RHS evals:  Fse = 30000, Fsi = 82554,  Ff = 2040000
   Slow Newton iters = 52554
   Slow Newton conv fails = 0
   Slow Jacobian evals = 250
