
   Begin Kepler Problem

Problem Arguments:
  stepper:              1
  step mode:            0
  use compensated sums: 0
  dt:                   0.001
  Tf:                   50
  nout:                 1

t = 0.0000, H(p,q) = -0.5000000000000000, L(p,q) = 0.8000000000000000
t = 50.0000, H(p,q)-H0 = -0.0000000000002238, L(p,q)-L0 = -0.0000000000000500
Current time                 = 50
Steps                        = 50001
Step attempts                = 50001
Stability limited steps      = 0
Accuracy limited steps       = 0
Error test fails             = 0
NLS step fails               = 0
Inequality constraint fails  = 0
Initial step size            = 0.001
Last step size               = 2.582822844487962e-11
Current step size            = 2.582822844487962e-11
Explicit RHS fn evals        = 400009
Implicit RHS fn evals        = 0
NLS iters                    = 0
NLS fails                    = 0
NLS iters per step           = 0
LS setups                    = 0

   Begin Kepler Problem

Problem Arguments:
  stepper:              0
  step mode:            0
  use compensated sums: 0
  dt:                   0.1
  Tf:                   50
  nout:                 1

t = 0.0000, H(p,q) = -0.5000000000000000, L(p,q) = 0.8000000000000000
t = 50.0000, H(p,q)-H0 = -0.0000053723049984, L(p,q)-L0 = 0.0000000000000000
Current time                 = 50
Steps                        = 500
Step attempts                = 500
Stability limited steps      = 0
Accuracy limited steps       = 0
Error test fails             = 0
NLS step fails               = 0
Inequality constraint fails  = 0
Initial step size            = 0.1
Last step size               = 0.0999999999995608
Current step size            = 0.0999999999995608
f1 RHS fn evals              = 2001
f2 RHS fn evals              = 2001


   Begin Kepler Problem

Problem Arguments:
  stepper:              0
  step mode:            0
  use compensated sums: 0
  dt:                   0.05
  Tf:                   50
  nout:                 1

t = 0.0000, H(p,q) = -0.5000000000000000, L(p,q) = 0.8000000000000000
t = 50.0000, H(p,q)-H0 = -0.0000002776461714, L(p,q)-L0 = -0.0000000000000049
Current time                 = 50
Steps                        = 1000
Step attempts                = 1000
Stability limited steps      = 0
Accuracy limited steps       = 0
Error test fails             = 0
NLS step fails               = 0
Inequality constraint fails  = 0
Initial step size            = 0.05
Last step size               = 0.05
Current step size            = 0.05
f1 RHS fn evals              = 4001
f2 RHS fn evals              = 4001


   Begin Kepler Problem

Problem Arguments:
  stepper:              0
  step mode:            0
  use compensated sums: 0
  dt:                   0.025
  Tf:                   50
  nout:                 1

t = 0.0000, H(p,q) = -0.5000000000000000, L(p,q) = 0.8000000000000000
t = 50.0000, H(p,q)-H0 = -0.0000000172503238, L(p,q)-L0 = 0.0000000000000007
Current time                 = 50
Steps                        = 2001
Step attempts                = 2001
Stability limited steps      = 0
Accuracy limited steps       = 0
Error test fails             = 0
NLS step fails               = 0
Inequality constraint fails  = 0
Initial step size            = 0.025
Last step size               = 1.769251412042648e-12
Current step size            = 1.769251412042648e-12
f1 RHS fn evals              = 8005
f2 RHS fn evals              = 8005


   Begin Kepler Problem

Problem Arguments:
  stepper:              0
  step mode:            0
  use compensated sums: 0
  dt:                   0.0125
  Tf:                   50
  nout:                 1

t = 0.0000, H(p,q) = -0.5000000000000000, L(p,q) = 0.8000000000000000
t = 50.0000, H(p,q)-H0 = -0.0000000010987309, L(p,q)-L0 = -0.0000000000000046
Current time                 = 50
Steps                        = 4000
Step attempts                = 4000
Stability limited steps      = 0
Accuracy limited steps       = 0
Error test fails             = 0
NLS step fails               = 0
Inequality constraint fails  = 0
Initial step size            = 0.0125
Last step size               = 0.01249999999719619
Current step size            = 0.01249999999719619
f1 RHS fn evals              = 16001
f2 RHS fn evals              = 16001


   Begin Kepler Problem

Problem Arguments:
  stepper:              0
  step mode:            0
  use compensated sums: 0
  dt:                   0.00625
  Tf:                   50
  nout:                 1

t = 0.0000, H(p,q) = -0.5000000000000000, L(p,q) = 0.8000000000000000
t = 50.0000, H(p,q)-H0 = -0.0000000000697067, L(p,q)-L0 = -0.0000000000000075
Current time                 = 50
Steps                        = 8000
Step attempts                = 8000
Stability limited steps      = 0
Accuracy limited steps       = 0
Error test fails             = 0
NLS step fails               = 0
Inequality constraint fails  = 0
Initial step size            = 0.00625
Last step size               = 0.006249999992917305
Current step size            = 0.006249999992917305
f1 RHS fn evals              = 32001
f2 RHS fn evals              = 32001


   Begin Kepler Problem

Problem Arguments:
  stepper:              0
  step mode:            0
  use compensated sums: 0
  dt:                   0.003125
  Tf:                   50
  nout:                 1

t = 0.0000, H(p,q) = -0.5000000000000000, L(p,q) = 0.8000000000000000
t = 50.0000, H(p,q)-H0 = -0.0000000000044091, L(p,q)-L0 = -0.0000000000000122
Current time                 = 50
Steps                        = 16001
Step attempts                = 16001
Stability limited steps      = 0
Accuracy limited steps       = 0
Error test fails             = 0
NLS step fails               = 0
Inequality constraint fails  = 0
Initial step size            = 0.003125
Last step size               = 1.124078607972478e-11
Current step size            = 1.124078607972478e-11
f1 RHS fn evals              = 64005
f2 RHS fn evals              = 64005


   Begin Kepler Problem

Problem Arguments:
  stepper:              0
  step mode:            0
  use compensated sums: 0
  dt:                   0.0015625
  Tf:                   50
  nout:                 1

t = 0.0000, H(p,q) = -0.5000000000000000, L(p,q) = 0.8000000000000000
t = 50.0000, H(p,q)-H0 = -0.0000000000002849, L(p,q)-L0 = 0.0000000000000119
Current time                 = 50
Steps                        = 32001
Step attempts                = 32001
Stability limited steps      = 0
Accuracy limited steps       = 0
Error test fails             = 0
NLS step fails               = 0
Inequality constraint fails  = 0
Initial step size            = 0.0015625
Last step size               = 2.835776058418557e-11
Current step size            = 2.835776058418557e-11
f1 RHS fn evals              = 128005
f2 RHS fn evals              = 128005


   Begin Kepler Problem

Problem Arguments:
  stepper:              0
  step mode:            0
  use compensated sums: 0
  dt:                   0.00078125
  Tf:                   50
  nout:                 1

t = 0.0000, H(p,q) = -0.5000000000000000, L(p,q) = 0.8000000000000000
t = 50.0000, H(p,q)-H0 = -0.0000000000000451, L(p,q)-L0 = -0.0000000000000351
Current time                 = 50
Steps                        = 64000
Step attempts                = 64000
Stability limited steps      = 0
Accuracy limited steps       = 0
Error test fails             = 0
NLS step fails               = 0
Inequality constraint fails  = 0
Initial step size            = 0.00078125
Last step size               = 0.0007812499550681189
Current step size            = 0.0007812499550681189
f1 RHS fn evals              = 256001
f2 RHS fn evals              = 256001

Order of accuracy wrt solution:    expected = 4, max = 3.9974,  avg = 3.5943,  overall = 3.7564
Order of accuracy wrt Hamiltonian: expected = 4, max = 4.2742,  avg = 3.8327,  overall = 3.8935
