Initial condition:
1.0000000000000000e+00
1.0000000000000000e+00

Forward Solution:
1.0263447675712871e+00
9.0969107814004269e-01

ARKODE Stats for Forward Solution:
Current time                 = 10.0009999999999
Steps                        = 10001
Step attempts                = 10001
Stability limited steps      = 0
Accuracy limited steps       = 0
Error test fails             = 0
NLS step fails               = 0
Inequality constraint fails  = 0
Initial step size            = 0.001
Last step size               = 0.001
Current step size            = 0.001
Explicit RHS fn evals        = 50006
Implicit RHS fn evals        = 0
NLS iters                    = 0
NLS fails                    = 0
NLS iters per step           = 0
LS setups                    = 0

Adjoint terminal condition:
1.9360358457113298e+00
1.9360358457113298e+00

0.0000000000000000e+00
0.0000000000000000e+00
0.0000000000000000e+00
0.0000000000000000e+00

Adjoint Solution:
-1.4926513048964769e+00
7.5866467767938539e-01

-7.7848751398398628e+00
-1.0490727707562078e+00
-2.1661090848372893e+00
-3.5256325524648946e+00


SUNAdjointStepper Stats:
Num backwards steps    = 10001
Num recompute passes   = 0
v-times-Jac evals      = 50005
v-times-Jacp evals     = 50005

