
Conserved Exponential Entropy problem:
   method     = ERK
   relaxation = ON
   fixed h    = 0.1
   steps      = 100

        t              u              v              e            delta e
   ------------------------------------------------------------------------
   0.000000e+00   1.000000e+00   5.000000e-01   4.367003e+00   0.000000e+00
   9.999382e-02   8.121005e-01   7.487561e-01   4.367003e+00   0.000000e+00
   1.999992e-01   5.769249e-01   9.502857e-01   4.367003e+00   0.000000e+00
   3.000146e-01   2.959876e-01   1.106101e+00   4.367003e+00   0.000000e+00
   4.000353e-01  -2.543835e-02   1.221455e+00   4.367003e+00  -8.881784e-16
   5.000560e-01  -3.799263e-01   1.303752e+00   4.367003e+00  -1.776357e-15
   6.000730e-01  -7.596828e-01   1.360768e+00   4.367003e+00  -1.776357e-15
   7.000851e-01  -1.157790e+00   1.399414e+00   4.367003e+00  -8.881784e-16
   8.000923e-01  -1.568735e+00   1.425201e+00   4.367003e+00  -8.881784e-16
   9.000955e-01  -1.988427e+00   1.442224e+00   4.367003e+00  -1.776357e-15
   1.000096e+00  -2.413974e+00   1.453379e+00   4.367003e+00   0.000000e+00
   1.100094e+00  -2.843391e+00   1.460654e+00   4.367003e+00  -1.776357e-15
   1.200091e+00  -3.275348e+00   1.465383e+00   4.367003e+00  -1.776357e-15
   1.300086e+00  -3.708962e+00   1.468450e+00   4.367003e+00  -1.776357e-15
   1.400081e+00  -4.143654e+00   1.470437e+00   4.367003e+00  -2.664535e-15
   1.500076e+00  -4.579044e+00   1.471724e+00   4.367003e+00  -2.664535e-15
   1.600070e+00  -5.014888e+00   1.472556e+00   4.367003e+00  -3.552714e-15
   1.700064e+00  -5.451025e+00   1.473094e+00   4.367003e+00  -4.440892e-15
   1.800058e+00  -5.887351e+00   1.473441e+00   4.367003e+00  -5.329071e-15
   1.900052e+00  -6.323800e+00   1.473666e+00   4.367003e+00  -5.329071e-15
   2.000046e+00  -6.760328e+00   1.473812e+00   4.367003e+00  -4.440892e-15
   2.100040e+00  -7.196908e+00   1.473905e+00   4.367003e+00  -3.552714e-15
   2.200034e+00  -7.633521e+00   1.473966e+00   4.367003e+00  -2.664535e-15
   2.300028e+00  -8.070155e+00   1.474005e+00   4.367003e+00  -8.881784e-16
   2.400021e+00  -8.506803e+00   1.474031e+00   4.367003e+00  -1.776357e-15
   2.500015e+00  -8.943460e+00   1.474047e+00   4.367003e+00  -2.664535e-15
   2.600009e+00  -9.380122e+00   1.474058e+00   4.367003e+00  -1.776357e-15
   2.700003e+00  -9.816789e+00   1.474064e+00   4.367003e+00   0.000000e+00
   2.799997e+00  -1.025346e+01   1.474069e+00   4.367003e+00   8.881784e-16
   2.899990e+00  -1.069013e+01   1.474072e+00   4.367003e+00   8.881784e-15
   2.999984e+00  -1.112680e+01   1.474074e+00   4.367003e+00   1.509903e-14
   3.099978e+00  -1.156347e+01   1.474075e+00   4.367003e+00   1.865175e-14
   3.199972e+00  -1.200014e+01   1.474076e+00   4.367003e+00   2.131628e-14
   3.299966e+00  -1.243682e+01   1.474076e+00   4.367003e+00   2.309264e-14
   3.399959e+00  -1.287349e+01   1.474076e+00   4.367003e+00   2.220446e-14
   3.499953e+00  -1.331016e+01   1.474077e+00   4.367003e+00   2.309264e-14
   3.599947e+00  -1.374684e+01   1.474077e+00   4.367003e+00   2.486900e-14
   3.699941e+00  -1.418351e+01   1.474077e+00   4.367003e+00   2.486900e-14
   3.799935e+00  -1.462018e+01   1.474077e+00   4.367003e+00   2.486900e-14
   3.899928e+00  -1.505686e+01   1.474077e+00   4.367003e+00   2.486900e-14
   3.999922e+00  -1.549353e+01   1.474077e+00   4.367003e+00   2.486900e-14
   4.099916e+00  -1.593020e+01   1.474077e+00   4.367003e+00   2.398082e-14
   4.199910e+00  -1.636688e+01   1.474077e+00   4.367003e+00   2.575717e-14
   4.299904e+00  -1.680355e+01   1.474077e+00   4.367003e+00   2.486900e-14
   4.399898e+00  -1.724022e+01   1.474077e+00   4.367003e+00   2.486900e-14
   4.499891e+00  -1.767689e+01   1.474077e+00   4.367003e+00   2.309264e-14
   4.599885e+00  -1.811357e+01   1.474077e+00   4.367003e+00   2.398082e-14
   4.699879e+00  -1.855024e+01   1.474077e+00   4.367003e+00   2.398082e-14
   4.799873e+00  -1.898691e+01   1.474077e+00   4.367003e+00   2.486900e-14
   4.899866e+00  -1.942359e+01   1.474077e+00   4.367003e+00   2.398082e-14
   4.999860e+00  -1.986026e+01   1.474077e+00   4.367003e+00   2.309264e-14
   5.099854e+00  -2.029693e+01   1.474077e+00   4.367003e+00   2.220446e-14
   5.199854e+00  -2.073363e+01   1.474077e+00   4.367003e+00   3.019807e-14
   5.299854e+00  -2.117033e+01   1.474077e+00   4.367003e+00   3.463896e-14
   5.399854e+00  -2.160703e+01   1.474077e+00   4.367003e+00   3.907985e-14
   5.499854e+00  -2.204373e+01   1.474077e+00   4.367003e+00   4.174439e-14
   5.599854e+00  -2.248043e+01   1.474077e+00   4.367003e+00   4.352074e-14
   5.699854e+00  -2.291713e+01   1.474077e+00   4.367003e+00   4.352074e-14
   5.799854e+00  -2.335383e+01   1.474077e+00   4.367003e+00   4.352074e-14
   5.899854e+00  -2.379053e+01   1.474077e+00   4.367003e+00   4.352074e-14
   5.999854e+00  -2.422723e+01   1.474077e+00   4.367003e+00   4.440892e-14
   6.099854e+00  -2.466394e+01   1.474077e+00   4.367003e+00   4.529710e-14
   6.199854e+00  -2.510064e+01   1.474077e+00   4.367003e+00   4.529710e-14
   6.299854e+00  -2.553734e+01   1.474077e+00   4.367003e+00   4.440892e-14
   6.399854e+00  -2.597404e+01   1.474077e+00   4.367003e+00   4.529710e-14
   6.499854e+00  -2.641074e+01   1.474077e+00   4.367003e+00   4.529710e-14
   6.599854e+00  -2.684744e+01   1.474077e+00   4.367003e+00   4.529710e-14
   6.699854e+00  -2.728414e+01   1.474077e+00   4.367003e+00   4.440892e-14
   6.799854e+00  -2.772084e+01   1.474077e+00   4.367003e+00   4.440892e-14
   6.899854e+00  -2.815754e+01   1.474077e+00   4.367003e+00   4.440892e-14
   6.999854e+00  -2.859424e+01   1.474077e+00   4.367003e+00   4.440892e-14
   7.099854e+00  -2.903094e+01   1.474077e+00   4.367003e+00   4.529710e-14
   7.199854e+00  -2.946764e+01   1.474077e+00   4.367003e+00   4.529710e-14
   7.299854e+00  -2.990434e+01   1.474077e+00   4.367003e+00   4.529710e-14
   7.399854e+00  -3.034104e+01   1.474077e+00   4.367003e+00   4.529710e-14
   7.499854e+00  -3.077774e+01   1.474077e+00   4.367003e+00   4.440892e-14
   7.599854e+00  -3.121444e+01   1.474077e+00   4.367003e+00   4.352074e-14
   7.699854e+00  -3.165114e+01   1.474077e+00   4.367003e+00   4.263256e-14
   7.799854e+00  -3.208784e+01   1.474077e+00   4.367003e+00   4.263256e-14
   7.899854e+00  -3.252454e+01   1.474077e+00   4.367003e+00   4.174439e-14
   7.999854e+00  -3.296124e+01   1.474077e+00   4.367003e+00   4.174439e-14
   8.099854e+00  -3.339794e+01   1.474077e+00   4.367003e+00   4.263256e-14
   8.199854e+00  -3.383464e+01   1.474077e+00   4.367003e+00   4.085621e-14
   8.299854e+00  -3.427134e+01   1.474077e+00   4.367003e+00   3.996803e-14
   8.399854e+00  -3.470804e+01   1.474077e+00   4.367003e+00   3.996803e-14
   8.499854e+00  -3.514474e+01   1.474077e+00   4.367003e+00   3.996803e-14
   8.599854e+00  -3.558144e+01   1.474077e+00   4.367003e+00   3.907985e-14
   8.699854e+00  -3.601814e+01   1.474077e+00   4.367003e+00   3.907985e-14
   8.799854e+00  -3.645484e+01   1.474077e+00   4.367003e+00   3.907985e-14
   8.899854e+00  -3.689154e+01   1.474077e+00   4.367003e+00   3.907985e-14
   8.999854e+00  -3.732824e+01   1.474077e+00   4.367003e+00   3.907985e-14
   9.099854e+00  -3.776494e+01   1.474077e+00   4.367003e+00   3.907985e-14
   9.199854e+00  -3.820164e+01   1.474077e+00   4.367003e+00   3.907985e-14
   9.299854e+00  -3.863835e+01   1.474077e+00   4.367003e+00   3.907985e-14
   9.399854e+00  -3.907505e+01   1.474077e+00   4.367003e+00   3.907985e-14
   9.499854e+00  -3.951175e+01   1.474077e+00   4.367003e+00   3.907985e-14
   9.599854e+00  -3.994845e+01   1.474077e+00   4.367003e+00   3.907985e-14
   9.699854e+00  -4.038515e+01   1.474077e+00   4.367003e+00   3.907985e-14
   9.799854e+00  -4.082185e+01   1.474077e+00   4.367003e+00   3.907985e-14
   9.899854e+00  -4.125855e+01   1.474077e+00   4.367003e+00   3.907985e-14
   9.999854e+00  -4.169525e+01   1.474077e+00   4.367003e+00   3.907985e-14
   ------------------------------------------------------------------------

Final Solver Statistics:
   Internal solver steps = 100 (attempted = 100)
   Total number of error test failures = 0
   Total RHS evals:  Fe = 401,  Fi = 0
   Total Relaxation Fn evals  = 100
   Total Relaxation Jac evals = 400
   Total Relaxation iters     = 79
   Total Relaxation fails     = 0

