
   Begin Kepler Problem

Problem Arguments:
  stepper:              0
  step mode:            0
  use compensated sums: 1
  dt:                   0.01
  Tf:                   100
  nout:                 1000

t = 0.0000, H(p,q) = -0.5000000000000000, L(p,q) = 0.8000000000000000
t = 0.1000, H(p,q)-H0 = -0.0000000018824737, L(p,q)-L0 = 0.0000000000000000
t = 0.2000, H(p,q)-H0 = -0.0000000017446897, L(p,q)-L0 = 0.0000000000000000
t = 0.3000, H(p,q)-H0 = 0.0000000001300120, L(p,q)-L0 = -0.0000000000000001
t = 0.4000, H(p,q)-H0 = 0.0000000012995796, L(p,q)-L0 = 0.0000000000000000
t = 0.5000, H(p,q)-H0 = 0.0000000018082987, L(p,q)-L0 = -0.0000000000000001
t = 0.6000, H(p,q)-H0 = 0.0000000020168753, L(p,q)-L0 = 0.0000000000000001
t = 0.7000, H(p,q)-H0 = 0.0000000021055039, L(p,q)-L0 = 0.0000000000000000
t = 0.8000, H(p,q)-H0 = 0.0000000021456816, L(p,q)-L0 = 0.0000000000000000
t = 0.9000, H(p,q)-H0 = 0.0000000021652163, L(p,q)-L0 = 0.0000000000000001
t = 1.0000, H(p,q)-H0 = 0.0000000021753693, L(p,q)-L0 = 0.0000000000000000
ROOT RETURN:	t = 1.0305 g[0] =  -1, y[0] = -0.658624, y[1] = 0.798624
t = 1.0305, H(p,q)-H0 = 0.0000000021770669, L(p,q)-L0 = -0.0000000000004670
t = 1.1000, H(p,q)-H0 = 0.0000000021809765, L(p,q)-L0 = -0.0000000000000001
t = 1.2000, H(p,q)-H0 = 0.0000000021842454, L(p,q)-L0 = 0.0000000000000000
t = 1.3000, H(p,q)-H0 = 0.0000000021862439, L(p,q)-L0 = 0.0000000000000001
t = 1.4000, H(p,q)-H0 = 0.0000000021875181, L(p,q)-L0 = 0.0000000000000000
t = 1.5000, H(p,q)-H0 = 0.0000000021883610, L(p,q)-L0 = 0.0000000000000000
t = 1.6000, H(p,q)-H0 = 0.0000000021889367, L(p,q)-L0 = 0.0000000000000000
t = 1.7000, H(p,q)-H0 = 0.0000000021893412, L(p,q)-L0 = 0.0000000000000000
t = 1.8000, H(p,q)-H0 = 0.0000000021896323, L(p,q)-L0 = 0.0000000000000000
t = 1.9000, H(p,q)-H0 = 0.0000000021898465, L(p,q)-L0 = 0.0000000000000000
t = 2.0000, H(p,q)-H0 = 0.0000000021900070, L(p,q)-L0 = 0.0000000000000000
t = 2.1000, H(p,q)-H0 = 0.0000000021901287, L(p,q)-L0 = 0.0000000000000000
t = 2.2000, H(p,q)-H0 = 0.0000000021902227, L(p,q)-L0 = 0.0000000000000000
t = 2.3000, H(p,q)-H0 = 0.0000000021902956, L(p,q)-L0 = 0.0000000000000000
t = 2.4000, H(p,q)-H0 = 0.0000000021903526, L(p,q)-L0 = 0.0000000000000000
t = 2.5000, H(p,q)-H0 = 0.0000000021903970, L(p,q)-L0 = 0.0000000000000000
t = 2.6000, H(p,q)-H0 = 0.0000000021904316, L(p,q)-L0 = 0.0000000000000000
t = 2.7000, H(p,q)-H0 = 0.0000000021904581, L(p,q)-L0 = 0.0000000000000000
t = 2.8000, H(p,q)-H0 = 0.0000000021904781, L(p,q)-L0 = 0.0000000000000000
t = 2.9000, H(p,q)-H0 = 0.0000000021904921, L(p,q)-L0 = 0.0000000000000000
t = 3.0000, H(p,q)-H0 = 0.0000000021905011, L(p,q)-L0 = 0.0000000000000000
t = 3.1000, H(p,q)-H0 = 0.0000000021905053, L(p,q)-L0 = 0.0000000000000001
t = 3.2000, H(p,q)-H0 = 0.0000000021905047, L(p,q)-L0 = 0.0000000000000000
t = 3.3000, H(p,q)-H0 = 0.0000000021904998, L(p,q)-L0 = 0.0000000000000001
t = 3.4000, H(p,q)-H0 = 0.0000000021904899, L(p,q)-L0 = 0.0000000000000000
t = 3.5000, H(p,q)-H0 = 0.0000000021904749, L(p,q)-L0 = 0.0000000000000000
t = 3.6000, H(p,q)-H0 = 0.0000000021904538, L(p,q)-L0 = 0.0000000000000000
t = 3.7000, H(p,q)-H0 = 0.0000000021904260, L(p,q)-L0 = 0.0000000000000000
t = 3.8000, H(p,q)-H0 = 0.0000000021903896, L(p,q)-L0 = 0.0000000000000000
t = 3.9000, H(p,q)-H0 = 0.0000000021903431, L(p,q)-L0 = 0.0000000000000001
t = 4.0000, H(p,q)-H0 = 0.0000000021902835, L(p,q)-L0 = 0.0000000000000000
t = 4.1000, H(p,q)-H0 = 0.0000000021902072, L(p,q)-L0 = 0.0000000000000000
t = 4.2000, H(p,q)-H0 = 0.0000000021901089, L(p,q)-L0 = 0.0000000000000000
t = 4.3000, H(p,q)-H0 = 0.0000000021899808, L(p,q)-L0 = 0.0000000000000001
t = 4.4000, H(p,q)-H0 = 0.0000000021898117, L(p,q)-L0 = 0.0000000000000000
t = 4.5000, H(p,q)-H0 = 0.0000000021895855, L(p,q)-L0 = 0.0000000000000000
t = 4.6000, H(p,q)-H0 = 0.0000000021892765, L(p,q)-L0 = 0.0000000000000000
t = 4.7000, H(p,q)-H0 = 0.0000000021888458, L(p,q)-L0 = 0.0000000000000000
t = 4.8000, H(p,q)-H0 = 0.0000000021882303, L(p,q)-L0 = 0.0000000000000000
t = 4.9000, H(p,q)-H0 = 0.0000000021873244, L(p,q)-L0 = 0.0000000000000000
t = 5.0000, H(p,q)-H0 = 0.0000000021859471, L(p,q)-L0 = 0.0000000000000000
t = 5.1000, H(p,q)-H0 = 0.0000000021837736, L(p,q)-L0 = 0.0000000000000000
t = 5.2000, H(p,q)-H0 = 0.0000000021801940, L(p,q)-L0 = 0.0000000000000000
t = 5.3000, H(p,q)-H0 = 0.0000000021740070, L(p,q)-L0 = 0.0000000000000000
t = 5.4000, H(p,q)-H0 = 0.0000000021627109, L(p,q)-L0 = 0.0000000000000000
t = 5.5000, H(p,q)-H0 = 0.0000000021407837, L(p,q)-L0 = 0.0000000000000001
t = 5.6000, H(p,q)-H0 = 0.0000000020952696, L(p,q)-L0 = 0.0000000000000001
t = 5.7000, H(p,q)-H0 = 0.0000000019940064, L(p,q)-L0 = 0.0000000000000001
t = 5.8000, H(p,q)-H0 = 0.0000000017543399, L(p,q)-L0 = -0.0000000000000001
t = 5.9000, H(p,q)-H0 = 0.0000000011716927, L(p,q)-L0 = 0.0000000000000000
t = 6.0000, H(p,q)-H0 = -0.0000000001292899, L(p,q)-L0 = 0.0000000000000000
t = 6.1000, H(p,q)-H0 = -0.0000000019832624, L(p,q)-L0 = 0.0000000000000000
ROOT RETURN:	t = 6.1690 g[0] =   1, y[0] = 0.361063, y[1] = -0.221063
t = 6.1690, H(p,q)-H0 = 0.0000000071529043, L(p,q)-L0 = 0.0000000018309229
t = 6.2000, H(p,q)-H0 = -0.0000000015692070, L(p,q)-L0 = 0.0000000000000000
t = 6.3000, H(p,q)-H0 = -0.0000000000785478, L(p,q)-L0 = 0.0000000000000000
t = 6.4000, H(p,q)-H0 = -0.0000000021444517, L(p,q)-L0 = 0.0000000000000000
t = 6.5000, H(p,q)-H0 = -0.0000000014380208, L(p,q)-L0 = 0.0000000000000000
t = 6.6000, H(p,q)-H0 = 0.0000000003899581, L(p,q)-L0 = 0.0000000000000001
t = 6.7000, H(p,q)-H0 = 0.0000000014194270, L(p,q)-L0 = 0.0000000000000001
t = 6.8000, H(p,q)-H0 = 0.0000000018574055, L(p,q)-L0 = 0.0000000000000000
t = 6.9000, H(p,q)-H0 = 0.0000000020373460, L(p,q)-L0 = -0.0000000000000001
t = 7.0000, H(p,q)-H0 = 0.0000000021145606, L(p,q)-L0 = 0.0000000000000001
t = 7.1000, H(p,q)-H0 = 0.0000000021499772, L(p,q)-L0 = 0.0000000000000000
t = 7.2000, H(p,q)-H0 = 0.0000000021673975, L(p,q)-L0 = 0.0000000000000000
t = 7.3000, H(p,q)-H0 = 0.0000000021765487, L(p,q)-L0 = 0.0000000000000000
ROOT RETURN:	t = 7.3137 g[0] =  -1, y[0] = -0.658624, y[1] = 0.798624
t = 7.3137, H(p,q)-H0 = 0.0000000021741299, L(p,q)-L0 = -0.0000000000042727
t = 7.4000, H(p,q)-H0 = 0.0000000021816513, L(p,q)-L0 = 0.0000000000000000
t = 7.5000, H(p,q)-H0 = 0.0000000021846508, L(p,q)-L0 = 0.0000000000000000
t = 7.6000, H(p,q)-H0 = 0.0000000021864986, L(p,q)-L0 = 0.0000000000000000
t = 7.7000, H(p,q)-H0 = 0.0000000021876844, L(p,q)-L0 = 0.0000000000000000
t = 7.8000, H(p,q)-H0 = 0.0000000021884732, L(p,q)-L0 = 0.0000000000000000
t = 7.9000, H(p,q)-H0 = 0.0000000021890147, L(p,q)-L0 = 0.0000000000000000
t = 8.0000, H(p,q)-H0 = 0.0000000021893968, L(p,q)-L0 = 0.0000000000000000
t = 8.1000, H(p,q)-H0 = 0.0000000021896730, L(p,q)-L0 = 0.0000000000000000
t = 8.2000, H(p,q)-H0 = 0.0000000021898767, L(p,q)-L0 = 0.0000000000000000
t = 8.3000, H(p,q)-H0 = 0.0000000021900298, L(p,q)-L0 = 0.0000000000000000
t = 8.4000, H(p,q)-H0 = 0.0000000021901463, L(p,q)-L0 = 0.0000000000000000
t = 8.5000, H(p,q)-H0 = 0.0000000021902362, L(p,q)-L0 = 0.0000000000000000
t = 8.6000, H(p,q)-H0 = 0.0000000021903061, L(p,q)-L0 = 0.0000000000000001
t = 8.7000, H(p,q)-H0 = 0.0000000021903608, L(p,q)-L0 = 0.0000000000000000
t = 8.8000, H(p,q)-H0 = 0.0000000021904033, L(p,q)-L0 = 0.0000000000000000
t = 8.9000, H(p,q)-H0 = 0.0000000021904367, L(p,q)-L0 = 0.0000000000000000
t = 9.0000, H(p,q)-H0 = 0.0000000021904620, L(p,q)-L0 = -0.0000000000000001
t = 9.1000, H(p,q)-H0 = 0.0000000021904808, L(p,q)-L0 = 0.0000000000000001
t = 9.2000, H(p,q)-H0 = 0.0000000021904940, L(p,q)-L0 = 0.0000000000000000
t = 9.3000, H(p,q)-H0 = 0.0000000021905020, L(p,q)-L0 = 0.0000000000000000
t = 9.4000, H(p,q)-H0 = 0.0000000021905055, L(p,q)-L0 = 0.0000000000000000
t = 9.5000, H(p,q)-H0 = 0.0000000021905043, L(p,q)-L0 = 0.0000000000000001
t = 9.6000, H(p,q)-H0 = 0.0000000021904984, L(p,q)-L0 = 0.0000000000000000
t = 9.7000, H(p,q)-H0 = 0.0000000021904878, L(p,q)-L0 = 0.0000000000000000
t = 9.8000, H(p,q)-H0 = 0.0000000021904717, L(p,q)-L0 = 0.0000000000000000
t = 9.9000, H(p,q)-H0 = 0.0000000021904497, L(p,q)-L0 = 0.0000000000000000
t = 10.0000, H(p,q)-H0 = 0.0000000021904205, L(p,q)-L0 = 0.0000000000000000
t = 10.1000, H(p,q)-H0 = 0.0000000021903827, L(p,q)-L0 = 0.0000000000000000
t = 10.2000, H(p,q)-H0 = 0.0000000021903341, L(p,q)-L0 = 0.0000000000000000
t = 10.3000, H(p,q)-H0 = 0.0000000021902720, L(p,q)-L0 = 0.0000000000000000
t = 10.4000, H(p,q)-H0 = 0.0000000021901924, L(p,q)-L0 = 0.0000000000000000
t = 10.5000, H(p,q)-H0 = 0.0000000021900896, L(p,q)-L0 = 0.0000000000000000
t = 10.6000, H(p,q)-H0 = 0.0000000021899554, L(p,q)-L0 = 0.0000000000000000
t = 10.7000, H(p,q)-H0 = 0.0000000021897782, L(p,q)-L0 = 0.0000000000000000
t = 10.8000, H(p,q)-H0 = 0.0000000021895400, L(p,q)-L0 = 0.0000000000000000
t = 10.9000, H(p,q)-H0 = 0.0000000021892140, L(p,q)-L0 = 0.0000000000000000
t = 11.0000, H(p,q)-H0 = 0.0000000021887575, L(p,q)-L0 = 0.0000000000000000
t = 11.1000, H(p,q)-H0 = 0.0000000021881021, L(p,q)-L0 = 0.0000000000000000
t = 11.2000, H(p,q)-H0 = 0.0000000021871323, L(p,q)-L0 = 0.0000000000000000
t = 11.3000, H(p,q)-H0 = 0.0000000021856494, L(p,q)-L0 = 0.0000000000000000
t = 11.4000, H(p,q)-H0 = 0.0000000021832930, L(p,q)-L0 = 0.0000000000000000
t = 11.5000, H(p,q)-H0 = 0.0000000021793823, L(p,q)-L0 = 0.0000000000000000
t = 11.6000, H(p,q)-H0 = 0.0000000021725635, L(p,q)-L0 = 0.0000000000000000
t = 11.7000, H(p,q)-H0 = 0.0000000021599907, L(p,q)-L0 = -0.0000000000000001
t = 11.8000, H(p,q)-H0 = 0.0000000021353180, L(p,q)-L0 = 0.0000000000000000
t = 11.9000, H(p,q)-H0 = 0.0000000020835041, L(p,q)-L0 = 0.0000000000000001
t = 12.0000, H(p,q)-H0 = 0.0000000019669062, L(p,q)-L0 = 0.0000000000000000
t = 12.1000, H(p,q)-H0 = 0.0000000016886883, L(p,q)-L0 = -0.0000000000000001
t = 12.2000, H(p,q)-H0 = 0.0000000010143810, L(p,q)-L0 = 0.0000000000000001
t = 12.3000, H(p,q)-H0 = -0.0000000004357776, L(p,q)-L0 = 0.0000000000000000
t = 12.4000, H(p,q)-H0 = -0.0000000021842266, L(p,q)-L0 = 0.0000000000000000
ROOT RETURN:	t = 12.4522 g[0] =   1, y[0] = 0.361063, y[1] = -0.221063
t = 12.4522, H(p,q)-H0 = 0.0000000036282661, L(p,q)-L0 = 0.0000000010789349
t = 12.5000, H(p,q)-H0 = -0.0000000011492796, L(p,q)-L0 = 0.0000000000000000
t = 12.6000, H(p,q)-H0 = -0.0000000003226033, L(p,q)-L0 = 0.0000000000000000
t = 12.7000, H(p,q)-H0 = -0.0000000022824618, L(p,q)-L0 = 0.0000000000000000
t = 12.8000, H(p,q)-H0 = -0.0000000011085795, L(p,q)-L0 = 0.0000000000000000
t = 12.9000, H(p,q)-H0 = 0.0000000006228640, L(p,q)-L0 = 0.0000000000000000
t = 13.0000, H(p,q)-H0 = 0.0000000015228456, L(p,q)-L0 = 0.0000000000000000
t = 13.1000, H(p,q)-H0 = 0.0000000018996662, L(p,q)-L0 = -0.0000000000000001
t = 13.2000, H(p,q)-H0 = 0.0000000020551111, L(p,q)-L0 = 0.0000000000000000
t = 13.3000, H(p,q)-H0 = 0.0000000021225102, L(p,q)-L0 = 0.0000000000000000
t = 13.4000, H(p,q)-H0 = 0.0000000021537927, L(p,q)-L0 = 0.0000000000000001
t = 13.5000, H(p,q)-H0 = 0.0000000021693561, L(p,q)-L0 = 0.0000000000000000
ROOT RETURN:	t = 13.5969 g[0] =  -1, y[0] = -0.658624, y[1] = 0.798624
t = 13.5969, H(p,q)-H0 = 0.0000000021723138, L(p,q)-L0 = -0.0000000000066076
t = 13.6000, H(p,q)-H0 = 0.0000000021776183, L(p,q)-L0 = 0.0000000000000000
t = 13.7000, H(p,q)-H0 = 0.0000000021822684, L(p,q)-L0 = 0.0000000000000000
t = 13.8000, H(p,q)-H0 = 0.0000000021850247, L(p,q)-L0 = -0.0000000000000001
t = 13.9000, H(p,q)-H0 = 0.0000000021867351, L(p,q)-L0 = 0.0000000000000000
t = 14.0000, H(p,q)-H0 = 0.0000000021878396, L(p,q)-L0 = 0.0000000000000000
t = 14.1000, H(p,q)-H0 = 0.0000000021885787, L(p,q)-L0 = 0.0000000000000000
t = 14.2000, H(p,q)-H0 = 0.0000000021890884, L(p,q)-L0 = 0.0000000000000000
t = 14.3000, H(p,q)-H0 = 0.0000000021894495, L(p,q)-L0 = 0.0000000000000000
t = 14.4000, H(p,q)-H0 = 0.0000000021897117, L(p,q)-L0 = 0.0000000000000000
t = 14.5000, H(p,q)-H0 = 0.0000000021899056, L(p,q)-L0 = 0.0000000000000000
t = 14.6000, H(p,q)-H0 = 0.0000000021900515, L(p,q)-L0 = 0.0000000000000000
t = 14.7000, H(p,q)-H0 = 0.0000000021901632, L(p,q)-L0 = 0.0000000000000000
t = 14.8000, H(p,q)-H0 = 0.0000000021902492, L(p,q)-L0 = -0.0000000000000001
t = 14.9000, H(p,q)-H0 = 0.0000000021903163, L(p,q)-L0 = 0.0000000000000000
t = 15.0000, H(p,q)-H0 = 0.0000000021903688, L(p,q)-L0 = 0.0000000000000000
t = 15.1000, H(p,q)-H0 = 0.0000000021904096, L(p,q)-L0 = 0.0000000000000000
t = 15.2000, H(p,q)-H0 = 0.0000000021904414, L(p,q)-L0 = 0.0000000000000001
t = 15.3000, H(p,q)-H0 = 0.0000000021904656, L(p,q)-L0 = 0.0000000000000000
t = 15.4000, H(p,q)-H0 = 0.0000000021904834, L(p,q)-L0 = 0.0000000000000000
t = 15.5000, H(p,q)-H0 = 0.0000000021904957, L(p,q)-L0 = 0.0000000000000000
t = 15.6000, H(p,q)-H0 = 0.0000000021905031, L(p,q)-L0 = 0.0000000000000000
t = 15.7000, H(p,q)-H0 = 0.0000000021905056, L(p,q)-L0 = -0.0000000000000001
t = 15.8000, H(p,q)-H0 = 0.0000000021905038, L(p,q)-L0 = 0.0000000000000001
t = 15.9000, H(p,q)-H0 = 0.0000000021904970, L(p,q)-L0 = 0.0000000000000000
t = 16.0000, H(p,q)-H0 = 0.0000000021904856, L(p,q)-L0 = 0.0000000000000001
t = 16.1000, H(p,q)-H0 = 0.0000000021904686, L(p,q)-L0 = -0.0000000000000001
t = 16.2000, H(p,q)-H0 = 0.0000000021904453, L(p,q)-L0 = 0.0000000000000000
t = 16.3000, H(p,q)-H0 = 0.0000000021904149, L(p,q)-L0 = 0.0000000000000001
t = 16.4000, H(p,q)-H0 = 0.0000000021903752, L(p,q)-L0 = 0.0000000000000000
t = 16.5000, H(p,q)-H0 = 0.0000000021903246, L(p,q)-L0 = 0.0000000000000000
t = 16.6000, H(p,q)-H0 = 0.0000000021902601, L(p,q)-L0 = 0.0000000000000000
t = 16.7000, H(p,q)-H0 = 0.0000000021901770, L(p,q)-L0 = 0.0000000000000000
t = 16.8000, H(p,q)-H0 = 0.0000000021900695, L(p,q)-L0 = 0.0000000000000000
t = 16.9000, H(p,q)-H0 = 0.0000000021899291, L(p,q)-L0 = 0.0000000000000000
t = 17.0000, H(p,q)-H0 = 0.0000000021897431, L(p,q)-L0 = 0.0000000000000000
t = 17.1000, H(p,q)-H0 = 0.0000000021894925, L(p,q)-L0 = 0.0000000000000000
t = 17.2000, H(p,q)-H0 = 0.0000000021891479, L(p,q)-L0 = 0.0000000000000000
t = 17.3000, H(p,q)-H0 = 0.0000000021886638, L(p,q)-L0 = 0.0000000000000000
t = 17.4000, H(p,q)-H0 = 0.0000000021879651, L(p,q)-L0 = 0.0000000000000000
t = 17.5000, H(p,q)-H0 = 0.0000000021869262, L(p,q)-L0 = 0.0000000000000000
t = 17.6000, H(p,q)-H0 = 0.0000000021853275, L(p,q)-L0 = 0.0000000000000000
t = 17.7000, H(p,q)-H0 = 0.0000000021827699, L(p,q)-L0 = -0.0000000000000001
t = 17.8000, H(p,q)-H0 = 0.0000000021784917, L(p,q)-L0 = 0.0000000000000001
t = 17.9000, H(p,q)-H0 = 0.0000000021709649, L(p,q)-L0 = 0.0000000000000001
t = 18.0000, H(p,q)-H0 = 0.0000000021569465, L(p,q)-L0 = 0.0000000000000001
t = 18.1000, H(p,q)-H0 = 0.0000000021291303, L(p,q)-L0 = -0.0000000000000001
t = 18.2000, H(p,q)-H0 = 0.0000000020700275, L(p,q)-L0 = -0.0000000000000001
t = 18.3000, H(p,q)-H0 = 0.0000000019355423, L(p,q)-L0 = 0.0000000000000000
t = 18.4000, H(p,q)-H0 = 0.0000000016123713, L(p,q)-L0 = 0.0000000000000000
t = 18.5000, H(p,q)-H0 = 0.0000000008341923, L(p,q)-L0 = 0.0000000000000000
t = 18.6000, H(p,q)-H0 = -0.0000000007602408, L(p,q)-L0 = 0.0000000000000000
t = 18.7000, H(p,q)-H0 = -0.0000000022936408, L(p,q)-L0 = 0.0000000000000000
ROOT RETURN:	t = 18.7354 g[0] =   1, y[0] = 0.361063, y[1] = -0.221063
t = 18.7354, H(p,q)-H0 = 0.0000000126969424, L(p,q)-L0 = 0.0000000028491529
t = 18.8000, H(p,q)-H0 = -0.0000000007197527, L(p,q)-L0 = 0.0000000000000000
t = 18.9000, H(p,q)-H0 = -0.0000000006891674, L(p,q)-L0 = -0.0000000000000001
t = 19.0000, H(p,q)-H0 = -0.0000000022938584, L(p,q)-L0 = 0.0000000000000001
t = 19.1000, H(p,q)-H0 = -0.0000000007742575, L(p,q)-L0 = 0.0000000000000000
t = 19.2000, H(p,q)-H0 = 0.0000000008292624, L(p,q)-L0 = 0.0000000000000001
t = 19.3000, H(p,q)-H0 = 0.0000000016119193, L(p,q)-L0 = 0.0000000000000000
t = 19.4000, H(p,q)-H0 = 0.0000000019360702, L(p,q)-L0 = 0.0000000000000001
t = 19.5000, H(p,q)-H0 = 0.0000000020705553, L(p,q)-L0 = 0.0000000000000000
t = 19.6000, H(p,q)-H0 = 0.0000000021295025, L(p,q)-L0 = -0.0000000000000001
t = 19.7000, H(p,q)-H0 = 0.0000000021571878, L(p,q)-L0 = 0.0000000000000000
t = 19.8000, H(p,q)-H0 = 0.0000000021711180, L(p,q)-L0 = -0.0000000000000001
ROOT RETURN:	t = 19.8800 g[0] =  -1, y[0] = -0.658624, y[1] = 0.798624
t = 19.8800, H(p,q)-H0 = 0.0000000021773960, L(p,q)-L0 = -0.0000000000000390
t = 19.9000, H(p,q)-H0 = 0.0000000021785899, L(p,q)-L0 = 0.0000000000000000
t = 20.0000, H(p,q)-H0 = 0.0000000021828339, L(p,q)-L0 = 0.0000000000000000
t = 20.1000, H(p,q)-H0 = 0.0000000021853701, L(p,q)-L0 = 0.0000000000000000
t = 20.2000, H(p,q)-H0 = 0.0000000021869550, L(p,q)-L0 = 0.0000000000000000
t = 20.3000, H(p,q)-H0 = 0.0000000021879849, L(p,q)-L0 = 0.0000000000000000
t = 20.4000, H(p,q)-H0 = 0.0000000021886777, L(p,q)-L0 = 0.0000000000000000
t = 20.5000, H(p,q)-H0 = 0.0000000021891579, L(p,q)-L0 = 0.0000000000000000
t = 20.6000, H(p,q)-H0 = 0.0000000021894995, L(p,q)-L0 = -0.0000000000000001
t = 20.7000, H(p,q)-H0 = 0.0000000021897483, L(p,q)-L0 = 0.0000000000000000
t = 20.8000, H(p,q)-H0 = 0.0000000021899330, L(p,q)-L0 = 0.0000000000000000
t = 20.9000, H(p,q)-H0 = 0.0000000021900724, L(p,q)-L0 = 0.0000000000000000
t = 21.0000, H(p,q)-H0 = 0.0000000021901791, L(p,q)-L0 = 0.0000000000000000
t = 21.1000, H(p,q)-H0 = 0.0000000021902617, L(p,q)-L0 = 0.0000000000000000
t = 21.2000, H(p,q)-H0 = 0.0000000021903260, L(p,q)-L0 = 0.0000000000000000
t = 21.3000, H(p,q)-H0 = 0.0000000021903764, L(p,q)-L0 = 0.0000000000000000
t = 21.4000, H(p,q)-H0 = 0.0000000021904156, L(p,q)-L0 = 0.0000000000000000
t = 21.5000, H(p,q)-H0 = 0.0000000021904460, L(p,q)-L0 = 0.0000000000000000
t = 21.6000, H(p,q)-H0 = 0.0000000021904690, L(p,q)-L0 = 0.0000000000000000
t = 21.7000, H(p,q)-H0 = 0.0000000021904859, L(p,q)-L0 = 0.0000000000000000
t = 21.8000, H(p,q)-H0 = 0.0000000021904972, L(p,q)-L0 = -0.0000000000000001
t = 21.9000, H(p,q)-H0 = 0.0000000021905038, L(p,q)-L0 = -0.0000000000000001
t = 22.0000, H(p,q)-H0 = 0.0000000021905056, L(p,q)-L0 = 0.0000000000000000
t = 22.1000, H(p,q)-H0 = 0.0000000021905029, L(p,q)-L0 = -0.0000000000000001
t = 22.2000, H(p,q)-H0 = 0.0000000021904955, L(p,q)-L0 = 0.0000000000000001
t = 22.3000, H(p,q)-H0 = 0.0000000021904830, L(p,q)-L0 = 0.0000000000000000
t = 22.4000, H(p,q)-H0 = 0.0000000021904652, L(p,q)-L0 = 0.0000000000000000
t = 22.5000, H(p,q)-H0 = 0.0000000021904408, L(p,q)-L0 = 0.0000000000000000
t = 22.6000, H(p,q)-H0 = 0.0000000021904089, L(p,q)-L0 = 0.0000000000000000
t = 22.7000, H(p,q)-H0 = 0.0000000021903677, L(p,q)-L0 = 0.0000000000000001
t = 22.8000, H(p,q)-H0 = 0.0000000021903149, L(p,q)-L0 = 0.0000000000000000
t = 22.9000, H(p,q)-H0 = 0.0000000021902474, L(p,q)-L0 = 0.0000000000000000
t = 23.0000, H(p,q)-H0 = 0.0000000021901607, L(p,q)-L0 = -0.0000000000000001
t = 23.1000, H(p,q)-H0 = 0.0000000021900485, L(p,q)-L0 = 0.0000000000000000
t = 23.2000, H(p,q)-H0 = 0.0000000021899015, L(p,q)-L0 = 0.0000000000000000
t = 23.3000, H(p,q)-H0 = 0.0000000021897061, L(p,q)-L0 = 0.0000000000000000
t = 23.4000, H(p,q)-H0 = 0.0000000021894420, L(p,q)-L0 = -0.0000000000000001
t = 23.5000, H(p,q)-H0 = 0.0000000021890779, L(p,q)-L0 = 0.0000000000000000
t = 23.6000, H(p,q)-H0 = 0.0000000021885638, L(p,q)-L0 = 0.0000000000000000
t = 23.7000, H(p,q)-H0 = 0.0000000021878186, L(p,q)-L0 = 0.0000000000000000
t = 23.8000, H(p,q)-H0 = 0.0000000021867045, L(p,q)-L0 = 0.0000000000000000
t = 23.9000, H(p,q)-H0 = 0.0000000021849794, L(p,q)-L0 = 0.0000000000000000
t = 24.0000, H(p,q)-H0 = 0.0000000021821998, L(p,q)-L0 = 0.0000000000000000
t = 24.1000, H(p,q)-H0 = 0.0000000021775125, L(p,q)-L0 = 0.0000000000000000
t = 24.2000, H(p,q)-H0 = 0.0000000021691906, L(p,q)-L0 = 0.0000000000000000
t = 24.3000, H(p,q)-H0 = 0.0000000021535328, L(p,q)-L0 = 0.0000000000000000
t = 24.4000, H(p,q)-H0 = 0.0000000021221120, L(p,q)-L0 = -0.0000000000000001
t = 24.5000, H(p,q)-H0 = 0.0000000020545623, L(p,q)-L0 = -0.0000000000000001
t = 24.6000, H(p,q)-H0 = 0.0000000018991935, L(p,q)-L0 = -0.0000000000000002
t = 24.7000, H(p,q)-H0 = 0.0000000015237045, L(p,q)-L0 = -0.0000000000000001
t = 24.8000, H(p,q)-H0 = 0.0000000006291403, L(p,q)-L0 = 0.0000000000000000
t = 24.9000, H(p,q)-H0 = -0.0000000010937444, L(p,q)-L0 = 0.0000000000000000
t = 25.0000, H(p,q)-H0 = -0.0000000022899942, L(p,q)-L0 = 0.0000000000000000
ROOT RETURN:	t = 25.0186 g[0] =   1, y[0] = 0.361063, y[1] = -0.221063
t = 25.0186, H(p,q)-H0 = 0.0000000098686312, L(p,q)-L0 = 0.0000000023590667
t = 25.1000, H(p,q)-H0 = -0.0000000003464105, L(p,q)-L0 = -0.0000000000000001
t = 25.2000, H(p,q)-H0 = -0.0000000011168149, L(p,q)-L0 = 0.0000000000000000
t = 25.3000, H(p,q)-H0 = -0.0000000021907156, L(p,q)-L0 = 0.0000000000000000
t = 25.4000, H(p,q)-H0 = -0.0000000004484462, L(p,q)-L0 = 0.0000000000000001
t = 25.5000, H(p,q)-H0 = 0.0000000010106103, L(p,q)-L0 = 0.0000000000000000
t = 25.6000, H(p,q)-H0 = 0.0000000016885486, L(p,q)-L0 = -0.0000000000000002
t = 25.7000, H(p,q)-H0 = 0.0000000019674660, L(p,q)-L0 = 0.0000000000000000
t = 25.8000, H(p,q)-H0 = 0.0000000020840075, L(p,q)-L0 = 0.0000000000000000
t = 25.9000, H(p,q)-H0 = 0.0000000021356651, L(p,q)-L0 = 0.0000000000000000
t = 26.0000, H(p,q)-H0 = 0.0000000021602146, L(p,q)-L0 = 0.0000000000000000
t = 26.1000, H(p,q)-H0 = 0.0000000021727057, L(p,q)-L0 = -0.0000000000000001
ROOT RETURN:	t = 26.1632 g[0] =  -1, y[0] = -0.658624, y[1] = 0.798624
t = 26.1632, H(p,q)-H0 = 0.0000000021745573, L(p,q)-L0 = -0.0000000000037201
t = 26.2000, H(p,q)-H0 = 0.0000000021794737, L(p,q)-L0 = 0.0000000000000001
t = 26.3000, H(p,q)-H0 = 0.0000000021833528, L(p,q)-L0 = 0.0000000000000001
t = 26.4000, H(p,q)-H0 = 0.0000000021856892, L(p,q)-L0 = 0.0000000000000000
t = 26.5000, H(p,q)-H0 = 0.0000000021871594, L(p,q)-L0 = 0.0000000000000000
t = 26.6000, H(p,q)-H0 = 0.0000000021881206, L(p,q)-L0 = 0.0000000000000000
t = 26.7000, H(p,q)-H0 = 0.0000000021887707, L(p,q)-L0 = 0.0000000000000000
t = 26.8000, H(p,q)-H0 = 0.0000000021892236, L(p,q)-L0 = 0.0000000000000000
t = 26.9000, H(p,q)-H0 = 0.0000000021895470, L(p,q)-L0 = 0.0000000000000000
t = 27.0000, H(p,q)-H0 = 0.0000000021897834, L(p,q)-L0 = 0.0000000000000000
t = 27.1000, H(p,q)-H0 = 0.0000000021899593, L(p,q)-L0 = 0.0000000000000000
t = 27.2000, H(p,q)-H0 = 0.0000000021900926, L(p,q)-L0 = 0.0000000000000000
t = 27.3000, H(p,q)-H0 = 0.0000000021901946, L(p,q)-L0 = 0.0000000000000000
t = 27.4000, H(p,q)-H0 = 0.0000000021902737, L(p,q)-L0 = 0.0000000000000000
t = 27.5000, H(p,q)-H0 = 0.0000000021903354, L(p,q)-L0 = 0.0000000000000000
t = 27.6000, H(p,q)-H0 = 0.0000000021903837, L(p,q)-L0 = 0.0000000000000000
t = 27.7000, H(p,q)-H0 = 0.0000000021904212, L(p,q)-L0 = 0.0000000000000000
t = 27.8000, H(p,q)-H0 = 0.0000000021904504, L(p,q)-L0 = 0.0000000000000000
t = 27.9000, H(p,q)-H0 = 0.0000000021904722, L(p,q)-L0 = -0.0000000000000001
t = 28.0000, H(p,q)-H0 = 0.0000000021904881, L(p,q)-L0 = 0.0000000000000000
t = 28.1000, H(p,q)-H0 = 0.0000000021904987, L(p,q)-L0 = 0.0000000000000000
t = 28.2000, H(p,q)-H0 = 0.0000000021905043, L(p,q)-L0 = 0.0000000000000000
t = 28.3000, H(p,q)-H0 = 0.0000000021905054, L(p,q)-L0 = 0.0000000000000000
t = 28.4000, H(p,q)-H0 = 0.0000000021905020, L(p,q)-L0 = 0.0000000000000000
t = 28.5000, H(p,q)-H0 = 0.0000000021904937, L(p,q)-L0 = 0.0000000000000000
t = 28.6000, H(p,q)-H0 = 0.0000000021904805, L(p,q)-L0 = 0.0000000000000000
t = 28.7000, H(p,q)-H0 = 0.0000000021904614, L(p,q)-L0 = -0.0000000000000001
t = 28.8000, H(p,q)-H0 = 0.0000000021904360, L(p,q)-L0 = 0.0000000000000000
t = 28.9000, H(p,q)-H0 = 0.0000000021904026, L(p,q)-L0 = 0.0000000000000000
t = 29.0000, H(p,q)-H0 = 0.0000000021903596, L(p,q)-L0 = 0.0000000000000000
t = 29.1000, H(p,q)-H0 = 0.0000000021903047, L(p,q)-L0 = 0.0000000000000000
t = 29.2000, H(p,q)-H0 = 0.0000000021902343, L(p,q)-L0 = 0.0000000000000000
t = 29.3000, H(p,q)-H0 = 0.0000000021901440, L(p,q)-L0 = 0.0000000000000000
t = 29.4000, H(p,q)-H0 = 0.0000000021900266, L(p,q)-L0 = 0.0000000000000001
t = 29.5000, H(p,q)-H0 = 0.0000000021898724, L(p,q)-L0 = 0.0000000000000000
t = 29.6000, H(p,q)-H0 = 0.0000000021896673, L(p,q)-L0 = 0.0000000000000001
t = 29.7000, H(p,q)-H0 = 0.0000000021893888, L(p,q)-L0 = 0.0000000000000000
t = 29.8000, H(p,q)-H0 = 0.0000000021890036, L(p,q)-L0 = 0.0000000000000000
t = 29.9000, H(p,q)-H0 = 0.0000000021884576, L(p,q)-L0 = 0.0000000000000000
t = 30.0000, H(p,q)-H0 = 0.0000000021876621, L(p,q)-L0 = 0.0000000000000000
t = 30.1000, H(p,q)-H0 = 0.0000000021864660, L(p,q)-L0 = 0.0000000000000000
t = 30.2000, H(p,q)-H0 = 0.0000000021846024, L(p,q)-L0 = 0.0000000000000000
t = 30.3000, H(p,q)-H0 = 0.0000000021815775, L(p,q)-L0 = 0.0000000000000000
t = 30.4000, H(p,q)-H0 = 0.0000000021764345, L(p,q)-L0 = 0.0000000000000000
t = 30.5000, H(p,q)-H0 = 0.0000000021672188, L(p,q)-L0 = 0.0000000000000000
t = 30.6000, H(p,q)-H0 = 0.0000000021496971, L(p,q)-L0 = 0.0000000000000000
t = 30.7000, H(p,q)-H0 = 0.0000000021141355, L(p,q)-L0 = 0.0000000000000000
t = 30.8000, H(p,q)-H0 = 0.0000000020367816, L(p,q)-L0 = 0.0000000000000001
t = 30.9000, H(p,q)-H0 = 0.0000000018570192, L(p,q)-L0 = 0.0000000000000000
t = 31.0000, H(p,q)-H0 = 0.0000000014208066, L(p,q)-L0 = 0.0000000000000000
t = 31.1000, H(p,q)-H0 = 0.0000000003977536, L(p,q)-L0 = 0.0000000000000000
t = 31.2000, H(p,q)-H0 = -0.0000000014232189, L(p,q)-L0 = 0.0000000000000000
t = 31.3000, H(p,q)-H0 = -0.0000000021604580, L(p,q)-L0 = 0.0000000000000000
ROOT RETURN:	t = 31.3018 g[0] =   1, y[0] = 0.361063, y[1] = -0.221063
t = 31.3018, H(p,q)-H0 = 0.0000000023148925, L(p,q)-L0 = 0.0000000008299341
t = 31.4000, H(p,q)-H0 = -0.0000000000914424, L(p,q)-L0 = 0.0000000000000000
t = 31.5000, H(p,q)-H0 = -0.0000000015394452, L(p,q)-L0 = 0.0000000000000000
t = 31.6000, H(p,q)-H0 = -0.0000000019942239, L(p,q)-L0 = 0.0000000000000000
t = 31.7000, H(p,q)-H0 = -0.0000000001403404, L(p,q)-L0 = 0.0000000000000000
t = 31.8000, H(p,q)-H0 = 0.0000000011688956, L(p,q)-L0 = 0.0000000000000000
t = 31.9000, H(p,q)-H0 = 0.0000000017544357, L(p,q)-L0 = 0.0000000000000001
t = 32.0000, H(p,q)-H0 = 0.0000000019945796, L(p,q)-L0 = 0.0000000000000000
t = 32.1000, H(p,q)-H0 = 0.0000000020957474, L(p,q)-L0 = 0.0000000000000001
t = 32.2000, H(p,q)-H0 = 0.0000000021411067, L(p,q)-L0 = 0.0000000000000000
t = 32.3000, H(p,q)-H0 = 0.0000000021629182, L(p,q)-L0 = 0.0000000000000000
t = 32.4000, H(p,q)-H0 = 0.0000000021741389, L(p,q)-L0 = 0.0000000000000000
ROOT RETURN:	t = 32.4464 g[0] =  -1, y[0] = -0.658624, y[1] = 0.798624
t = 32.4464, H(p,q)-H0 = 0.0000000021723262, L(p,q)-L0 = -0.0000000000065946
t = 32.5000, H(p,q)-H0 = 0.0000000021802790, L(p,q)-L0 = 0.0000000000000000
t = 32.6000, H(p,q)-H0 = 0.0000000021838293, L(p,q)-L0 = 0.0000000000000000
t = 32.7000, H(p,q)-H0 = 0.0000000021859843, L(p,q)-L0 = 0.0000000000000000
t = 32.8000, H(p,q)-H0 = 0.0000000021873497, L(p,q)-L0 = 0.0000000000000000
t = 32.9000, H(p,q)-H0 = 0.0000000021882478, L(p,q)-L0 = 0.0000000000000000
t = 33.0000, H(p,q)-H0 = 0.0000000021888584, L(p,q)-L0 = 0.0000000000000001
t = 33.1000, H(p,q)-H0 = 0.0000000021892856, L(p,q)-L0 = 0.0000000000000000
t = 33.2000, H(p,q)-H0 = 0.0000000021895919, L(p,q)-L0 = 0.0000000000000000
t = 33.3000, H(p,q)-H0 = 0.0000000021898166, L(p,q)-L0 = 0.0000000000000000
t = 33.4000, H(p,q)-H0 = 0.0000000021899843, L(p,q)-L0 = 0.0000000000000000
t = 33.5000, H(p,q)-H0 = 0.0000000021901115, L(p,q)-L0 = 0.0000000000000000
t = 33.6000, H(p,q)-H0 = 0.0000000021902093, L(p,q)-L0 = 0.0000000000000000
t = 33.7000, H(p,q)-H0 = 0.0000000021902852, L(p,q)-L0 = 0.0000000000000000
t = 33.8000, H(p,q)-H0 = 0.0000000021903444, L(p,q)-L0 = -0.0000000000000001
t = 33.9000, H(p,q)-H0 = 0.0000000021903905, L(p,q)-L0 = 0.0000000000000000
t = 34.0000, H(p,q)-H0 = 0.0000000021904268, L(p,q)-L0 = 0.0000000000000001
t = 34.1000, H(p,q)-H0 = 0.0000000021904544, L(p,q)-L0 = -0.0000000000000001
t = 34.2000, H(p,q)-H0 = 0.0000000021904754, L(p,q)-L0 = 0.0000000000000000
t = 34.3000, H(p,q)-H0 = 0.0000000021904903, L(p,q)-L0 = -0.0000000000000001
t = 34.4000, H(p,q)-H0 = 0.0000000021905000, L(p,q)-L0 = 0.0000000000000000
t = 34.5000, H(p,q)-H0 = 0.0000000021905050, L(p,q)-L0 = 0.0000000000000000
t = 34.6000, H(p,q)-H0 = 0.0000000021905052, L(p,q)-L0 = -0.0000000000000001
t = 34.7000, H(p,q)-H0 = 0.0000000021905009, L(p,q)-L0 = 0.0000000000000000
t = 34.8000, H(p,q)-H0 = 0.0000000021904919, L(p,q)-L0 = -0.0000000000000001
t = 34.9000, H(p,q)-H0 = 0.0000000021904777, L(p,q)-L0 = 0.0000000000000000
t = 35.0000, H(p,q)-H0 = 0.0000000021904577, L(p,q)-L0 = 0.0000000000000000
t = 35.1000, H(p,q)-H0 = 0.0000000021904310, L(p,q)-L0 = 0.0000000000000000
t = 35.2000, H(p,q)-H0 = 0.0000000021903960, L(p,q)-L0 = -0.0000000000000001
t = 35.3000, H(p,q)-H0 = 0.0000000021903513, L(p,q)-L0 = 0.0000000000000001
t = 35.4000, H(p,q)-H0 = 0.0000000021902941, L(p,q)-L0 = 0.0000000000000000
t = 35.5000, H(p,q)-H0 = 0.0000000021902208, L(p,q)-L0 = 0.0000000000000000
t = 35.6000, H(p,q)-H0 = 0.0000000021901262, L(p,q)-L0 = 0.0000000000000000
t = 35.7000, H(p,q)-H0 = 0.0000000021900036, L(p,q)-L0 = 0.0000000000000001
t = 35.8000, H(p,q)-H0 = 0.0000000021898420, L(p,q)-L0 = 0.0000000000000000
t = 35.9000, H(p,q)-H0 = 0.0000000021896263, L(p,q)-L0 = 0.0000000000000000
t = 36.0000, H(p,q)-H0 = 0.0000000021893328, L(p,q)-L0 = 0.0000000000000000
t = 36.1000, H(p,q)-H0 = 0.0000000021889250, L(p,q)-L0 = 0.0000000000000000
t = 36.2000, H(p,q)-H0 = 0.0000000021883444, L(p,q)-L0 = 0.0000000000000000
t = 36.3000, H(p,q)-H0 = 0.0000000021874944, L(p,q)-L0 = 0.0000000000000001
t = 36.4000, H(p,q)-H0 = 0.0000000021862090, L(p,q)-L0 = -0.0000000000000001
t = 36.5000, H(p,q)-H0 = 0.0000000021841934, L(p,q)-L0 = -0.0000000000000001
t = 36.6000, H(p,q)-H0 = 0.0000000021808974, L(p,q)-L0 = 0.0000000000000000
t = 36.7000, H(p,q)-H0 = 0.0000000021752466, L(p,q)-L0 = 0.0000000000000000
t = 36.8000, H(p,q)-H0 = 0.0000000021650234, L(p,q)-L0 = 0.0000000000000000
t = 36.9000, H(p,q)-H0 = 0.0000000021453802, L(p,q)-L0 = 0.0000000000000000
t = 37.0000, H(p,q)-H0 = 0.0000000021050518, L(p,q)-L0 = 0.0000000000000000
t = 37.1000, H(p,q)-H0 = 0.0000000020163013, L(p,q)-L0 = 0.0000000000000000
t = 37.2000, H(p,q)-H0 = 0.0000000018080382, L(p,q)-L0 = -0.0000000000000001
t = 37.3000, H(p,q)-H0 = 0.0000000013016144, L(p,q)-L0 = 0.0000000000000000
t = 37.4000, H(p,q)-H0 = 0.0000000001394564, L(p,q)-L0 = 0.0000000000000000
t = 37.5000, H(p,q)-H0 = -0.0000000017311286, L(p,q)-L0 = 0.0000000000000000
ROOT RETURN:	t = 37.5849 g[0] =   1, y[0] = 0.361063, y[1] = -0.221063
t = 37.5849, H(p,q)-H0 = 0.0000000117099681, L(p,q)-L0 = 0.0000000026505150
t = 37.6000, H(p,q)-H0 = -0.0000000019064752, L(p,q)-L0 = -0.0000000000000001
t = 37.7000, H(p,q)-H0 = 0.0000000000003602, L(p,q)-L0 = 0.0000000000000000
t = 37.8000, H(p,q)-H0 = -0.0000000018991442, L(p,q)-L0 = 0.0000000000000000
t = 37.9000, H(p,q)-H0 = -0.0000000017294071, L(p,q)-L0 = -0.0000000000000001
t = 38.0000, H(p,q)-H0 = 0.0000000001444085, L(p,q)-L0 = 0.0000000000000000
t = 38.1000, H(p,q)-H0 = 0.0000000013063550, L(p,q)-L0 = 0.0000000000000000
t = 38.2000, H(p,q)-H0 = 0.0000000018110816, L(p,q)-L0 = 0.0000000000000000
t = 38.3000, H(p,q)-H0 = 0.0000000020180311, L(p,q)-L0 = 0.0000000000000000
t = 38.4000, H(p,q)-H0 = 0.0000000021060125, L(p,q)-L0 = -0.0000000000000001
t = 38.5000, H(p,q)-H0 = 0.0000000021459217, L(p,q)-L0 = 0.0000000000000000
t = 38.6000, H(p,q)-H0 = 0.0000000021653375, L(p,q)-L0 = 0.0000000000000000
t = 38.7000, H(p,q)-H0 = 0.0000000021754346, L(p,q)-L0 = 0.0000000000000001
ROOT RETURN:	t = 38.7296 g[0] =  -1, y[0] = -0.658624, y[1] = 0.798624
t = 38.7296, H(p,q)-H0 = 0.0000000021760736, L(p,q)-L0 = -0.0000000000017438
t = 38.8000, H(p,q)-H0 = 0.0000000021810138, L(p,q)-L0 = 0.0000000000000000
t = 38.9000, H(p,q)-H0 = 0.0000000021842676, L(p,q)-L0 = 0.0000000000000000
t = 39.0000, H(p,q)-H0 = 0.0000000021862580, L(p,q)-L0 = 0.0000000000000000
t = 39.1000, H(p,q)-H0 = 0.0000000021875272, L(p,q)-L0 = 0.0000000000000000
t = 39.2000, H(p,q)-H0 = 0.0000000021883670, L(p,q)-L0 = 0.0000000000000000
t = 39.3000, H(p,q)-H0 = 0.0000000021889408, L(p,q)-L0 = 0.0000000000000000
t = 39.4000, H(p,q)-H0 = 0.0000000021893442, L(p,q)-L0 = 0.0000000000000000
t = 39.5000, H(p,q)-H0 = 0.0000000021896347, L(p,q)-L0 = 0.0000000000000000
t = 39.6000, H(p,q)-H0 = 0.0000000021898482, L(p,q)-L0 = 0.0000000000000000
t = 39.7000, H(p,q)-H0 = 0.0000000021900082, L(p,q)-L0 = 0.0000000000000000
t = 39.8000, H(p,q)-H0 = 0.0000000021901297, L(p,q)-L0 = 0.0000000000000000
t = 39.9000, H(p,q)-H0 = 0.0000000021902234, L(p,q)-L0 = 0.0000000000000000
t = 40.0000, H(p,q)-H0 = 0.0000000021902962, L(p,q)-L0 = 0.0000000000000000
t = 40.1000, H(p,q)-H0 = 0.0000000021903529, L(p,q)-L0 = -0.0000000000000001
t = 40.2000, H(p,q)-H0 = 0.0000000021903975, L(p,q)-L0 = -0.0000000000000001
t = 40.3000, H(p,q)-H0 = 0.0000000021904319, L(p,q)-L0 = 0.0000000000000001
t = 40.4000, H(p,q)-H0 = 0.0000000021904584, L(p,q)-L0 = 0.0000000000000000
t = 40.5000, H(p,q)-H0 = 0.0000000021904782, L(p,q)-L0 = 0.0000000000000000
t = 40.6000, H(p,q)-H0 = 0.0000000021904922, L(p,q)-L0 = 0.0000000000000001
t = 40.7000, H(p,q)-H0 = 0.0000000021905011, L(p,q)-L0 = 0.0000000000000000
t = 40.8000, H(p,q)-H0 = 0.0000000021905053, L(p,q)-L0 = 0.0000000000000000
t = 40.9000, H(p,q)-H0 = 0.0000000021905049, L(p,q)-L0 = -0.0000000000000001
t = 41.0000, H(p,q)-H0 = 0.0000000021904998, L(p,q)-L0 = 0.0000000000000000
t = 41.1000, H(p,q)-H0 = 0.0000000021904899, L(p,q)-L0 = 0.0000000000000001
t = 41.2000, H(p,q)-H0 = 0.0000000021904748, L(p,q)-L0 = -0.0000000000000001
t = 41.3000, H(p,q)-H0 = 0.0000000021904537, L(p,q)-L0 = -0.0000000000000001
t = 41.4000, H(p,q)-H0 = 0.0000000021904257, L(p,q)-L0 = 0.0000000000000000
t = 41.5000, H(p,q)-H0 = 0.0000000021903894, L(p,q)-L0 = 0.0000000000000000
t = 41.6000, H(p,q)-H0 = 0.0000000021903427, L(p,q)-L0 = 0.0000000000000000
t = 41.7000, H(p,q)-H0 = 0.0000000021902831, L(p,q)-L0 = 0.0000000000000000
t = 41.8000, H(p,q)-H0 = 0.0000000021902065, L(p,q)-L0 = 0.0000000000000000
t = 41.9000, H(p,q)-H0 = 0.0000000021901079, L(p,q)-L0 = 0.0000000000000000
t = 42.0000, H(p,q)-H0 = 0.0000000021899793, L(p,q)-L0 = 0.0000000000000000
t = 42.1000, H(p,q)-H0 = 0.0000000021898100, L(p,q)-L0 = 0.0000000000000000
t = 42.2000, H(p,q)-H0 = 0.0000000021895832, L(p,q)-L0 = 0.0000000000000000
t = 42.3000, H(p,q)-H0 = 0.0000000021892734, L(p,q)-L0 = 0.0000000000000000
t = 42.4000, H(p,q)-H0 = 0.0000000021888414, L(p,q)-L0 = 0.0000000000000000
t = 42.5000, H(p,q)-H0 = 0.0000000021882238, L(p,q)-L0 = 0.0000000000000000
t = 42.6000, H(p,q)-H0 = 0.0000000021873147, L(p,q)-L0 = 0.0000000000000000
t = 42.7000, H(p,q)-H0 = 0.0000000021859321, L(p,q)-L0 = -0.0000000000000001
t = 42.8000, H(p,q)-H0 = 0.0000000021837492, L(p,q)-L0 = -0.0000000000000001
t = 42.9000, H(p,q)-H0 = 0.0000000021801531, L(p,q)-L0 = 0.0000000000000000
t = 43.0000, H(p,q)-H0 = 0.0000000021739344, L(p,q)-L0 = 0.0000000000000000
t = 43.1000, H(p,q)-H0 = 0.0000000021625748, L(p,q)-L0 = 0.0000000000000001
t = 43.2000, H(p,q)-H0 = 0.0000000021405115, L(p,q)-L0 = 0.0000000000000001
t = 43.3000, H(p,q)-H0 = 0.0000000020946870, L(p,q)-L0 = 0.0000000000000000
t = 43.4000, H(p,q)-H0 = 0.0000000019926717, L(p,q)-L0 = 0.0000000000000000
t = 43.5000, H(p,q)-H0 = 0.0000000017511153, L(p,q)-L0 = 0.0000000000000000
t = 43.6000, H(p,q)-H0 = 0.0000000011639223, L(p,q)-L0 = 0.0000000000000001
t = 43.7000, H(p,q)-H0 = -0.0000000001449241, L(p,q)-L0 = -0.0000000000000001
t = 43.8000, H(p,q)-H0 = -0.0000000019957629, L(p,q)-L0 = -0.0000000000000001
ROOT RETURN:	t = 43.8681 g[0] =   1, y[0] = 0.361063, y[1] = -0.221063
t = 43.8681, H(p,q)-H0 = 0.0000000118359216, L(p,q)-L0 = 0.0000000027373497
t = 43.9000, H(p,q)-H0 = -0.0000000015482571, L(p,q)-L0 = -0.0000000000000001
t = 44.0000, H(p,q)-H0 = -0.0000000000875642, L(p,q)-L0 = 0.0000000000000000
t = 44.1000, H(p,q)-H0 = -0.0000000021549387, L(p,q)-L0 = 0.0000000000000000
t = 44.2000, H(p,q)-H0 = -0.0000000014210171, L(p,q)-L0 = 0.0000000000000000
t = 44.3000, H(p,q)-H0 = 0.0000000004029339, L(p,q)-L0 = 0.0000000000000000
t = 44.4000, H(p,q)-H0 = 0.0000000014252806, L(p,q)-L0 = 0.0000000000000001
t = 44.5000, H(p,q)-H0 = 0.0000000018597992, L(p,q)-L0 = 0.0000000000000000
t = 44.6000, H(p,q)-H0 = 0.0000000020383484, L(p,q)-L0 = -0.0000000000000001
t = 44.7000, H(p,q)-H0 = 0.0000000021150063, L(p,q)-L0 = -0.0000000000000002
t = 44.8000, H(p,q)-H0 = 0.0000000021501902, L(p,q)-L0 = -0.0000000000000001
t = 44.9000, H(p,q)-H0 = 0.0000000021675061, L(p,q)-L0 = 0.0000000000000000
t = 45.0000, H(p,q)-H0 = 0.0000000021766077, L(p,q)-L0 = -0.0000000000000001
ROOT RETURN:	t = 45.0128 g[0] =  -1, y[0] = -0.658624, y[1] = 0.798624
t = 45.0128, H(p,q)-H0 = 0.0000000021749912, L(p,q)-L0 = -0.0000000000031586
t = 45.1000, H(p,q)-H0 = 0.0000000021816851, L(p,q)-L0 = 0.0000000000000000
t = 45.2000, H(p,q)-H0 = 0.0000000021846714, L(p,q)-L0 = 0.0000000000000000
t = 45.3000, H(p,q)-H0 = 0.0000000021865115, L(p,q)-L0 = -0.0000000000000001
t = 45.4000, H(p,q)-H0 = 0.0000000021876930, L(p,q)-L0 = 0.0000000000000000
t = 45.5000, H(p,q)-H0 = 0.0000000021884788, L(p,q)-L0 = 0.0000000000000000
t = 45.6000, H(p,q)-H0 = 0.0000000021890186, L(p,q)-L0 = -0.0000000000000001
t = 45.7000, H(p,q)-H0 = 0.0000000021893997, L(p,q)-L0 = 0.0000000000000000
t = 45.8000, H(p,q)-H0 = 0.0000000021896751, L(p,q)-L0 = 0.0000000000000000
t = 45.9000, H(p,q)-H0 = 0.0000000021898783, L(p,q)-L0 = 0.0000000000000000
t = 46.0000, H(p,q)-H0 = 0.0000000021900309, L(p,q)-L0 = -0.0000000000000001
t = 46.1000, H(p,q)-H0 = 0.0000000021901472, L(p,q)-L0 = 0.0000000000000000
t = 46.2000, H(p,q)-H0 = 0.0000000021902369, L(p,q)-L0 = -0.0000000000000001
t = 46.3000, H(p,q)-H0 = 0.0000000021903067, L(p,q)-L0 = -0.0000000000000001
t = 46.4000, H(p,q)-H0 = 0.0000000021903611, L(p,q)-L0 = -0.0000000000000001
t = 46.5000, H(p,q)-H0 = 0.0000000021904037, L(p,q)-L0 = 0.0000000000000000
t = 46.6000, H(p,q)-H0 = 0.0000000021904369, L(p,q)-L0 = 0.0000000000000000
t = 46.7000, H(p,q)-H0 = 0.0000000021904621, L(p,q)-L0 = 0.0000000000000000
t = 46.8000, H(p,q)-H0 = 0.0000000021904809, L(p,q)-L0 = 0.0000000000000000
t = 46.9000, H(p,q)-H0 = 0.0000000021904941, L(p,q)-L0 = -0.0000000000000001
t = 47.0000, H(p,q)-H0 = 0.0000000021905021, L(p,q)-L0 = 0.0000000000000000
t = 47.1000, H(p,q)-H0 = 0.0000000021905056, L(p,q)-L0 = -0.0000000000000001
t = 47.2000, H(p,q)-H0 = 0.0000000021905042, L(p,q)-L0 = 0.0000000000000000
t = 47.3000, H(p,q)-H0 = 0.0000000021904983, L(p,q)-L0 = 0.0000000000000000
t = 47.4000, H(p,q)-H0 = 0.0000000021904877, L(p,q)-L0 = -0.0000000000000001
t = 47.5000, H(p,q)-H0 = 0.0000000021904717, L(p,q)-L0 = 0.0000000000000000
t = 47.6000, H(p,q)-H0 = 0.0000000021904494, L(p,q)-L0 = 0.0000000000000000
t = 47.7000, H(p,q)-H0 = 0.0000000021904202, L(p,q)-L0 = 0.0000000000000000
t = 47.8000, H(p,q)-H0 = 0.0000000021903822, L(p,q)-L0 = -0.0000000000000001
t = 47.9000, H(p,q)-H0 = 0.0000000021903336, L(p,q)-L0 = -0.0000000000000001
t = 48.0000, H(p,q)-H0 = 0.0000000021902714, L(p,q)-L0 = 0.0000000000000000
t = 48.1000, H(p,q)-H0 = 0.0000000021901916, L(p,q)-L0 = -0.0000000000000001
t = 48.2000, H(p,q)-H0 = 0.0000000021900884, L(p,q)-L0 = -0.0000000000000001
t = 48.3000, H(p,q)-H0 = 0.0000000021899541, L(p,q)-L0 = -0.0000000000000001
t = 48.4000, H(p,q)-H0 = 0.0000000021897765, L(p,q)-L0 = 0.0000000000000000
t = 48.5000, H(p,q)-H0 = 0.0000000021895376, L(p,q)-L0 = -0.0000000000000001
t = 48.6000, H(p,q)-H0 = 0.0000000021892106, L(p,q)-L0 = 0.0000000000000000
t = 48.7000, H(p,q)-H0 = 0.0000000021887528, L(p,q)-L0 = 0.0000000000000000
t = 48.8000, H(p,q)-H0 = 0.0000000021880950, L(p,q)-L0 = -0.0000000000000001
t = 48.9000, H(p,q)-H0 = 0.0000000021871218, L(p,q)-L0 = -0.0000000000000001
t = 49.0000, H(p,q)-H0 = 0.0000000021856331, L(p,q)-L0 = 0.0000000000000000
t = 49.1000, H(p,q)-H0 = 0.0000000021832664, L(p,q)-L0 = -0.0000000000000001
t = 49.2000, H(p,q)-H0 = 0.0000000021793375, L(p,q)-L0 = -0.0000000000000001
t = 49.3000, H(p,q)-H0 = 0.0000000021724830, L(p,q)-L0 = -0.0000000000000002
t = 49.4000, H(p,q)-H0 = 0.0000000021598386, L(p,q)-L0 = -0.0000000000000001
t = 49.5000, H(p,q)-H0 = 0.0000000021350104, L(p,q)-L0 = 0.0000000000000000
t = 49.6000, H(p,q)-H0 = 0.0000000020828375, L(p,q)-L0 = 0.0000000000000000
t = 49.7000, H(p,q)-H0 = 0.0000000019653625, L(p,q)-L0 = -0.0000000000000002
t = 49.8000, H(p,q)-H0 = 0.0000000016849391, L(p,q)-L0 = 0.0000000000000000
t = 49.9000, H(p,q)-H0 = 0.0000000010054564, L(p,q)-L0 = -0.0000000000000001
t = 50.0000, H(p,q)-H0 = -0.0000000004525242, L(p,q)-L0 = 0.0000000000000000
t = 50.1000, H(p,q)-H0 = -0.0000000021925064, L(p,q)-L0 = 0.0000000000000000
ROOT RETURN:	t = 50.1513 g[0] =   1, y[0] = 0.361063, y[1] = -0.221063
t = 50.1513, H(p,q)-H0 = 0.0000000010629635, L(p,q)-L0 = 0.0000000005942491
t = 50.2000, H(p,q)-H0 = -0.0000000011262788, L(p,q)-L0 = 0.0000000000000000
t = 50.3000, H(p,q)-H0 = -0.0000000003393799, L(p,q)-L0 = 0.0000000000000000
t = 50.4000, H(p,q)-H0 = -0.0000000022861775, L(p,q)-L0 = 0.0000000000000000
t = 50.5000, H(p,q)-H0 = -0.0000000010909100, L(p,q)-L0 = 0.0000000000000000
t = 50.6000, H(p,q)-H0 = 0.0000000006344165, L(p,q)-L0 = 0.0000000000000000
t = 50.7000, H(p,q)-H0 = 0.0000000015278907, L(p,q)-L0 = 0.0000000000000000
t = 50.8000, H(p,q)-H0 = 0.0000000019017270, L(p,q)-L0 = -0.0000000000000001
t = 50.9000, H(p,q)-H0 = 0.0000000020559815, L(p,q)-L0 = 0.0000000000000000
t = 51.0000, H(p,q)-H0 = 0.0000000021229023, L(p,q)-L0 = 0.0000000000000000
t = 51.1000, H(p,q)-H0 = 0.0000000021539818, L(p,q)-L0 = 0.0000000000000000
t = 51.2000, H(p,q)-H0 = 0.0000000021694539, L(p,q)-L0 = -0.0000000000000001
ROOT RETURN:	t = 51.2960 g[0] =  -1, y[0] = -0.658624, y[1] = 0.798624
t = 51.2960, H(p,q)-H0 = 0.0000000021724449, L(p,q)-L0 = -0.0000000000064433
t = 51.3000, H(p,q)-H0 = 0.0000000021776719, L(p,q)-L0 = -0.0000000000000001
t = 51.4000, H(p,q)-H0 = 0.0000000021822995, L(p,q)-L0 = -0.0000000000000002
t = 51.5000, H(p,q)-H0 = 0.0000000021850437, L(p,q)-L0 = 0.0000000000000000
t = 51.6000, H(p,q)-H0 = 0.0000000021867472, L(p,q)-L0 = 0.0000000000000000
t = 51.7000, H(p,q)-H0 = 0.0000000021878475, L(p,q)-L0 = -0.0000000000000001
t = 51.8000, H(p,q)-H0 = 0.0000000021885839, L(p,q)-L0 = 0.0000000000000000
t = 51.9000, H(p,q)-H0 = 0.0000000021890922, L(p,q)-L0 = -0.0000000000000001
t = 52.0000, H(p,q)-H0 = 0.0000000021894524, L(p,q)-L0 = 0.0000000000000000
t = 52.1000, H(p,q)-H0 = 0.0000000021897135, L(p,q)-L0 = -0.0000000000000002
t = 52.2000, H(p,q)-H0 = 0.0000000021899072, L(p,q)-L0 = 0.0000000000000000
t = 52.3000, H(p,q)-H0 = 0.0000000021900528, L(p,q)-L0 = 0.0000000000000000
t = 52.4000, H(p,q)-H0 = 0.0000000021901641, L(p,q)-L0 = 0.0000000000000000
t = 52.5000, H(p,q)-H0 = 0.0000000021902500, L(p,q)-L0 = 0.0000000000000000
t = 52.6000, H(p,q)-H0 = 0.0000000021903168, L(p,q)-L0 = 0.0000000000000000
t = 52.7000, H(p,q)-H0 = 0.0000000021903691, L(p,q)-L0 = -0.0000000000000001
t = 52.8000, H(p,q)-H0 = 0.0000000021904100, L(p,q)-L0 = -0.0000000000000001
t = 52.9000, H(p,q)-H0 = 0.0000000021904417, L(p,q)-L0 = 0.0000000000000000
t = 53.0000, H(p,q)-H0 = 0.0000000021904659, L(p,q)-L0 = 0.0000000000000000
t = 53.1000, H(p,q)-H0 = 0.0000000021904835, L(p,q)-L0 = -0.0000000000000001
t = 53.2000, H(p,q)-H0 = 0.0000000021904958, L(p,q)-L0 = 0.0000000000000000
t = 53.3000, H(p,q)-H0 = 0.0000000021905031, L(p,q)-L0 = -0.0000000000000001
t = 53.4000, H(p,q)-H0 = 0.0000000021905056, L(p,q)-L0 = 0.0000000000000000
t = 53.5000, H(p,q)-H0 = 0.0000000021905037, L(p,q)-L0 = -0.0000000000000001
t = 53.6000, H(p,q)-H0 = 0.0000000021904970, L(p,q)-L0 = -0.0000000000000001
t = 53.7000, H(p,q)-H0 = 0.0000000021904855, L(p,q)-L0 = -0.0000000000000001
t = 53.8000, H(p,q)-H0 = 0.0000000021904685, L(p,q)-L0 = 0.0000000000000000
t = 53.9000, H(p,q)-H0 = 0.0000000021904452, L(p,q)-L0 = -0.0000000000000001
t = 54.0000, H(p,q)-H0 = 0.0000000021904146, L(p,q)-L0 = 0.0000000000000000
t = 54.1000, H(p,q)-H0 = 0.0000000021903750, L(p,q)-L0 = 0.0000000000000000
t = 54.2000, H(p,q)-H0 = 0.0000000021903242, L(p,q)-L0 = 0.0000000000000000
t = 54.3000, H(p,q)-H0 = 0.0000000021902593, L(p,q)-L0 = -0.0000000000000001
t = 54.4000, H(p,q)-H0 = 0.0000000021901762, L(p,q)-L0 = 0.0000000000000000
t = 54.5000, H(p,q)-H0 = 0.0000000021900683, L(p,q)-L0 = 0.0000000000000000
t = 54.6000, H(p,q)-H0 = 0.0000000021899276, L(p,q)-L0 = 0.0000000000000000
t = 54.7000, H(p,q)-H0 = 0.0000000021897411, L(p,q)-L0 = 0.0000000000000000
t = 54.8000, H(p,q)-H0 = 0.0000000021894898, L(p,q)-L0 = 0.0000000000000000
t = 54.9000, H(p,q)-H0 = 0.0000000021891442, L(p,q)-L0 = 0.0000000000000000
t = 55.0000, H(p,q)-H0 = 0.0000000021886586, L(p,q)-L0 = 0.0000000000000000
t = 55.1000, H(p,q)-H0 = 0.0000000021879576, L(p,q)-L0 = -0.0000000000000002
t = 55.2000, H(p,q)-H0 = 0.0000000021869148, L(p,q)-L0 = 0.0000000000000000
t = 55.3000, H(p,q)-H0 = 0.0000000021853099, L(p,q)-L0 = -0.0000000000000001
t = 55.4000, H(p,q)-H0 = 0.0000000021827410, L(p,q)-L0 = 0.0000000000000000
t = 55.5000, H(p,q)-H0 = 0.0000000021784423, L(p,q)-L0 = 0.0000000000000000
t = 55.6000, H(p,q)-H0 = 0.0000000021708756, L(p,q)-L0 = -0.0000000000000001
t = 55.7000, H(p,q)-H0 = 0.0000000021567756, L(p,q)-L0 = -0.0000000000000002
t = 55.8000, H(p,q)-H0 = 0.0000000021287816, L(p,q)-L0 = -0.0000000000000001
t = 55.9000, H(p,q)-H0 = 0.0000000020692632, L(p,q)-L0 = 0.0000000000000000
t = 56.0000, H(p,q)-H0 = 0.0000000019337543, L(p,q)-L0 = 0.0000000000000000
t = 56.1000, H(p,q)-H0 = 0.0000000016080137, L(p,q)-L0 = -0.0000000000000001
t = 56.2000, H(p,q)-H0 = 0.0000000008240018, L(p,q)-L0 = 0.0000000000000000
t = 56.3000, H(p,q)-H0 = -0.0000000007777228, L(p,q)-L0 = 0.0000000000000000
t = 56.4000, H(p,q)-H0 = -0.0000000022964359, L(p,q)-L0 = -0.0000000000000001
ROOT RETURN:	t = 56.4345 g[0] =   1, y[0] = 0.361063, y[1] = -0.221063
t = 56.4345, H(p,q)-H0 = 0.0000000105653191, L(p,q)-L0 = 0.0000000024229621
t = 56.5000, H(p,q)-H0 = -0.0000000006980467, L(p,q)-L0 = -0.0000000000000001
t = 56.6000, H(p,q)-H0 = -0.0000000007108081, L(p,q)-L0 = 0.0000000000000000
t = 56.7000, H(p,q)-H0 = -0.0000000022911197, L(p,q)-L0 = 0.0000000000000000
t = 56.8000, H(p,q)-H0 = -0.0000000007567420, L(p,q)-L0 = -0.0000000000000001
t = 56.9000, H(p,q)-H0 = 0.0000000008394496, L(p,q)-L0 = -0.0000000000000001
t = 57.0000, H(p,q)-H0 = 0.0000000016162618, L(p,q)-L0 = 0.0000000000000000
t = 57.1000, H(p,q)-H0 = 0.0000000019378465, L(p,q)-L0 = 0.0000000000000000
t = 57.2000, H(p,q)-H0 = 0.0000000020713128, L(p,q)-L0 = 0.0000000000000000
t = 57.3000, H(p,q)-H0 = 0.0000000021298476, L(p,q)-L0 = 0.0000000000000000
t = 57.4000, H(p,q)-H0 = 0.0000000021573562, L(p,q)-L0 = -0.0000000000000001
t = 57.5000, H(p,q)-H0 = 0.0000000021712063, L(p,q)-L0 = 0.0000000000000001
ROOT RETURN:	t = 57.5792 g[0] =  -1, y[0] = -0.658624, y[1] = 0.798624
t = 57.5792, H(p,q)-H0 = 0.0000000021748710, L(p,q)-L0 = -0.0000000000032959
t = 57.6000, H(p,q)-H0 = 0.0000000021786388, L(p,q)-L0 = 0.0000000000000000
t = 57.7000, H(p,q)-H0 = 0.0000000021828624, L(p,q)-L0 = 0.0000000000000000
t = 57.8000, H(p,q)-H0 = 0.0000000021853875, L(p,q)-L0 = 0.0000000000000000
t = 57.9000, H(p,q)-H0 = 0.0000000021869661, L(p,q)-L0 = -0.0000000000000001
t = 58.0000, H(p,q)-H0 = 0.0000000021879923, L(p,q)-L0 = -0.0000000000000001
t = 58.1000, H(p,q)-H0 = 0.0000000021886828, L(p,q)-L0 = -0.0000000000000001
t = 58.2000, H(p,q)-H0 = 0.0000000021891614, L(p,q)-L0 = 0.0000000000000000
t = 58.3000, H(p,q)-H0 = 0.0000000021895021, L(p,q)-L0 = 0.0000000000000000
t = 58.4000, H(p,q)-H0 = 0.0000000021897503, L(p,q)-L0 = 0.0000000000000000
t = 58.5000, H(p,q)-H0 = 0.0000000021899346, L(p,q)-L0 = 0.0000000000000000
t = 58.6000, H(p,q)-H0 = 0.0000000021900737, L(p,q)-L0 = 0.0000000000000000
t = 58.7000, H(p,q)-H0 = 0.0000000021901799, L(p,q)-L0 = 0.0000000000000000
t = 58.8000, H(p,q)-H0 = 0.0000000021902624, L(p,q)-L0 = -0.0000000000000001
t = 58.9000, H(p,q)-H0 = 0.0000000021903266, L(p,q)-L0 = 0.0000000000000000
t = 59.0000, H(p,q)-H0 = 0.0000000021903768, L(p,q)-L0 = 0.0000000000000000
t = 59.1000, H(p,q)-H0 = 0.0000000021904160, L(p,q)-L0 = 0.0000000000000000
t = 59.2000, H(p,q)-H0 = 0.0000000021904463, L(p,q)-L0 = 0.0000000000000000
t = 59.3000, H(p,q)-H0 = 0.0000000021904691, L(p,q)-L0 = -0.0000000000000001
t = 59.4000, H(p,q)-H0 = 0.0000000021904860, L(p,q)-L0 = -0.0000000000000001
t = 59.5000, H(p,q)-H0 = 0.0000000021904973, L(p,q)-L0 = -0.0000000000000001
t = 59.6000, H(p,q)-H0 = 0.0000000021905039, L(p,q)-L0 = 0.0000000000000000
t = 59.7000, H(p,q)-H0 = 0.0000000021905057, L(p,q)-L0 = -0.0000000000000001
t = 59.8000, H(p,q)-H0 = 0.0000000021905028, L(p,q)-L0 = -0.0000000000000001
t = 59.9000, H(p,q)-H0 = 0.0000000021904953, L(p,q)-L0 = -0.0000000000000001
t = 60.0000, H(p,q)-H0 = 0.0000000021904830, L(p,q)-L0 = 0.0000000000000001
t = 60.1000, H(p,q)-H0 = 0.0000000021904649, L(p,q)-L0 = 0.0000000000000000
t = 60.2000, H(p,q)-H0 = 0.0000000021904406, L(p,q)-L0 = 0.0000000000000000
t = 60.3000, H(p,q)-H0 = 0.0000000021904085, L(p,q)-L0 = 0.0000000000000000
t = 60.4000, H(p,q)-H0 = 0.0000000021903672, L(p,q)-L0 = 0.0000000000000000
t = 60.5000, H(p,q)-H0 = 0.0000000021903144, L(p,q)-L0 = 0.0000000000000000
t = 60.6000, H(p,q)-H0 = 0.0000000021902469, L(p,q)-L0 = 0.0000000000000000
t = 60.7000, H(p,q)-H0 = 0.0000000021901599, L(p,q)-L0 = 0.0000000000000000
t = 60.8000, H(p,q)-H0 = 0.0000000021900474, L(p,q)-L0 = -0.0000000000000001
t = 60.9000, H(p,q)-H0 = 0.0000000021899000, L(p,q)-L0 = 0.0000000000000000
t = 61.0000, H(p,q)-H0 = 0.0000000021897042, L(p,q)-L0 = 0.0000000000000000
t = 61.1000, H(p,q)-H0 = 0.0000000021894392, L(p,q)-L0 = -0.0000000000000001
t = 61.2000, H(p,q)-H0 = 0.0000000021890743, L(p,q)-L0 = 0.0000000000000000
t = 61.3000, H(p,q)-H0 = 0.0000000021885584, L(p,q)-L0 = 0.0000000000000000
t = 61.4000, H(p,q)-H0 = 0.0000000021878106, L(p,q)-L0 = 0.0000000000000000
t = 61.5000, H(p,q)-H0 = 0.0000000021866923, L(p,q)-L0 = 0.0000000000000000
t = 61.6000, H(p,q)-H0 = 0.0000000021849602, L(p,q)-L0 = 0.0000000000000000
t = 61.7000, H(p,q)-H0 = 0.0000000021821681, L(p,q)-L0 = 0.0000000000000000
t = 61.8000, H(p,q)-H0 = 0.0000000021774582, L(p,q)-L0 = 0.0000000000000000
t = 61.9000, H(p,q)-H0 = 0.0000000021690918, L(p,q)-L0 = 0.0000000000000000
t = 62.0000, H(p,q)-H0 = 0.0000000021533414, L(p,q)-L0 = 0.0000000000000001
t = 62.1000, H(p,q)-H0 = 0.0000000021217160, L(p,q)-L0 = 0.0000000000000000
t = 62.2000, H(p,q)-H0 = 0.0000000020536846, L(p,q)-L0 = 0.0000000000000000
t = 62.3000, H(p,q)-H0 = 0.0000000018971202, L(p,q)-L0 = -0.0000000000000001
t = 62.4000, H(p,q)-H0 = 0.0000000015186441, L(p,q)-L0 = 0.0000000000000000
t = 62.5000, H(p,q)-H0 = 0.0000000006175898, L(p,q)-L0 = 0.0000000000000000
t = 62.6000, H(p,q)-H0 = -0.0000000011113788, L(p,q)-L0 = 0.0000000000000000
t = 62.7000, H(p,q)-H0 = -0.0000000022863598, L(p,q)-L0 = 0.0000000000000000
ROOT RETURN:	t = 62.7177 g[0] =   1, y[0] = 0.361063, y[1] = -0.221063
t = 62.7177, H(p,q)-H0 = 0.0000000131519695, L(p,q)-L0 = 0.0000000029860125
t = 62.8000, H(p,q)-H0 = -0.0000000003294947, L(p,q)-L0 = -0.0000000000000001
t = 62.9000, H(p,q)-H0 = -0.0000000011398216, L(p,q)-L0 = 0.0000000000000000
t = 63.0000, H(p,q)-H0 = -0.0000000021824618, L(p,q)-L0 = 0.0000000000000000
t = 63.1000, H(p,q)-H0 = -0.0000000004316694, L(p,q)-L0 = 0.0000000000000000
t = 63.2000, H(p,q)-H0 = 0.0000000010195265, L(p,q)-L0 = -0.0000000000000001
t = 63.3000, H(p,q)-H0 = 0.0000000016922828, L(p,q)-L0 = 0.0000000000000000
t = 63.4000, H(p,q)-H0 = 0.0000000019689991, L(p,q)-L0 = 0.0000000000000000
t = 63.5000, H(p,q)-H0 = 0.0000000020846681, L(p,q)-L0 = -0.0000000000000001
t = 63.6000, H(p,q)-H0 = 0.0000000021359695, L(p,q)-L0 = 0.0000000000000000
t = 63.7000, H(p,q)-H0 = 0.0000000021603651, L(p,q)-L0 = -0.0000000000000001
t = 63.8000, H(p,q)-H0 = 0.0000000021727854, L(p,q)-L0 = 0.0000000000000001
ROOT RETURN:	t = 63.8623 g[0] =  -1, y[0] = -0.658624, y[1] = 0.798624
t = 63.8623, H(p,q)-H0 = 0.0000000021754245, L(p,q)-L0 = -0.0000000000025983
t = 63.9000, H(p,q)-H0 = 0.0000000021795182, L(p,q)-L0 = 0.0000000000000000
t = 64.0000, H(p,q)-H0 = 0.0000000021833789, L(p,q)-L0 = 0.0000000000000000
t = 64.1000, H(p,q)-H0 = 0.0000000021857053, L(p,q)-L0 = 0.0000000000000000
t = 64.2000, H(p,q)-H0 = 0.0000000021871699, L(p,q)-L0 = 0.0000000000000000
t = 64.3000, H(p,q)-H0 = 0.0000000021881276, L(p,q)-L0 = 0.0000000000000000
t = 64.4000, H(p,q)-H0 = 0.0000000021887756, L(p,q)-L0 = 0.0000000000000000
t = 64.5000, H(p,q)-H0 = 0.0000000021892269, L(p,q)-L0 = 0.0000000000000000
t = 64.6000, H(p,q)-H0 = 0.0000000021895494, L(p,q)-L0 = 0.0000000000000000
t = 64.7000, H(p,q)-H0 = 0.0000000021897852, L(p,q)-L0 = 0.0000000000000000
t = 64.8000, H(p,q)-H0 = 0.0000000021899607, L(p,q)-L0 = 0.0000000000000000
t = 64.9000, H(p,q)-H0 = 0.0000000021900936, L(p,q)-L0 = 0.0000000000000000
t = 65.0000, H(p,q)-H0 = 0.0000000021901955, L(p,q)-L0 = 0.0000000000000000
t = 65.1000, H(p,q)-H0 = 0.0000000021902744, L(p,q)-L0 = -0.0000000000000001
t = 65.2000, H(p,q)-H0 = 0.0000000021903360, L(p,q)-L0 = 0.0000000000000000
t = 65.3000, H(p,q)-H0 = 0.0000000021903842, L(p,q)-L0 = 0.0000000000000001
t = 65.4000, H(p,q)-H0 = 0.0000000021904217, L(p,q)-L0 = 0.0000000000000000
t = 65.5000, H(p,q)-H0 = 0.0000000021904507, L(p,q)-L0 = 0.0000000000000000
t = 65.6000, H(p,q)-H0 = 0.0000000021904725, L(p,q)-L0 = 0.0000000000000000
t = 65.7000, H(p,q)-H0 = 0.0000000021904882, L(p,q)-L0 = 0.0000000000000000
t = 65.8000, H(p,q)-H0 = 0.0000000021904988, L(p,q)-L0 = 0.0000000000000000
t = 65.9000, H(p,q)-H0 = 0.0000000021905046, L(p,q)-L0 = 0.0000000000000000
t = 66.0000, H(p,q)-H0 = 0.0000000021905056, L(p,q)-L0 = 0.0000000000000001
t = 66.1000, H(p,q)-H0 = 0.0000000021905019, L(p,q)-L0 = 0.0000000000000000
t = 66.2000, H(p,q)-H0 = 0.0000000021904938, L(p,q)-L0 = 0.0000000000000000
t = 66.3000, H(p,q)-H0 = 0.0000000021904804, L(p,q)-L0 = -0.0000000000000001
t = 66.4000, H(p,q)-H0 = 0.0000000021904614, L(p,q)-L0 = 0.0000000000000000
t = 66.5000, H(p,q)-H0 = 0.0000000021904359, L(p,q)-L0 = 0.0000000000000001
t = 66.6000, H(p,q)-H0 = 0.0000000021904024, L(p,q)-L0 = 0.0000000000000001
t = 66.7000, H(p,q)-H0 = 0.0000000021903593, L(p,q)-L0 = 0.0000000000000000
t = 66.8000, H(p,q)-H0 = 0.0000000021903044, L(p,q)-L0 = 0.0000000000000000
t = 66.9000, H(p,q)-H0 = 0.0000000021902337, L(p,q)-L0 = 0.0000000000000000
t = 67.0000, H(p,q)-H0 = 0.0000000021901431, L(p,q)-L0 = 0.0000000000000000
t = 67.1000, H(p,q)-H0 = 0.0000000021900254, L(p,q)-L0 = 0.0000000000000001
t = 67.2000, H(p,q)-H0 = 0.0000000021898710, L(p,q)-L0 = 0.0000000000000001
t = 67.3000, H(p,q)-H0 = 0.0000000021896651, L(p,q)-L0 = 0.0000000000000000
t = 67.4000, H(p,q)-H0 = 0.0000000021893860, L(p,q)-L0 = 0.0000000000000000
t = 67.5000, H(p,q)-H0 = 0.0000000021889997, L(p,q)-L0 = 0.0000000000000000
t = 67.6000, H(p,q)-H0 = 0.0000000021884519, L(p,q)-L0 = 0.0000000000000000
t = 67.7000, H(p,q)-H0 = 0.0000000021876536, L(p,q)-L0 = 0.0000000000000000
t = 67.8000, H(p,q)-H0 = 0.0000000021864530, L(p,q)-L0 = 0.0000000000000000
t = 67.9000, H(p,q)-H0 = 0.0000000021845817, L(p,q)-L0 = 0.0000000000000000
t = 68.0000, H(p,q)-H0 = 0.0000000021815430, L(p,q)-L0 = 0.0000000000000000
t = 68.1000, H(p,q)-H0 = 0.0000000021763750, L(p,q)-L0 = 0.0000000000000000
t = 68.2000, H(p,q)-H0 = 0.0000000021671088, L(p,q)-L0 = 0.0000000000000001
t = 68.3000, H(p,q)-H0 = 0.0000000021494820, L(p,q)-L0 = 0.0000000000000001
t = 68.4000, H(p,q)-H0 = 0.0000000021136849, L(p,q)-L0 = 0.0000000000000000
t = 68.5000, H(p,q)-H0 = 0.0000000020357712, L(p,q)-L0 = 0.0000000000000000
t = 68.6000, H(p,q)-H0 = 0.0000000018546125, L(p,q)-L0 = 0.0000000000000001
t = 68.7000, H(p,q)-H0 = 0.0000000014149386, L(p,q)-L0 = 0.0000000000000000
t = 68.8000, H(p,q)-H0 = 0.0000000003847866, L(p,q)-L0 = 0.0000000000000001
t = 68.9000, H(p,q)-H0 = -0.0000000014401922, L(p,q)-L0 = 0.0000000000000000
t = 69.0000, H(p,q)-H0 = -0.0000000021500666, L(p,q)-L0 = 0.0000000000000000
ROOT RETURN:	t = 69.0009 g[0] =   1, y[0] = 0.361063, y[1] = -0.221063
t = 69.0009, H(p,q)-H0 = -0.0000000001126423, L(p,q)-L0 = 0.0000000003745416
t = 69.1000, H(p,q)-H0 = -0.0000000000822340, L(p,q)-L0 = 0.0000000000000000
t = 69.2000, H(p,q)-H0 = -0.0000000015604567, L(p,q)-L0 = 0.0000000000000000
t = 69.3000, H(p,q)-H0 = -0.0000000019817241, L(p,q)-L0 = 0.0000000000000000
t = 69.4000, H(p,q)-H0 = -0.0000000001246836, L(p,q)-L0 = 0.0000000000000000
t = 69.5000, H(p,q)-H0 = 0.0000000011766554, L(p,q)-L0 = 0.0000000000000000
t = 69.6000, H(p,q)-H0 = 0.0000000017576454, L(p,q)-L0 = -0.0000000000000001
t = 69.7000, H(p,q)-H0 = 0.0000000019959046, L(p,q)-L0 = -0.0000000000000001
t = 69.8000, H(p,q)-H0 = 0.0000000020963244, L(p,q)-L0 = 0.0000000000000001
t = 69.9000, H(p,q)-H0 = 0.0000000021413759, L(p,q)-L0 = -0.0000000000000001
t = 70.0000, H(p,q)-H0 = 0.0000000021630525, L(p,q)-L0 = -0.0000000000000001
t = 70.1000, H(p,q)-H0 = 0.0000000021742105, L(p,q)-L0 = 0.0000000000000000
ROOT RETURN:	t = 70.1455 g[0] =  -1, y[0] = -0.658624, y[1] = 0.798624
t = 70.1455, H(p,q)-H0 = 0.0000000021726537, L(p,q)-L0 = -0.0000000000061761
t = 70.2000, H(p,q)-H0 = 0.0000000021803195, L(p,q)-L0 = -0.0000000000000001
t = 70.3000, H(p,q)-H0 = 0.0000000021838533, L(p,q)-L0 = 0.0000000000000000
t = 70.4000, H(p,q)-H0 = 0.0000000021859993, L(p,q)-L0 = 0.0000000000000000
t = 70.5000, H(p,q)-H0 = 0.0000000021873592, L(p,q)-L0 = -0.0000000000000001
t = 70.6000, H(p,q)-H0 = 0.0000000021882544, L(p,q)-L0 = 0.0000000000000000
t = 70.7000, H(p,q)-H0 = 0.0000000021888629, L(p,q)-L0 = 0.0000000000000000
t = 70.8000, H(p,q)-H0 = 0.0000000021892886, L(p,q)-L0 = 0.0000000000000000
t = 70.9000, H(p,q)-H0 = 0.0000000021895942, L(p,q)-L0 = -0.0000000000000001
t = 71.0000, H(p,q)-H0 = 0.0000000021898182, L(p,q)-L0 = 0.0000000000000000
t = 71.1000, H(p,q)-H0 = 0.0000000021899855, L(p,q)-L0 = 0.0000000000000000
t = 71.2000, H(p,q)-H0 = 0.0000000021901125, L(p,q)-L0 = -0.0000000000000001
t = 71.3000, H(p,q)-H0 = 0.0000000021902100, L(p,q)-L0 = 0.0000000000000000
t = 71.4000, H(p,q)-H0 = 0.0000000021902858, L(p,q)-L0 = 0.0000000000000000
t = 71.5000, H(p,q)-H0 = 0.0000000021903448, L(p,q)-L0 = 0.0000000000000000
t = 71.6000, H(p,q)-H0 = 0.0000000021903911, L(p,q)-L0 = 0.0000000000000000
t = 71.7000, H(p,q)-H0 = 0.0000000021904270, L(p,q)-L0 = 0.0000000000000000
t = 71.8000, H(p,q)-H0 = 0.0000000021904547, L(p,q)-L0 = 0.0000000000000000
t = 71.9000, H(p,q)-H0 = 0.0000000021904755, L(p,q)-L0 = 0.0000000000000000
t = 72.0000, H(p,q)-H0 = 0.0000000021904903, L(p,q)-L0 = -0.0000000000000001
t = 72.1000, H(p,q)-H0 = 0.0000000021905000, L(p,q)-L0 = -0.0000000000000001
t = 72.2000, H(p,q)-H0 = 0.0000000021905049, L(p,q)-L0 = -0.0000000000000001
t = 72.3000, H(p,q)-H0 = 0.0000000021905052, L(p,q)-L0 = 0.0000000000000000
t = 72.4000, H(p,q)-H0 = 0.0000000021905009, L(p,q)-L0 = -0.0000000000000001
t = 72.5000, H(p,q)-H0 = 0.0000000021904918, L(p,q)-L0 = 0.0000000000000000
t = 72.6000, H(p,q)-H0 = 0.0000000021904775, L(p,q)-L0 = 0.0000000000000000
t = 72.7000, H(p,q)-H0 = 0.0000000021904575, L(p,q)-L0 = 0.0000000000000000
t = 72.8000, H(p,q)-H0 = 0.0000000021904306, L(p,q)-L0 = 0.0000000000000000
t = 72.9000, H(p,q)-H0 = 0.0000000021903958, L(p,q)-L0 = 0.0000000000000000
t = 73.0000, H(p,q)-H0 = 0.0000000021903509, L(p,q)-L0 = 0.0000000000000000
t = 73.1000, H(p,q)-H0 = 0.0000000021902936, L(p,q)-L0 = 0.0000000000000000
t = 73.2000, H(p,q)-H0 = 0.0000000021902199, L(p,q)-L0 = -0.0000000000000001
t = 73.3000, H(p,q)-H0 = 0.0000000021901253, L(p,q)-L0 = 0.0000000000000000
t = 73.4000, H(p,q)-H0 = 0.0000000021900022, L(p,q)-L0 = 0.0000000000000000
t = 73.5000, H(p,q)-H0 = 0.0000000021898404, L(p,q)-L0 = 0.0000000000000000
t = 73.6000, H(p,q)-H0 = 0.0000000021896238, L(p,q)-L0 = -0.0000000000000001
t = 73.7000, H(p,q)-H0 = 0.0000000021893297, L(p,q)-L0 = 0.0000000000000000
t = 73.8000, H(p,q)-H0 = 0.0000000021889207, L(p,q)-L0 = 0.0000000000000000
t = 73.9000, H(p,q)-H0 = 0.0000000021883382, L(p,q)-L0 = 0.0000000000000000
t = 74.0000, H(p,q)-H0 = 0.0000000021874852, L(p,q)-L0 = 0.0000000000000000
t = 74.1000, H(p,q)-H0 = 0.0000000021861951, L(p,q)-L0 = 0.0000000000000000
t = 74.2000, H(p,q)-H0 = 0.0000000021841708, L(p,q)-L0 = 0.0000000000000000
t = 74.3000, H(p,q)-H0 = 0.0000000021808598, L(p,q)-L0 = 0.0000000000000000
t = 74.4000, H(p,q)-H0 = 0.0000000021751803, L(p,q)-L0 = 0.0000000000000000
t = 74.5000, H(p,q)-H0 = 0.0000000021649006, L(p,q)-L0 = -0.0000000000000001
t = 74.6000, H(p,q)-H0 = 0.0000000021451375, L(p,q)-L0 = 0.0000000000000000
t = 74.7000, H(p,q)-H0 = 0.0000000021045381, L(p,q)-L0 = -0.0000000000000002
t = 74.8000, H(p,q)-H0 = 0.0000000020151367, L(p,q)-L0 = 0.0000000000000000
t = 74.9000, H(p,q)-H0 = 0.0000000018052415, L(p,q)-L0 = 0.0000000000000000
t = 75.0000, H(p,q)-H0 = 0.0000000012948249, L(p,q)-L0 = 0.0000000000000000
t = 75.1000, H(p,q)-H0 = 0.0000000001250755, L(p,q)-L0 = 0.0000000000000000
t = 75.2000, H(p,q)-H0 = -0.0000000017463930, L(p,q)-L0 = 0.0000000000000000
ROOT RETURN:	t = 75.2840 g[0] =   1, y[0] = 0.361063, y[1] = -0.221063
t = 75.2840, H(p,q)-H0 = 0.0000000093074046, L(p,q)-L0 = 0.0000000021752810
t = 75.3000, H(p,q)-H0 = -0.0000000018898954, L(p,q)-L0 = 0.0000000000000000
t = 75.4000, H(p,q)-H0 = 0.0000000000002118, L(p,q)-L0 = 0.0000000000000000
t = 75.5000, H(p,q)-H0 = -0.0000000019155202, L(p,q)-L0 = -0.0000000000000001
t = 75.6000, H(p,q)-H0 = -0.0000000017140038, L(p,q)-L0 = 0.0000000000000000
t = 75.7000, H(p,q)-H0 = 0.0000000001587313, L(p,q)-L0 = -0.0000000000000001
t = 75.8000, H(p,q)-H0 = 0.0000000013130790, L(p,q)-L0 = -0.0000000000000001
t = 75.9000, H(p,q)-H0 = 0.0000000018138416, L(p,q)-L0 = 0.0000000000000000
t = 76.0000, H(p,q)-H0 = 0.0000000020191782, L(p,q)-L0 = -0.0000000000000001
t = 76.1000, H(p,q)-H0 = 0.0000000021065175, L(p,q)-L0 = -0.0000000000000001
t = 76.2000, H(p,q)-H0 = 0.0000000021461600, L(p,q)-L0 = 0.0000000000000000
t = 76.3000, H(p,q)-H0 = 0.0000000021654578, L(p,q)-L0 = -0.0000000000000001
t = 76.4000, H(p,q)-H0 = 0.0000000021754993, L(p,q)-L0 = -0.0000000000000001
ROOT RETURN:	t = 76.4287 g[0] =  -1, y[0] = -0.658624, y[1] = 0.798624
t = 76.4287, H(p,q)-H0 = 0.0000000021739400, L(p,q)-L0 = -0.0000000000044986
t = 76.5000, H(p,q)-H0 = 0.0000000021810508, L(p,q)-L0 = 0.0000000000000000
t = 76.6000, H(p,q)-H0 = 0.0000000021842897, L(p,q)-L0 = 0.0000000000000000
t = 76.7000, H(p,q)-H0 = 0.0000000021862717, L(p,q)-L0 = -0.0000000000000001
t = 76.8000, H(p,q)-H0 = 0.0000000021875363, L(p,q)-L0 = 0.0000000000000000
t = 76.9000, H(p,q)-H0 = 0.0000000021883731, L(p,q)-L0 = -0.0000000000000001
t = 77.0000, H(p,q)-H0 = 0.0000000021889451, L(p,q)-L0 = -0.0000000000000001
t = 77.1000, H(p,q)-H0 = 0.0000000021893470, L(p,q)-L0 = 0.0000000000000000
t = 77.2000, H(p,q)-H0 = 0.0000000021896367, L(p,q)-L0 = 0.0000000000000000
t = 77.3000, H(p,q)-H0 = 0.0000000021898499, L(p,q)-L0 = 0.0000000000000000
t = 77.4000, H(p,q)-H0 = 0.0000000021900093, L(p,q)-L0 = -0.0000000000000001
t = 77.5000, H(p,q)-H0 = 0.0000000021901307, L(p,q)-L0 = 0.0000000000000000
t = 77.6000, H(p,q)-H0 = 0.0000000021902241, L(p,q)-L0 = 0.0000000000000000
t = 77.7000, H(p,q)-H0 = 0.0000000021902967, L(p,q)-L0 = -0.0000000000000001
t = 77.8000, H(p,q)-H0 = 0.0000000021903532, L(p,q)-L0 = 0.0000000000000000
t = 77.9000, H(p,q)-H0 = 0.0000000021903976, L(p,q)-L0 = -0.0000000000000001
t = 78.0000, H(p,q)-H0 = 0.0000000021904321, L(p,q)-L0 = -0.0000000000000001
t = 78.1000, H(p,q)-H0 = 0.0000000021904585, L(p,q)-L0 = 0.0000000000000000
t = 78.2000, H(p,q)-H0 = 0.0000000021904784, L(p,q)-L0 = -0.0000000000000001
t = 78.3000, H(p,q)-H0 = 0.0000000021904923, L(p,q)-L0 = -0.0000000000000001
t = 78.4000, H(p,q)-H0 = 0.0000000021905011, L(p,q)-L0 = 0.0000000000000000
t = 78.5000, H(p,q)-H0 = 0.0000000021905052, L(p,q)-L0 = -0.0000000000000001
t = 78.6000, H(p,q)-H0 = 0.0000000021905047, L(p,q)-L0 = -0.0000000000000001
t = 78.7000, H(p,q)-H0 = 0.0000000021904996, L(p,q)-L0 = -0.0000000000000001
t = 78.8000, H(p,q)-H0 = 0.0000000021904897, L(p,q)-L0 = -0.0000000000000001
t = 78.9000, H(p,q)-H0 = 0.0000000021904745, L(p,q)-L0 = 0.0000000000000000
t = 79.0000, H(p,q)-H0 = 0.0000000021904533, L(p,q)-L0 = -0.0000000000000001
t = 79.1000, H(p,q)-H0 = 0.0000000021904253, L(p,q)-L0 = -0.0000000000000001
t = 79.2000, H(p,q)-H0 = 0.0000000021903890, L(p,q)-L0 = -0.0000000000000001
t = 79.3000, H(p,q)-H0 = 0.0000000021903421, L(p,q)-L0 = -0.0000000000000001
t = 79.4000, H(p,q)-H0 = 0.0000000021902823, L(p,q)-L0 = -0.0000000000000001
t = 79.5000, H(p,q)-H0 = 0.0000000021902056, L(p,q)-L0 = 0.0000000000000000
t = 79.6000, H(p,q)-H0 = 0.0000000021901067, L(p,q)-L0 = -0.0000000000000002
t = 79.7000, H(p,q)-H0 = 0.0000000021899780, L(p,q)-L0 = -0.0000000000000002
t = 79.8000, H(p,q)-H0 = 0.0000000021898082, L(p,q)-L0 = -0.0000000000000001
t = 79.9000, H(p,q)-H0 = 0.0000000021895807, L(p,q)-L0 = 0.0000000000000000
t = 80.0000, H(p,q)-H0 = 0.0000000021892700, L(p,q)-L0 = -0.0000000000000001
t = 80.1000, H(p,q)-H0 = 0.0000000021888369, L(p,q)-L0 = 0.0000000000000000
t = 80.2000, H(p,q)-H0 = 0.0000000021882171, L(p,q)-L0 = -0.0000000000000001
t = 80.3000, H(p,q)-H0 = 0.0000000021873048, L(p,q)-L0 = -0.0000000000000001
t = 80.4000, H(p,q)-H0 = 0.0000000021859168, L(p,q)-L0 = 0.0000000000000000
t = 80.5000, H(p,q)-H0 = 0.0000000021837248, L(p,q)-L0 = 0.0000000000000000
t = 80.6000, H(p,q)-H0 = 0.0000000021801118, L(p,q)-L0 = -0.0000000000000001
t = 80.7000, H(p,q)-H0 = 0.0000000021738613, L(p,q)-L0 = 0.0000000000000000
t = 80.8000, H(p,q)-H0 = 0.0000000021624377, L(p,q)-L0 = 0.0000000000000000
t = 80.9000, H(p,q)-H0 = 0.0000000021402374, L(p,q)-L0 = 0.0000000000000000
t = 81.0000, H(p,q)-H0 = 0.0000000020941002, L(p,q)-L0 = -0.0000000000000001
t = 81.1000, H(p,q)-H0 = 0.0000000019913261, L(p,q)-L0 = -0.0000000000000002
t = 81.2000, H(p,q)-H0 = 0.0000000017478636, L(p,q)-L0 = 0.0000000000000000
t = 81.3000, H(p,q)-H0 = 0.0000000011560930, L(p,q)-L0 = -0.0000000000000001
t = 81.4000, H(p,q)-H0 = -0.0000000001606235, L(p,q)-L0 = -0.0000000000000002
t = 81.5000, H(p,q)-H0 = -0.0000000020080737, L(p,q)-L0 = 0.0000000000000000
ROOT RETURN:	t = 81.5672 g[0] =   1, y[0] = 0.361063, y[1] = -0.221063
t = 81.5672, H(p,q)-H0 = 0.0000000139063441, L(p,q)-L0 = 0.0000000031236155
t = 81.6000, H(p,q)-H0 = -0.0000000015271253, L(p,q)-L0 = -0.0000000000000001
t = 81.7000, H(p,q)-H0 = -0.0000000000970446, L(p,q)-L0 = -0.0000000000000001
t = 81.8000, H(p,q)-H0 = -0.0000000021650746, L(p,q)-L0 = -0.0000000000000001
t = 81.9000, H(p,q)-H0 = -0.0000000014039538, L(p,q)-L0 = -0.0000000000000001
t = 82.0000, H(p,q)-H0 = 0.0000000004158340, L(p,q)-L0 = -0.0000000000000001
t = 82.1000, H(p,q)-H0 = 0.0000000014310879, L(p,q)-L0 = -0.0000000000000001
t = 82.2000, H(p,q)-H0 = 0.0000000018621736, L(p,q)-L0 = -0.0000000000000001
t = 82.3000, H(p,q)-H0 = 0.0000000020393431, L(p,q)-L0 = -0.0000000000000001
t = 82.4000, H(p,q)-H0 = 0.0000000021154496, L(p,q)-L0 = -0.0000000000000001
t = 82.5000, H(p,q)-H0 = 0.0000000021504017, L(p,q)-L0 = 0.0000000000000000
t = 82.6000, H(p,q)-H0 = 0.0000000021676144, L(p,q)-L0 = 0.0000000000000000
t = 82.7000, H(p,q)-H0 = 0.0000000021766666, L(p,q)-L0 = -0.0000000000000001
ROOT RETURN:	t = 82.7119 g[0] =  -1, y[0] = -0.658624, y[1] = 0.798624
t = 82.7119, H(p,q)-H0 = 0.0000000021758467, L(p,q)-L0 = -0.0000000000020506
t = 82.8000, H(p,q)-H0 = 0.0000000021817191, L(p,q)-L0 = 0.0000000000000000
t = 82.9000, H(p,q)-H0 = 0.0000000021846919, L(p,q)-L0 = 0.0000000000000000
t = 83.0000, H(p,q)-H0 = 0.0000000021865242, L(p,q)-L0 = -0.0000000000000002
t = 83.1000, H(p,q)-H0 = 0.0000000021877013, L(p,q)-L0 = 0.0000000000000000
t = 83.2000, H(p,q)-H0 = 0.0000000021884847, L(p,q)-L0 = 0.0000000000000000
t = 83.3000, H(p,q)-H0 = 0.0000000021890226, L(p,q)-L0 = -0.0000000000000001
t = 83.4000, H(p,q)-H0 = 0.0000000021894024, L(p,q)-L0 = -0.0000000000000001
t = 83.5000, H(p,q)-H0 = 0.0000000021896770, L(p,q)-L0 = -0.0000000000000001
t = 83.6000, H(p,q)-H0 = 0.0000000021898798, L(p,q)-L0 = -0.0000000000000001
t = 83.7000, H(p,q)-H0 = 0.0000000021900322, L(p,q)-L0 = 0.0000000000000000
t = 83.8000, H(p,q)-H0 = 0.0000000021901481, L(p,q)-L0 = 0.0000000000000000
t = 83.9000, H(p,q)-H0 = 0.0000000021902377, L(p,q)-L0 = 0.0000000000000000
t = 84.0000, H(p,q)-H0 = 0.0000000021903072, L(p,q)-L0 = 0.0000000000000000
t = 84.1000, H(p,q)-H0 = 0.0000000021903615, L(p,q)-L0 = -0.0000000000000001
t = 84.2000, H(p,q)-H0 = 0.0000000021904041, L(p,q)-L0 = 0.0000000000000000
t = 84.3000, H(p,q)-H0 = 0.0000000021904372, L(p,q)-L0 = 0.0000000000000000
t = 84.4000, H(p,q)-H0 = 0.0000000021904625, L(p,q)-L0 = 0.0000000000000000
t = 84.5000, H(p,q)-H0 = 0.0000000021904810, L(p,q)-L0 = 0.0000000000000000
t = 84.6000, H(p,q)-H0 = 0.0000000021904942, L(p,q)-L0 = -0.0000000000000001
t = 84.7000, H(p,q)-H0 = 0.0000000021905022, L(p,q)-L0 = -0.0000000000000001
t = 84.8000, H(p,q)-H0 = 0.0000000021905056, L(p,q)-L0 = -0.0000000000000001
t = 84.9000, H(p,q)-H0 = 0.0000000021905042, L(p,q)-L0 = -0.0000000000000001
t = 85.0000, H(p,q)-H0 = 0.0000000021904983, L(p,q)-L0 = 0.0000000000000000
t = 85.1000, H(p,q)-H0 = 0.0000000021904875, L(p,q)-L0 = -0.0000000000000002
t = 85.2000, H(p,q)-H0 = 0.0000000021904715, L(p,q)-L0 = 0.0000000000000000
t = 85.3000, H(p,q)-H0 = 0.0000000021904492, L(p,q)-L0 = -0.0000000000000001
t = 85.4000, H(p,q)-H0 = 0.0000000021904198, L(p,q)-L0 = 0.0000000000000000
t = 85.5000, H(p,q)-H0 = 0.0000000021903818, L(p,q)-L0 = -0.0000000000000001
t = 85.6000, H(p,q)-H0 = 0.0000000021903331, L(p,q)-L0 = 0.0000000000000000
t = 85.7000, H(p,q)-H0 = 0.0000000021902707, L(p,q)-L0 = -0.0000000000000002
t = 85.8000, H(p,q)-H0 = 0.0000000021901908, L(p,q)-L0 = 0.0000000000000000
t = 85.9000, H(p,q)-H0 = 0.0000000021900876, L(p,q)-L0 = 0.0000000000000001
t = 86.0000, H(p,q)-H0 = 0.0000000021899528, L(p,q)-L0 = -0.0000000000000001
t = 86.1000, H(p,q)-H0 = 0.0000000021897746, L(p,q)-L0 = 0.0000000000000000
t = 86.2000, H(p,q)-H0 = 0.0000000021895351, L(p,q)-L0 = 0.0000000000000000
t = 86.3000, H(p,q)-H0 = 0.0000000021892071, L(p,q)-L0 = 0.0000000000000000
t = 86.4000, H(p,q)-H0 = 0.0000000021887479, L(p,q)-L0 = -0.0000000000000001
t = 86.5000, H(p,q)-H0 = 0.0000000021880882, L(p,q)-L0 = 0.0000000000000000
t = 86.6000, H(p,q)-H0 = 0.0000000021871112, L(p,q)-L0 = 0.0000000000000000
t = 86.7000, H(p,q)-H0 = 0.0000000021856167, L(p,q)-L0 = 0.0000000000000000
t = 86.8000, H(p,q)-H0 = 0.0000000021832398, L(p,q)-L0 = 0.0000000000000000
t = 86.9000, H(p,q)-H0 = 0.0000000021792922, L(p,q)-L0 = -0.0000000000000001
t = 87.0000, H(p,q)-H0 = 0.0000000021724023, L(p,q)-L0 = -0.0000000000000001
t = 87.1000, H(p,q)-H0 = 0.0000000021596853, L(p,q)-L0 = -0.0000000000000002
t = 87.2000, H(p,q)-H0 = 0.0000000021347003, L(p,q)-L0 = -0.0000000000000001
t = 87.3000, H(p,q)-H0 = 0.0000000020821659, L(p,q)-L0 = 0.0000000000000000
t = 87.4000, H(p,q)-H0 = 0.0000000019638068, L(p,q)-L0 = 0.0000000000000000
t = 87.5000, H(p,q)-H0 = 0.0000000016811599, L(p,q)-L0 = 0.0000000000000000
t = 87.6000, H(p,q)-H0 = 0.0000000009964676, L(p,q)-L0 = -0.0000000000000002
t = 87.7000, H(p,q)-H0 = -0.0000000004693219, L(p,q)-L0 = -0.0000000000000001
t = 87.8000, H(p,q)-H0 = -0.0000000022005262, L(p,q)-L0 = 0.0000000000000000
ROOT RETURN:	t = 87.8504 g[0] =   1, y[0] = 0.361063, y[1] = -0.221063
t = 87.8504, H(p,q)-H0 = -0.0000000012000709, L(p,q)-L0 = 0.0000000001728662
t = 87.9000, H(p,q)-H0 = -0.0000000011032588, L(p,q)-L0 = -0.0000000000000001
t = 88.0000, H(p,q)-H0 = -0.0000000003564948, L(p,q)-L0 = 0.0000000000000000
t = 88.1000, H(p,q)-H0 = -0.0000000022895377, L(p,q)-L0 = 0.0000000000000000
t = 88.2000, H(p,q)-H0 = -0.0000000010732304, L(p,q)-L0 = -0.0000000000000001
t = 88.3000, H(p,q)-H0 = 0.0000000006458953, L(p,q)-L0 = -0.0000000000000001
t = 88.4000, H(p,q)-H0 = 0.0000000015328960, L(p,q)-L0 = 0.0000000000000000
t = 88.5000, H(p,q)-H0 = 0.0000000019037720, L(p,q)-L0 = 0.0000000000000001
t = 88.6000, H(p,q)-H0 = 0.0000000020568457, L(p,q)-L0 = 0.0000000000000001
t = 88.7000, H(p,q)-H0 = 0.0000000021232918, L(p,q)-L0 = 0.0000000000000000
t = 88.8000, H(p,q)-H0 = 0.0000000021541700, L(p,q)-L0 = 0.0000000000000000
t = 88.9000, H(p,q)-H0 = 0.0000000021695511, L(p,q)-L0 = -0.0000000000000001
ROOT RETURN:	t = 88.9951 g[0] =  -1, y[0] = -0.658624, y[1] = 0.798624
t = 88.9951, H(p,q)-H0 = 0.0000000021729337, L(p,q)-L0 = -0.0000000000058159
t = 89.0000, H(p,q)-H0 = 0.0000000021777253, L(p,q)-L0 = 0.0000000000000000
t = 89.1000, H(p,q)-H0 = 0.0000000021823305, L(p,q)-L0 = 0.0000000000000000
t = 89.2000, H(p,q)-H0 = 0.0000000021850627, L(p,q)-L0 = -0.0000000000000001
t = 89.3000, H(p,q)-H0 = 0.0000000021867591, L(p,q)-L0 = -0.0000000000000001
t = 89.4000, H(p,q)-H0 = 0.0000000021878555, L(p,q)-L0 = -0.0000000000000001
t = 89.5000, H(p,q)-H0 = 0.0000000021885893, L(p,q)-L0 = 0.0000000000000000
t = 89.6000, H(p,q)-H0 = 0.0000000021890958, L(p,q)-L0 = 0.0000000000000000
t = 89.7000, H(p,q)-H0 = 0.0000000021894550, L(p,q)-L0 = 0.0000000000000000
t = 89.8000, H(p,q)-H0 = 0.0000000021897156, L(p,q)-L0 = 0.0000000000000000
t = 89.9000, H(p,q)-H0 = 0.0000000021899086, L(p,q)-L0 = 0.0000000000000000
t = 90.0000, H(p,q)-H0 = 0.0000000021900538, L(p,q)-L0 = -0.0000000000000001
t = 90.1000, H(p,q)-H0 = 0.0000000021901648, L(p,q)-L0 = 0.0000000000000000
t = 90.2000, H(p,q)-H0 = 0.0000000021902505, L(p,q)-L0 = 0.0000000000000000
t = 90.3000, H(p,q)-H0 = 0.0000000021903174, L(p,q)-L0 = 0.0000000000000000
t = 90.4000, H(p,q)-H0 = 0.0000000021903695, L(p,q)-L0 = -0.0000000000000001
t = 90.5000, H(p,q)-H0 = 0.0000000021904104, L(p,q)-L0 = 0.0000000000000000
t = 90.6000, H(p,q)-H0 = 0.0000000021904418, L(p,q)-L0 = 0.0000000000000000
t = 90.7000, H(p,q)-H0 = 0.0000000021904659, L(p,q)-L0 = 0.0000000000000000
t = 90.8000, H(p,q)-H0 = 0.0000000021904836, L(p,q)-L0 = -0.0000000000000001
t = 90.9000, H(p,q)-H0 = 0.0000000021904958, L(p,q)-L0 = -0.0000000000000001
t = 91.0000, H(p,q)-H0 = 0.0000000021905031, L(p,q)-L0 = 0.0000000000000001
t = 91.1000, H(p,q)-H0 = 0.0000000021905057, L(p,q)-L0 = 0.0000000000000000
t = 91.2000, H(p,q)-H0 = 0.0000000021905036, L(p,q)-L0 = -0.0000000000000001
t = 91.3000, H(p,q)-H0 = 0.0000000021904969, L(p,q)-L0 = 0.0000000000000000
t = 91.4000, H(p,q)-H0 = 0.0000000021904853, L(p,q)-L0 = -0.0000000000000001
t = 91.5000, H(p,q)-H0 = 0.0000000021904681, L(p,q)-L0 = -0.0000000000000001
t = 91.6000, H(p,q)-H0 = 0.0000000021904449, L(p,q)-L0 = 0.0000000000000000
t = 91.7000, H(p,q)-H0 = 0.0000000021904142, L(p,q)-L0 = -0.0000000000000001
t = 91.8000, H(p,q)-H0 = 0.0000000021903745, L(p,q)-L0 = 0.0000000000000000
t = 91.9000, H(p,q)-H0 = 0.0000000021903237, L(p,q)-L0 = 0.0000000000000000
t = 92.0000, H(p,q)-H0 = 0.0000000021902586, L(p,q)-L0 = 0.0000000000000000
t = 92.1000, H(p,q)-H0 = 0.0000000021901752, L(p,q)-L0 = 0.0000000000000000
t = 92.2000, H(p,q)-H0 = 0.0000000021900673, L(p,q)-L0 = 0.0000000000000000
t = 92.3000, H(p,q)-H0 = 0.0000000021899261, L(p,q)-L0 = 0.0000000000000000
t = 92.4000, H(p,q)-H0 = 0.0000000021897392, L(p,q)-L0 = -0.0000000000000001
t = 92.5000, H(p,q)-H0 = 0.0000000021894872, L(p,q)-L0 = 0.0000000000000000
t = 92.6000, H(p,q)-H0 = 0.0000000021891406, L(p,q)-L0 = -0.0000000000000001
t = 92.7000, H(p,q)-H0 = 0.0000000021886534, L(p,q)-L0 = -0.0000000000000001
t = 92.8000, H(p,q)-H0 = 0.0000000021879500, L(p,q)-L0 = 0.0000000000000000
t = 92.9000, H(p,q)-H0 = 0.0000000021869037, L(p,q)-L0 = 0.0000000000000000
t = 93.0000, H(p,q)-H0 = 0.0000000021852921, L(p,q)-L0 = 0.0000000000000000
t = 93.1000, H(p,q)-H0 = 0.0000000021827118, L(p,q)-L0 = -0.0000000000000001
t = 93.2000, H(p,q)-H0 = 0.0000000021783927, L(p,q)-L0 = 0.0000000000000000
t = 93.3000, H(p,q)-H0 = 0.0000000021707859, L(p,q)-L0 = 0.0000000000000000
t = 93.4000, H(p,q)-H0 = 0.0000000021566040, L(p,q)-L0 = -0.0000000000000001
t = 93.5000, H(p,q)-H0 = 0.0000000021284303, L(p,q)-L0 = -0.0000000000000001
t = 93.6000, H(p,q)-H0 = 0.0000000020684934, L(p,q)-L0 = -0.0000000000000001
t = 93.7000, H(p,q)-H0 = 0.0000000019319524, L(p,q)-L0 = 0.0000000000000000
t = 93.8000, H(p,q)-H0 = 0.0000000016036215, L(p,q)-L0 = -0.0000000000000001
t = 93.9000, H(p,q)-H0 = 0.0000000008137404, L(p,q)-L0 = -0.0000000000000001
t = 94.0000, H(p,q)-H0 = -0.0000000007952294, L(p,q)-L0 = 0.0000000000000000
t = 94.1000, H(p,q)-H0 = -0.0000000022989104, L(p,q)-L0 = -0.0000000000000001
ROOT RETURN:	t = 94.1336 g[0] =   1, y[0] = 0.361063, y[1] = -0.221063
t = 94.1336, H(p,q)-H0 = 0.0000000079756906, L(p,q)-L0 = 0.0000000019152172
t = 94.2000, H(p,q)-H0 = -0.0000000006765071, L(p,q)-L0 = -0.0000000000000001
t = 94.3000, H(p,q)-H0 = -0.0000000007326104, L(p,q)-L0 = -0.0000000000000002
t = 94.4000, H(p,q)-H0 = -0.0000000022880617, L(p,q)-L0 = -0.0000000000000001
t = 94.5000, H(p,q)-H0 = -0.0000000007392522, L(p,q)-L0 = -0.0000000000000002
t = 94.6000, H(p,q)-H0 = 0.0000000008495675, L(p,q)-L0 = -0.0000000000000002
t = 94.7000, H(p,q)-H0 = 0.0000000016205692, L(p,q)-L0 = -0.0000000000000001
t = 94.8000, H(p,q)-H0 = 0.0000000019396089, L(p,q)-L0 = 0.0000000000000000
t = 94.9000, H(p,q)-H0 = 0.0000000020720647, L(p,q)-L0 = -0.0000000000000001
t = 95.0000, H(p,q)-H0 = 0.0000000021301907, L(p,q)-L0 = 0.0000000000000000
t = 95.1000, H(p,q)-H0 = 0.0000000021575237, L(p,q)-L0 = 0.0000000000000000
t = 95.2000, H(p,q)-H0 = 0.0000000021712937, L(p,q)-L0 = -0.0000000000000001
ROOT RETURN:	t = 95.2783 g[0] =  -1, y[0] = -0.658625, y[1] = 0.798625
t = 95.2783, H(p,q)-H0 = 0.0000000021732485, L(p,q)-L0 = -0.0000000000053928
t = 95.3000, H(p,q)-H0 = 0.0000000021786871, L(p,q)-L0 = -0.0000000000000001
t = 95.4000, H(p,q)-H0 = 0.0000000021828907, L(p,q)-L0 = 0.0000000000000000
t = 95.5000, H(p,q)-H0 = 0.0000000021854049, L(p,q)-L0 = -0.0000000000000001
t = 95.6000, H(p,q)-H0 = 0.0000000021869770, L(p,q)-L0 = -0.0000000000000001
t = 95.7000, H(p,q)-H0 = 0.0000000021879995, L(p,q)-L0 = -0.0000000000000001
t = 95.8000, H(p,q)-H0 = 0.0000000021886876, L(p,q)-L0 = -0.0000000000000001
t = 95.9000, H(p,q)-H0 = 0.0000000021891650, L(p,q)-L0 = 0.0000000000000000
t = 96.0000, H(p,q)-H0 = 0.0000000021895045, L(p,q)-L0 = -0.0000000000000001
t = 96.1000, H(p,q)-H0 = 0.0000000021897521, L(p,q)-L0 = 0.0000000000000000
t = 96.2000, H(p,q)-H0 = 0.0000000021899358, L(p,q)-L0 = 0.0000000000000000
t = 96.3000, H(p,q)-H0 = 0.0000000021900747, L(p,q)-L0 = 0.0000000000000000
t = 96.4000, H(p,q)-H0 = 0.0000000021901808, L(p,q)-L0 = 0.0000000000000000
t = 96.5000, H(p,q)-H0 = 0.0000000021902628, L(p,q)-L0 = -0.0000000000000001
t = 96.6000, H(p,q)-H0 = 0.0000000021903269, L(p,q)-L0 = 0.0000000000000000
t = 96.7000, H(p,q)-H0 = 0.0000000021903769, L(p,q)-L0 = -0.0000000000000001
t = 96.8000, H(p,q)-H0 = 0.0000000021904161, L(p,q)-L0 = -0.0000000000000001
t = 96.9000, H(p,q)-H0 = 0.0000000021904463, L(p,q)-L0 = 0.0000000000000000
t = 97.0000, H(p,q)-H0 = 0.0000000021904694, L(p,q)-L0 = 0.0000000000000000
t = 97.1000, H(p,q)-H0 = 0.0000000021904860, L(p,q)-L0 = -0.0000000000000001
t = 97.2000, H(p,q)-H0 = 0.0000000021904973, L(p,q)-L0 = -0.0000000000000001
t = 97.3000, H(p,q)-H0 = 0.0000000021905037, L(p,q)-L0 = -0.0000000000000001
t = 97.4000, H(p,q)-H0 = 0.0000000021905056, L(p,q)-L0 = -0.0000000000000001
t = 97.5000, H(p,q)-H0 = 0.0000000021905026, L(p,q)-L0 = -0.0000000000000001
t = 97.6000, H(p,q)-H0 = 0.0000000021904953, L(p,q)-L0 = -0.0000000000000001
t = 97.7000, H(p,q)-H0 = 0.0000000021904827, L(p,q)-L0 = -0.0000000000000001
t = 97.8000, H(p,q)-H0 = 0.0000000021904646, L(p,q)-L0 = -0.0000000000000001
t = 97.9000, H(p,q)-H0 = 0.0000000021904402, L(p,q)-L0 = -0.0000000000000001
t = 98.0000, H(p,q)-H0 = 0.0000000021904081, L(p,q)-L0 = 0.0000000000000000
t = 98.1000, H(p,q)-H0 = 0.0000000021903667, L(p,q)-L0 = -0.0000000000000001
t = 98.2000, H(p,q)-H0 = 0.0000000021903138, L(p,q)-L0 = 0.0000000000000000
t = 98.3000, H(p,q)-H0 = 0.0000000021902460, L(p,q)-L0 = 0.0000000000000000
t = 98.4000, H(p,q)-H0 = 0.0000000021901588, L(p,q)-L0 = -0.0000000000000001
t = 98.5000, H(p,q)-H0 = 0.0000000021900461, L(p,q)-L0 = 0.0000000000000000
t = 98.6000, H(p,q)-H0 = 0.0000000021898983, L(p,q)-L0 = -0.0000000000000002
t = 98.7000, H(p,q)-H0 = 0.0000000021897019, L(p,q)-L0 = -0.0000000000000001
t = 98.8000, H(p,q)-H0 = 0.0000000021894364, L(p,q)-L0 = -0.0000000000000002
t = 98.9000, H(p,q)-H0 = 0.0000000021890702, L(p,q)-L0 = 0.0000000000000000
t = 99.0000, H(p,q)-H0 = 0.0000000021885528, L(p,q)-L0 = -0.0000000000000001
t = 99.1000, H(p,q)-H0 = 0.0000000021878026, L(p,q)-L0 = -0.0000000000000001
t = 99.2000, H(p,q)-H0 = 0.0000000021866799, L(p,q)-L0 = -0.0000000000000001
t = 99.3000, H(p,q)-H0 = 0.0000000021849408, L(p,q)-L0 = 0.0000000000000000
t = 99.4000, H(p,q)-H0 = 0.0000000021821366, L(p,q)-L0 = -0.0000000000000001
t = 99.5000, H(p,q)-H0 = 0.0000000021774034, L(p,q)-L0 = -0.0000000000000002
t = 99.6000, H(p,q)-H0 = 0.0000000021689920, L(p,q)-L0 = -0.0000000000000002
t = 99.7000, H(p,q)-H0 = 0.0000000021531483, L(p,q)-L0 = 0.0000000000000000
t = 99.8000, H(p,q)-H0 = 0.0000000021213169, L(p,q)-L0 = -0.0000000000000001
t = 99.9000, H(p,q)-H0 = 0.0000000020527999, L(p,q)-L0 = -0.0000000000000001
t = 100.0000, H(p,q)-H0 = 0.0000000018950302, L(p,q)-L0 = -0.0000000000000001
Current time                 = 99.99999999999859
Steps                        = 10000
Step attempts                = 10000
Stability limited steps      = 0
Accuracy limited steps       = 0
Error test fails             = 0
NLS step fails               = 0
Inequality constraint fails  = 0
Initial step size            = 0.01
Last step size               = 0.009999999999990896
Current step size            = 0.009999999999990896
Root fn evals                = 10298
f1 RHS fn evals              = 40032
f2 RHS fn evals              = 40032
