
Multirate nonlinear Kvaerno-Prothero-Robinson test problem:
    time domain:  (0,5]
    hs = 0.005
    hf = 5e-05
    G = -100
    w = 100
    e = 0.5
    solver: exp-4/exp-3 (MRI-GARK-ERK45a / ERK-3-3)

        t           u           v       uerr      verr
   ------------------------------------------------------
    0.000000    1.224745    1.732051  0.00e+00  0.00e+00
    0.100000    1.223725    1.077464  8.08e-09  4.56e-10
    0.200000    1.220669    1.551800  8.03e-09  9.03e-10
    0.300000    1.215594    1.467737  7.94e-09  1.30e-09
    0.400000    1.208524    1.154583  7.80e-09  1.66e-09
    0.500000    1.199496    1.721908  7.62e-09  1.97e-09
    0.600000    1.188557    1.023517  7.40e-09  2.24e-09
    0.700000    1.175764    1.622751  7.13e-09  2.47e-09
    0.800000    1.161186    1.374632  6.82e-09  2.66e-09
    0.900000    1.144904    1.245763  6.46e-09  2.81e-09
    1.000000    1.127010    1.691839  6.05e-09  2.92e-09
    1.100000    1.107609    1.000489  5.59e-09  3.00e-09
    1.200000    1.086821    1.677553  9.61e-09  6.91e-07
    1.300000    1.064777    1.277776  4.15e-09  8.84e-07
    1.400000    1.041625    1.342457  2.28e-08  1.86e-06
    1.500000    1.017531    1.642942  9.17e-09  1.87e-06
    1.600000    0.992673    1.012115  2.36e-08  2.51e-06
    1.700000    0.967253    1.714061  2.39e-08  2.93e-06
    1.800000    0.941488    1.183870  2.22e-08  3.09e-06
    1.900000    0.915617    1.437469  3.90e-08  3.95e-06
    2.000000    0.889903    1.577086  2.44e-08  3.80e-06
    2.100000    0.864625    1.056471  4.00e-08  4.37e-06
    2.200000    0.840089    1.730925  3.45e-08  4.45e-06
    2.300000    0.816616    1.101051  3.61e-08  4.52e-06
    2.400000    0.794546    1.525056  4.93e-08  5.12e-06
    2.500000    0.774228    1.496998  3.42e-08  4.76e-06
    2.600000    0.756013    1.126862  4.95e-08  5.17e-06
    2.700000    0.740246    1.727541  3.78e-08  4.84e-06
    2.800000    0.727247    1.038398  4.12e-08  4.72e-06
    2.900000    0.717301    1.600764  4.83e-08  4.93e-06
    3.000000    0.710636    1.406384  3.27e-08  4.30e-06
    3.100000    0.707413    1.214357  4.54e-08  4.46e-06
    3.200000    0.707709    1.704030  2.76e-08  3.71e-06
    3.300000    0.711520    1.004394  3.10e-08  3.37e-06
    3.400000    0.718750    1.661228  3.04e-08  3.14e-06
    3.500000    0.729227    1.310104  1.54e-08  2.31e-06
    3.600000    0.742712    1.310082  2.51e-08  2.26e-06
    3.700000    0.758914    1.661238  3.68e-09  1.25e-06
    3.800000    0.777506    1.004388  8.35e-09  8.51e-07
    3.900000    0.798144    1.704019  2.03e-09  3.40e-07
    4.000000    0.820474    1.214373  9.04e-09  4.82e-07
    4.100000    0.844149    1.406358  1.12e-10  5.31e-07
    4.200000    0.868832    1.600773  2.11e-08  1.53e-06
    4.300000    0.894204    1.038380  1.31e-08  1.77e-06
    4.400000    0.919964    1.727531  2.28e-08  2.35e-06
    4.500000    0.945834    1.126872  2.78e-08  2.94e-06
    4.600000    0.971557    1.496971  1.87e-08  2.85e-06
    4.700000    0.996898    1.525066  3.74e-08  3.66e-06
    4.800000    1.021641    1.101026  2.58e-08  3.61e-06
    4.900000    1.045589    1.730918  3.78e-08  4.12e-06
    5.000000    1.068565    1.056476  3.68e-08  4.39e-06
   ------------------------------------------------------

Final Solver Statistics:
   Steps: nsts = 1001, nstf = 100100
   u error = 2.628e-08, v error = 2.982e-06, total error = 2.109e-06
   Total RHS evals:  Fs = 5005,  Ff = 300300
