
Conserved Exponential Entropy problem:
   method     = ERK
   reltol     = 1.0e-06
   abstol     = 1.0e-10
   relaxation = ON

 step   t              u              v              e              delta e
 -------------------------------------------------------------------------------
    0   0.000000e+00   1.000000e+00   5.000000e-01   4.367003e+00   0.000000e+00
   40   1.167689e+00  -3.135232e+00   1.464068e+00   4.367003e+00  -8.881784e-15
 -------------------------------------------------------------------------------

Final Solver Statistics:
   Internal solver steps = 54 (attempted = 65)
   Total number of error test failures = 2
   Total RHS evals:  Fe = 328,  Fi = 0
   Total Relaxation Fn evals    = 312
   Total Relaxation Jac evals   = 515
   Total Relaxation fails       = 9
   Total Relaxation bound fails = 1
   Total Relaxation NLS fails   = 8
   Total Relaxation NLS iters   = 190

