
   Begin Kepler Problem

Problem Arguments:
  stepper:              0
  step mode:            0
  use tstop:            1
  use compensated sums: 0
  dt:                   0.01
  Tf:                   100
  nout:                 50

t = 0.0000, H(p,q) = -0.5000000000000000, L(p,q) = 0.8000000000000000
t = 2.0000, H(p,q)-H0 = 0.0000000021900079, L(p,q)-L0 = -0.0000000000000004
t = 4.0000, H(p,q)-H0 = 0.0000000021902838, L(p,q)-L0 = -0.0000000000000022
t = 6.0000, H(p,q)-H0 = -0.0000000001292904, L(p,q)-L0 = -0.0000000000000027
t = 8.0000, H(p,q)-H0 = 0.0000000021893957, L(p,q)-L0 = -0.0000000000000022
t = 10.0000, H(p,q)-H0 = 0.0000000021904197, L(p,q)-L0 = -0.0000000000000014
t = 12.0000, H(p,q)-H0 = 0.0000000019669049, L(p,q)-L0 = -0.0000000000000018
t = 14.0000, H(p,q)-H0 = 0.0000000021878387, L(p,q)-L0 = -0.0000000000000026
t = 16.0000, H(p,q)-H0 = 0.0000000021904862, L(p,q)-L0 = -0.0000000000000002
t = 18.0000, H(p,q)-H0 = 0.0000000021569482, L(p,q)-L0 = 0.0000000000000019
t = 20.0000, H(p,q)-H0 = 0.0000000021828357, L(p,q)-L0 = 0.0000000000000018
t = 22.0000, H(p,q)-H0 = 0.0000000021905076, L(p,q)-L0 = 0.0000000000000021
t = 24.0000, H(p,q)-H0 = 0.0000000021822002, L(p,q)-L0 = 0.0000000000000001
t = 26.0000, H(p,q)-H0 = 0.0000000021602123, L(p,q)-L0 = -0.0000000000000019
t = 28.0000, H(p,q)-H0 = 0.0000000021904860, L(p,q)-L0 = -0.0000000000000017
t = 30.0000, H(p,q)-H0 = 0.0000000021876610, L(p,q)-L0 = -0.0000000000000016
t = 32.0000, H(p,q)-H0 = 0.0000000019945753, L(p,q)-L0 = -0.0000000000000024
t = 34.0000, H(p,q)-H0 = 0.0000000021904221, L(p,q)-L0 = -0.0000000000000029
t = 36.0000, H(p,q)-H0 = 0.0000000021893279, L(p,q)-L0 = -0.0000000000000040
t = 38.0000, H(p,q)-H0 = 0.0000000001444007, L(p,q)-L0 = -0.0000000000000061
t = 40.0000, H(p,q)-H0 = 0.0000000021902866, L(p,q)-L0 = -0.0000000000000081
t = 42.0000, H(p,q)-H0 = 0.0000000021899708, L(p,q)-L0 = -0.0000000000000064
t = 44.0000, H(p,q)-H0 = -0.0000000000875728, L(p,q)-L0 = -0.0000000000000057
t = 46.0000, H(p,q)-H0 = 0.0000000021900262, L(p,q)-L0 = -0.0000000000000039
t = 48.0000, H(p,q)-H0 = 0.0000000021902659, L(p,q)-L0 = -0.0000000000000050
t = 50.0000, H(p,q)-H0 = -0.0000000004525296, L(p,q)-L0 = -0.0000000000000049
t = 52.0000, H(p,q)-H0 = 0.0000000021894484, L(p,q)-L0 = -0.0000000000000053
t = 54.0000, H(p,q)-H0 = 0.0000000021904100, L(p,q)-L0 = -0.0000000000000054
t = 56.0000, H(p,q)-H0 = 0.0000000019337507, L(p,q)-L0 = -0.0000000000000047
t = 58.0000, H(p,q)-H0 = 0.0000000021879874, L(p,q)-L0 = -0.0000000000000058
t = 60.0000, H(p,q)-H0 = 0.0000000021904786, L(p,q)-L0 = -0.0000000000000059
t = 62.0000, H(p,q)-H0 = 0.0000000021533383, L(p,q)-L0 = -0.0000000000000052
t = 64.0000, H(p,q)-H0 = 0.0000000021833744, L(p,q)-L0 = -0.0000000000000060
t = 66.0000, H(p,q)-H0 = 0.0000000021905000, L(p,q)-L0 = -0.0000000000000069
t = 68.0000, H(p,q)-H0 = 0.0000000021815384, L(p,q)-L0 = -0.0000000000000056
t = 70.0000, H(p,q)-H0 = 0.0000000021630482, L(p,q)-L0 = -0.0000000000000061
t = 72.0000, H(p,q)-H0 = 0.0000000021904852, L(p,q)-L0 = -0.0000000000000060
t = 74.0000, H(p,q)-H0 = 0.0000000021874813, L(p,q)-L0 = -0.0000000000000040
t = 76.0000, H(p,q)-H0 = 0.0000000020191782, L(p,q)-L0 = -0.0000000000000027
t = 78.0000, H(p,q)-H0 = 0.0000000021904325, L(p,q)-L0 = -0.0000000000000021
t = 80.0000, H(p,q)-H0 = 0.0000000021892689, L(p,q)-L0 = -0.0000000000000047
t = 82.0000, H(p,q)-H0 = 0.0000000004158323, L(p,q)-L0 = -0.0000000000000042
t = 84.0000, H(p,q)-H0 = 0.0000000021903037, L(p,q)-L0 = -0.0000000000000057
t = 86.0000, H(p,q)-H0 = 0.0000000021899496, L(p,q)-L0 = -0.0000000000000052
t = 88.0000, H(p,q)-H0 = -0.0000000003565019, L(p,q)-L0 = -0.0000000000000066
t = 90.0000, H(p,q)-H0 = 0.0000000021900517, L(p,q)-L0 = -0.0000000000000029
t = 92.0000, H(p,q)-H0 = 0.0000000021902564, L(p,q)-L0 = -0.0000000000000029
t = 94.0000, H(p,q)-H0 = -0.0000000007952314, L(p,q)-L0 = -0.0000000000000022
t = 96.0000, H(p,q)-H0 = 0.0000000021895020, L(p,q)-L0 = -0.0000000000000016
t = 98.0000, H(p,q)-H0 = 0.0000000021904060, L(p,q)-L0 = -0.0000000000000003
t = 100.0000, H(p,q)-H0 = 0.0000000018950280, L(p,q)-L0 = -0.0000000000000007
Current time                 = 100
Steps                        = 10000
Step attempts                = 10000
Stability limited steps      = 0
Accuracy limited steps       = 0
Error test fails             = 0
NLS step fails               = 0
Inequality constraint fails  = 0
Initial step size            = 0.01
Last step size               = 0.009999999998981926
Current step size            = 0.009999999998981926
f1 RHS fn evals              = 40001
f2 RHS fn evals              = 40001
