
Analytical ODE test problem:
   lambda = -100
   reltol = 1.0e-06
   abstol = 1.0e-10

        t           u
   ---------------------
    1.000000    0.785398
    2.000000    1.107148
    3.000000    1.249045
    4.000000    1.325818
    5.000000    1.373401
    6.000000    1.405647
    7.000000    1.428899
    8.000000    1.446442
    9.000000    1.460139
   10.000000    1.471127
   ---------------------

Final Solver Statistics:
   Internal solver steps = 92 (attempted = 92)
   Total RHS evals:  Fe = 0,  Fi = 923
   Total linear solver setups = 0
   Total RHS evals for setting up the linear system = 0
   Total number of Jacobian evaluations = 0
   Total number of Newton iterations = 460
   Total number of linear solver convergence failures = 0
   Total number of error test failures = 0

