
Multirate nonlinear Kvaerno-Prothero-Robinson test problem:
    time domain:  (0,5]
    hs = 0.001
    hf = 1e-05
    G = -100
    w = 100
    e = 0.5
    solver: dirk-3/exp-3 (MRI-GARK-ESDIRK34a / ERK-3-3) -- solve decoupled
    reltol = 1.00e-09,  abstol = 1.00e-11
        t           u           v       uerr      verr
   ------------------------------------------------------
    0.000000    1.224745    1.732051  0.00e+00  0.00e+00
    0.100000    1.223725    1.077464  4.01e-10  5.72e-11
    0.200000    1.220669    1.551800  4.06e-10  1.12e-10
    0.300000    1.215594    1.467737  3.95e-10  1.60e-10
    0.400000    1.208524    1.154583  3.88e-10  2.03e-10
    0.500000    1.199496    1.721908  3.80e-10  2.39e-10
    0.600000    1.188557    1.023517  3.85e-10  2.71e-10
    0.700000    1.175764    1.622751  3.48e-10  3.02e-10
    0.800000    1.161186    1.374632  3.42e-10  3.23e-10
    0.900000    1.144904    1.245763  3.24e-10  3.40e-10
    1.000000    1.127010    1.691839  3.03e-10  3.56e-10
    1.100000    1.107609    1.000489  2.77e-10  3.66e-10
    1.200000    1.086821    1.677552  5.69e-10  1.86e-08
    1.300000    1.064777    1.277775  4.83e-10  2.68e-08
    1.400000    1.041625    1.342455  8.95e-10  5.77e-08
    1.500000    1.017531    1.642940  5.00e-10  5.67e-08
    1.600000    0.992673    1.012112  8.70e-10  7.96e-08
    1.700000    0.967253    1.714058  7.37e-10  8.91e-08
    1.800000    0.941488    1.183867  7.22e-10  9.68e-08
    1.900000    0.915617    1.437466  1.04e-09  1.23e-07
    2.000000    0.889903    1.577082  6.10e-10  1.18e-07
    2.100000    0.864625    1.056467  9.59e-10  1.38e-07
    2.200000    0.840089    1.730920  6.48e-10  1.37e-07
    2.300000    0.816616    1.101047  6.80e-10  1.42e-07
    2.400000    0.794546    1.525051  8.54e-10  1.59e-07
    2.500000    0.774227    1.496993  4.04e-10  1.48e-07
    2.600000    0.756013    1.126857  7.11e-10  1.63e-07
    2.700000    0.740246    1.727537  2.49e-10  1.50e-07
    2.800000    0.727247    1.038393  3.21e-10  1.48e-07
    2.900000    0.717301    1.600759  2.33e-10  1.52e-07
    3.000000    0.710636    1.406380  4.16e-11  1.33e-07
    3.100000    0.707412    1.214353  2.35e-10  1.39e-07
    3.200000    0.707709    1.704026  2.75e-10  1.13e-07
    3.300000    0.711520    1.004391  1.12e-10  1.05e-07
    3.400000    0.718750    1.661225  1.83e-10  9.43e-08
    3.500000    0.729227    1.310102  4.35e-10  6.97e-08
    3.600000    0.742712    1.310080  1.43e-10  6.82e-08
    3.700000    0.758914    1.661237  6.30e-10  3.50e-08
    3.800000    0.777506    1.004387  3.71e-10  2.49e-08
    3.900000    0.798144    1.704019  5.33e-10  4.85e-09
    4.000000    0.820474    1.214374  6.47e-10  1.87e-08
    4.100000    0.844149    1.406358  4.09e-10  2.11e-08
    4.200000    0.868832    1.600774  8.15e-10  5.31e-08
    4.300000    0.894204    1.038382  5.04e-10  5.84e-08
    4.400000    0.919964    1.727533  7.59e-10  8.03e-08
    4.500000    0.945834    1.126875  7.45e-10  9.63e-08
    4.600000    0.971557    1.496973  5.09e-10  9.52e-08
    4.700000    0.996898    1.525070  8.99e-10  1.20e-07
    4.800000    1.021641    1.101030  5.36e-10  1.17e-07
    4.900000    1.045589    1.730922  8.55e-10  1.36e-07
    5.000000    1.068565    1.056480  8.93e-10  1.42e-07
   ------------------------------------------------------

Final Solver Statistics:
   Steps: nsts = 5000, nstf = 510000
   u error = 5.737e-10, v error = 9.378e-08, total error = 6.631e-08
   Total RHS evals:  Fs = 45312,  Ff = 1530000
   Slow Newton iters = 30312
   Slow Newton conv fails = 0
   Slow Jacobian evals = 250
