
Multirate nonlinear Kvaerno-Prothero-Robinson test problem:
    time domain:  (0,5]
    hs = 0.001
    hf = 1e-05
    G = -100
    w = 100
    e = 0.5
    slow solver: ARKODE_IMEX_MRI_SR21
      reltol = 1.00e-06,  abstol = 1.00e-11
    fast solver: ARKODE_HEUN_EULER_2_1_2
        t           u           v       uerr      verr
   ------------------------------------------------------
    0.000000    1.224745    1.732051  0.00e+00  0.00e+00
    0.100000    1.223724    1.077464  3.33e-07  4.20e-08
    0.200000    1.220669    1.551800  4.24e-07  8.85e-09
    0.300000    1.215593    1.467737  1.15e-06  1.86e-08
    0.400000    1.208524    1.154583  5.07e-07  2.20e-09
    0.500000    1.199497    1.721908  2.65e-07  4.68e-08
    0.600000    1.188557    1.023517  7.96e-08  1.14e-08
    0.700000    1.175764    1.622750  3.38e-07  5.33e-08
    0.800000    1.161186    1.374632  2.38e-07  5.06e-08
    0.900000    1.144903    1.245763  5.34e-07  3.98e-08
    1.000000    1.127010    1.691839  2.21e-07  7.09e-08
    1.100000    1.107609    1.000489  4.62e-08  9.12e-09
    1.200000    1.086820    1.677552  2.34e-07  8.42e-08
    1.300000    1.064776    1.277775  2.44e-07  6.08e-08
    1.400000    1.041625    1.342455  5.10e-07  6.67e-08
    1.500000    1.017531    1.642940  6.50e-08  8.39e-08
    1.600000    0.992673    1.012112  1.90e-07  3.00e-08
    1.700000    0.967253    1.714058  6.43e-08  9.87e-08
    1.800000    0.941487    1.183866  9.42e-07  6.18e-08
    1.900000    0.915617    1.437465  5.51e-07  8.36e-08
    2.000000    0.889902    1.577082  5.63e-07  9.28e-08
    2.100000    0.864625    1.056467  3.79e-07  4.72e-08
    2.200000    0.840089    1.730920  1.91e-07  1.01e-07
    2.300000    0.816616    1.101047  4.88e-07  5.28e-08
    2.400000    0.794545    1.525051  4.88e-07  9.00e-08
    2.500000    0.774227    1.496993  1.22e-07  9.18e-08
    2.600000    0.756012    1.126857  5.41e-07  5.83e-08
    2.700000    0.740246    1.727536  1.69e-07  1.03e-07
    2.800000    0.727247    1.038393  2.16e-07  4.30e-08
    2.900000    0.717301    1.600759  4.45e-07  9.81e-08
    3.000000    0.710636    1.406379  1.65e-07  8.71e-08
    3.100000    0.707412    1.214353  5.06e-07  6.86e-08
    3.200000    0.707710    1.704026  1.90e-07  1.02e-07
    3.300000    0.711519    1.004391  1.00e-07  3.73e-08
    3.400000    0.718749    1.661225  2.14e-07  1.01e-07
    3.500000    0.729226    1.310102  2.53e-07  7.93e-08
    3.600000    0.742711    1.310080  3.52e-07  8.04e-08
    3.700000    0.758914    1.661237  1.20e-08  9.89e-08
    3.800000    0.777506    1.004387  1.70e-07  4.01e-08
    3.900000    0.798144    1.704018  1.75e-08  1.03e-07
    4.000000    0.820473    1.214374  1.10e-06  7.09e-08
    4.100000    0.844149    1.406358  4.60e-07  8.77e-08
    4.200000    0.868832    1.600774  3.92e-07  9.80e-08
    4.300000    0.894203    1.038382  3.30e-07  5.31e-08
    4.400000    0.919964    1.727533  1.58e-07  1.09e-07
    4.500000    0.945833    1.126875  6.42e-07  6.63e-08
    4.600000    0.971557    1.496973  4.87e-07  9.63e-08
    4.700000    0.996897    1.525070  8.90e-07  1.01e-07
    4.800000    1.021640    1.101030  4.60e-07  6.49e-08
    4.900000    1.045589    1.730922  3.00e-07  1.08e-07
    5.000000    1.068565    1.056480  2.32e-07  5.06e-08
   ------------------------------------------------------

Final Solver Statistics:
   Steps: nsts = 5000, nstf = 935000
   u error = 4.409e-07, v error = 7.409e-08, total error = 3.161e-07
   Total RHS evals:  Fse = 15001, Fsi = 32981,  Ff = 1875001
   Slow Newton iters = 17980
   Slow Newton conv fails = 0
   Slow Jacobian evals = 250
