
Multirate nonlinear Kvaerno-Prothero-Robinson test problem:
    time domain:  (0,5]
    hs = 0.002
    hf = 2e-05
    G = -100
    w = 100
    e = 0.5
    solver: exp-4/exp-4 (MRI-GARK-ERK45a / ERK-4-4)

        t           u           v       uerr      verr
   ------------------------------------------------------
    0.000000    1.224745    1.732051  0.00e+00  0.00e+00
    0.100000    1.223725    1.077464  1.78e-10  1.07e-11
    0.200000    1.220669    1.551800  1.77e-10  2.15e-11
    0.300000    1.215594    1.467737  1.75e-10  3.07e-11
    0.400000    1.208524    1.154583  1.72e-10  3.88e-11
    0.500000    1.199496    1.721908  1.68e-10  4.68e-11
    0.600000    1.188557    1.023517  1.63e-10  5.25e-11
    0.700000    1.175764    1.622751  1.57e-10  5.85e-11
    0.800000    1.161186    1.374632  1.50e-10  6.28e-11
    0.900000    1.144904    1.245763  1.42e-10  6.63e-11
    1.000000    1.127010    1.691839  1.33e-10  6.94e-11
    1.100000    1.107609    1.000489  1.23e-10  7.12e-11
    1.200000    1.086821    1.677552  1.12e-10  7.21e-11
    1.300000    1.064777    1.277775  9.90e-11  7.21e-11
    1.400000    1.041625    1.342455  8.49e-11  7.13e-11
    1.500000    1.017531    1.642940  6.94e-11  6.96e-11
    1.600000    0.992673    1.012112  5.24e-11  6.69e-11
    1.700000    0.967253    1.714058  3.37e-11  6.34e-11
    1.800000    0.941488    1.183867  1.32e-11  5.89e-11
    1.900000    0.915617    1.437465  9.12e-12  5.33e-11
    2.000000    0.889903    1.577082  3.33e-11  4.69e-11
    2.100000    0.864625    1.056467  5.94e-11  3.62e-11
    2.200000    0.840089    1.730920  2.82e-10  1.47e-08
    2.300000    0.816616    1.101047  4.44e-10  3.30e-08
    2.400000    0.794546    1.525051  7.68e-10  6.55e-08
    2.500000    0.774227    1.496993  5.42e-10  6.41e-08
    2.600000    0.756013    1.126857  9.28e-10  9.04e-08
    2.700000    0.740246    1.727536  6.94e-10  8.51e-08
    2.800000    0.727247    1.038393  8.40e-10  9.14e-08
    2.900000    0.717301    1.600759  9.80e-10  1.04e-07
    3.000000    0.710636    1.406380  7.09e-10  8.91e-08
    3.100000    0.707412    1.214353  9.88e-10  1.02e-07
    3.200000    0.707709    1.704026  5.93e-10  7.82e-08
    3.300000    0.711520    1.004391  6.93e-10  7.34e-08
    3.400000    0.718750    1.661225  6.25e-10  6.66e-08
    3.500000    0.729227    1.310102  3.35e-10  4.19e-08
    3.600000    0.742712    1.310080  5.14e-10  4.41e-08
    3.700000    0.758914    1.661237  2.69e-11  9.67e-09
    3.800000    0.777506    1.004387  1.22e-10  4.56e-10
    3.900000    0.798144    1.704019  8.92e-11  1.87e-08
    4.000000    0.820474    1.214374  3.10e-10  4.41e-08
    4.100000    0.844149    1.406358  1.63e-10  4.42e-08
    4.200000    0.868832    1.600774  6.36e-10  7.90e-08
    4.300000    0.894204    1.038382  4.79e-10  8.38e-08
    4.400000    0.919964    1.727533  7.59e-10  1.06e-07
    4.500000    0.945834    1.126875  8.50e-10  1.24e-07
    4.600000    0.971557    1.496973  7.06e-10  1.21e-07
    4.700000    0.996898    1.525070  1.10e-09  1.49e-07
    4.800000    1.021641    1.101030  8.67e-10  1.44e-07
    4.900000    1.045589    1.730922  1.18e-09  1.64e-07
    5.000000    1.068565    1.056480  1.13e-09  1.71e-07
   ------------------------------------------------------

Final Solver Statistics:
   Steps: nsts = 2501, nstf = 250100
   u error = 5.434e-10, v error = 6.929e-08, total error = 4.900e-08
   Total RHS evals:  Fs = 12505,  Ff = 1000400
