
1D FEM Brusselator PDE test problem:
    N = 201,  NEQ = 603
    num_threads = 1
    problem parameters:  a = 0.6,  b = 2,  ep = 1e-05
    diffusion coefficients:  du = 0.025,  dv = 0.025,  dw = 0.025
    reltol = 1.0e-06,  abstol = 1.0e-10

        t      ||u||_rms   ||v||_rms   ||w||_rms
   ----------------------------------------------
    0.100000    0.637854    3.356025    1.999989
    0.200000    0.643035    3.345751    1.999989
    0.300000    0.648532    3.334867    1.999989
    0.400000    0.654362    3.323350    1.999988
    0.500000    0.660543    3.311172    1.999988
    0.600000    0.667093    3.298309    1.999988
    0.700000    0.674031    3.284739    1.999988
    0.800000    0.681370    3.270442    1.999988
    0.900000    0.689121    3.255404    1.999988
    1.000000    0.697285    3.239619    1.999988
    1.100000    0.705854    3.223092    1.999988
    1.200000    0.714806    3.205842    1.999987
    1.300000    0.724100    3.187902    1.999987
    1.400000    0.733671    3.169331    1.999987
    1.500000    0.743429    3.150211    1.999987
    1.600000    0.753250    3.130652    1.999987
    1.700000    0.762975    3.110799    1.999986
    1.800000    0.772412    3.090827    1.999986
    1.900000    0.781338    3.070943    1.999986
    2.000000    0.789501    3.051388    1.999986
    2.100000    0.796639    3.032420    1.999986
    2.200000    0.802490    3.014316    1.999986
    2.300000    0.806810    2.997357    1.999986
    2.400000    0.809387    2.981817    1.999986
    2.500000    0.810059    2.967949    1.999986
    2.600000    0.808729    2.955976    1.999986
    2.700000    0.805361    2.946084    1.999986
    2.800000    0.799989    2.938409    1.999986
    2.900000    0.792711    2.933039    1.999986
    3.000000    0.783680    2.930009    1.999986
    3.100000    0.773095    2.929306    1.999986
    3.200000    0.761187    2.930873    1.999986
    3.300000    0.748207    2.934612    1.999987
    3.400000    0.734415    2.940393    1.999987
    3.500000    0.720073    2.948062    1.999987
    3.600000    0.705428    2.957444    1.999987
    3.700000    0.690714    2.968354    1.999988
    3.800000    0.676140    2.980600    1.999988
    3.900000    0.661891    2.993989    1.999988
    4.000000    0.648122    3.008332    1.999989
    4.100000    0.634961    3.023445    1.999989
    4.200000    0.622506    3.039158    1.999989
    4.300000    0.610827    3.055309    1.999989
    4.400000    0.599971    3.071752    1.999989
    4.500000    0.589961    3.088357    1.999990
    4.600000    0.580800    3.105008    1.999990
    4.700000    0.572476    3.121604    1.999990
    4.800000    0.564963    3.138059    1.999990
    4.900000    0.558227    3.154304    1.999990
    5.000000    0.552223    3.170278    1.999990
    5.100000    0.546907    3.185936    1.999991
    5.200000    0.542228    3.201240    1.999991
    5.300000    0.538137    3.216163    1.999991
    5.400000    0.534585    3.230683    1.999991
    5.500000    0.531524    3.244789    1.999991
    5.600000    0.528910    3.258469    1.999991
    5.700000    0.526699    3.271720    1.999991
    5.800000    0.524852    3.284540    1.999991
    5.900000    0.523334    3.296929    1.999991
    6.000000    0.522111    3.308890    1.999991
    6.100000    0.521154    3.320427    1.999991
    6.200000    0.520436    3.331546    1.999991
    6.300000    0.519932    3.342251    1.999991
    6.400000    0.519621    3.352550    1.999991
    6.500000    0.519484    3.362447    1.999991
    6.600000    0.519503    3.371950    1.999991
    6.700000    0.519664    3.381065    1.999991
    6.800000    0.519953    3.389797    1.999991
    6.900000    0.520358    3.398154    1.999991
    7.000000    0.520869    3.406139    1.999991
    7.100000    0.521477    3.413760    1.999991
    7.200000    0.522174    3.421021    1.999991
    7.300000    0.522953    3.427926    1.999991
    7.400000    0.523807    3.434482    1.999991
    7.500000    0.524732    3.440692    1.999991
    7.600000    0.525723    3.446561    1.999991
    7.700000    0.526775    3.452091    1.999991
    7.800000    0.527887    3.457288    1.999991
    7.900000    0.529055    3.462154    1.999991
    8.000000    0.530276    3.466693    1.999991
    8.100000    0.531549    3.470907    1.999991
    8.200000    0.532872    3.474799    1.999991
    8.300000    0.534244    3.478371    1.999991
    8.400000    0.535665    3.481625    1.999991
    8.500000    0.537133    3.484564    1.999991
    8.600000    0.538649    3.487188    1.999991
    8.700000    0.540213    3.489499    1.999991
    8.800000    0.541825    3.491498    1.999991
    8.900000    0.543486    3.493185    1.999991
    9.000000    0.545196    3.494560    1.999991
    9.100000    0.546958    3.495624    1.999991
    9.200000    0.548771    3.496375    1.999991
    9.300000    0.550638    3.496814    1.999990
    9.400000    0.552562    3.496938    1.999990
    9.500000    0.554543    3.496746    1.999990
    9.600000    0.556585    3.496235    1.999990
    9.700000    0.558691    3.495404    1.999990
    9.800000    0.560864    3.494247    1.999990
    9.900000    0.563108    3.492762    1.999990
   10.000000    0.565426    3.490944    1.999990
   ----------------------------------------------

Final Solver Statistics:
   Internal solver steps = 99 (attempted = 100)
   Total RHS evals:  Fe = 0,  Fi = 1598
   Total mass matrix solves = 303
   Total linear solver setups = 27
   Total number of Jacobian evaluations = 5
   Total number of Newton iterations = 1094
   Total number of nonlinear solver convergence failures = 0
   Total number of error test failures = 1
