
Analytic ODE test problem:
    problem parameters:  a = 1 + 0i,  b = 1 + 0i,  c = 1 + 0i
    reltol = 1.0e-06,  abstol = 1.0e-10

     t               u                      v                      w
   ----------------------------------------------------------------------------
    0.000 |  0.00000 +  2.00000i | -0.00000 + -0.00000i |  0.00000 +  1.00000i
    1.000 | -0.36788 +  2.00000i | -0.00000 + -0.36788i |  1.00000 +  0.36788i
    2.000 | -0.27067 +  2.00000i |  0.00000 + -0.54134i |  2.00000 +  0.13534i
    3.000 | -0.14936 +  2.00000i |  0.00000 + -0.44808i |  3.00000 +  0.04979i
    4.000 | -0.07326 +  2.00000i |  0.00000 + -0.29305i |  4.00000 +  0.01831i
    5.000 | -0.03370 +  2.00000i |  0.00000 + -0.16846i |  5.00000 +  0.00673i
   ----------------------------------------------------------------------------
    Max-norm of the error is 1.23101e-05
   ----------------------------------------------------------------------------

Final Solver Statistics:
Current time                  = 5.00639729912112
Steps                         = 99
Step attempts                 = 126
Stability limited steps       = 0
Accuracy limited steps        = 99
Error test fails              = 0
NLS step fails                = 27
Inequality constraint fails   = 0
Initial step size             = 6.58037005653823e-06
Last step size                = 0.0250557593157843
Current step size             = 0.0250557593157843
Explicit RHS fn evals         = 0
Implicit RHS fn evals         = 1474
NLS iters                     = 1471
NLS fails                     = 27
NLS iters per step            = 14.8585858585859
LS setups                     = 0
Jac fn evals                  = 0
LS RHS fn evals               = 3426
Prec setup evals              = 0
Prec solves                   = 0
LS iters                      = 3426
LS fails                      = 0
Jac-times setups              = 0
Jac-times evals               = 3426
LS iters per NLS iter         = 2.32902787219579
Jac evals per NLS iter        = 0
Prec evals per NLS iter       = 0
