Initial condition:
1.0000000000000000e+00
1.0000000000000000e+00

Forward Solution:
1.0263447298323314e+00
9.0969111960812332e-01

ARKODE Stats for Forward Solution:
Current time                 = 10.00999999999983
Steps                        = 1001
Step attempts                = 1001
Stability limited steps      = 0
Accuracy limited steps       = 0
Error test fails             = 0
NLS step fails               = 0
Inequality constraint fails  = 0
Initial step size            = 0.01
Last step size               = 0.01
Current step size            = 0.01
Explicit RHS fn evals        = 5006
Implicit RHS fn evals        = 0
NLS iters                    = 0
NLS fails                    = 0
NLS iters per step           = 0
LS setups                    = 0

Adjoint terminal condition:
1.9360358494404548e+00
1.9360358494404548e+00

0.0000000000000000e+00
0.0000000000000000e+00
0.0000000000000000e+00
0.0000000000000000e+00

Adjoint Solution:
-1.4469713709540624e+00
6.3615264048680331e-01

-6.8129338267012729e+00
-1.5055733558910569e+00
-1.7929899601865151e+00
-3.8309481186011234e+00


SUNAdjointStepper Stats:
Num backwards steps    = 1001
Num recompute passes   = 500
v-times-Jac evals      = 5005
v-times-Jacp evals     = 5005

