
Multirate nonlinear Kvaerno-Prothero-Robinson test problem:
    time domain:  (0,5]
    hs = 0.005
    hf = 5e-05
    G = -100
    w = 100
    e = 0.5
    slow solver: ARKODE_IMEX_MRI_SR32
      reltol = 1.25e-07,  abstol = 1.00e-11
    fast solver: erk-3-3
        t           u           v       uerr      verr
   ------------------------------------------------------
    0.000000    1.224745    1.732051  0.00e+00  0.00e+00
    0.100000    1.223725    1.077464  2.84e-08  3.07e-09
    0.200000    1.220669    1.551800  2.84e-08  5.68e-09
    0.300000    1.215594    1.467737  2.92e-08  8.00e-09
    0.400000    1.208524    1.154583  2.94e-08  1.01e-08
    0.500000    1.199496    1.721908  2.86e-08  1.18e-08
    0.600000    1.188557    1.023517  2.66e-08  1.34e-08
    0.700000    1.175764    1.622750  2.55e-08  1.47e-08
    0.800000    1.161186    1.374632  2.74e-08  1.57e-08
    0.900000    1.144904    1.245763  2.77e-08  1.65e-08
    1.000000    1.127010    1.691839  2.65e-08  1.71e-08
    1.100000    1.107609    1.000489  2.19e-08  1.75e-08
    1.200000    1.086821    1.677552  1.79e-08  1.76e-08
    1.300000    1.064777    1.277775  1.99e-08  1.76e-08
    1.400000    1.041625    1.342455  2.04e-08  1.73e-08
    1.500000    1.017531    1.642940  1.99e-08  1.67e-08
    1.600000    0.992673    1.012112  1.36e-08  1.60e-08
    1.700000    0.967253    1.714058  6.17e-09  1.50e-08
    1.800000    0.941488    1.183867  5.03e-09  1.38e-08
    1.900000    0.915617    1.437465  4.85e-09  1.24e-08
    2.000000    0.889903    1.577082  5.33e-09  1.06e-08
    2.100000    0.864625    1.056467  1.38e-09  8.64e-09
    2.200000    0.840089    1.730920  1.11e-08  6.36e-09
    2.300000    0.816616    1.101047  1.77e-08  3.89e-09
    2.400000    0.794546    1.525051  2.04e-08  1.22e-09
    2.500000    0.774227    1.496993  1.96e-08  1.74e-09
    2.600000    0.756013    1.126857  2.53e-08  4.94e-09
    2.700000    0.740246    1.727536  3.36e-08  8.35e-09
    2.800000    0.727247    1.038393  4.17e-08  1.18e-08
    2.900000    0.717301    1.600759  4.50e-08  1.53e-08
    3.000000    0.710636    1.406380  4.43e-08  1.88e-08
    3.100000    0.707412    1.214353  4.62e-08  2.20e-08
    3.200000    0.707709    1.704026  4.79e-08  2.50e-08
    3.300000    0.711520    1.004391  4.75e-08  2.76e-08
    3.400000    0.718749    1.661225  4.48e-08  2.98e-08
    3.500000    0.729227    1.310102  1.02e-07  3.08e-08
    3.600000    0.742712    1.310080  4.22e-08  3.17e-08
    3.700000    0.758914    1.661237  4.00e-08  3.23e-08
    3.800000    0.777506    1.004387  3.22e-08  3.23e-08
    3.900000    0.798144    1.704019  2.37e-08  3.17e-08
    4.000000    0.820474    1.214374  2.24e-08  3.08e-08
    4.100000    0.844149    1.406358  2.13e-08  2.95e-08
    4.200000    0.868832    1.600774  2.06e-08  2.78e-08
    4.300000    0.894204    1.038382  1.34e-08  2.58e-08
    4.400000    0.919964    1.727533  4.37e-09  2.35e-08
    4.500000    0.945834    1.126875  4.59e-10  2.11e-08
    4.600000    0.971557    1.496974  1.59e-10  1.87e-08
    4.700000    0.996898    1.525070  1.78e-09  1.61e-08
    4.800000    1.021641    1.101030  2.16e-09  1.34e-08
    4.900000    1.045589    1.730922  8.50e-09  1.07e-08
    5.000000    1.068565    1.056480  1.41e-08  8.06e-09
   ------------------------------------------------------

Final Solver Statistics:
   Steps: nsts = 1001, nstf = 362362
   u error = 2.987e-08, v error = 1.896e-08, total error = 2.502e-08
   Total RHS evals:  Fse = 4005, Fsi = 12096,  Ff = 1087136
   Slow Newton iters = 8091
   Slow Newton conv fails = 0
   Slow Jacobian evals = 51
