
   Begin Kepler Problem

Problem Arguments:
  stepper:              1
  step mode:            0
  use compensated sums: 0
  dt:                   0.01
  Tf:                   100
  nout:                 1000

t = 0.0000, H(p,q) = -0.5000000000000000, L(p,q) = 0.8000000000000000
t = 0.1000, H(p,q)-H0 = -0.0000000160027134, L(p,q)-L0 = -0.0000000005493835
t = 0.2000, H(p,q)-H0 = -0.0000000305302281, L(p,q)-L0 = -0.0000000008375776
t = 0.3000, H(p,q)-H0 = -0.0000000349311686, L(p,q)-L0 = -0.0000000009378226
t = 0.4000, H(p,q)-H0 = -0.0000000362841635, L(p,q)-L0 = -0.0000000009687934
t = 0.5000, H(p,q)-H0 = -0.0000000368925305, L(p,q)-L0 = -0.0000000009788188
t = 0.6000, H(p,q)-H0 = -0.0000000372114828, L(p,q)-L0 = -0.0000000009824211
t = 0.7000, H(p,q)-H0 = -0.0000000373845837, L(p,q)-L0 = -0.0000000009838701
t = 0.8000, H(p,q)-H0 = -0.0000000374806094, L(p,q)-L0 = -0.0000000009845156
t = 0.9000, H(p,q)-H0 = -0.0000000375353342, L(p,q)-L0 = -0.0000000009848300
t = 1.0000, H(p,q)-H0 = -0.0000000375674831, L(p,q)-L0 = -0.0000000009849955
ROOT RETURN:	t = 1.0305 g[0] =  -1, y[0] = -0.658624, y[1] = 0.798624
t = 1.0305, H(p,q)-H0 = -0.0000000375684264, L(p,q)-L0 = -0.0000000009740738
t = 1.1000, H(p,q)-H0 = -0.0000000375869624, L(p,q)-L0 = -0.0000000009850890
t = 1.2000, H(p,q)-H0 = -0.0000000375991196, L(p,q)-L0 = -0.0000000009851442
t = 1.3000, H(p,q)-H0 = -0.0000000376069209, L(p,q)-L0 = -0.0000000009851789
t = 1.4000, H(p,q)-H0 = -0.0000000376120546, L(p,q)-L0 = -0.0000000009852015
t = 1.5000, H(p,q)-H0 = -0.0000000376155123, L(p,q)-L0 = -0.0000000009852162
t = 1.6000, H(p,q)-H0 = -0.0000000376178898, L(p,q)-L0 = -0.0000000009852270
t = 1.7000, H(p,q)-H0 = -0.0000000376195555, L(p,q)-L0 = -0.0000000009852346
t = 1.8000, H(p,q)-H0 = -0.0000000376207424, L(p,q)-L0 = -0.0000000009852404
t = 1.9000, H(p,q)-H0 = -0.0000000376216013, L(p,q)-L0 = -0.0000000009852450
t = 2.0000, H(p,q)-H0 = -0.0000000376222309, L(p,q)-L0 = -0.0000000009852485
t = 2.1000, H(p,q)-H0 = -0.0000000376226977, L(p,q)-L0 = -0.0000000009852511
t = 2.2000, H(p,q)-H0 = -0.0000000376230473, L(p,q)-L0 = -0.0000000009852534
t = 2.3000, H(p,q)-H0 = -0.0000000376233115, L(p,q)-L0 = -0.0000000009852554
t = 2.4000, H(p,q)-H0 = -0.0000000376235114, L(p,q)-L0 = -0.0000000009852563
t = 2.5000, H(p,q)-H0 = -0.0000000376236637, L(p,q)-L0 = -0.0000000009852577
t = 2.6000, H(p,q)-H0 = -0.0000000376237794, L(p,q)-L0 = -0.0000000009852589
t = 2.7000, H(p,q)-H0 = -0.0000000376238660, L(p,q)-L0 = -0.0000000009852595
t = 2.8000, H(p,q)-H0 = -0.0000000376239300, L(p,q)-L0 = -0.0000000009852608
t = 2.9000, H(p,q)-H0 = -0.0000000376239746, L(p,q)-L0 = -0.0000000009852614
t = 3.0000, H(p,q)-H0 = -0.0000000376240032, L(p,q)-L0 = -0.0000000009852625
t = 3.1000, H(p,q)-H0 = -0.0000000376240172, L(p,q)-L0 = -0.0000000009852634
t = 3.2000, H(p,q)-H0 = -0.0000000376240173, L(p,q)-L0 = -0.0000000009852644
t = 3.3000, H(p,q)-H0 = -0.0000000376240037, L(p,q)-L0 = -0.0000000009852654
t = 3.4000, H(p,q)-H0 = -0.0000000376239754, L(p,q)-L0 = -0.0000000009852664
t = 3.5000, H(p,q)-H0 = -0.0000000376239306, L(p,q)-L0 = -0.0000000009852675
t = 3.6000, H(p,q)-H0 = -0.0000000376238667, L(p,q)-L0 = -0.0000000009852685
t = 3.7000, H(p,q)-H0 = -0.0000000376237788, L(p,q)-L0 = -0.0000000009852693
t = 3.8000, H(p,q)-H0 = -0.0000000376236617, L(p,q)-L0 = -0.0000000009852704
t = 3.9000, H(p,q)-H0 = -0.0000000376235065, L(p,q)-L0 = -0.0000000009852718
t = 4.0000, H(p,q)-H0 = -0.0000000376233024, L(p,q)-L0 = -0.0000000009852736
t = 4.1000, H(p,q)-H0 = -0.0000000376230324, L(p,q)-L0 = -0.0000000009852752
t = 4.2000, H(p,q)-H0 = -0.0000000376226734, L(p,q)-L0 = -0.0000000009852775
t = 4.3000, H(p,q)-H0 = -0.0000000376221935, L(p,q)-L0 = -0.0000000009852809
t = 4.4000, H(p,q)-H0 = -0.0000000376215443, L(p,q)-L0 = -0.0000000009852843
t = 4.5000, H(p,q)-H0 = -0.0000000376206565, L(p,q)-L0 = -0.0000000009852892
t = 4.6000, H(p,q)-H0 = -0.0000000376194254, L(p,q)-L0 = -0.0000000009852956
t = 4.7000, H(p,q)-H0 = -0.0000000376176930, L(p,q)-L0 = -0.0000000009853038
t = 4.8000, H(p,q)-H0 = -0.0000000376152129, L(p,q)-L0 = -0.0000000009853149
t = 4.9000, H(p,q)-H0 = -0.0000000376115963, L(p,q)-L0 = -0.0000000009853304
t = 5.0000, H(p,q)-H0 = -0.0000000376062106, L(p,q)-L0 = -0.0000000009853541
t = 5.1000, H(p,q)-H0 = -0.0000000375980049, L(p,q)-L0 = -0.0000000009853905
t = 5.2000, H(p,q)-H0 = -0.0000000375851829, L(p,q)-L0 = -0.0000000009854489
t = 5.3000, H(p,q)-H0 = -0.0000000375645972, L(p,q)-L0 = -0.0000000009855475
t = 5.4000, H(p,q)-H0 = -0.0000000375305920, L(p,q)-L0 = -0.0000000009857243
t = 5.5000, H(p,q)-H0 = -0.0000000374727896, L(p,q)-L0 = -0.0000000009860630
t = 5.6000, H(p,q)-H0 = -0.0000000373719746, L(p,q)-L0 = -0.0000000009867646
t = 5.7000, H(p,q)-H0 = -0.0000000371929997, L(p,q)-L0 = -0.0000000009883538
t = 5.8000, H(p,q)-H0 = -0.0000000368740779, L(p,q)-L0 = -0.0000000009923597
t = 5.9000, H(p,q)-H0 = -0.0000000363018533, L(p,q)-L0 = -0.0000000010036497
t = 6.0000, H(p,q)-H0 = -0.0000000350889811, L(p,q)-L0 = -0.0000000010388295
t = 6.1000, H(p,q)-H0 = -0.0000000309316439, L(p,q)-L0 = -0.0000000011521937
ROOT RETURN:	t = 6.1690 g[0] =   1, y[0] = 0.361063, y[1] = -0.221063
t = 6.1690, H(p,q)-H0 = -0.0000000290360871, L(p,q)-L0 = -0.0000000034672842
t = 6.2000, H(p,q)-H0 = -0.0000000181206687, L(p,q)-L0 = -0.0000000014682437
t = 6.3000, H(p,q)-H0 = -0.0000000119458055, L(p,q)-L0 = -0.0000000020348256
t = 6.4000, H(p,q)-H0 = -0.0000000302352290, L(p,q)-L0 = -0.0000000025489727
t = 6.5000, H(p,q)-H0 = -0.0000000426121982, L(p,q)-L0 = -0.0000000027950873
t = 6.6000, H(p,q)-H0 = -0.0000000461368410, L(p,q)-L0 = -0.0000000028775315
t = 6.7000, H(p,q)-H0 = -0.0000000472937363, L(p,q)-L0 = -0.0000000029030033
t = 6.8000, H(p,q)-H0 = -0.0000000478367490, L(p,q)-L0 = -0.0000000029113768
t = 6.9000, H(p,q)-H0 = -0.0000000481241171, L(p,q)-L0 = -0.0000000029144436
t = 7.0000, H(p,q)-H0 = -0.0000000482806308, L(p,q)-L0 = -0.0000000029156998
t = 7.1000, H(p,q)-H0 = -0.0000000483678173, L(p,q)-L0 = -0.0000000029162688
t = 7.2000, H(p,q)-H0 = -0.0000000484177519, L(p,q)-L0 = -0.0000000029165501
t = 7.3000, H(p,q)-H0 = -0.0000000484472411, L(p,q)-L0 = -0.0000000029167009
ROOT RETURN:	t = 7.3137 g[0] =  -1, y[0] = -0.658624, y[1] = 0.798624
t = 7.3137, H(p,q)-H0 = -0.0000000482981759, L(p,q)-L0 = -0.0000000026370134
t = 7.4000, H(p,q)-H0 = -0.0000000484651992, L(p,q)-L0 = -0.0000000029167861
t = 7.5000, H(p,q)-H0 = -0.0000000484764615, L(p,q)-L0 = -0.0000000029168371
t = 7.6000, H(p,q)-H0 = -0.0000000484837200, L(p,q)-L0 = -0.0000000029168692
t = 7.7000, H(p,q)-H0 = -0.0000000484885161, L(p,q)-L0 = -0.0000000029168896
t = 7.8000, H(p,q)-H0 = -0.0000000484917583, L(p,q)-L0 = -0.0000000029169037
t = 7.9000, H(p,q)-H0 = -0.0000000484939955, L(p,q)-L0 = -0.0000000029169139
t = 8.0000, H(p,q)-H0 = -0.0000000484955676, L(p,q)-L0 = -0.0000000029169216
t = 8.1000, H(p,q)-H0 = -0.0000000484966906, L(p,q)-L0 = -0.0000000029169268
t = 8.2000, H(p,q)-H0 = -0.0000000484975049, L(p,q)-L0 = -0.0000000029169313
t = 8.3000, H(p,q)-H0 = -0.0000000484981032, L(p,q)-L0 = -0.0000000029169348
t = 8.4000, H(p,q)-H0 = -0.0000000484985476, L(p,q)-L0 = -0.0000000029169376
t = 8.5000, H(p,q)-H0 = -0.0000000484988811, L(p,q)-L0 = -0.0000000029169398
t = 8.6000, H(p,q)-H0 = -0.0000000484991330, L(p,q)-L0 = -0.0000000029169418
t = 8.7000, H(p,q)-H0 = -0.0000000484993246, L(p,q)-L0 = -0.0000000029169435
t = 8.8000, H(p,q)-H0 = -0.0000000484994699, L(p,q)-L0 = -0.0000000029169444
t = 8.9000, H(p,q)-H0 = -0.0000000484995802, L(p,q)-L0 = -0.0000000029169457
t = 9.0000, H(p,q)-H0 = -0.0000000484996628, L(p,q)-L0 = -0.0000000029169466
t = 9.1000, H(p,q)-H0 = -0.0000000484997233, L(p,q)-L0 = -0.0000000029169479
t = 9.2000, H(p,q)-H0 = -0.0000000484997655, L(p,q)-L0 = -0.0000000029169489
t = 9.3000, H(p,q)-H0 = -0.0000000484997914, L(p,q)-L0 = -0.0000000029169498
t = 9.4000, H(p,q)-H0 = -0.0000000484998032, L(p,q)-L0 = -0.0000000029169505
t = 9.5000, H(p,q)-H0 = -0.0000000484998012, L(p,q)-L0 = -0.0000000029169516
t = 9.6000, H(p,q)-H0 = -0.0000000484997852, L(p,q)-L0 = -0.0000000029169526
t = 9.7000, H(p,q)-H0 = -0.0000000484997542, L(p,q)-L0 = -0.0000000029169535
t = 9.8000, H(p,q)-H0 = -0.0000000484997066, L(p,q)-L0 = -0.0000000029169545
t = 9.9000, H(p,q)-H0 = -0.0000000484996391, L(p,q)-L0 = -0.0000000029169560
t = 10.0000, H(p,q)-H0 = -0.0000000484995469, L(p,q)-L0 = -0.0000000029169570
t = 10.1000, H(p,q)-H0 = -0.0000000484994243, L(p,q)-L0 = -0.0000000029169585
t = 10.2000, H(p,q)-H0 = -0.0000000484992622, L(p,q)-L0 = -0.0000000029169602
t = 10.3000, H(p,q)-H0 = -0.0000000484990481, L(p,q)-L0 = -0.0000000029169618
t = 10.4000, H(p,q)-H0 = -0.0000000484987651, L(p,q)-L0 = -0.0000000029169638
t = 10.5000, H(p,q)-H0 = -0.0000000484983886, L(p,q)-L0 = -0.0000000029169663
t = 10.6000, H(p,q)-H0 = -0.0000000484978840, L(p,q)-L0 = -0.0000000029169693
t = 10.7000, H(p,q)-H0 = -0.0000000484972005, L(p,q)-L0 = -0.0000000029169730
t = 10.8000, H(p,q)-H0 = -0.0000000484962628, L(p,q)-L0 = -0.0000000029169777
t = 10.9000, H(p,q)-H0 = -0.0000000484949603, L(p,q)-L0 = -0.0000000029169837
t = 11.0000, H(p,q)-H0 = -0.0000000484931224, L(p,q)-L0 = -0.0000000029169920
t = 11.1000, H(p,q)-H0 = -0.0000000484904837, L(p,q)-L0 = -0.0000000029170040
t = 11.2000, H(p,q)-H0 = -0.0000000484866225, L(p,q)-L0 = -0.0000000029170210
t = 11.3000, H(p,q)-H0 = -0.0000000484808514, L(p,q)-L0 = -0.0000000029170464
t = 11.4000, H(p,q)-H0 = -0.0000000484720216, L(p,q)-L0 = -0.0000000029170855
t = 11.5000, H(p,q)-H0 = -0.0000000484581644, L(p,q)-L0 = -0.0000000029171492
t = 11.6000, H(p,q)-H0 = -0.0000000484358113, L(p,q)-L0 = -0.0000000029172574
t = 11.7000, H(p,q)-H0 = -0.0000000483987055, L(p,q)-L0 = -0.0000000029174534
t = 11.8000, H(p,q)-H0 = -0.0000000483353410, L(p,q)-L0 = -0.0000000029178340
t = 11.9000, H(p,q)-H0 = -0.0000000482244114, L(p,q)-L0 = -0.0000000029186326
t = 12.0000, H(p,q)-H0 = -0.0000000480271497, L(p,q)-L0 = -0.0000000029204761
t = 12.1000, H(p,q)-H0 = -0.0000000476758215, L(p,q)-L0 = -0.0000000029252073
t = 12.2000, H(p,q)-H0 = -0.0000000470399959, L(p,q)-L0 = -0.0000000029387919
t = 12.3000, H(p,q)-H0 = -0.0000000455998068, L(p,q)-L0 = -0.0000000029816551
t = 12.4000, H(p,q)-H0 = -0.0000000403673206, L(p,q)-L0 = -0.0000000031186767
ROOT RETURN:	t = 12.4522 g[0] =   1, y[0] = 0.361063, y[1] = -0.221063
t = 12.4522, H(p,q)-H0 = -0.0000000615611286, L(p,q)-L0 = -0.0000000122994397
t = 12.5000, H(p,q)-H0 = -0.0000000264097049, L(p,q)-L0 = -0.0000000034814185
t = 12.6000, H(p,q)-H0 = -0.0000000248257395, L(p,q)-L0 = -0.0000000040677957
t = 12.7000, H(p,q)-H0 = -0.0000000441475145, L(p,q)-L0 = -0.0000000045400393
t = 12.8000, H(p,q)-H0 = -0.0000000544472503, L(p,q)-L0 = -0.0000000047481248
t = 12.9000, H(p,q)-H0 = -0.0000000572878029, L(p,q)-L0 = -0.0000000048157982
t = 13.0000, H(p,q)-H0 = -0.0000000582880573, L(p,q)-L0 = -0.0000000048367885
t = 13.1000, H(p,q)-H0 = -0.0000000587741035, L(p,q)-L0 = -0.0000000048438051
t = 13.2000, H(p,q)-H0 = -0.0000000590331863, L(p,q)-L0 = -0.0000000048464244
t = 13.3000, H(p,q)-H0 = -0.0000000591747902, L(p,q)-L0 = -0.0000000048475159
t = 13.4000, H(p,q)-H0 = -0.0000000592540124, L(p,q)-L0 = -0.0000000048480178
t = 13.5000, H(p,q)-H0 = -0.0000000592996148, L(p,q)-L0 = -0.0000000048482691
ROOT RETURN:	t = 13.5969 g[0] =  -1, y[0] = -0.658624, y[1] = 0.798624
t = 13.5969, H(p,q)-H0 = -0.0000000591936562, L(p,q)-L0 = -0.0000000046048778
t = 13.6000, H(p,q)-H0 = -0.0000000593266857, L(p,q)-L0 = -0.0000000048484048
t = 13.7000, H(p,q)-H0 = -0.0000000593432556, L(p,q)-L0 = -0.0000000048484827
t = 13.8000, H(p,q)-H0 = -0.0000000593536968, L(p,q)-L0 = -0.0000000048485300
t = 13.9000, H(p,q)-H0 = -0.0000000593604556, L(p,q)-L0 = -0.0000000048485598
t = 14.0000, H(p,q)-H0 = -0.0000000593649396, L(p,q)-L0 = -0.0000000048485798
t = 14.1000, H(p,q)-H0 = -0.0000000593679819, L(p,q)-L0 = -0.0000000048485937
t = 14.2000, H(p,q)-H0 = -0.0000000593700872, L(p,q)-L0 = -0.0000000048486032
t = 14.3000, H(p,q)-H0 = -0.0000000593715705, L(p,q)-L0 = -0.0000000048486097
t = 14.4000, H(p,q)-H0 = -0.0000000593726339, L(p,q)-L0 = -0.0000000048486152
t = 14.5000, H(p,q)-H0 = -0.0000000593734059, L(p,q)-L0 = -0.0000000048486188
t = 14.6000, H(p,q)-H0 = -0.0000000593739744, L(p,q)-L0 = -0.0000000048486219
t = 14.7000, H(p,q)-H0 = -0.0000000593743977, L(p,q)-L0 = -0.0000000048486245
t = 14.8000, H(p,q)-H0 = -0.0000000593747158, L(p,q)-L0 = -0.0000000048486268
t = 14.9000, H(p,q)-H0 = -0.0000000593749566, L(p,q)-L0 = -0.0000000048486291
t = 15.0000, H(p,q)-H0 = -0.0000000593751394, L(p,q)-L0 = -0.0000000048486303
t = 15.1000, H(p,q)-H0 = -0.0000000593752784, L(p,q)-L0 = -0.0000000048486318
t = 15.2000, H(p,q)-H0 = -0.0000000593753837, L(p,q)-L0 = -0.0000000048486331
t = 15.3000, H(p,q)-H0 = -0.0000000593754625, L(p,q)-L0 = -0.0000000048486346
t = 15.4000, H(p,q)-H0 = -0.0000000593755194, L(p,q)-L0 = -0.0000000048486355
t = 15.5000, H(p,q)-H0 = -0.0000000593755587, L(p,q)-L0 = -0.0000000048486369
t = 15.6000, H(p,q)-H0 = -0.0000000593755822, L(p,q)-L0 = -0.0000000048486377
t = 15.7000, H(p,q)-H0 = -0.0000000593755920, L(p,q)-L0 = -0.0000000048486393
t = 15.8000, H(p,q)-H0 = -0.0000000593755872, L(p,q)-L0 = -0.0000000048486396
t = 15.9000, H(p,q)-H0 = -0.0000000593755689, L(p,q)-L0 = -0.0000000048486408
t = 16.0000, H(p,q)-H0 = -0.0000000593755352, L(p,q)-L0 = -0.0000000048486415
t = 16.1000, H(p,q)-H0 = -0.0000000593754842, L(p,q)-L0 = -0.0000000048486424
t = 16.2000, H(p,q)-H0 = -0.0000000593754125, L(p,q)-L0 = -0.0000000048486432
t = 16.3000, H(p,q)-H0 = -0.0000000593753153, L(p,q)-L0 = -0.0000000048486436
t = 16.4000, H(p,q)-H0 = -0.0000000593751868, L(p,q)-L0 = -0.0000000048486454
t = 16.5000, H(p,q)-H0 = -0.0000000593750168, L(p,q)-L0 = -0.0000000048486469
t = 16.6000, H(p,q)-H0 = -0.0000000593747926, L(p,q)-L0 = -0.0000000048486486
t = 16.7000, H(p,q)-H0 = -0.0000000593744955, L(p,q)-L0 = -0.0000000048486504
t = 16.8000, H(p,q)-H0 = -0.0000000593741000, L(p,q)-L0 = -0.0000000048486527
t = 16.9000, H(p,q)-H0 = -0.0000000593735690, L(p,q)-L0 = -0.0000000048486554
t = 17.0000, H(p,q)-H0 = -0.0000000593728482, L(p,q)-L0 = -0.0000000048486588
t = 17.1000, H(p,q)-H0 = -0.0000000593718588, L(p,q)-L0 = -0.0000000048486637
t = 17.2000, H(p,q)-H0 = -0.0000000593704803, L(p,q)-L0 = -0.0000000048486704
t = 17.3000, H(p,q)-H0 = -0.0000000593685294, L(p,q)-L0 = -0.0000000048486791
t = 17.4000, H(p,q)-H0 = -0.0000000593657208, L(p,q)-L0 = -0.0000000048486918
t = 17.5000, H(p,q)-H0 = -0.0000000593615960, L(p,q)-L0 = -0.0000000048487099
t = 17.6000, H(p,q)-H0 = -0.0000000593554075, L(p,q)-L0 = -0.0000000048487371
t = 17.7000, H(p,q)-H0 = -0.0000000593459000, L(p,q)-L0 = -0.0000000048487790
t = 17.8000, H(p,q)-H0 = -0.0000000593309115, L(p,q)-L0 = -0.0000000048488482
t = 17.9000, H(p,q)-H0 = -0.0000000593066188, L(p,q)-L0 = -0.0000000048489672
t = 18.0000, H(p,q)-H0 = -0.0000000592660978, L(p,q)-L0 = -0.0000000048491851
t = 18.1000, H(p,q)-H0 = -0.0000000591965846, L(p,q)-L0 = -0.0000000048496129
t = 18.2000, H(p,q)-H0 = -0.0000000590744705, L(p,q)-L0 = -0.0000000048505251
t = 18.3000, H(p,q)-H0 = -0.0000000588570473, L(p,q)-L0 = -0.0000000048526683
t = 18.4000, H(p,q)-H0 = -0.0000000584699920, L(p,q)-L0 = -0.0000000048582733
t = 18.5000, H(p,q)-H0 = -0.0000000577596622, L(p,q)-L0 = -0.0000000048746636
t = 18.6000, H(p,q)-H0 = -0.0000000560199105, L(p,q)-L0 = -0.0000000049269229
t = 18.7000, H(p,q)-H0 = -0.0000000494869183, L(p,q)-L0 = -0.0000000050917097
ROOT RETURN:	t = 18.7354 g[0] =   1, y[0] = 0.361063, y[1] = -0.221063
t = 18.7354, H(p,q)-H0 = -0.0000000978326402, L(p,q)-L0 = -0.0000000230376245
t = 18.8000, H(p,q)-H0 = -0.0000000350383482, L(p,q)-L0 = -0.0000000055021806
t = 18.9000, H(p,q)-H0 = -0.0000000384657535, L(p,q)-L0 = -0.0000000060967349
t = 19.0000, H(p,q)-H0 = -0.0000000576671775, L(p,q)-L0 = -0.0000000065229255
t = 19.1000, H(p,q)-H0 = -0.0000000660850508, L(p,q)-L0 = -0.0000000066973844
t = 19.2000, H(p,q)-H0 = -0.0000000683962778, L(p,q)-L0 = -0.0000000067528785
t = 19.3000, H(p,q)-H0 = -0.0000000692693363, L(p,q)-L0 = -0.0000000067702148
t = 19.4000, H(p,q)-H0 = -0.0000000697053074, L(p,q)-L0 = -0.0000000067761124
t = 19.5000, H(p,q)-H0 = -0.0000000699390287, L(p,q)-L0 = -0.0000000067783563
t = 19.6000, H(p,q)-H0 = -0.0000000700672274, L(p,q)-L0 = -0.0000000067793084
t = 19.7000, H(p,q)-H0 = -0.0000000701392731, L(p,q)-L0 = -0.0000000067797532
t = 19.8000, H(p,q)-H0 = -0.0000000701809573, L(p,q)-L0 = -0.0000000067799798
ROOT RETURN:	t = 19.8800 g[0] =  -1, y[0] = -0.658624, y[1] = 0.798624
t = 19.8800, H(p,q)-H0 = -0.0000000702017527, L(p,q)-L0 = -0.0000000067800091
t = 19.9000, H(p,q)-H0 = -0.0000000702058314, L(p,q)-L0 = -0.0000000067801036
t = 20.0000, H(p,q)-H0 = -0.0000000702211327, L(p,q)-L0 = -0.0000000067801749
t = 20.1000, H(p,q)-H0 = -0.0000000702308205, L(p,q)-L0 = -0.0000000067802189
t = 20.2000, H(p,q)-H0 = -0.0000000702371183, L(p,q)-L0 = -0.0000000067802470
t = 20.3000, H(p,q)-H0 = -0.0000000702413129, L(p,q)-L0 = -0.0000000067802653
t = 20.4000, H(p,q)-H0 = -0.0000000702441684, L(p,q)-L0 = -0.0000000067802781
t = 20.5000, H(p,q)-H0 = -0.0000000702461509, L(p,q)-L0 = -0.0000000067802873
t = 20.6000, H(p,q)-H0 = -0.0000000702475522, L(p,q)-L0 = -0.0000000067802939
t = 20.7000, H(p,q)-H0 = -0.0000000702485590, L(p,q)-L0 = -0.0000000067802990
t = 20.8000, H(p,q)-H0 = -0.0000000702492926, L(p,q)-L0 = -0.0000000067803034
t = 20.9000, H(p,q)-H0 = -0.0000000702498333, L(p,q)-L0 = -0.0000000067803063
t = 21.0000, H(p,q)-H0 = -0.0000000702502367, L(p,q)-L0 = -0.0000000067803091
t = 21.1000, H(p,q)-H0 = -0.0000000702505401, L(p,q)-L0 = -0.0000000067803113
t = 21.2000, H(p,q)-H0 = -0.0000000702507700, L(p,q)-L0 = -0.0000000067803136
t = 21.3000, H(p,q)-H0 = -0.0000000702509446, L(p,q)-L0 = -0.0000000067803151
t = 21.4000, H(p,q)-H0 = -0.0000000702510772, L(p,q)-L0 = -0.0000000067803160
t = 21.5000, H(p,q)-H0 = -0.0000000702511773, L(p,q)-L0 = -0.0000000067803172
t = 21.6000, H(p,q)-H0 = -0.0000000702512519, L(p,q)-L0 = -0.0000000067803183
t = 21.7000, H(p,q)-H0 = -0.0000000702513059, L(p,q)-L0 = -0.0000000067803194
t = 21.8000, H(p,q)-H0 = -0.0000000702513424, L(p,q)-L0 = -0.0000000067803205
t = 21.9000, H(p,q)-H0 = -0.0000000702513636, L(p,q)-L0 = -0.0000000067803220
t = 22.0000, H(p,q)-H0 = -0.0000000702513707, L(p,q)-L0 = -0.0000000067803231
t = 22.1000, H(p,q)-H0 = -0.0000000702513645, L(p,q)-L0 = -0.0000000067803247
t = 22.2000, H(p,q)-H0 = -0.0000000702513435, L(p,q)-L0 = -0.0000000067803255
t = 22.3000, H(p,q)-H0 = -0.0000000702513069, L(p,q)-L0 = -0.0000000067803260
t = 22.4000, H(p,q)-H0 = -0.0000000702512530, L(p,q)-L0 = -0.0000000067803273
t = 22.5000, H(p,q)-H0 = -0.0000000702511778, L(p,q)-L0 = -0.0000000067803285
t = 22.6000, H(p,q)-H0 = -0.0000000702510757, L(p,q)-L0 = -0.0000000067803292
t = 22.7000, H(p,q)-H0 = -0.0000000702509411, L(p,q)-L0 = -0.0000000067803307
t = 22.8000, H(p,q)-H0 = -0.0000000702507630, L(p,q)-L0 = -0.0000000067803323
t = 22.9000, H(p,q)-H0 = -0.0000000702505277, L(p,q)-L0 = -0.0000000067803340
t = 23.0000, H(p,q)-H0 = -0.0000000702502163, L(p,q)-L0 = -0.0000000067803360
t = 23.1000, H(p,q)-H0 = -0.0000000702498012, L(p,q)-L0 = -0.0000000067803385
t = 23.2000, H(p,q)-H0 = -0.0000000702492429, L(p,q)-L0 = -0.0000000067803414
t = 23.3000, H(p,q)-H0 = -0.0000000702484836, L(p,q)-L0 = -0.0000000067803453
t = 23.4000, H(p,q)-H0 = -0.0000000702474385, L(p,q)-L0 = -0.0000000067803507
t = 23.5000, H(p,q)-H0 = -0.0000000702459789, L(p,q)-L0 = -0.0000000067803581
t = 23.6000, H(p,q)-H0 = -0.0000000702439071, L(p,q)-L0 = -0.0000000067803672
t = 23.7000, H(p,q)-H0 = -0.0000000702409146, L(p,q)-L0 = -0.0000000067803806
t = 23.8000, H(p,q)-H0 = -0.0000000702365057, L(p,q)-L0 = -0.0000000067804000
t = 23.9000, H(p,q)-H0 = -0.0000000702298657, L(p,q)-L0 = -0.0000000067804297
t = 24.0000, H(p,q)-H0 = -0.0000000702196210, L(p,q)-L0 = -0.0000000067804752
t = 24.1000, H(p,q)-H0 = -0.0000000702033971, L(p,q)-L0 = -0.0000000067805509
t = 24.2000, H(p,q)-H0 = -0.0000000701769752, L(p,q)-L0 = -0.0000000067806820
t = 24.3000, H(p,q)-H0 = -0.0000000701326901, L(p,q)-L0 = -0.0000000067809255
t = 24.4000, H(p,q)-H0 = -0.0000000700563808, L(p,q)-L0 = -0.0000000067814084
t = 24.5000, H(p,q)-H0 = -0.0000000699219017, L(p,q)-L0 = -0.0000000067824543
t = 24.6000, H(p,q)-H0 = -0.0000000696822704, L(p,q)-L0 = -0.0000000067849544
t = 24.7000, H(p,q)-H0 = -0.0000000692557109, L(p,q)-L0 = -0.0000000067916174
t = 24.8000, H(p,q)-H0 = -0.0000000684561350, L(p,q)-L0 = -0.0000000068114442
t = 24.9000, H(p,q)-H0 = -0.0000000663202426, L(p,q)-L0 = -0.0000000068751607
t = 25.0000, H(p,q)-H0 = -0.0000000582801603, L(p,q)-L0 = -0.0000000070720761
ROOT RETURN:	t = 25.0186 g[0] =   1, y[0] = 0.361063, y[1] = -0.221063
t = 25.0186, H(p,q)-H0 = -0.0000000673477174, L(p,q)-L0 = -0.0000000112233260
t = 25.1000, H(p,q)-H0 = -0.0000000442582238, L(p,q)-L0 = -0.0000000075293279
t = 25.2000, H(p,q)-H0 = -0.0000000526228769, L(p,q)-L0 = -0.0000000081198200
t = 25.3000, H(p,q)-H0 = -0.0000000707752226, L(p,q)-L0 = -0.0000000084982439
t = 25.4000, H(p,q)-H0 = -0.0000000775684346, L(p,q)-L0 = -0.0000000086435084
t = 25.5000, H(p,q)-H0 = -0.0000000794713557, L(p,q)-L0 = -0.0000000086890063
t = 25.6000, H(p,q)-H0 = -0.0000000802393612, L(p,q)-L0 = -0.0000000087033629
t = 25.7000, H(p,q)-H0 = -0.0000000806310355, L(p,q)-L0 = -0.0000000087083367
t = 25.8000, H(p,q)-H0 = -0.0000000808419982, L(p,q)-L0 = -0.0000000087102652
t = 25.9000, H(p,q)-H0 = -0.0000000809581407, L(p,q)-L0 = -0.0000000087110980
t = 26.0000, H(p,q)-H0 = -0.0000000810237136, L(p,q)-L0 = -0.0000000087114930
t = 26.1000, H(p,q)-H0 = -0.0000000810618471, L(p,q)-L0 = -0.0000000087116955
ROOT RETURN:	t = 26.1632 g[0] =  -1, y[0] = -0.658624, y[1] = 0.798624
t = 26.1632, H(p,q)-H0 = -0.0000000809433990, L(p,q)-L0 = -0.0000000084649708
t = 26.2000, H(p,q)-H0 = -0.0000000810847210, L(p,q)-L0 = -0.0000000087118069
t = 26.3000, H(p,q)-H0 = -0.0000000810988622, L(p,q)-L0 = -0.0000000087118719
t = 26.4000, H(p,q)-H0 = -0.0000000811078569, L(p,q)-L0 = -0.0000000087119124
t = 26.5000, H(p,q)-H0 = -0.0000000811137293, L(p,q)-L0 = -0.0000000087119387
t = 26.6000, H(p,q)-H0 = -0.0000000811176550, L(p,q)-L0 = -0.0000000087119558
t = 26.7000, H(p,q)-H0 = -0.0000000811203367, L(p,q)-L0 = -0.0000000087119680
t = 26.8000, H(p,q)-H0 = -0.0000000811222050, L(p,q)-L0 = -0.0000000087119767
t = 26.9000, H(p,q)-H0 = -0.0000000811235288, L(p,q)-L0 = -0.0000000087119825
t = 27.0000, H(p,q)-H0 = -0.0000000811244821, L(p,q)-L0 = -0.0000000087119875
t = 27.1000, H(p,q)-H0 = -0.0000000811251781, L(p,q)-L0 = -0.0000000087119911
t = 27.2000, H(p,q)-H0 = -0.0000000811256926, L(p,q)-L0 = -0.0000000087119941
t = 27.3000, H(p,q)-H0 = -0.0000000811260765, L(p,q)-L0 = -0.0000000087119965
t = 27.4000, H(p,q)-H0 = -0.0000000811263661, L(p,q)-L0 = -0.0000000087119989
t = 27.5000, H(p,q)-H0 = -0.0000000811265854, L(p,q)-L0 = -0.0000000087120005
t = 27.6000, H(p,q)-H0 = -0.0000000811267514, L(p,q)-L0 = -0.0000000087120012
t = 27.7000, H(p,q)-H0 = -0.0000000811268779, L(p,q)-L0 = -0.0000000087120021
t = 27.8000, H(p,q)-H0 = -0.0000000811269734, L(p,q)-L0 = -0.0000000087120035
t = 27.9000, H(p,q)-H0 = -0.0000000811270443, L(p,q)-L0 = -0.0000000087120050
t = 28.0000, H(p,q)-H0 = -0.0000000811270948, L(p,q)-L0 = -0.0000000087120056
t = 28.1000, H(p,q)-H0 = -0.0000000811271282, L(p,q)-L0 = -0.0000000087120061
t = 28.2000, H(p,q)-H0 = -0.0000000811271469, L(p,q)-L0 = -0.0000000087120071
t = 28.3000, H(p,q)-H0 = -0.0000000811271516, L(p,q)-L0 = -0.0000000087120080
t = 28.4000, H(p,q)-H0 = -0.0000000811271426, L(p,q)-L0 = -0.0000000087120091
t = 28.5000, H(p,q)-H0 = -0.0000000811271192, L(p,q)-L0 = -0.0000000087120101
t = 28.6000, H(p,q)-H0 = -0.0000000811270799, L(p,q)-L0 = -0.0000000087120108
t = 28.7000, H(p,q)-H0 = -0.0000000811270225, L(p,q)-L0 = -0.0000000087120117
t = 28.8000, H(p,q)-H0 = -0.0000000811269429, L(p,q)-L0 = -0.0000000087120126
t = 28.9000, H(p,q)-H0 = -0.0000000811268361, L(p,q)-L0 = -0.0000000087120136
t = 29.0000, H(p,q)-H0 = -0.0000000811266948, L(p,q)-L0 = -0.0000000087120149
t = 29.1000, H(p,q)-H0 = -0.0000000811265081, L(p,q)-L0 = -0.0000000087120162
t = 29.2000, H(p,q)-H0 = -0.0000000811262618, L(p,q)-L0 = -0.0000000087120184
t = 29.3000, H(p,q)-H0 = -0.0000000811259354, L(p,q)-L0 = -0.0000000087120207
t = 29.4000, H(p,q)-H0 = -0.0000000811254993, L(p,q)-L0 = -0.0000000087120232
t = 29.5000, H(p,q)-H0 = -0.0000000811249120, L(p,q)-L0 = -0.0000000087120268
t = 29.6000, H(p,q)-H0 = -0.0000000811241112, L(p,q)-L0 = -0.0000000087120304
t = 29.7000, H(p,q)-H0 = -0.0000000811230065, L(p,q)-L0 = -0.0000000087120356
t = 29.8000, H(p,q)-H0 = -0.0000000811214600, L(p,q)-L0 = -0.0000000087120429
t = 29.9000, H(p,q)-H0 = -0.0000000811192591, L(p,q)-L0 = -0.0000000087120523
t = 30.0000, H(p,q)-H0 = -0.0000000811160698, L(p,q)-L0 = -0.0000000087120662
t = 30.1000, H(p,q)-H0 = -0.0000000811113540, L(p,q)-L0 = -0.0000000087120869
t = 30.2000, H(p,q)-H0 = -0.0000000811042242, L(p,q)-L0 = -0.0000000087121187
t = 30.3000, H(p,q)-H0 = -0.0000000810931766, L(p,q)-L0 = -0.0000000087121682
t = 30.4000, H(p,q)-H0 = -0.0000000810756006, L(p,q)-L0 = -0.0000000087122506
t = 30.5000, H(p,q)-H0 = -0.0000000810468392, L(p,q)-L0 = -0.0000000087123952
t = 30.6000, H(p,q)-H0 = -0.0000000809983994, L(p,q)-L0 = -0.0000000087126659
t = 30.7000, H(p,q)-H0 = -0.0000000809145750, L(p,q)-L0 = -0.0000000087132126
t = 30.8000, H(p,q)-H0 = -0.0000000807664309, L(p,q)-L0 = -0.0000000087144150
t = 30.9000, H(p,q)-H0 = -0.0000000805023523, L(p,q)-L0 = -0.0000000087173400
t = 31.0000, H(p,q)-H0 = -0.0000000800318825, L(p,q)-L0 = -0.0000000087252835
t = 31.1000, H(p,q)-H0 = -0.0000000791227814, L(p,q)-L0 = -0.0000000087493244
t = 31.2000, H(p,q)-H0 = -0.0000000764649557, L(p,q)-L0 = -0.0000000088269498
t = 31.3000, H(p,q)-H0 = -0.0000000667737108, L(p,q)-L0 = -0.0000000090604118
ROOT RETURN:	t = 31.3017 g[0] =   1, y[0] = 0.361063, y[1] = -0.221063
t = 31.3017, H(p,q)-H0 = -0.0000000863809189, L(p,q)-L0 = -0.0000000155146035
t = 31.4000, H(p,q)-H0 = -0.0000000542914591, L(p,q)-L0 = -0.0000000095611543
t = 31.5000, H(p,q)-H0 = -0.0000000670306719, L(p,q)-L0 = -0.0000000101356428
t = 31.6000, H(p,q)-H0 = -0.0000000834908505, L(p,q)-L0 = -0.0000000104667233
t = 31.7000, H(p,q)-H0 = -0.0000000889325074, L(p,q)-L0 = -0.0000000105870224
t = 31.8000, H(p,q)-H0 = -0.0000000905197366, L(p,q)-L0 = -0.0000000106243445
t = 31.9000, H(p,q)-H0 = -0.0000000911995413, L(p,q)-L0 = -0.0000000106362668
t = 32.0000, H(p,q)-H0 = -0.0000000915518402, L(p,q)-L0 = -0.0000000106404743
t = 32.1000, H(p,q)-H0 = -0.0000000917423686, L(p,q)-L0 = -0.0000000106421368
t = 32.2000, H(p,q)-H0 = -0.0000000918476626, L(p,q)-L0 = -0.0000000106428659
t = 32.3000, H(p,q)-H0 = -0.0000000919073938, L(p,q)-L0 = -0.0000000106432165
t = 32.4000, H(p,q)-H0 = -0.0000000919423115, L(p,q)-L0 = -0.0000000106433993
ROOT RETURN:	t = 32.4464 g[0] =  -1, y[0] = -0.658623, y[1] = 0.798623
t = 32.4464, H(p,q)-H0 = -0.0000000918026397, L(p,q)-L0 = -0.0000000103661820
t = 32.5000, H(p,q)-H0 = -0.0000000919633653, L(p,q)-L0 = -0.0000000106435013
t = 32.6000, H(p,q)-H0 = -0.0000000919764453, L(p,q)-L0 = -0.0000000106435613
t = 32.7000, H(p,q)-H0 = -0.0000000919848028, L(p,q)-L0 = -0.0000000106435986
t = 32.8000, H(p,q)-H0 = -0.0000000919902816, L(p,q)-L0 = -0.0000000106436229
t = 32.9000, H(p,q)-H0 = -0.0000000919939582, L(p,q)-L0 = -0.0000000106436391
t = 33.0000, H(p,q)-H0 = -0.0000000919964785, L(p,q)-L0 = -0.0000000106436504
t = 33.1000, H(p,q)-H0 = -0.0000000919982395, L(p,q)-L0 = -0.0000000106436585
t = 33.2000, H(p,q)-H0 = -0.0000000919994916, L(p,q)-L0 = -0.0000000106436651
t = 33.3000, H(p,q)-H0 = -0.0000000920003955, L(p,q)-L0 = -0.0000000106436697
t = 33.4000, H(p,q)-H0 = -0.0000000920010561, L(p,q)-L0 = -0.0000000106436733
t = 33.5000, H(p,q)-H0 = -0.0000000920015450, L(p,q)-L0 = -0.0000000106436756
t = 33.6000, H(p,q)-H0 = -0.0000000920019114, L(p,q)-L0 = -0.0000000106436783
t = 33.7000, H(p,q)-H0 = -0.0000000920021879, L(p,q)-L0 = -0.0000000106436806
t = 33.8000, H(p,q)-H0 = -0.0000000920023973, L(p,q)-L0 = -0.0000000106436824
t = 33.9000, H(p,q)-H0 = -0.0000000920025567, L(p,q)-L0 = -0.0000000106436839
t = 34.0000, H(p,q)-H0 = -0.0000000920026775, L(p,q)-L0 = -0.0000000106436852
t = 34.1000, H(p,q)-H0 = -0.0000000920027685, L(p,q)-L0 = -0.0000000106436867
t = 34.2000, H(p,q)-H0 = -0.0000000920028356, L(p,q)-L0 = -0.0000000106436875
t = 34.3000, H(p,q)-H0 = -0.0000000920028832, L(p,q)-L0 = -0.0000000106436883
t = 34.4000, H(p,q)-H0 = -0.0000000920029144, L(p,q)-L0 = -0.0000000106436893
t = 34.5000, H(p,q)-H0 = -0.0000000920029305, L(p,q)-L0 = -0.0000000106436898
t = 34.6000, H(p,q)-H0 = -0.0000000920029328, L(p,q)-L0 = -0.0000000106436905
t = 34.7000, H(p,q)-H0 = -0.0000000920029215, L(p,q)-L0 = -0.0000000106436917
t = 34.8000, H(p,q)-H0 = -0.0000000920028955, L(p,q)-L0 = -0.0000000106436923
t = 34.9000, H(p,q)-H0 = -0.0000000920028534, L(p,q)-L0 = -0.0000000106436931
t = 35.0000, H(p,q)-H0 = -0.0000000920027924, L(p,q)-L0 = -0.0000000106436939
t = 35.1000, H(p,q)-H0 = -0.0000000920027089, L(p,q)-L0 = -0.0000000106436953
t = 35.2000, H(p,q)-H0 = -0.0000000920025971, L(p,q)-L0 = -0.0000000106436966
t = 35.3000, H(p,q)-H0 = -0.0000000920024491, L(p,q)-L0 = -0.0000000106436981
t = 35.4000, H(p,q)-H0 = -0.0000000920022534, L(p,q)-L0 = -0.0000000106436995
t = 35.5000, H(p,q)-H0 = -0.0000000920019956, L(p,q)-L0 = -0.0000000106437017
t = 35.6000, H(p,q)-H0 = -0.0000000920016526, L(p,q)-L0 = -0.0000000106437037
t = 35.7000, H(p,q)-H0 = -0.0000000920011944, L(p,q)-L0 = -0.0000000106437062
t = 35.8000, H(p,q)-H0 = -0.0000000920005760, L(p,q)-L0 = -0.0000000106437097
t = 35.9000, H(p,q)-H0 = -0.0000000919997319, L(p,q)-L0 = -0.0000000106437141
t = 36.0000, H(p,q)-H0 = -0.0000000919985645, L(p,q)-L0 = -0.0000000106437201
t = 36.1000, H(p,q)-H0 = -0.0000000919969256, L(p,q)-L0 = -0.0000000106437277
t = 36.2000, H(p,q)-H0 = -0.0000000919945865, L(p,q)-L0 = -0.0000000106437386
t = 36.3000, H(p,q)-H0 = -0.0000000919911850, L(p,q)-L0 = -0.0000000106437532
t = 36.4000, H(p,q)-H0 = -0.0000000919861378, L(p,q)-L0 = -0.0000000106437751
t = 36.5000, H(p,q)-H0 = -0.0000000919784759, L(p,q)-L0 = -0.0000000106438088
t = 36.6000, H(p,q)-H0 = -0.0000000919665543, L(p,q)-L0 = -0.0000000106438626
t = 36.7000, H(p,q)-H0 = -0.0000000919474991, L(p,q)-L0 = -0.0000000106439528
t = 36.8000, H(p,q)-H0 = -0.0000000919161655, L(p,q)-L0 = -0.0000000106441127
t = 36.9000, H(p,q)-H0 = -0.0000000918631425, L(p,q)-L0 = -0.0000000106444168
t = 37.0000, H(p,q)-H0 = -0.0000000917710068, L(p,q)-L0 = -0.0000000106450374
t = 37.1000, H(p,q)-H0 = -0.0000000916077678, L(p,q)-L0 = -0.0000000106464240
t = 37.2000, H(p,q)-H0 = -0.0000000913167905, L(p,q)-L0 = -0.0000000106498567
t = 37.3000, H(p,q)-H0 = -0.0000000907971338, L(p,q)-L0 = -0.0000000106593594
t = 37.4000, H(p,q)-H0 = -0.0000000897503700, L(p,q)-L0 = -0.0000000106885705
t = 37.5000, H(p,q)-H0 = -0.0000000864122607, L(p,q)-L0 = -0.0000000107829846
ROOT RETURN:	t = 37.5849 g[0] =   1, y[0] = 0.361063, y[1] = -0.221063
t = 37.5849, H(p,q)-H0 = -0.0000001317774294, L(p,q)-L0 = -0.0000000291994051
t = 37.6000, H(p,q)-H0 = -0.0000000750453213, L(p,q)-L0 = -0.0000000110571754
t = 37.7000, H(p,q)-H0 = -0.0000000652864798, L(p,q)-L0 = -0.0000000115956111
t = 37.8000, H(p,q)-H0 = -0.0000000814422616, L(p,q)-L0 = -0.0000000121433266
t = 37.9000, H(p,q)-H0 = -0.0000000958562416, L(p,q)-L0 = -0.0000000124291885
t = 38.0000, H(p,q)-H0 = -0.0000001002050563, L(p,q)-L0 = -0.0000000125284016
t = 38.1000, H(p,q)-H0 = -0.0000001015464115, L(p,q)-L0 = -0.0000000125590501
t = 38.2000, H(p,q)-H0 = -0.0000001021510567, L(p,q)-L0 = -0.0000000125689790
t = 38.3000, H(p,q)-H0 = -0.0000001024682371, L(p,q)-L0 = -0.0000000125725501
t = 38.4000, H(p,q)-H0 = -0.0000001026404101, L(p,q)-L0 = -0.0000000125739883
t = 38.5000, H(p,q)-H0 = -0.0000001027359420, L(p,q)-L0 = -0.0000000125746296
t = 38.6000, H(p,q)-H0 = -0.0000001027904003, L(p,q)-L0 = -0.0000000125749428
t = 38.7000, H(p,q)-H0 = -0.0000001028224009, L(p,q)-L0 = -0.0000000125751077
ROOT RETURN:	t = 38.7296 g[0] =  -1, y[0] = -0.658623, y[1] = 0.798623
t = 38.7296, H(p,q)-H0 = -0.0000001028247512, L(p,q)-L0 = -0.0000000125669291
t = 38.8000, H(p,q)-H0 = -0.0000001028417953, L(p,q)-L0 = -0.0000000125752007
t = 38.9000, H(p,q)-H0 = -0.0000001028539034, L(p,q)-L0 = -0.0000000125752562
t = 39.0000, H(p,q)-H0 = -0.0000001028616745, L(p,q)-L0 = -0.0000000125752908
t = 39.1000, H(p,q)-H0 = -0.0000001028667902, L(p,q)-L0 = -0.0000000125753136
t = 39.2000, H(p,q)-H0 = -0.0000001028702363, L(p,q)-L0 = -0.0000000125753292
t = 39.3000, H(p,q)-H0 = -0.0000001028726058, L(p,q)-L0 = -0.0000000125753397
t = 39.4000, H(p,q)-H0 = -0.0000001028742664, L(p,q)-L0 = -0.0000000125753472
t = 39.5000, H(p,q)-H0 = -0.0000001028754503, L(p,q)-L0 = -0.0000000125753531
t = 39.6000, H(p,q)-H0 = -0.0000001028763066, L(p,q)-L0 = -0.0000000125753573
t = 39.7000, H(p,q)-H0 = -0.0000001028769347, L(p,q)-L0 = -0.0000000125753611
t = 39.8000, H(p,q)-H0 = -0.0000001028774008, L(p,q)-L0 = -0.0000000125753643
t = 39.9000, H(p,q)-H0 = -0.0000001028777498, L(p,q)-L0 = -0.0000000125753665
t = 40.0000, H(p,q)-H0 = -0.0000001028780130, L(p,q)-L0 = -0.0000000125753685
t = 40.1000, H(p,q)-H0 = -0.0000001028782125, L(p,q)-L0 = -0.0000000125753696
t = 40.2000, H(p,q)-H0 = -0.0000001028783645, L(p,q)-L0 = -0.0000000125753710
t = 40.3000, H(p,q)-H0 = -0.0000001028784796, L(p,q)-L0 = -0.0000000125753720
t = 40.4000, H(p,q)-H0 = -0.0000001028785666, L(p,q)-L0 = -0.0000000125753734
t = 40.5000, H(p,q)-H0 = -0.0000001028786304, L(p,q)-L0 = -0.0000000125753749
t = 40.6000, H(p,q)-H0 = -0.0000001028786749, L(p,q)-L0 = -0.0000000125753756
t = 40.7000, H(p,q)-H0 = -0.0000001028787032, L(p,q)-L0 = -0.0000000125753764
t = 40.8000, H(p,q)-H0 = -0.0000001028787173, L(p,q)-L0 = -0.0000000125753777
t = 40.9000, H(p,q)-H0 = -0.0000001028787177, L(p,q)-L0 = -0.0000000125753791
t = 41.0000, H(p,q)-H0 = -0.0000001028787039, L(p,q)-L0 = -0.0000000125753797
t = 41.1000, H(p,q)-H0 = -0.0000001028786754, L(p,q)-L0 = -0.0000000125753807
t = 41.2000, H(p,q)-H0 = -0.0000001028786304, L(p,q)-L0 = -0.0000000125753817
t = 41.3000, H(p,q)-H0 = -0.0000001028785666, L(p,q)-L0 = -0.0000000125753835
t = 41.4000, H(p,q)-H0 = -0.0000001028784788, L(p,q)-L0 = -0.0000000125753847
t = 41.5000, H(p,q)-H0 = -0.0000001028783613, L(p,q)-L0 = -0.0000000125753861
t = 41.6000, H(p,q)-H0 = -0.0000001028782058, L(p,q)-L0 = -0.0000000125753872
t = 41.7000, H(p,q)-H0 = -0.0000001028780011, L(p,q)-L0 = -0.0000000125753888
t = 41.8000, H(p,q)-H0 = -0.0000001028777306, L(p,q)-L0 = -0.0000000125753910
t = 41.9000, H(p,q)-H0 = -0.0000001028773712, L(p,q)-L0 = -0.0000000125753933
t = 42.0000, H(p,q)-H0 = -0.0000001028768900, L(p,q)-L0 = -0.0000000125753967
t = 42.1000, H(p,q)-H0 = -0.0000001028762389, L(p,q)-L0 = -0.0000000125754003
t = 42.2000, H(p,q)-H0 = -0.0000001028753481, L(p,q)-L0 = -0.0000000125754045
t = 42.3000, H(p,q)-H0 = -0.0000001028741135, L(p,q)-L0 = -0.0000000125754107
t = 42.4000, H(p,q)-H0 = -0.0000001028723753, L(p,q)-L0 = -0.0000000125754185
t = 42.5000, H(p,q)-H0 = -0.0000001028698873, L(p,q)-L0 = -0.0000000125754293
t = 42.6000, H(p,q)-H0 = -0.0000001028662577, L(p,q)-L0 = -0.0000000125754451
t = 42.7000, H(p,q)-H0 = -0.0000001028608523, L(p,q)-L0 = -0.0000000125754686
t = 42.8000, H(p,q)-H0 = -0.0000001028526140, L(p,q)-L0 = -0.0000000125755047
t = 42.9000, H(p,q)-H0 = -0.0000001028397386, L(p,q)-L0 = -0.0000000125755633
t = 43.0000, H(p,q)-H0 = -0.0000001028190630, L(p,q)-L0 = -0.0000000125756622
t = 43.1000, H(p,q)-H0 = -0.0000001027848990, L(p,q)-L0 = -0.0000000125758393
t = 43.2000, H(p,q)-H0 = -0.0000001027268128, L(p,q)-L0 = -0.0000000125761791
t = 43.3000, H(p,q)-H0 = -0.0000001026254827, L(p,q)-L0 = -0.0000000125768842
t = 43.4000, H(p,q)-H0 = -0.0000001024455776, L(p,q)-L0 = -0.0000000125784863
t = 43.5000, H(p,q)-H0 = -0.0000001021250062, L(p,q)-L0 = -0.0000000125825277
t = 43.6000, H(p,q)-H0 = -0.0000001015496205, L(p,q)-L0 = -0.0000000125939299
t = 43.7000, H(p,q)-H0 = -0.0000001003261163, L(p,q)-L0 = -0.0000000126294811
t = 43.8000, H(p,q)-H0 = -0.0000000961170694, L(p,q)-L0 = -0.0000000127440090
ROOT RETURN:	t = 43.8681 g[0] =   1, y[0] = 0.361063, y[1] = -0.221063
t = 43.8681, H(p,q)-H0 = -0.0000001066932902, L(p,q)-L0 = -0.0000000193143932
t = 43.9000, H(p,q)-H0 = -0.0000000832329459, L(p,q)-L0 = -0.0000000130624954
t = 44.0000, H(p,q)-H0 = -0.0000000772849236, L(p,q)-L0 = -0.0000000136304049
t = 44.1000, H(p,q)-H0 = -0.0000000956608024, L(p,q)-L0 = -0.0000000141424648
t = 44.2000, H(p,q)-H0 = -0.0000001079238068, L(p,q)-L0 = -0.0000000143864448
t = 44.3000, H(p,q)-H0 = -0.0000001114074679, L(p,q)-L0 = -0.0000000144680287
t = 44.4000, H(p,q)-H0 = -0.0000001125551181, L(p,q)-L0 = -0.0000000144932376
t = 44.5000, H(p,q)-H0 = -0.0000001130948968, L(p,q)-L0 = -0.0000000145015316
t = 44.6000, H(p,q)-H0 = -0.0000001133806781, L(p,q)-L0 = -0.0000000145045729
t = 44.7000, H(p,q)-H0 = -0.0000001135363544, L(p,q)-L0 = -0.0000000145058183
t = 44.8000, H(p,q)-H0 = -0.0000001136230946, L(p,q)-L0 = -0.0000000145063828
t = 44.9000, H(p,q)-H0 = -0.0000001136727873, L(p,q)-L0 = -0.0000000145066626
t = 45.0000, H(p,q)-H0 = -0.0000001137021408, L(p,q)-L0 = -0.0000000145068115
ROOT RETURN:	t = 45.0128 g[0] =  -1, y[0] = -0.658623, y[1] = 0.798623
t = 45.0128, H(p,q)-H0 = -0.0000001135921330, L(p,q)-L0 = -0.0000000142993943
t = 45.1000, H(p,q)-H0 = -0.0000001137200214, L(p,q)-L0 = -0.0000000145068958
t = 45.2000, H(p,q)-H0 = -0.0000001137312385, L(p,q)-L0 = -0.0000000145069469
t = 45.3000, H(p,q)-H0 = -0.0000001137384691, L(p,q)-L0 = -0.0000000145069785
t = 45.4000, H(p,q)-H0 = -0.0000001137432486, L(p,q)-L0 = -0.0000000145070000
t = 45.5000, H(p,q)-H0 = -0.0000001137464800, L(p,q)-L0 = -0.0000000145070147
t = 45.6000, H(p,q)-H0 = -0.0000001137487096, L(p,q)-L0 = -0.0000000145070247
t = 45.7000, H(p,q)-H0 = -0.0000001137502768, L(p,q)-L0 = -0.0000000145070322
t = 45.8000, H(p,q)-H0 = -0.0000001137513964, L(p,q)-L0 = -0.0000000145070376
t = 45.9000, H(p,q)-H0 = -0.0000001137522087, L(p,q)-L0 = -0.0000000145070420
t = 46.0000, H(p,q)-H0 = -0.0000001137528052, L(p,q)-L0 = -0.0000000145070452
t = 46.1000, H(p,q)-H0 = -0.0000001137532486, L(p,q)-L0 = -0.0000000145070479
t = 46.2000, H(p,q)-H0 = -0.0000001137535812, L(p,q)-L0 = -0.0000000145070502
t = 46.3000, H(p,q)-H0 = -0.0000001137538326, L(p,q)-L0 = -0.0000000145070516
t = 46.4000, H(p,q)-H0 = -0.0000001137540235, L(p,q)-L0 = -0.0000000145070534
t = 46.5000, H(p,q)-H0 = -0.0000001137541685, L(p,q)-L0 = -0.0000000145070548
t = 46.6000, H(p,q)-H0 = -0.0000001137542787, L(p,q)-L0 = -0.0000000145070562
t = 46.7000, H(p,q)-H0 = -0.0000001137543613, L(p,q)-L0 = -0.0000000145070576
t = 46.8000, H(p,q)-H0 = -0.0000001137544215, L(p,q)-L0 = -0.0000000145070588
t = 46.9000, H(p,q)-H0 = -0.0000001137544632, L(p,q)-L0 = -0.0000000145070593
t = 47.0000, H(p,q)-H0 = -0.0000001137544889, L(p,q)-L0 = -0.0000000145070601
t = 47.1000, H(p,q)-H0 = -0.0000001137545003, L(p,q)-L0 = -0.0000000145070608
t = 47.2000, H(p,q)-H0 = -0.0000001137544982, L(p,q)-L0 = -0.0000000145070616
t = 47.3000, H(p,q)-H0 = -0.0000001137544818, L(p,q)-L0 = -0.0000000145070622
t = 47.4000, H(p,q)-H0 = -0.0000001137544509, L(p,q)-L0 = -0.0000000145070634
t = 47.5000, H(p,q)-H0 = -0.0000001137544030, L(p,q)-L0 = -0.0000000145070648
t = 47.6000, H(p,q)-H0 = -0.0000001137543351, L(p,q)-L0 = -0.0000000145070658
t = 47.7000, H(p,q)-H0 = -0.0000001137542425, L(p,q)-L0 = -0.0000000145070665
t = 47.8000, H(p,q)-H0 = -0.0000001137541192, L(p,q)-L0 = -0.0000000145070677
t = 47.9000, H(p,q)-H0 = -0.0000001137539565, L(p,q)-L0 = -0.0000000145070689
t = 48.0000, H(p,q)-H0 = -0.0000001137537420, L(p,q)-L0 = -0.0000000145070709
t = 48.1000, H(p,q)-H0 = -0.0000001137534582, L(p,q)-L0 = -0.0000000145070729
t = 48.2000, H(p,q)-H0 = -0.0000001137530808, L(p,q)-L0 = -0.0000000145070752
t = 48.3000, H(p,q)-H0 = -0.0000001137525747, L(p,q)-L0 = -0.0000000145070784
t = 48.4000, H(p,q)-H0 = -0.0000001137518892, L(p,q)-L0 = -0.0000000145070820
t = 48.5000, H(p,q)-H0 = -0.0000001137509492, L(p,q)-L0 = -0.0000000145070868
t = 48.6000, H(p,q)-H0 = -0.0000001137496433, L(p,q)-L0 = -0.0000000145070935
t = 48.7000, H(p,q)-H0 = -0.0000001137477996, L(p,q)-L0 = -0.0000000145071022
t = 48.8000, H(p,q)-H0 = -0.0000001137451520, L(p,q)-L0 = -0.0000000145071137
t = 48.9000, H(p,q)-H0 = -0.0000001137412777, L(p,q)-L0 = -0.0000000145071311
t = 49.0000, H(p,q)-H0 = -0.0000001137354850, L(p,q)-L0 = -0.0000000145071561
t = 49.1000, H(p,q)-H0 = -0.0000001137266208, L(p,q)-L0 = -0.0000000145071957
t = 49.2000, H(p,q)-H0 = -0.0000001137127050, L(p,q)-L0 = -0.0000000145072595
t = 49.3000, H(p,q)-H0 = -0.0000001136902524, L(p,q)-L0 = -0.0000000145073681
t = 49.4000, H(p,q)-H0 = -0.0000001136529726, L(p,q)-L0 = -0.0000000145075650
t = 49.5000, H(p,q)-H0 = -0.0000001135892934, L(p,q)-L0 = -0.0000000145079468
t = 49.6000, H(p,q)-H0 = -0.0000001134777949, L(p,q)-L0 = -0.0000000145087511
t = 49.7000, H(p,q)-H0 = -0.0000001132795046, L(p,q)-L0 = -0.0000000145106088
t = 49.8000, H(p,q)-H0 = -0.0000001129263574, L(p,q)-L0 = -0.0000000145153829
t = 49.9000, H(p,q)-H0 = -0.0000001122868578, L(p,q)-L0 = -0.0000000145291035
t = 50.0000, H(p,q)-H0 = -0.0000001108326948, L(p,q)-L0 = -0.0000000145724222
t = 50.1000, H(p,q)-H0 = -0.0000001055364578, L(p,q)-L0 = -0.0000000147108190
ROOT RETURN:	t = 50.1513 g[0] =   1, y[0] = 0.361063, y[1] = -0.221063
t = 50.1513, H(p,q)-H0 = -0.0000001114974815, L(p,q)-L0 = -0.0000000188467024
t = 50.2000, H(p,q)-H0 = -0.0000000915336087, L(p,q)-L0 = -0.0000000150760981
t = 50.3000, H(p,q)-H0 = -0.0000000902107362, L(p,q)-L0 = -0.0000000156632152
t = 50.4000, H(p,q)-H0 = -0.0000001095536482, L(p,q)-L0 = -0.0000000161330825
t = 50.5000, H(p,q)-H0 = -0.0000001197471942, L(p,q)-L0 = -0.0000000163392598
t = 50.6000, H(p,q)-H0 = -0.0000001225558985, L(p,q)-L0 = -0.0000000164062217
t = 50.7000, H(p,q)-H0 = -0.0000001235486917, L(p,q)-L0 = -0.0000000164269965
t = 50.8000, H(p,q)-H0 = -0.0000001240319016, L(p,q)-L0 = -0.0000000164339478
t = 50.9000, H(p,q)-H0 = -0.0000001242895604, L(p,q)-L0 = -0.0000000164365455
t = 51.0000, H(p,q)-H0 = -0.0000001244304126, L(p,q)-L0 = -0.0000000164376296
t = 51.1000, H(p,q)-H0 = -0.0000001245092338, L(p,q)-L0 = -0.0000000164381290
t = 51.2000, H(p,q)-H0 = -0.0000001245546178, L(p,q)-L0 = -0.0000000164383799
ROOT RETURN:	t = 51.2960 g[0] =  -1, y[0] = -0.658623, y[1] = 0.798623
t = 51.2960, H(p,q)-H0 = -0.0000001244159860, L(p,q)-L0 = -0.0000000161354881
t = 51.3000, H(p,q)-H0 = -0.0000001245815663, L(p,q)-L0 = -0.0000000164385151
t = 51.4000, H(p,q)-H0 = -0.0000001245980652, L(p,q)-L0 = -0.0000000164385927
t = 51.5000, H(p,q)-H0 = -0.0000001246084648, L(p,q)-L0 = -0.0000000164386396
t = 51.6000, H(p,q)-H0 = -0.0000001246151977, L(p,q)-L0 = -0.0000000164386690
t = 51.7000, H(p,q)-H0 = -0.0000001246196659, L(p,q)-L0 = -0.0000000164386891
t = 51.8000, H(p,q)-H0 = -0.0000001246226981, L(p,q)-L0 = -0.0000000164387031
t = 51.9000, H(p,q)-H0 = -0.0000001246247963, L(p,q)-L0 = -0.0000000164387125
t = 52.0000, H(p,q)-H0 = -0.0000001246262762, L(p,q)-L0 = -0.0000000164387198
t = 52.1000, H(p,q)-H0 = -0.0000001246273358, L(p,q)-L0 = -0.0000000164387248
t = 52.2000, H(p,q)-H0 = -0.0000001246281061, L(p,q)-L0 = -0.0000000164387290
t = 52.3000, H(p,q)-H0 = -0.0000001246286729, L(p,q)-L0 = -0.0000000164387320
t = 52.4000, H(p,q)-H0 = -0.0000001246290950, L(p,q)-L0 = -0.0000000164387345
t = 52.5000, H(p,q)-H0 = -0.0000001246294123, L(p,q)-L0 = -0.0000000164387365
t = 52.6000, H(p,q)-H0 = -0.0000001246296523, L(p,q)-L0 = -0.0000000164387381
t = 52.7000, H(p,q)-H0 = -0.0000001246298343, L(p,q)-L0 = -0.0000000164387396
t = 52.8000, H(p,q)-H0 = -0.0000001246299730, L(p,q)-L0 = -0.0000000164387409
t = 52.9000, H(p,q)-H0 = -0.0000001246300778, L(p,q)-L0 = -0.0000000164387421
t = 53.0000, H(p,q)-H0 = -0.0000001246301560, L(p,q)-L0 = -0.0000000164387427
t = 53.1000, H(p,q)-H0 = -0.0000001246302127, L(p,q)-L0 = -0.0000000164387436
t = 53.2000, H(p,q)-H0 = -0.0000001246302517, L(p,q)-L0 = -0.0000000164387445
t = 53.3000, H(p,q)-H0 = -0.0000001246302751, L(p,q)-L0 = -0.0000000164387456
t = 53.4000, H(p,q)-H0 = -0.0000001246302840, L(p,q)-L0 = -0.0000000164387460
t = 53.5000, H(p,q)-H0 = -0.0000001246302794, L(p,q)-L0 = -0.0000000164387469
t = 53.6000, H(p,q)-H0 = -0.0000001246302612, L(p,q)-L0 = -0.0000000164387480
t = 53.7000, H(p,q)-H0 = -0.0000001246302275, L(p,q)-L0 = -0.0000000164387494
t = 53.8000, H(p,q)-H0 = -0.0000001246301762, L(p,q)-L0 = -0.0000000164387498
t = 53.9000, H(p,q)-H0 = -0.0000001246301045, L(p,q)-L0 = -0.0000000164387508
t = 54.0000, H(p,q)-H0 = -0.0000001246300072, L(p,q)-L0 = -0.0000000164387517
t = 54.1000, H(p,q)-H0 = -0.0000001246298780, L(p,q)-L0 = -0.0000000164387530
t = 54.2000, H(p,q)-H0 = -0.0000001246297072, L(p,q)-L0 = -0.0000000164387541
t = 54.3000, H(p,q)-H0 = -0.0000001246294825, L(p,q)-L0 = -0.0000000164387559
t = 54.4000, H(p,q)-H0 = -0.0000001246291850, L(p,q)-L0 = -0.0000000164387581
t = 54.5000, H(p,q)-H0 = -0.0000001246287883, L(p,q)-L0 = -0.0000000164387602
t = 54.6000, H(p,q)-H0 = -0.0000001246282557, L(p,q)-L0 = -0.0000000164387628
t = 54.7000, H(p,q)-H0 = -0.0000001246275333, L(p,q)-L0 = -0.0000000164387668
t = 54.8000, H(p,q)-H0 = -0.0000001246265408, L(p,q)-L0 = -0.0000000164387717
t = 54.9000, H(p,q)-H0 = -0.0000001246251576, L(p,q)-L0 = -0.0000000164387783
t = 55.0000, H(p,q)-H0 = -0.0000001246232004, L(p,q)-L0 = -0.0000000164387872
t = 55.1000, H(p,q)-H0 = -0.0000001246203816, L(p,q)-L0 = -0.0000000164387994
t = 55.2000, H(p,q)-H0 = -0.0000001246162420, L(p,q)-L0 = -0.0000000164388176
t = 55.3000, H(p,q)-H0 = -0.0000001246100303, L(p,q)-L0 = -0.0000000164388450
t = 55.4000, H(p,q)-H0 = -0.0000001246004853, L(p,q)-L0 = -0.0000000164388876
t = 55.5000, H(p,q)-H0 = -0.0000001245854334, L(p,q)-L0 = -0.0000000164389568
t = 55.6000, H(p,q)-H0 = -0.0000001245610323, L(p,q)-L0 = -0.0000000164390765
t = 55.7000, H(p,q)-H0 = -0.0000001245203185, L(p,q)-L0 = -0.0000000164392951
t = 55.8000, H(p,q)-H0 = -0.0000001244504588, L(p,q)-L0 = -0.0000000164397256
t = 55.9000, H(p,q)-H0 = -0.0000001243277169, L(p,q)-L0 = -0.0000000164406457
t = 56.0000, H(p,q)-H0 = -0.0000001241091595, L(p,q)-L0 = -0.0000000164428063
t = 56.1000, H(p,q)-H0 = -0.0000001237200922, L(p,q)-L0 = -0.0000000164484628
t = 56.2000, H(p,q)-H0 = -0.0000001230054045, L(p,q)-L0 = -0.0000000164650191
t = 56.3000, H(p,q)-H0 = -0.0000001212471616, L(p,q)-L0 = -0.0000000165178364
t = 56.4000, H(p,q)-H0 = -0.0000001146384911, L(p,q)-L0 = -0.0000000166842291
ROOT RETURN:	t = 56.4345 g[0] =   1, y[0] = 0.361063, y[1] = -0.221063
t = 56.4345, H(p,q)-H0 = -0.0000001639668279, L(p,q)-L0 = -0.0000000347738256
t = 56.5000, H(p,q)-H0 = -0.0000001001873835, L(p,q)-L0 = -0.0000000170972445
t = 56.6000, H(p,q)-H0 = -0.0000001038851334, L(p,q)-L0 = -0.0000000176918925
t = 56.7000, H(p,q)-H0 = -0.0000001230515878, L(p,q)-L0 = -0.0000000181155525
t = 56.8000, H(p,q)-H0 = -0.0000001313757902, L(p,q)-L0 = -0.0000000182883400
t = 56.9000, H(p,q)-H0 = -0.0000001336624054, L(p,q)-L0 = -0.0000000183432476
t = 57.0000, H(p,q)-H0 = -0.0000001345293443, L(p,q)-L0 = -0.0000000183604097
t = 57.1000, H(p,q)-H0 = -0.0000001349628097, L(p,q)-L0 = -0.0000000183662532
t = 57.2000, H(p,q)-H0 = -0.0000001351952506, L(p,q)-L0 = -0.0000000183684786
t = 57.3000, H(p,q)-H0 = -0.0000001353227711, L(p,q)-L0 = -0.0000000183694233
t = 57.4000, H(p,q)-H0 = -0.0000001353944539, L(p,q)-L0 = -0.0000000183698653
t = 57.5000, H(p,q)-H0 = -0.0000001354359381, L(p,q)-L0 = -0.0000000183700896
ROOT RETURN:	t = 57.5791 g[0] =  -1, y[0] = -0.658623, y[1] = 0.798623
t = 57.5791, H(p,q)-H0 = -0.0000001354387766, L(p,q)-L0 = -0.0000000183374248
t = 57.6000, H(p,q)-H0 = -0.0000001354607000, L(p,q)-L0 = -0.0000000183702118
t = 57.7000, H(p,q)-H0 = -0.0000001354759361, L(p,q)-L0 = -0.0000000183702825
t = 57.8000, H(p,q)-H0 = -0.0000001354855848, L(p,q)-L0 = -0.0000000183703258
t = 57.9000, H(p,q)-H0 = -0.0000001354918588, L(p,q)-L0 = -0.0000000183703537
t = 58.0000, H(p,q)-H0 = -0.0000001354960383, L(p,q)-L0 = -0.0000000183703719
t = 58.1000, H(p,q)-H0 = -0.0000001354988843, L(p,q)-L0 = -0.0000000183703848
t = 58.2000, H(p,q)-H0 = -0.0000001355008611, L(p,q)-L0 = -0.0000000183703943
t = 58.3000, H(p,q)-H0 = -0.0000001355022581, L(p,q)-L0 = -0.0000000183704008
t = 58.4000, H(p,q)-H0 = -0.0000001355032616, L(p,q)-L0 = -0.0000000183704058
t = 58.5000, H(p,q)-H0 = -0.0000001355039930, L(p,q)-L0 = -0.0000000183704101
t = 58.6000, H(p,q)-H0 = -0.0000001355045323, L(p,q)-L0 = -0.0000000183704132
t = 58.7000, H(p,q)-H0 = -0.0000001355049342, L(p,q)-L0 = -0.0000000183704155
t = 58.8000, H(p,q)-H0 = -0.0000001355052367, L(p,q)-L0 = -0.0000000183704176
t = 58.9000, H(p,q)-H0 = -0.0000001355054661, L(p,q)-L0 = -0.0000000183704197
t = 59.0000, H(p,q)-H0 = -0.0000001355056402, L(p,q)-L0 = -0.0000000183704213
t = 59.1000, H(p,q)-H0 = -0.0000001355057724, L(p,q)-L0 = -0.0000000183704223
t = 59.2000, H(p,q)-H0 = -0.0000001355058724, L(p,q)-L0 = -0.0000000183704235
t = 59.3000, H(p,q)-H0 = -0.0000001355059469, L(p,q)-L0 = -0.0000000183704245
t = 59.4000, H(p,q)-H0 = -0.0000001355060005, L(p,q)-L0 = -0.0000000183704255
t = 59.5000, H(p,q)-H0 = -0.0000001355060368, L(p,q)-L0 = -0.0000000183704266
t = 59.6000, H(p,q)-H0 = -0.0000001355060580, L(p,q)-L0 = -0.0000000183704280
t = 59.7000, H(p,q)-H0 = -0.0000001355060648, L(p,q)-L0 = -0.0000000183704284
t = 59.8000, H(p,q)-H0 = -0.0000001355060578, L(p,q)-L0 = -0.0000000183704294
t = 59.9000, H(p,q)-H0 = -0.0000001355060362, L(p,q)-L0 = -0.0000000183704296
t = 60.0000, H(p,q)-H0 = -0.0000001355059995, L(p,q)-L0 = -0.0000000183704301
t = 60.1000, H(p,q)-H0 = -0.0000001355059450, L(p,q)-L0 = -0.0000000183704308
t = 60.2000, H(p,q)-H0 = -0.0000001355058696, L(p,q)-L0 = -0.0000000183704323
t = 60.3000, H(p,q)-H0 = -0.0000001355057675, L(p,q)-L0 = -0.0000000183704332
t = 60.4000, H(p,q)-H0 = -0.0000001355056324, L(p,q)-L0 = -0.0000000183704350
t = 60.5000, H(p,q)-H0 = -0.0000001355054539, L(p,q)-L0 = -0.0000000183704363
t = 60.6000, H(p,q)-H0 = -0.0000001355052183, L(p,q)-L0 = -0.0000000183704378
t = 60.7000, H(p,q)-H0 = -0.0000001355049060, L(p,q)-L0 = -0.0000000183704398
t = 60.8000, H(p,q)-H0 = -0.0000001355044899, L(p,q)-L0 = -0.0000000183704427
t = 60.9000, H(p,q)-H0 = -0.0000001355039301, L(p,q)-L0 = -0.0000000183704458
t = 61.0000, H(p,q)-H0 = -0.0000001355031688, L(p,q)-L0 = -0.0000000183704498
t = 61.1000, H(p,q)-H0 = -0.0000001355021206, L(p,q)-L0 = -0.0000000183704553
t = 61.2000, H(p,q)-H0 = -0.0000001355006560, L(p,q)-L0 = -0.0000000183704619
t = 61.3000, H(p,q)-H0 = -0.0000001354985779, L(p,q)-L0 = -0.0000000183704714
t = 61.4000, H(p,q)-H0 = -0.0000001354955748, L(p,q)-L0 = -0.0000000183704845
t = 61.5000, H(p,q)-H0 = -0.0000001354911499, L(p,q)-L0 = -0.0000000183705037
t = 61.6000, H(p,q)-H0 = -0.0000001354844839, L(p,q)-L0 = -0.0000000183705325
t = 61.7000, H(p,q)-H0 = -0.0000001354741976, L(p,q)-L0 = -0.0000000183705787
t = 61.8000, H(p,q)-H0 = -0.0000001354579040, L(p,q)-L0 = -0.0000000183706546
t = 61.9000, H(p,q)-H0 = -0.0000001354313633, L(p,q)-L0 = -0.0000000183707869
t = 62.0000, H(p,q)-H0 = -0.0000001353868654, L(p,q)-L0 = -0.0000000183710315
t = 62.1000, H(p,q)-H0 = -0.0000001353101723, L(p,q)-L0 = -0.0000000183715174
t = 62.2000, H(p,q)-H0 = -0.0000001351749971, L(p,q)-L0 = -0.0000000183725717
t = 62.3000, H(p,q)-H0 = -0.0000001349341148, L(p,q)-L0 = -0.0000000183750920
t = 62.4000, H(p,q)-H0 = -0.0000001345053224, L(p,q)-L0 = -0.0000000183818172
t = 62.5000, H(p,q)-H0 = -0.0000001337004563, L(p,q)-L0 = -0.0000000184018487
t = 62.6000, H(p,q)-H0 = -0.0000001315400913, L(p,q)-L0 = -0.0000000184662441
t = 62.7000, H(p,q)-H0 = -0.0000001234144738, L(p,q)-L0 = -0.0000000186650045
ROOT RETURN:	t = 62.7177 g[0] =   1, y[0] = 0.361063, y[1] = -0.221063
t = 62.7177, H(p,q)-H0 = -0.0000001465321100, L(p,q)-L0 = -0.0000000275523243
t = 62.8000, H(p,q)-H0 = -0.0000001094454982, L(p,q)-L0 = -0.0000000191246895
t = 62.9000, H(p,q)-H0 = -0.0000001180626392, L(p,q)-L0 = -0.0000000197146204
t = 63.0000, H(p,q)-H0 = -0.0000001361380413, L(p,q)-L0 = -0.0000000200904822
t = 63.1000, H(p,q)-H0 = -0.0000001428520109, L(p,q)-L0 = -0.0000000202343062
t = 63.2000, H(p,q)-H0 = -0.0000001447359146, L(p,q)-L0 = -0.0000000202793241
t = 63.3000, H(p,q)-H0 = -0.0000001454988130, L(p,q)-L0 = -0.0000000202935382
t = 63.4000, H(p,q)-H0 = -0.0000001458882617, L(p,q)-L0 = -0.0000000202984675
t = 63.5000, H(p,q)-H0 = -0.0000001460980743, L(p,q)-L0 = -0.0000000203003808
t = 63.6000, H(p,q)-H0 = -0.0000001462136063, L(p,q)-L0 = -0.0000000203012070
t = 63.7000, H(p,q)-H0 = -0.0000001462788516, L(p,q)-L0 = -0.0000000203015996
t = 63.8000, H(p,q)-H0 = -0.0000001463168047, L(p,q)-L0 = -0.0000000203018010
ROOT RETURN:	t = 63.8623 g[0] =  -1, y[0] = -0.658623, y[1] = 0.798623
t = 63.8623, H(p,q)-H0 = -0.0000001462431727, L(p,q)-L0 = -0.0000000201380640
t = 63.9000, H(p,q)-H0 = -0.0000001463395776, L(p,q)-L0 = -0.0000000203019122
t = 64.0000, H(p,q)-H0 = -0.0000001463536597, L(p,q)-L0 = -0.0000000203019773
t = 64.1000, H(p,q)-H0 = -0.0000001463626185, L(p,q)-L0 = -0.0000000203020173
t = 64.2000, H(p,q)-H0 = -0.0000001463684690, L(p,q)-L0 = -0.0000000203020434
t = 64.3000, H(p,q)-H0 = -0.0000001463723812, L(p,q)-L0 = -0.0000000203020607
t = 64.4000, H(p,q)-H0 = -0.0000001463750543, L(p,q)-L0 = -0.0000000203020727
t = 64.5000, H(p,q)-H0 = -0.0000001463769170, L(p,q)-L0 = -0.0000000203020820
t = 64.6000, H(p,q)-H0 = -0.0000001463782371, L(p,q)-L0 = -0.0000000203020885
t = 64.7000, H(p,q)-H0 = -0.0000001463791879, L(p,q)-L0 = -0.0000000203020933
t = 64.8000, H(p,q)-H0 = -0.0000001463798819, L(p,q)-L0 = -0.0000000203020969
t = 64.9000, H(p,q)-H0 = -0.0000001463803947, L(p,q)-L0 = -0.0000000203020999
t = 65.0000, H(p,q)-H0 = -0.0000001463807781, L(p,q)-L0 = -0.0000000203021024
t = 65.1000, H(p,q)-H0 = -0.0000001463810666, L(p,q)-L0 = -0.0000000203021044
t = 65.2000, H(p,q)-H0 = -0.0000001463812851, L(p,q)-L0 = -0.0000000203021061
t = 65.3000, H(p,q)-H0 = -0.0000001463814514, L(p,q)-L0 = -0.0000000203021076
t = 65.4000, H(p,q)-H0 = -0.0000001463815779, L(p,q)-L0 = -0.0000000203021089
t = 65.5000, H(p,q)-H0 = -0.0000001463816726, L(p,q)-L0 = -0.0000000203021095
t = 65.6000, H(p,q)-H0 = -0.0000001463817435, L(p,q)-L0 = -0.0000000203021112
t = 65.7000, H(p,q)-H0 = -0.0000001463817941, L(p,q)-L0 = -0.0000000203021122
t = 65.8000, H(p,q)-H0 = -0.0000001463818275, L(p,q)-L0 = -0.0000000203021131
t = 65.9000, H(p,q)-H0 = -0.0000001463818458, L(p,q)-L0 = -0.0000000203021135
t = 66.0000, H(p,q)-H0 = -0.0000001463818502, L(p,q)-L0 = -0.0000000203021142
t = 66.1000, H(p,q)-H0 = -0.0000001463818412, L(p,q)-L0 = -0.0000000203021153
t = 66.2000, H(p,q)-H0 = -0.0000001463818174, L(p,q)-L0 = -0.0000000203021159
t = 66.3000, H(p,q)-H0 = -0.0000001463817784, L(p,q)-L0 = -0.0000000203021169
t = 66.4000, H(p,q)-H0 = -0.0000001463817207, L(p,q)-L0 = -0.0000000203021181
t = 66.5000, H(p,q)-H0 = -0.0000001463816411, L(p,q)-L0 = -0.0000000203021189
t = 66.6000, H(p,q)-H0 = -0.0000001463815341, L(p,q)-L0 = -0.0000000203021201
t = 66.7000, H(p,q)-H0 = -0.0000001463813922, L(p,q)-L0 = -0.0000000203021215
t = 66.8000, H(p,q)-H0 = -0.0000001463812054, L(p,q)-L0 = -0.0000000203021234
t = 66.9000, H(p,q)-H0 = -0.0000001463809585, L(p,q)-L0 = -0.0000000203021252
t = 67.0000, H(p,q)-H0 = -0.0000001463806313, L(p,q)-L0 = -0.0000000203021276
t = 67.1000, H(p,q)-H0 = -0.0000001463801940, L(p,q)-L0 = -0.0000000203021303
t = 67.2000, H(p,q)-H0 = -0.0000001463796050, L(p,q)-L0 = -0.0000000203021340
t = 67.3000, H(p,q)-H0 = -0.0000001463788020, L(p,q)-L0 = -0.0000000203021379
t = 67.4000, H(p,q)-H0 = -0.0000001463776947, L(p,q)-L0 = -0.0000000203021440
t = 67.5000, H(p,q)-H0 = -0.0000001463761437, L(p,q)-L0 = -0.0000000203021515
t = 67.6000, H(p,q)-H0 = -0.0000001463739359, L(p,q)-L0 = -0.0000000203021617
t = 67.7000, H(p,q)-H0 = -0.0000001463707360, L(p,q)-L0 = -0.0000000203021764
t = 67.8000, H(p,q)-H0 = -0.0000001463660031, L(p,q)-L0 = -0.0000000203021971
t = 67.9000, H(p,q)-H0 = -0.0000001463588457, L(p,q)-L0 = -0.0000000203022288
t = 68.0000, H(p,q)-H0 = -0.0000001463477532, L(p,q)-L0 = -0.0000000203022782
t = 68.1000, H(p,q)-H0 = -0.0000001463301014, L(p,q)-L0 = -0.0000000203023612
t = 68.2000, H(p,q)-H0 = -0.0000001463012093, L(p,q)-L0 = -0.0000000203025072
t = 68.3000, H(p,q)-H0 = -0.0000001462525354, L(p,q)-L0 = -0.0000000203027803
t = 68.4000, H(p,q)-H0 = -0.0000001461682867, L(p,q)-L0 = -0.0000000203033309
t = 68.5000, H(p,q)-H0 = -0.0000001460193725, L(p,q)-L0 = -0.0000000203045434
t = 68.6000, H(p,q)-H0 = -0.0000001457539152, L(p,q)-L0 = -0.0000000203074929
t = 68.7000, H(p,q)-H0 = -0.0000001452809537, L(p,q)-L0 = -0.0000000203155135
t = 68.8000, H(p,q)-H0 = -0.0000001443652686, L(p,q)-L0 = -0.0000000203398052
t = 68.9000, H(p,q)-H0 = -0.0000001416752902, L(p,q)-L0 = -0.0000000204182535
t = 69.0000, H(p,q)-H0 = -0.0000001318934946, L(p,q)-L0 = -0.0000000206537967
ROOT RETURN:	t = 69.0008 g[0] =   1, y[0] = 0.361063, y[1] = -0.221063
t = 69.0008, H(p,q)-H0 = -0.0000001376758079, L(p,q)-L0 = -0.0000000225437481
t = 69.1000, H(p,q)-H0 = -0.0000001195272865, L(p,q)-L0 = -0.0000000211567287
t = 69.2000, H(p,q)-H0 = -0.0000001324768200, L(p,q)-L0 = -0.0000000217300407
t = 69.3000, H(p,q)-H0 = -0.0000001488338410, L(p,q)-L0 = -0.0000000220586303
t = 69.4000, H(p,q)-H0 = -0.0000001542105799, L(p,q)-L0 = -0.0000000221777037
t = 69.5000, H(p,q)-H0 = -0.0000001557830367, L(p,q)-L0 = -0.0000000222146328
t = 69.6000, H(p,q)-H0 = -0.0000001564585105, L(p,q)-L0 = -0.0000000222264377
t = 69.7000, H(p,q)-H0 = -0.0000001568088248, L(p,q)-L0 = -0.0000000222306084
t = 69.8000, H(p,q)-H0 = -0.0000001569983185, L(p,q)-L0 = -0.0000000222322579
t = 69.9000, H(p,q)-H0 = -0.0000001571030630, L(p,q)-L0 = -0.0000000222329820
t = 70.0000, H(p,q)-H0 = -0.0000001571624983, L(p,q)-L0 = -0.0000000222333307
t = 70.1000, H(p,q)-H0 = -0.0000001571972524, L(p,q)-L0 = -0.0000000222335126
ROOT RETURN:	t = 70.1455 g[0] =  -1, y[0] = -0.658623, y[1] = 0.798623
t = 70.1455, H(p,q)-H0 = -0.0000001570344533, L(p,q)-L0 = -0.0000000219142088
t = 70.2000, H(p,q)-H0 = -0.0000001572182133, L(p,q)-L0 = -0.0000000222336138
t = 70.3000, H(p,q)-H0 = -0.0000001572312394, L(p,q)-L0 = -0.0000000222336739
t = 70.4000, H(p,q)-H0 = -0.0000001572395643, L(p,q)-L0 = -0.0000000222337111
t = 70.5000, H(p,q)-H0 = -0.0000001572450226, L(p,q)-L0 = -0.0000000222337351
t = 70.6000, H(p,q)-H0 = -0.0000001572486870, L(p,q)-L0 = -0.0000000222337513
t = 70.7000, H(p,q)-H0 = -0.0000001572511991, L(p,q)-L0 = -0.0000000222337628
t = 70.8000, H(p,q)-H0 = -0.0000001572529542, L(p,q)-L0 = -0.0000000222337706
t = 70.9000, H(p,q)-H0 = -0.0000001572542022, L(p,q)-L0 = -0.0000000222337768
t = 71.0000, H(p,q)-H0 = -0.0000001572551029, L(p,q)-L0 = -0.0000000222337813
t = 71.1000, H(p,q)-H0 = -0.0000001572557622, L(p,q)-L0 = -0.0000000222337849
t = 71.2000, H(p,q)-H0 = -0.0000001572562501, L(p,q)-L0 = -0.0000000222337878
t = 71.3000, H(p,q)-H0 = -0.0000001572566154, L(p,q)-L0 = -0.0000000222337901
t = 71.4000, H(p,q)-H0 = -0.0000001572568906, L(p,q)-L0 = -0.0000000222337920
t = 71.5000, H(p,q)-H0 = -0.0000001572570995, L(p,q)-L0 = -0.0000000222337938
t = 71.6000, H(p,q)-H0 = -0.0000001572572583, L(p,q)-L0 = -0.0000000222337950
t = 71.7000, H(p,q)-H0 = -0.0000001572573783, L(p,q)-L0 = -0.0000000222337958
t = 71.8000, H(p,q)-H0 = -0.0000001572574692, L(p,q)-L0 = -0.0000000222337970
t = 71.9000, H(p,q)-H0 = -0.0000001572575363, L(p,q)-L0 = -0.0000000222337982
t = 72.0000, H(p,q)-H0 = -0.0000001572575836, L(p,q)-L0 = -0.0000000222337992
t = 72.1000, H(p,q)-H0 = -0.0000001572576145, L(p,q)-L0 = -0.0000000222338001
t = 72.2000, H(p,q)-H0 = -0.0000001572576307, L(p,q)-L0 = -0.0000000222338011
t = 72.3000, H(p,q)-H0 = -0.0000001572576328, L(p,q)-L0 = -0.0000000222338018
t = 72.4000, H(p,q)-H0 = -0.0000001572576213, L(p,q)-L0 = -0.0000000222338027
t = 72.5000, H(p,q)-H0 = -0.0000001572575952, L(p,q)-L0 = -0.0000000222338037
t = 72.6000, H(p,q)-H0 = -0.0000001572575530, L(p,q)-L0 = -0.0000000222338042
t = 72.7000, H(p,q)-H0 = -0.0000001572574919, L(p,q)-L0 = -0.0000000222338056
t = 72.8000, H(p,q)-H0 = -0.0000001572574082, L(p,q)-L0 = -0.0000000222338067
t = 72.9000, H(p,q)-H0 = -0.0000001572572962, L(p,q)-L0 = -0.0000000222338080
t = 73.0000, H(p,q)-H0 = -0.0000001572571477, L(p,q)-L0 = -0.0000000222338096
t = 73.1000, H(p,q)-H0 = -0.0000001572569518, L(p,q)-L0 = -0.0000000222338112
t = 73.2000, H(p,q)-H0 = -0.0000001572566929, L(p,q)-L0 = -0.0000000222338131
t = 73.3000, H(p,q)-H0 = -0.0000001572563492, L(p,q)-L0 = -0.0000000222338151
t = 73.4000, H(p,q)-H0 = -0.0000001572558899, L(p,q)-L0 = -0.0000000222338180
t = 73.5000, H(p,q)-H0 = -0.0000001572552698, L(p,q)-L0 = -0.0000000222338215
t = 73.6000, H(p,q)-H0 = -0.0000001572544235, L(p,q)-L0 = -0.0000000222338259
t = 73.7000, H(p,q)-H0 = -0.0000001572532525, L(p,q)-L0 = -0.0000000222338319
t = 73.8000, H(p,q)-H0 = -0.0000001572516086, L(p,q)-L0 = -0.0000000222338397
t = 73.9000, H(p,q)-H0 = -0.0000001572492617, L(p,q)-L0 = -0.0000000222338505
t = 74.0000, H(p,q)-H0 = -0.0000001572458490, L(p,q)-L0 = -0.0000000222338656
t = 74.1000, H(p,q)-H0 = -0.0000001572407829, L(p,q)-L0 = -0.0000000222338877
t = 74.2000, H(p,q)-H0 = -0.0000001572330914, L(p,q)-L0 = -0.0000000222339216
t = 74.3000, H(p,q)-H0 = -0.0000001572211208, L(p,q)-L0 = -0.0000000222339759
t = 74.4000, H(p,q)-H0 = -0.0000001572019823, L(p,q)-L0 = -0.0000000222340664
t = 74.5000, H(p,q)-H0 = -0.0000001571705042, L(p,q)-L0 = -0.0000000222342278
t = 74.6000, H(p,q)-H0 = -0.0000001571172206, L(p,q)-L0 = -0.0000000222345322
t = 74.7000, H(p,q)-H0 = -0.0000001570246138, L(p,q)-L0 = -0.0000000222351564
t = 74.8000, H(p,q)-H0 = -0.0000001568605209, L(p,q)-L0 = -0.0000000222365533
t = 74.9000, H(p,q)-H0 = -0.0000001565680252, L(p,q)-L0 = -0.0000000222400157
t = 75.0000, H(p,q)-H0 = -0.0000001560455560, L(p,q)-L0 = -0.0000000222496106
t = 75.1000, H(p,q)-H0 = -0.0000001549904116, L(p,q)-L0 = -0.0000000222791301
t = 75.2000, H(p,q)-H0 = -0.0000001516106689, L(p,q)-L0 = -0.0000000223745359
ROOT RETURN:	t = 75.2840 g[0] =   1, y[0] = 0.361063, y[1] = -0.221063
t = 75.2840, H(p,q)-H0 = -0.0000001943678731, L(p,q)-L0 = -0.0000000397565374
t = 75.3000, H(p,q)-H0 = -0.0000001401563476, L(p,q)-L0 = -0.0000000226510208
t = 75.4000, H(p,q)-H0 = -0.0000001305761277, L(p,q)-L0 = -0.0000000231912675
t = 75.5000, H(p,q)-H0 = -0.0000001468827575, L(p,q)-L0 = -0.0000000237372749
t = 75.6000, H(p,q)-H0 = -0.0000001611819829, L(p,q)-L0 = -0.0000000240207949
t = 75.7000, H(p,q)-H0 = -0.0000001654789004, L(p,q)-L0 = -0.0000000241189786
t = 75.8000, H(p,q)-H0 = -0.0000001668086709, L(p,q)-L0 = -0.0000000241493067
t = 75.9000, H(p,q)-H0 = -0.0000001674095932, L(p,q)-L0 = -0.0000000241591390
t = 76.0000, H(p,q)-H0 = -0.0000001677249977, L(p,q)-L0 = -0.0000000241626790
t = 76.1000, H(p,q)-H0 = -0.0000001678962392, L(p,q)-L0 = -0.0000000241641057
t = 76.2000, H(p,q)-H0 = -0.0000001679912754, L(p,q)-L0 = -0.0000000241647425
t = 76.3000, H(p,q)-H0 = -0.0000001680454652, L(p,q)-L0 = -0.0000000241650536
t = 76.4000, H(p,q)-H0 = -0.0000001680773167, L(p,q)-L0 = -0.0000000241652169
ROOT RETURN:	t = 76.4287 g[0] =  -1, y[0] = -0.658623, y[1] = 0.798623
t = 76.4287, H(p,q)-H0 = -0.0000001680465531, L(p,q)-L0 = -0.0000000240964780
t = 76.5000, H(p,q)-H0 = -0.0000001680966264, L(p,q)-L0 = -0.0000000241653098
t = 76.6000, H(p,q)-H0 = -0.0000001681086845, L(p,q)-L0 = -0.0000000241653648
t = 76.7000, H(p,q)-H0 = -0.0000001681164253, L(p,q)-L0 = -0.0000000241653996
t = 76.8000, H(p,q)-H0 = -0.0000001681215225, L(p,q)-L0 = -0.0000000241654224
t = 76.9000, H(p,q)-H0 = -0.0000001681249564, L(p,q)-L0 = -0.0000000241654377
t = 77.0000, H(p,q)-H0 = -0.0000001681273185, L(p,q)-L0 = -0.0000000241654485
t = 77.1000, H(p,q)-H0 = -0.0000001681289743, L(p,q)-L0 = -0.0000000241654563
t = 77.2000, H(p,q)-H0 = -0.0000001681301544, L(p,q)-L0 = -0.0000000241654623
t = 77.3000, H(p,q)-H0 = -0.0000001681310087, L(p,q)-L0 = -0.0000000241654667
t = 77.4000, H(p,q)-H0 = -0.0000001681316347, L(p,q)-L0 = -0.0000000241654700
t = 77.5000, H(p,q)-H0 = -0.0000001681320988, L(p,q)-L0 = -0.0000000241654724
t = 77.6000, H(p,q)-H0 = -0.0000001681324466, L(p,q)-L0 = -0.0000000241654746
t = 77.7000, H(p,q)-H0 = -0.0000001681327092, L(p,q)-L0 = -0.0000000241654763
t = 77.8000, H(p,q)-H0 = -0.0000001681329086, L(p,q)-L0 = -0.0000000241654781
t = 77.9000, H(p,q)-H0 = -0.0000001681330604, L(p,q)-L0 = -0.0000000241654796
t = 78.0000, H(p,q)-H0 = -0.0000001681331755, L(p,q)-L0 = -0.0000000241654809
t = 78.1000, H(p,q)-H0 = -0.0000001681332619, L(p,q)-L0 = -0.0000000241654818
t = 78.2000, H(p,q)-H0 = -0.0000001681333252, L(p,q)-L0 = -0.0000000241654828
t = 78.3000, H(p,q)-H0 = -0.0000001681333696, L(p,q)-L0 = -0.0000000241654836
t = 78.4000, H(p,q)-H0 = -0.0000001681333981, L(p,q)-L0 = -0.0000000241654848
t = 78.5000, H(p,q)-H0 = -0.0000001681334119, L(p,q)-L0 = -0.0000000241654858
t = 78.6000, H(p,q)-H0 = -0.0000001681334119, L(p,q)-L0 = -0.0000000241654868
t = 78.7000, H(p,q)-H0 = -0.0000001681333978, L(p,q)-L0 = -0.0000000241654875
t = 78.8000, H(p,q)-H0 = -0.0000001681333688, L(p,q)-L0 = -0.0000000241654881
t = 78.9000, H(p,q)-H0 = -0.0000001681333235, L(p,q)-L0 = -0.0000000241654887
t = 79.0000, H(p,q)-H0 = -0.0000001681332590, L(p,q)-L0 = -0.0000000241654898
t = 79.1000, H(p,q)-H0 = -0.0000001681331712, L(p,q)-L0 = -0.0000000241654911
t = 79.2000, H(p,q)-H0 = -0.0000001681330533, L(p,q)-L0 = -0.0000000241654921
t = 79.3000, H(p,q)-H0 = -0.0000001681328975, L(p,q)-L0 = -0.0000000241654935
t = 79.4000, H(p,q)-H0 = -0.0000001681326920, L(p,q)-L0 = -0.0000000241654949
t = 79.5000, H(p,q)-H0 = -0.0000001681324205, L(p,q)-L0 = -0.0000000241654969
t = 79.6000, H(p,q)-H0 = -0.0000001681320601, L(p,q)-L0 = -0.0000000241654989
t = 79.7000, H(p,q)-H0 = -0.0000001681315771, L(p,q)-L0 = -0.0000000241655017
t = 79.8000, H(p,q)-H0 = -0.0000001681309246, L(p,q)-L0 = -0.0000000241655054
t = 79.9000, H(p,q)-H0 = -0.0000001681300309, L(p,q)-L0 = -0.0000000241655096
t = 80.0000, H(p,q)-H0 = -0.0000001681287924, L(p,q)-L0 = -0.0000000241655159
t = 80.1000, H(p,q)-H0 = -0.0000001681270487, L(p,q)-L0 = -0.0000000241655238
t = 80.2000, H(p,q)-H0 = -0.0000001681245527, L(p,q)-L0 = -0.0000000241655355
t = 80.3000, H(p,q)-H0 = -0.0000001681209107, L(p,q)-L0 = -0.0000000241655516
t = 80.4000, H(p,q)-H0 = -0.0000001681154851, L(p,q)-L0 = -0.0000000241655751
t = 80.5000, H(p,q)-H0 = -0.0000001681072143, L(p,q)-L0 = -0.0000000241656115
t = 80.6000, H(p,q)-H0 = -0.0000001680942853, L(p,q)-L0 = -0.0000000241656704
t = 80.7000, H(p,q)-H0 = -0.0000001680735181, L(p,q)-L0 = -0.0000000241657697
t = 80.8000, H(p,q)-H0 = -0.0000001680391947, L(p,q)-L0 = -0.0000000241659480
t = 80.9000, H(p,q)-H0 = -0.0000001679808227, L(p,q)-L0 = -0.0000000241662905
t = 81.0000, H(p,q)-H0 = -0.0000001678789726, L(p,q)-L0 = -0.0000000241670015
t = 81.1000, H(p,q)-H0 = -0.0000001676981247, L(p,q)-L0 = -0.0000000241686167
t = 81.2000, H(p,q)-H0 = -0.0000001673758805, L(p,q)-L0 = -0.0000000241726936
t = 81.3000, H(p,q)-H0 = -0.0000001667972822, L(p,q)-L0 = -0.0000000241842093
t = 81.4000, H(p,q)-H0 = -0.0000001655629038, L(p,q)-L0 = -0.0000000242201389
t = 81.5000, H(p,q)-H0 = -0.0000001613010943, L(p,q)-L0 = -0.0000000243358504
ROOT RETURN:	t = 81.5672 g[0] =   1, y[0] = 0.361063, y[1] = -0.221063
t = 81.5672, H(p,q)-H0 = -0.0000001863589114, L(p,q)-L0 = -0.0000000357640320
t = 81.6000, H(p,q)-H0 = -0.0000001483443561, L(p,q)-L0 = -0.0000000246567998
t = 81.7000, H(p,q)-H0 = -0.0000001426274230, L(p,q)-L0 = -0.0000000252260186
t = 81.8000, H(p,q)-H0 = -0.0000001610868208, L(p,q)-L0 = -0.0000000257359545
t = 81.9000, H(p,q)-H0 = -0.0000001732351738, L(p,q)-L0 = -0.0000000259777944
t = 82.0000, H(p,q)-H0 = -0.0000001766780642, L(p,q)-L0 = -0.0000000260585202
t = 82.1000, H(p,q)-H0 = -0.0000001778165029, L(p,q)-L0 = -0.0000000260834663
t = 82.2000, H(p,q)-H0 = -0.0000001783530470, L(p,q)-L0 = -0.0000000260916821
t = 82.3000, H(p,q)-H0 = -0.0000001786372370, L(p,q)-L0 = -0.0000000260946976
t = 82.4000, H(p,q)-H0 = -0.0000001787920763, L(p,q)-L0 = -0.0000000260959342
t = 82.5000, H(p,q)-H0 = -0.0000001788783702, L(p,q)-L0 = -0.0000000260964957
t = 82.6000, H(p,q)-H0 = -0.0000001789278192, L(p,q)-L0 = -0.0000000260967732
t = 82.7000, H(p,q)-H0 = -0.0000001789570379, L(p,q)-L0 = -0.0000000260969215
ROOT RETURN:	t = 82.7119 g[0] =  -1, y[0] = -0.658623, y[1] = 0.798623
t = 82.7119, H(p,q)-H0 = -0.0000001788950017, L(p,q)-L0 = -0.0000000259781998
t = 82.8000, H(p,q)-H0 = -0.0000001789748414, L(p,q)-L0 = -0.0000000260970061
t = 82.9000, H(p,q)-H0 = -0.0000001789860123, L(p,q)-L0 = -0.0000000260970566
t = 83.0000, H(p,q)-H0 = -0.0000001789932158, L(p,q)-L0 = -0.0000000260970889
t = 83.1000, H(p,q)-H0 = -0.0000001789979778, L(p,q)-L0 = -0.0000000260971100
t = 83.2000, H(p,q)-H0 = -0.0000001790011978, L(p,q)-L0 = -0.0000000260971242
t = 83.3000, H(p,q)-H0 = -0.0000001790034201, L(p,q)-L0 = -0.0000000260971345
t = 83.4000, H(p,q)-H0 = -0.0000001790049824, L(p,q)-L0 = -0.0000000260971418
t = 83.5000, H(p,q)-H0 = -0.0000001790060986, L(p,q)-L0 = -0.0000000260971470
t = 83.6000, H(p,q)-H0 = -0.0000001790069083, L(p,q)-L0 = -0.0000000260971514
t = 83.7000, H(p,q)-H0 = -0.0000001790075033, L(p,q)-L0 = -0.0000000260971545
t = 83.8000, H(p,q)-H0 = -0.0000001790079456, L(p,q)-L0 = -0.0000000260971571
t = 83.9000, H(p,q)-H0 = -0.0000001790082774, L(p,q)-L0 = -0.0000000260971594
t = 84.0000, H(p,q)-H0 = -0.0000001790085283, L(p,q)-L0 = -0.0000000260971613
t = 84.1000, H(p,q)-H0 = -0.0000001790087186, L(p,q)-L0 = -0.0000000260971625
t = 84.2000, H(p,q)-H0 = -0.0000001790088631, L(p,q)-L0 = -0.0000000260971635
t = 84.3000, H(p,q)-H0 = -0.0000001790089728, L(p,q)-L0 = -0.0000000260971648
t = 84.4000, H(p,q)-H0 = -0.0000001790090546, L(p,q)-L0 = -0.0000000260971655
t = 84.5000, H(p,q)-H0 = -0.0000001790091151, L(p,q)-L0 = -0.0000000260971671
t = 84.6000, H(p,q)-H0 = -0.0000001790091567, L(p,q)-L0 = -0.0000000260971683
t = 84.7000, H(p,q)-H0 = -0.0000001790091825, L(p,q)-L0 = -0.0000000260971693
t = 84.8000, H(p,q)-H0 = -0.0000001790091940, L(p,q)-L0 = -0.0000000260971703
t = 84.9000, H(p,q)-H0 = -0.0000001790091918, L(p,q)-L0 = -0.0000000260971715
t = 85.0000, H(p,q)-H0 = -0.0000001790091755, L(p,q)-L0 = -0.0000000260971723
t = 85.1000, H(p,q)-H0 = -0.0000001790091444, L(p,q)-L0 = -0.0000000260971735
t = 85.2000, H(p,q)-H0 = -0.0000001790090962, L(p,q)-L0 = -0.0000000260971745
t = 85.3000, H(p,q)-H0 = -0.0000001790090286, L(p,q)-L0 = -0.0000000260971762
t = 85.4000, H(p,q)-H0 = -0.0000001790089362, L(p,q)-L0 = -0.0000000260971775
t = 85.5000, H(p,q)-H0 = -0.0000001790088130, L(p,q)-L0 = -0.0000000260971792
t = 85.6000, H(p,q)-H0 = -0.0000001790086495, L(p,q)-L0 = -0.0000000260971802
t = 85.7000, H(p,q)-H0 = -0.0000001790084347, L(p,q)-L0 = -0.0000000260971823
t = 85.8000, H(p,q)-H0 = -0.0000001790081501, L(p,q)-L0 = -0.0000000260971842
t = 85.9000, H(p,q)-H0 = -0.0000001790077715, L(p,q)-L0 = -0.0000000260971862
t = 86.0000, H(p,q)-H0 = -0.0000001790072637, L(p,q)-L0 = -0.0000000260971891
t = 86.1000, H(p,q)-H0 = -0.0000001790065763, L(p,q)-L0 = -0.0000000260971931
t = 86.2000, H(p,q)-H0 = -0.0000001790056330, L(p,q)-L0 = -0.0000000260971973
t = 86.3000, H(p,q)-H0 = -0.0000001790043225, L(p,q)-L0 = -0.0000000260972035
t = 86.4000, H(p,q)-H0 = -0.0000001790024727, L(p,q)-L0 = -0.0000000260972119
t = 86.5000, H(p,q)-H0 = -0.0000001789998165, L(p,q)-L0 = -0.0000000260972239
t = 86.6000, H(p,q)-H0 = -0.0000001789959280, L(p,q)-L0 = -0.0000000260972410
t = 86.7000, H(p,q)-H0 = -0.0000001789901138, L(p,q)-L0 = -0.0000000260972668
t = 86.8000, H(p,q)-H0 = -0.0000001789812143, L(p,q)-L0 = -0.0000000260973063
t = 86.9000, H(p,q)-H0 = -0.0000001789672398, L(p,q)-L0 = -0.0000000260973703
t = 87.0000, H(p,q)-H0 = -0.0000001789446868, L(p,q)-L0 = -0.0000000260974793
t = 87.1000, H(p,q)-H0 = -0.0000001789072314, L(p,q)-L0 = -0.0000000260976779
t = 87.2000, H(p,q)-H0 = -0.0000001788432364, L(p,q)-L0 = -0.0000000260980633
t = 87.3000, H(p,q)-H0 = -0.0000001787311613, L(p,q)-L0 = -0.0000000260988734
t = 87.4000, H(p,q)-H0 = -0.0000001785318307, L(p,q)-L0 = -0.0000000261007465
t = 87.5000, H(p,q)-H0 = -0.0000001781768377, L(p,q)-L0 = -0.0000000261055634
t = 87.6000, H(p,q)-H0 = -0.0000001775336020, L(p,q)-L0 = -0.0000000261194221
t = 87.7000, H(p,q)-H0 = -0.0000001760651396, L(p,q)-L0 = -0.0000000261632049
t = 87.8000, H(p,q)-H0 = -0.0000001707039721, L(p,q)-L0 = -0.0000000263030010
ROOT RETURN:	t = 87.8504 g[0] =   1, y[0] = 0.361063, y[1] = -0.221063
t = 87.8504, H(p,q)-H0 = -0.0000001658336990, L(p,q)-L0 = -0.0000000269003468
t = 87.9000, H(p,q)-H0 = -0.0000001566574559, L(p,q)-L0 = -0.0000000266708413
t = 88.0000, H(p,q)-H0 = -0.0000001555989786, L(p,q)-L0 = -0.0000000272586693
t = 88.1000, H(p,q)-H0 = -0.0000001749598755, L(p,q)-L0 = -0.0000000277261296
t = 88.2000, H(p,q)-H0 = -0.0000001850469524, L(p,q)-L0 = -0.0000000279303964
t = 88.3000, H(p,q)-H0 = -0.0000001878239839, L(p,q)-L0 = -0.0000000279966472
t = 88.4000, H(p,q)-H0 = -0.0000001888093408, L(p,q)-L0 = -0.0000000280172091
t = 88.5000, H(p,q)-H0 = -0.0000001892897106, L(p,q)-L0 = -0.0000000280240952
t = 88.6000, H(p,q)-H0 = -0.0000001895459414, L(p,q)-L0 = -0.0000000280266713
t = 88.7000, H(p,q)-H0 = -0.0000001896860389, L(p,q)-L0 = -0.0000000280277472
t = 88.8000, H(p,q)-H0 = -0.0000001897644556, L(p,q)-L0 = -0.0000000280282425
t = 88.9000, H(p,q)-H0 = -0.0000001898096190, L(p,q)-L0 = -0.0000000280284912
ROOT RETURN:	t = 88.9950 g[0] =  -1, y[0] = -0.658622, y[1] = 0.798622
t = 88.9950, H(p,q)-H0 = -0.0000001896585367, L(p,q)-L0 = -0.0000000277032686
t = 89.0000, H(p,q)-H0 = -0.0000001898364448, L(p,q)-L0 = -0.0000000280286255
t = 89.1000, H(p,q)-H0 = -0.0000001898528728, L(p,q)-L0 = -0.0000000280287027
t = 89.2000, H(p,q)-H0 = -0.0000001898632301, L(p,q)-L0 = -0.0000000280287495
t = 89.3000, H(p,q)-H0 = -0.0000001898699378, L(p,q)-L0 = -0.0000000280287791
t = 89.4000, H(p,q)-H0 = -0.0000001898743898, L(p,q)-L0 = -0.0000000280287989
t = 89.5000, H(p,q)-H0 = -0.0000001898774109, L(p,q)-L0 = -0.0000000280288124
t = 89.6000, H(p,q)-H0 = -0.0000001898795028, L(p,q)-L0 = -0.0000000280288219
t = 89.7000, H(p,q)-H0 = -0.0000001898809773, L(p,q)-L0 = -0.0000000280288288
t = 89.8000, H(p,q)-H0 = -0.0000001898820338, L(p,q)-L0 = -0.0000000280288337
t = 89.9000, H(p,q)-H0 = -0.0000001898828024, L(p,q)-L0 = -0.0000000280288380
t = 90.0000, H(p,q)-H0 = -0.0000001898833679, L(p,q)-L0 = -0.0000000280288410
t = 90.1000, H(p,q)-H0 = -0.0000001898837888, L(p,q)-L0 = -0.0000000280288436
t = 90.2000, H(p,q)-H0 = -0.0000001898841049, L(p,q)-L0 = -0.0000000280288452
t = 90.3000, H(p,q)-H0 = -0.0000001898843445, L(p,q)-L0 = -0.0000000280288475
t = 90.4000, H(p,q)-H0 = -0.0000001898845265, L(p,q)-L0 = -0.0000000280288495
t = 90.5000, H(p,q)-H0 = -0.0000001898846649, L(p,q)-L0 = -0.0000000280288510
t = 90.6000, H(p,q)-H0 = -0.0000001898847695, L(p,q)-L0 = -0.0000000280288522
t = 90.7000, H(p,q)-H0 = -0.0000001898848473, L(p,q)-L0 = -0.0000000280288526
t = 90.8000, H(p,q)-H0 = -0.0000001898849037, L(p,q)-L0 = -0.0000000280288535
t = 90.9000, H(p,q)-H0 = -0.0000001898849425, L(p,q)-L0 = -0.0000000280288543
t = 91.0000, H(p,q)-H0 = -0.0000001898849659, L(p,q)-L0 = -0.0000000280288553
t = 91.1000, H(p,q)-H0 = -0.0000001898849750, L(p,q)-L0 = -0.0000000280288560
t = 91.2000, H(p,q)-H0 = -0.0000001898849701, L(p,q)-L0 = -0.0000000280288562
t = 91.3000, H(p,q)-H0 = -0.0000001898849512, L(p,q)-L0 = -0.0000000280288572
t = 91.4000, H(p,q)-H0 = -0.0000001898849171, L(p,q)-L0 = -0.0000000280288579
t = 91.5000, H(p,q)-H0 = -0.0000001898848656, L(p,q)-L0 = -0.0000000280288587
t = 91.6000, H(p,q)-H0 = -0.0000001898847939, L(p,q)-L0 = -0.0000000280288600
t = 91.7000, H(p,q)-H0 = -0.0000001898846966, L(p,q)-L0 = -0.0000000280288610
t = 91.8000, H(p,q)-H0 = -0.0000001898845672, L(p,q)-L0 = -0.0000000280288620
t = 91.9000, H(p,q)-H0 = -0.0000001898843962, L(p,q)-L0 = -0.0000000280288636
t = 92.0000, H(p,q)-H0 = -0.0000001898841708, L(p,q)-L0 = -0.0000000280288655
t = 92.1000, H(p,q)-H0 = -0.0000001898838726, L(p,q)-L0 = -0.0000000280288676
t = 92.2000, H(p,q)-H0 = -0.0000001898834751, L(p,q)-L0 = -0.0000000280288697
t = 92.3000, H(p,q)-H0 = -0.0000001898829416, L(p,q)-L0 = -0.0000000280288729
t = 92.4000, H(p,q)-H0 = -0.0000001898822171, L(p,q)-L0 = -0.0000000280288767
t = 92.5000, H(p,q)-H0 = -0.0000001898812216, L(p,q)-L0 = -0.0000000280288815
t = 92.6000, H(p,q)-H0 = -0.0000001898798343, L(p,q)-L0 = -0.0000000280288880
t = 92.7000, H(p,q)-H0 = -0.0000001898778716, L(p,q)-L0 = -0.0000000280288976
t = 92.8000, H(p,q)-H0 = -0.0000001898750435, L(p,q)-L0 = -0.0000000280289101
t = 92.9000, H(p,q)-H0 = -0.0000001898708895, L(p,q)-L0 = -0.0000000280289284
t = 93.0000, H(p,q)-H0 = -0.0000001898646541, L(p,q)-L0 = -0.0000000280289556
t = 93.1000, H(p,q)-H0 = -0.0000001898550709, L(p,q)-L0 = -0.0000000280289987
t = 93.2000, H(p,q)-H0 = -0.0000001898399551, L(p,q)-L0 = -0.0000000280290684
t = 93.3000, H(p,q)-H0 = -0.0000001898154431, L(p,q)-L0 = -0.0000000280291886
t = 93.4000, H(p,q)-H0 = -0.0000001897745362, L(p,q)-L0 = -0.0000000280294098
t = 93.5000, H(p,q)-H0 = -0.0000001897043268, L(p,q)-L0 = -0.0000000280298439
t = 93.6000, H(p,q)-H0 = -0.0000001895809442, L(p,q)-L0 = -0.0000000280307697
t = 93.7000, H(p,q)-H0 = -0.0000001893612376, L(p,q)-L0 = -0.0000000280329480
t = 93.8000, H(p,q)-H0 = -0.0000001889701315, L(p,q)-L0 = -0.0000000280386572
t = 93.9000, H(p,q)-H0 = -0.0000001882510074, L(p,q)-L0 = -0.0000000280553829
t = 94.0000, H(p,q)-H0 = -0.0000001864738355, L(p,q)-L0 = -0.0000000281087675
t = 94.1000, H(p,q)-H0 = -0.0000001797882589, L(p,q)-L0 = -0.0000000282767912
ROOT RETURN:	t = 94.1336 g[0] =   1, y[0] = 0.361063, y[1] = -0.221063
t = 94.1336, H(p,q)-H0 = -0.0000002230411393, L(p,q)-L0 = -0.0000000441741270
t = 94.2000, H(p,q)-H0 = -0.0000001653372996, L(p,q)-L0 = -0.0000000286923685
t = 94.3000, H(p,q)-H0 = -0.0000001693073164, L(p,q)-L0 = -0.0000000292870754
t = 94.4000, H(p,q)-H0 = -0.0000001884358527, L(p,q)-L0 = -0.0000000297081790
t = 94.5000, H(p,q)-H0 = -0.0000001966663752, L(p,q)-L0 = -0.0000000298792937
t = 94.6000, H(p,q)-H0 = -0.0000001989285208, L(p,q)-L0 = -0.0000000299336169
t = 94.7000, H(p,q)-H0 = -0.0000001997893495, L(p,q)-L0 = -0.0000000299506040
t = 94.8000, H(p,q)-H0 = -0.0000002002203056, L(p,q)-L0 = -0.0000000299563938
t = 94.9000, H(p,q)-H0 = -0.0000002004514631, L(p,q)-L0 = -0.0000000299586003
t = 95.0000, H(p,q)-H0 = -0.0000002005783051, L(p,q)-L0 = -0.0000000299595384
t = 95.1000, H(p,q)-H0 = -0.0000002006496229, L(p,q)-L0 = -0.0000000299599773
t = 95.2000, H(p,q)-H0 = -0.0000002006909088, L(p,q)-L0 = -0.0000000299602008
ROOT RETURN:	t = 95.2782 g[0] =  -1, y[0] = -0.658622, y[1] = 0.798622
t = 95.2782, H(p,q)-H0 = -0.0000002006505437, L(p,q)-L0 = -0.0000000298486129
t = 95.3000, H(p,q)-H0 = -0.0000002007155586, L(p,q)-L0 = -0.0000000299603227
t = 95.4000, H(p,q)-H0 = -0.0000002007307307, L(p,q)-L0 = -0.0000000299603936
t = 95.5000, H(p,q)-H0 = -0.0000002007403406, L(p,q)-L0 = -0.0000000299604366
t = 95.6000, H(p,q)-H0 = -0.0000002007465910, L(p,q)-L0 = -0.0000000299604641
t = 95.7000, H(p,q)-H0 = -0.0000002007507558, L(p,q)-L0 = -0.0000000299604828
t = 95.8000, H(p,q)-H0 = -0.0000002007535922, L(p,q)-L0 = -0.0000000299604959
t = 95.9000, H(p,q)-H0 = -0.0000002007555624, L(p,q)-L0 = -0.0000000299605052
t = 96.0000, H(p,q)-H0 = -0.0000002007569556, L(p,q)-L0 = -0.0000000299605120
t = 96.1000, H(p,q)-H0 = -0.0000002007579564, L(p,q)-L0 = -0.0000000299605171
t = 96.2000, H(p,q)-H0 = -0.0000002007586850, L(p,q)-L0 = -0.0000000299605203
t = 96.3000, H(p,q)-H0 = -0.0000002007592228, L(p,q)-L0 = -0.0000000299605234
t = 96.4000, H(p,q)-H0 = -0.0000002007596239, L(p,q)-L0 = -0.0000000299605261
t = 96.5000, H(p,q)-H0 = -0.0000002007599259, L(p,q)-L0 = -0.0000000299605285
t = 96.6000, H(p,q)-H0 = -0.0000002007601543, L(p,q)-L0 = -0.0000000299605303
t = 96.7000, H(p,q)-H0 = -0.0000002007603281, L(p,q)-L0 = -0.0000000299605317
t = 96.8000, H(p,q)-H0 = -0.0000002007604597, L(p,q)-L0 = -0.0000000299605325
t = 96.9000, H(p,q)-H0 = -0.0000002007605596, L(p,q)-L0 = -0.0000000299605338
t = 97.0000, H(p,q)-H0 = -0.0000002007606337, L(p,q)-L0 = -0.0000000299605348
t = 97.1000, H(p,q)-H0 = -0.0000002007606874, L(p,q)-L0 = -0.0000000299605361
t = 97.2000, H(p,q)-H0 = -0.0000002007607235, L(p,q)-L0 = -0.0000000299605371
t = 97.3000, H(p,q)-H0 = -0.0000002007607446, L(p,q)-L0 = -0.0000000299605381
t = 97.4000, H(p,q)-H0 = -0.0000002007607512, L(p,q)-L0 = -0.0000000299605389
t = 97.5000, H(p,q)-H0 = -0.0000002007607444, L(p,q)-L0 = -0.0000000299605398
t = 97.6000, H(p,q)-H0 = -0.0000002007607232, L(p,q)-L0 = -0.0000000299605412
t = 97.7000, H(p,q)-H0 = -0.0000002007606865, L(p,q)-L0 = -0.0000000299605422
t = 97.8000, H(p,q)-H0 = -0.0000002007606321, L(p,q)-L0 = -0.0000000299605432
t = 97.9000, H(p,q)-H0 = -0.0000002007605565, L(p,q)-L0 = -0.0000000299605444
t = 98.0000, H(p,q)-H0 = -0.0000002007604543, L(p,q)-L0 = -0.0000000299605456
t = 98.1000, H(p,q)-H0 = -0.0000002007603186, L(p,q)-L0 = -0.0000000299605468
t = 98.2000, H(p,q)-H0 = -0.0000002007601395, L(p,q)-L0 = -0.0000000299605485
t = 98.3000, H(p,q)-H0 = -0.0000002007599033, L(p,q)-L0 = -0.0000000299605500
t = 98.4000, H(p,q)-H0 = -0.0000002007595903, L(p,q)-L0 = -0.0000000299605520
t = 98.5000, H(p,q)-H0 = -0.0000002007591734, L(p,q)-L0 = -0.0000000299605554
t = 98.6000, H(p,q)-H0 = -0.0000002007586117, L(p,q)-L0 = -0.0000000299605583
t = 98.7000, H(p,q)-H0 = -0.0000002007578481, L(p,q)-L0 = -0.0000000299605619
t = 98.8000, H(p,q)-H0 = -0.0000002007567965, L(p,q)-L0 = -0.0000000299605668
t = 98.9000, H(p,q)-H0 = -0.0000002007553273, L(p,q)-L0 = -0.0000000299605734
t = 99.0000, H(p,q)-H0 = -0.0000002007532420, L(p,q)-L0 = -0.0000000299605827
t = 99.1000, H(p,q)-H0 = -0.0000002007502293, L(p,q)-L0 = -0.0000000299605961
t = 99.2000, H(p,q)-H0 = -0.0000002007457882, L(p,q)-L0 = -0.0000000299606155
t = 99.3000, H(p,q)-H0 = -0.0000002007390968, L(p,q)-L0 = -0.0000000299606446
t = 99.4000, H(p,q)-H0 = -0.0000002007287694, L(p,q)-L0 = -0.0000000299606912
t = 99.5000, H(p,q)-H0 = -0.0000002007124057, L(p,q)-L0 = -0.0000000299607671
t = 99.6000, H(p,q)-H0 = -0.0000002006857424, L(p,q)-L0 = -0.0000000299608993
t = 99.7000, H(p,q)-H0 = -0.0000002006410295, L(p,q)-L0 = -0.0000000299611451
t = 99.8000, H(p,q)-H0 = -0.0000002005639476, L(p,q)-L0 = -0.0000000299616341
t = 99.9000, H(p,q)-H0 = -0.0000002004280650, L(p,q)-L0 = -0.0000000299626961
t = 100.0000, H(p,q)-H0 = -0.0000002001859164, L(p,q)-L0 = -0.0000000299652380
Current time                 = 99.99999999999859
Steps                        = 10000
Step attempts                = 10000
Stability limited steps      = 0
Accuracy limited steps       = 0
Error test fails             = 0
NLS step fails               = 0
Inequality constraint fails  = 0
Initial step size            = 0.01
Last step size               = 0.009999999999948264
Current step size            = 0.009999999999948264
Root fn evals                = 10293
Explicit RHS fn evals        = 60001
Implicit RHS fn evals        = 0
NLS iters                    = 0
NLS fails                    = 0
NLS iters per step           = 0
LS setups                    = 0
