

Demonstration program for ARKODE - SPGMR linear solver

Food web problem with ns species, ns = 6
Predator-prey interaction and diffusion on a 2-D square

Matrix parameters: a = 1   e = 1e+04   g = 5e-07
b parameter = 1
Diffusion coefficients: Dprey = 1   Dpred = 0.5
Rate parameter alpha = 1

Mesh dimensions (mx,my) are 6, 6.  Total system size is neq = 216 

Tolerances: reltol = 1e-05, abstol = 1e-05 

Preconditioning uses a product of:
  (1) Gauss-Seidel iterations with itmax = 5 iterations, and
  (2) interaction-only block-diagonal matrix with block-grouping
  Number of diagonal block groups = ngrp = 4  (ngx by ngy, ngx = 2, ngy = 2)


----------------------------------------------------------------------------


Preconditioner type is           jpre = SUN_PREC_LEFT

Gram-Schmidt method type is    gstype = SUN_MODIFIED_GS


c values at t = 0:

Species 1
10        10        10        10        10        10        
10        10.1678   10.3775   10.3775   10.1678   10        
10        10.3775   10.8493   10.8493   10.3775   10        
10        10.3775   10.8493   10.8493   10.3775   10        
10        10.1678   10.3775   10.3775   10.1678   10        
10        10        10        10        10        10        

Species 2
10        10        10        10        10        10        
10        10.3355   10.755    10.755    10.3355   10        
10        10.755    11.6987   11.6987   10.755    10        
10        10.755    11.6987   11.6987   10.755    10        
10        10.3355   10.755    10.755    10.3355   10        
10        10        10        10        10        10        

Species 3
10        10        10        10        10        10        
10        10.5033   11.1325   11.1325   10.5033   10        
10        11.1325   12.548    12.548    11.1325   10        
10        11.1325   12.548    12.548    11.1325   10        
10        10.5033   11.1325   11.1325   10.5033   10        
10        10        10        10        10        10        

Species 4
10        10        10        10        10        10        
10        10.6711   11.5099   11.5099   10.6711   10        
10        11.5099   13.3974   13.3974   11.5099   10        
10        11.5099   13.3974   13.3974   11.5099   10        
10        10.6711   11.5099   11.5099   10.6711   10        
10        10        10        10        10        10        

Species 5
10        10        10        10        10        10        
10        10.8389   11.8874   11.8874   10.8389   10        
10        11.8874   14.2467   14.2467   11.8874   10        
10        11.8874   14.2467   14.2467   11.8874   10        
10        10.8389   11.8874   11.8874   10.8389   10        
10        10        10        10        10        10        

Species 6
10        10        10        10        10        10        
10        11.0066   12.2649   12.2649   11.0066   10        
10        12.2649   15.0961   15.0961   12.2649   10        
10        12.2649   15.0961   15.0961   12.2649   10        
10        11.0066   12.2649   12.2649   11.0066   10        
10        10        10        10        10        10        

t =   1.00e-08  nst = 3  nfe = 0  nfi = 45  nni = 27  hu =    6.86e-08

t =   1.00e-07  nst = 4  nfe = 0  nfi = 60  nni = 37  hu =    4.93e-07

t =   1.00e-06  nst = 5  nfe = 0  nfi = 76  nni = 48  hu =    9.74e-07

c values at t = 1e-06:

Species 1
9.99991   9.99992   9.99993   9.99993   9.99993   9.99992   
9.99992   10.1677   10.3774   10.3774   10.1677   9.99993   
9.99993   10.3774   10.8492   10.8492   10.3774   9.99993   
9.99993   10.3774   10.8492   10.8492   10.3774   9.99993   
9.99992   10.1677   10.3774   10.3774   10.1677   9.99992   
9.99991   9.99992   9.99993   9.99993   9.99992   9.99991   

Species 2
9.99991   9.99993   9.99995   9.99995   9.99993   9.99992   
9.99993   10.3355   10.7549   10.7549   10.3355   9.99993   
9.99995   10.7549   11.6985   11.6985   10.7549   9.99995   
9.99995   10.7549   11.6985   11.6985   10.7549   9.99995   
9.99993   10.3355   10.7549   10.7549   10.3355   9.99993   
9.99991   9.99993   9.99995   9.99995   9.99993   9.99991   

Species 3
9.99991   9.99994   9.99997   9.99997   9.99994   9.99992   
9.99994   10.5032   11.1323   11.1323   10.5032   9.99994   
9.99997   11.1323   12.5478   12.5478   11.1323   9.99997   
9.99997   11.1323   12.5478   12.5478   11.1323   9.99997   
9.99994   10.5032   11.1323   11.1323   10.5032   9.99994   
9.99991   9.99994   9.99997   9.99997   9.99994   9.99991   

Species 4
13.4981   13.4982   13.4982   13.4982   13.4982   13.4981   
13.4982   14.5497   15.892    15.892    14.5496   13.4982   
13.4982   15.892    19.0289   19.0289   15.892    13.4982   
13.4982   15.892    19.0289   19.0289   15.892    13.4982   
13.4982   14.5497   15.892    15.892    14.5497   13.4982   
13.4981   13.4982   13.4982   13.4982   13.4982   13.4981   

Species 5
13.4981   13.4982   13.4982   13.4982   13.4982   13.4981   
13.4982   14.7784   16.4132   16.4132   14.7784   13.4982   
13.4982   16.4132   20.2352   20.2352   16.4132   13.4982   
13.4982   16.4132   20.2352   20.2352   16.4132   13.4982   
13.4982   14.7784   16.4132   16.4132   14.7784   13.4982   
13.4981   13.4982   13.4982   13.4982   13.4982   13.4981   

Species 6
13.4981   13.4982   13.4982   13.4982   13.4982   13.4981   
13.4982   15.0072   16.9344   16.9344   15.0071   13.4982   
13.4982   16.9344   21.4416   21.4416   16.9344   13.4982   
13.4982   16.9344   21.4416   21.4416   16.9344   13.4982   
13.4982   15.0072   16.9344   16.9344   15.0072   13.4982   
13.4981   13.4982   13.4982   13.4982   13.4982   13.4981   

t =   1.00e-05  nst = 14  nfe = 0  nfi = 211  nni = 138  hu =    9.74e-07

t =   1.00e-04  nst = 56  nfe = 0  nfi = 958  nni = 675  hu =    2.71e-05

t =   1.00e-03  nst = 59  nfe = 0  nfi = 1005  nni = 707  hu =    2.35e-03

c values at t = 0.001:

Species 1
9.90702   9.91664   9.92836   9.93033   9.92253   9.91674   
9.91472   10.0747   10.2769   10.2785   10.0795   9.92253   
9.92446   10.2748   10.7181   10.7194   10.2785   9.93033   
9.92445   10.2744   10.7173   10.7181   10.2769   9.92836   
9.91469   10.0734   10.2744   10.2748   10.0747   9.91664   
9.90698   9.91469   9.92445   9.92446   9.91472   9.90702   

Species 2
9.90742   9.92474   9.94622   9.94819   9.93064   9.91713   
9.92282   10.2412   10.644    10.6457   10.2461   9.93064   
9.94232   10.6419   11.5267   11.5281   10.6457   9.94819   
9.94231   10.6415   11.5258   11.5267   10.644    9.94622   
9.92279   10.24     10.6415   10.6419   10.2412   9.92474   
9.90737   9.92279   9.94231   9.94232   9.92282   9.90742   

Species 3
9.90781   9.93284   9.96408   9.96605   9.93874   9.91753   
9.93092   10.4078   11.0109   11.0127   10.4127   9.93874   
9.96017   11.0088   12.3339   12.3354   11.0127   9.96605   
9.96016   11.0083   12.333    12.3339   11.0109   9.96408   
9.93088   10.4065   11.0083   11.0088   10.4078   9.93284   
9.90776   9.93088   9.96016   9.96017   9.93092   9.90781   

Species 4
297231    297749    298393    298451    297925    297520    
297692    307245    319327    319378    307390    297925    
298276    319264    345799    345840    319378    298451    
298276    319252    345772    345799    319327    298393    
297691    307208    319252    319264    307245    297749    
297229    297691    298276    298276    297692    297231    

Species 5
297231    297749    298393    298451    297925    297520    
297692    307245    319327    319378    307390    297925    
298276    319264    345799    345840    319378    298451    
298276    319252    345772    345799    319327    298393    
297691    307208    319252    319264    307245    297749    
297229    297691    298276    298276    297692    297231    

Species 6
297231    297749    298393    298451    297925    297520    
297692    307245    319327    319378    307390    297925    
298276    319264    345799    345840    319378    298451    
298276    319252    345772    345799    319327    298393    
297691    307208    319252    319264    307245    297749    
297229    297691    298276    298276    297692    297231    

t =   1.00e-02  nst = 61  nfe = 0  nfi = 1044  nni = 736  hu =    9.22e-03

t =   1.00e-01  nst = 67  nfe = 0  nfi = 1160  nni = 822  hu =    2.26e-02

t =   1.00e+00  nst = 85  nfe = 0  nfi = 1517  nni = 1086  hu =    1.25e-01

c values at t = 1:

Species 1
1.5885    1.59923   1.62151   1.64764   1.67035   1.68148   
1.58532   1.59503   1.61547   1.63951   1.66032   1.67035   
1.57756   1.58547   1.60239   1.62234   1.63951   1.64764   
1.5682    1.57411   1.58705   1.60239   1.61547   1.62151   
1.56047   1.56462   1.57411   1.58547   1.59503   1.59923   
1.55732   1.56047   1.5682    1.57756   1.58532   1.5885    

Species 2
1.59066   1.6014    1.6237    1.64986   1.6726    1.68374   
1.58747   1.59719   1.61766   1.64173   1.66256   1.6726    
1.5797    1.58762   1.60456   1.62454   1.64173   1.64986   
1.57033   1.57625   1.58921   1.60456   1.61766   1.6237    
1.5626    1.56675   1.57625   1.58762   1.59719   1.6014    
1.55944   1.5626    1.57033   1.5797    1.58747   1.59066   

Species 3
1.5927    1.60345   1.62578   1.65196   1.67473   1.68588   
1.58951   1.59923   1.61972   1.64382   1.66467   1.67473   
1.58173   1.58966   1.60661   1.62661   1.64382   1.65196   
1.57235   1.57828   1.59125   1.60661   1.61972   1.62578   
1.56461   1.56877   1.57828   1.58966   1.59923   1.60345   
1.56145   1.56461   1.57235   1.58173   1.58951   1.5927    

Species 4
47718.2   48040.1   48708.8   49493.3   50175.3   50509.2   
47622.5   47913.8   48527.6   49249.4   49874.2   50175.3   
47389.5   47626.8   48134.7   48734     49249.4   49493.3   
47108.3   47285.8   47674.3   48134.7   48527.6   48708.8   
46876.4   47000.9   47285.8   47626.8   47913.8   48040.1   
46781.6   46876.4   47108.3   47389.5   47622.5   47718.2   

Species 5
47718.2   48040.1   48708.8   49493.3   50175.3   50509.2   
47622.5   47913.8   48527.6   49249.4   49874.2   50175.3   
47389.5   47626.8   48134.7   48734     49249.4   49493.3   
47108.3   47285.8   47674.3   48134.7   48527.6   48708.8   
46876.4   47000.9   47285.8   47626.8   47913.8   48040.1   
46781.6   46876.4   47108.3   47389.5   47622.5   47718.2   

Species 6
47718.2   48040.1   48708.8   49493.3   50175.3   50509.2   
47622.5   47913.8   48527.6   49249.4   49874.2   50175.3   
47389.5   47626.8   48134.7   48734     49249.4   49493.3   
47108.3   47285.8   47674.3   48134.7   48527.6   48708.8   
46876.4   47000.9   47285.8   47626.8   47913.8   48040.1   
46781.6   46876.4   47108.3   47389.5   47622.5   47718.2   

t =   2.00e+00  nst = 102  nfe = 0  nfi = 1861  nni = 1334  hu =    5.30e-02

t =   3.00e+00  nst = 114  nfe = 0  nfi = 2109  nni = 1510  hu =    1.22e-01

t =   4.00e+00  nst = 122  nfe = 0  nfi = 2251  nni = 1609  hu =    2.99e-01

c values at t = 4:

Species 1
1.19535   1.20368   1.2211    1.24157   1.25935   1.268     
1.1928    1.20035   1.21636   1.23523   1.25154   1.25935   
1.18657   1.19274   1.20602   1.22173   1.23523   1.24157   
1.17904   1.18368   1.19389   1.20602   1.21636   1.2211    
1.17284   1.17612   1.18368   1.19274   1.20035   1.20368   
1.17032   1.17284   1.17904   1.18657   1.1928    1.19535   

Species 2
1.19538   1.20371   1.22113   1.24161   1.25938   1.26804   
1.19284   1.20038   1.21639   1.23526   1.25157   1.25938   
1.1866    1.19277   1.20606   1.22177   1.23526   1.24161   
1.17908   1.18371   1.19393   1.20606   1.21639   1.22113   
1.17288   1.17616   1.18371   1.19277   1.20038   1.20371   
1.17035   1.17288   1.17908   1.1866    1.19284   1.19538   

Species 3
1.19542   1.20374   1.22116   1.24164   1.25942   1.26807   
1.19287   1.20042   1.21642   1.23529   1.2516    1.25942   
1.18663   1.1928    1.20609   1.2218    1.23529   1.24164   
1.17911   1.18374   1.19396   1.20609   1.21642   1.22116   
1.17291   1.17619   1.18374   1.1928    1.20042   1.20374   
1.17039   1.17291   1.17911   1.18663   1.19287   1.19542   

Species 4
35860.6   36110.2   36632.4   37246.4   37779.5   38038.7   
35784.2   36010.4   36490.4   37056.3   37545.3   37779.5   
35597.2   35782     36180.5   36651.6   37056.3   37246.4   
35371.4   35510.4   35816.7   36180.5   36490.4   36632.4   
35185.4   35283.8   35510.4   35782     36010.4   36110.2   
35109.7   35185.4   35371.4   35597.2   35784.2   35860.6   

Species 5
35860.6   36110.2   36632.4   37246.4   37779.5   38038.7   
35784.2   36010.4   36490.4   37056.3   37545.3   37779.5   
35597.2   35782     36180.5   36651.6   37056.3   37246.4   
35371.4   35510.4   35816.7   36180.5   36490.4   36632.4   
35185.4   35283.8   35510.4   35782     36010.4   36110.2   
35109.7   35185.4   35371.4   35597.2   35784.2   35860.6   

Species 6
35860.6   36110.2   36632.4   37246.4   37779.5   38038.7   
35784.2   36010.4   36490.4   37056.3   37545.3   37779.5   
35597.2   35782     36180.5   36651.6   37056.3   37246.4   
35371.4   35510.4   35816.7   36180.5   36490.4   36632.4   
35185.4   35283.8   35510.4   35782     36010.4   36110.2   
35109.7   35185.4   35371.4   35597.2   35784.2   35860.6   

t =   5.00e+00  nst = 125  nfe = 0  nfi = 2308  nni = 1649  hu =    5.38e-01

t =   6.00e+00  nst = 126  nfe = 0  nfi = 2324  nni = 1660  hu =    1.01e+00

t =   7.00e+00  nst = 127  nfe = 0  nfi = 2339  nni = 1670  hu =    1.74e+00

c values at t = 7:

Species 1
1.18853   1.19682   1.21415   1.23452   1.25221   1.26081   
1.186     1.1935    1.20943   1.22821   1.24444   1.25221   
1.17979   1.18593   1.19915   1.21478   1.22821   1.23452   
1.1723    1.17691   1.18708   1.19915   1.20943   1.21415   
1.16613   1.16939   1.17691   1.18593   1.1935    1.19682   
1.16362   1.16613   1.1723    1.17979   1.186     1.18853   

Species 2
1.18853   1.19682   1.21415   1.23452   1.25221   1.26081   
1.186     1.19351   1.20943   1.22821   1.24444   1.25221   
1.17979   1.18593   1.19915   1.21478   1.22821   1.23452   
1.1723    1.17691   1.18708   1.19915   1.20943   1.21415   
1.16613   1.1694    1.17691   1.18593   1.19351   1.19682   
1.16362   1.16613   1.1723    1.17979   1.186     1.18853   

Species 3
1.18853   1.19682   1.21415   1.23452   1.25221   1.26082   
1.186     1.19351   1.20943   1.22821   1.24444   1.25221   
1.17979   1.18593   1.19915   1.21478   1.22821   1.23452   
1.1723    1.17691   1.18708   1.19915   1.20943   1.21415   
1.16613   1.1694    1.17691   1.18593   1.19351   1.19682   
1.16362   1.16613   1.1723    1.17979   1.186     1.18853   

Species 4
35655.1   35903.4   36423     37033.9   37564.2   37822.1   
35579     35804.1   36281.7   36844.7   37331.3   37564.2   
35392.9   35576.8   35973.3   36442     36844.7   37033.9   
35168.2   35306.4   35611.2   35973.3   36281.7   36423     
34983     35081     35306.4   35576.8   35804.1   35903.4   
34907.7   34983     35168.2   35392.9   35579     35655.1   

Species 5
35655.1   35903.4   36423     37033.9   37564.2   37822.1   
35579     35804.1   36281.7   36844.7   37331.3   37564.2   
35392.9   35576.8   35973.3   36442     36844.7   37033.9   
35168.2   35306.4   35611.2   35973.3   36281.7   36423     
34983     35081     35306.4   35576.8   35804.1   35903.4   
34907.7   34983     35168.2   35392.9   35579     35655.1   

Species 6
35655.1   35903.4   36423     37033.9   37564.2   37822.1   
35579     35804.1   36281.7   36844.7   37331.3   37564.2   
35392.9   35576.8   35973.3   36442     36844.7   37033.9   
35168.2   35306.4   35611.2   35973.3   36281.7   36423     
34983     35081     35306.4   35576.8   35804.1   35903.4   
34907.7   34983     35168.2   35392.9   35579     35655.1   

t =   8.00e+00  nst = 128  nfe = 0  nfi = 2354  nni = 1680  hu =    2.89e+00

t =   9.00e+00  nst = 128  nfe = 0  nfi = 2354  nni = 1680  hu =    2.89e+00

t =   1.00e+01  nst = 128  nfe = 0  nfi = 2354  nni = 1680  hu =    2.89e+00

c values at t = 10:

Species 1
1.18838   1.19667   1.21399   1.23437   1.25205   1.26066   
1.18585   1.19335   1.20928   1.22805   1.24428   1.25205   
1.17964   1.18578   1.199     1.21463   1.22805   1.23437   
1.17215   1.17676   1.18693   1.199     1.20928   1.21399   
1.16598   1.16925   1.17676   1.18578   1.19335   1.19667   
1.16347   1.16598   1.17215   1.17964   1.18585   1.18838   

Species 2
1.18838   1.19667   1.21399   1.23437   1.25205   1.26066   
1.18585   1.19335   1.20928   1.22805   1.24428   1.25205   
1.17964   1.18578   1.199     1.21463   1.22805   1.23437   
1.17215   1.17676   1.18693   1.199     1.20928   1.21399   
1.16598   1.16925   1.17676   1.18578   1.19335   1.19667   
1.16347   1.16598   1.17215   1.17964   1.18585   1.18838   

Species 3
1.18838   1.19667   1.21399   1.23437   1.25205   1.26066   
1.18585   1.19335   1.20928   1.22805   1.24428   1.25205   
1.17964   1.18578   1.199     1.21463   1.22805   1.23437   
1.17215   1.17676   1.18693   1.199     1.20928   1.21399   
1.16598   1.16925   1.17676   1.18578   1.19335   1.19667   
1.16347   1.16598   1.17215   1.17964   1.18585   1.18838   

Species 4
35650.6   35898.8   36418.3   37029.2   37559.5   37817.3   
35574.5   35799.5   36277     36840     37326.6   37559.5   
35388.4   35572.2   35968.7   36437.4   36840     37029.2   
35163.6   35301.9   35606.7   35968.7   36277     36418.3   
34978.5   35076.4   35301.9   35572.2   35799.5   35898.8   
34903.2   34978.5   35163.6   35388.4   35574.5   35650.6   

Species 5
35650.6   35898.8   36418.3   37029.2   37559.5   37817.3   
35574.5   35799.5   36277     36840     37326.6   37559.5   
35388.4   35572.2   35968.7   36437.4   36840     37029.2   
35163.6   35301.9   35606.7   35968.7   36277     36418.3   
34978.5   35076.4   35301.9   35572.2   35799.5   35898.8   
34903.2   34978.5   35163.6   35388.4   35574.5   35650.6   

Species 6
35650.6   35898.8   36418.3   37029.2   37559.5   37817.3   
35574.5   35799.5   36277     36840     37326.6   37559.5   
35388.4   35572.2   35968.7   36437.4   36840     37029.2   
35163.6   35301.9   35606.7   35968.7   36277     36418.3   
34978.5   35076.4   35301.9   35572.2   35799.5   35898.8   
34903.2   34978.5   35163.6   35388.4   35574.5   35650.6   



 Final statistics for this run:

 ARKStep real workspace length         = 3790 
 ARKStep integer workspace length      =  147 
 ARKLS real workspace length           = 2647 
 ARKLS integer workspace length        =   42 
 Number of steps                       =  128 
 Number of f-s (explicit)              =    0 
 Number of f-s (implicit)              = 2354 
 Number of f-s (SPGMR)                 = 5341 
 Number of f-s (TOTAL)                 = 5341 
 Number of setups                      =   82 
 Number of nonlinear iterations        = 1680 
 Number of linear iterations           = 5341 
 Number of preconditioner evaluations  =   82 
 Number of preconditioner solves       = 6983 
 Number of error test failures         =    0 
 Number of nonlinear conv. failures    =   30 
 Number of linear convergence failures =  213 
 Average Krylov subspace dimension     = 3.179 


----------------------------------------------------------------------------
----------------------------------------------------------------------------


Preconditioner type is           jpre = SUN_PREC_LEFT

Gram-Schmidt method type is    gstype = SUN_CLASSICAL_GS


t =   1.00e-08  nst = 3  nfe = 0  nfi = 45  nni = 27  hu =    6.86e-08

t =   1.00e-07  nst = 4  nfe = 0  nfi = 60  nni = 37  hu =    4.93e-07

t =   1.00e-06  nst = 5  nfe = 0  nfi = 76  nni = 48  hu =    9.74e-07

t =   1.00e-05  nst = 14  nfe = 0  nfi = 211  nni = 138  hu =    9.74e-07

t =   1.00e-04  nst = 56  nfe = 0  nfi = 958  nni = 675  hu =    2.71e-05

t =   1.00e-03  nst = 59  nfe = 0  nfi = 1005  nni = 707  hu =    2.35e-03

t =   1.00e-02  nst = 61  nfe = 0  nfi = 1044  nni = 736  hu =    9.22e-03

t =   1.00e-01  nst = 67  nfe = 0  nfi = 1160  nni = 822  hu =    2.26e-02

t =   1.00e+00  nst = 85  nfe = 0  nfi = 1517  nni = 1086  hu =    1.25e-01

t =   2.00e+00  nst = 102  nfe = 0  nfi = 1861  nni = 1334  hu =    5.29e-02

t =   3.00e+00  nst = 114  nfe = 0  nfi = 2109  nni = 1510  hu =    1.22e-01

t =   4.00e+00  nst = 122  nfe = 0  nfi = 2251  nni = 1609  hu =    2.99e-01

t =   5.00e+00  nst = 125  nfe = 0  nfi = 2308  nni = 1649  hu =    5.38e-01

t =   6.00e+00  nst = 126  nfe = 0  nfi = 2324  nni = 1660  hu =    1.01e+00

t =   7.00e+00  nst = 127  nfe = 0  nfi = 2339  nni = 1670  hu =    1.74e+00

t =   8.00e+00  nst = 128  nfe = 0  nfi = 2354  nni = 1680  hu =    2.89e+00

t =   9.00e+00  nst = 128  nfe = 0  nfi = 2354  nni = 1680  hu =    2.89e+00

t =   1.00e+01  nst = 128  nfe = 0  nfi = 2354  nni = 1680  hu =    2.89e+00



 Final statistics for this run:

 ARKStep real workspace length         = 3790 
 ARKStep integer workspace length      =  153 
 ARKLS real workspace length           = 2647 
 ARKLS integer workspace length        =   42 
 Number of steps                       =  128 
 Number of f-s (explicit)              =    0 
 Number of f-s (implicit)              = 2354 
 Number of f-s (SPGMR)                 = 5342 
 Number of f-s (TOTAL)                 = 5342 
 Number of setups                      =   82 
 Number of nonlinear iterations        = 1680 
 Number of linear iterations           = 5342 
 Number of preconditioner evaluations  =   82 
 Number of preconditioner solves       = 6984 
 Number of error test failures         =    0 
 Number of nonlinear conv. failures    =   30 
 Number of linear convergence failures =  213 
 Average Krylov subspace dimension     = 3.180 


----------------------------------------------------------------------------
----------------------------------------------------------------------------


Preconditioner type is           jpre = SUN_PREC_RIGHT

Gram-Schmidt method type is    gstype = SUN_MODIFIED_GS


t =   1.00e-08  nst = 3  nfe = 0  nfi = 45  nni = 27  hu =    6.86e-08

t =   1.00e-07  nst = 4  nfe = 0  nfi = 60  nni = 37  hu =    4.93e-07

t =   1.00e-06  nst = 5  nfe = 0  nfi = 76  nni = 48  hu =    9.74e-07

t =   1.00e-05  nst = 14  nfe = 0  nfi = 211  nni = 138  hu =    9.74e-07

t =   1.00e-04  nst = 56  nfe = 0  nfi = 958  nni = 675  hu =    2.71e-05

t =   1.00e-03  nst = 59  nfe = 0  nfi = 1005  nni = 707  hu =    2.32e-03

t =   1.00e-02  nst = 61  nfe = 0  nfi = 1045  nni = 737  hu =    9.17e-03

t =   1.00e-01  nst = 73  nfe = 0  nfi = 1304  nni = 927  hu =    1.52e-02

t =   1.00e+00  nst = 126  nfe = 0  nfi = 2261  nni = 1608  hu =    2.31e-02

t =   2.00e+00  nst = 152  nfe = 0  nfi = 2690  nni = 1907  hu =    6.26e-02

t =   3.00e+00  nst = 180  nfe = 0  nfi = 3187  nni = 2256  hu =    4.44e-02

t =   4.00e+00  nst = 199  nfe = 0  nfi = 3501  nni = 2473  hu =    8.19e-02

t =   5.00e+00  nst = 211  nfe = 0  nfi = 3687  nni = 2599  hu =    9.17e-02

t =   6.00e+00  nst = 226  nfe = 0  nfi = 3924  nni = 2758  hu =    5.51e-02

t =   7.00e+00  nst = 239  nfe = 0  nfi = 4130  nni = 2896  hu =    1.32e-01

t =   8.00e+00  nst = 248  nfe = 0  nfi = 4265  nni = 2984  hu =    1.70e-01

t =   9.00e+00  nst = 255  nfe = 0  nfi = 4367  nni = 3051  hu =    2.17e-01

t =   1.00e+01  nst = 260  nfe = 0  nfi = 4432  nni = 3091  hu =    2.69e-01



 Final statistics for this run:

 ARKStep real workspace length         = 3790 
 ARKStep integer workspace length      =  159 
 ARKLS real workspace length           = 2647 
 ARKLS integer workspace length        =   42 
 Number of steps                       =  260 
 Number of f-s (explicit)              =    0 
 Number of f-s (implicit)              = 4432 
 Number of f-s (SPGMR)                 = 10910 
 Number of f-s (TOTAL)                 = 10910 
 Number of setups                      =  244 
 Number of nonlinear iterations        = 3091 
 Number of linear iterations           = 10910 
 Number of preconditioner evaluations  =  244 
 Number of preconditioner solves       = 13785 
 Number of error test failures         =    0 
 Number of nonlinear conv. failures    =  127 
 Number of linear convergence failures =  906 
 Average Krylov subspace dimension     = 3.530 


----------------------------------------------------------------------------
----------------------------------------------------------------------------


Preconditioner type is           jpre = SUN_PREC_RIGHT

Gram-Schmidt method type is    gstype = SUN_CLASSICAL_GS


t =   1.00e-08  nst = 3  nfe = 0  nfi = 45  nni = 27  hu =    6.86e-08

t =   1.00e-07  nst = 4  nfe = 0  nfi = 60  nni = 37  hu =    4.93e-07

t =   1.00e-06  nst = 5  nfe = 0  nfi = 76  nni = 48  hu =    9.74e-07

t =   1.00e-05  nst = 14  nfe = 0  nfi = 211  nni = 138  hu =    9.74e-07

t =   1.00e-04  nst = 56  nfe = 0  nfi = 958  nni = 675  hu =    2.71e-05

t =   1.00e-03  nst = 59  nfe = 0  nfi = 1005  nni = 707  hu =    2.32e-03

t =   1.00e-02  nst = 61  nfe = 0  nfi = 1045  nni = 737  hu =    9.17e-03

t =   1.00e-01  nst = 73  nfe = 0  nfi = 1304  nni = 927  hu =    1.52e-02

t =   1.00e+00  nst = 126  nfe = 0  nfi = 2261  nni = 1608  hu =    2.31e-02

t =   2.00e+00  nst = 152  nfe = 0  nfi = 2690  nni = 1907  hu =    6.26e-02

t =   3.00e+00  nst = 180  nfe = 0  nfi = 3187  nni = 2256  hu =    4.44e-02

t =   4.00e+00  nst = 199  nfe = 0  nfi = 3501  nni = 2473  hu =    8.18e-02

t =   5.00e+00  nst = 211  nfe = 0  nfi = 3687  nni = 2599  hu =    9.17e-02

t =   6.00e+00  nst = 226  nfe = 0  nfi = 3924  nni = 2758  hu =    5.51e-02

t =   7.00e+00  nst = 239  nfe = 0  nfi = 4130  nni = 2896  hu =    1.32e-01

t =   8.00e+00  nst = 248  nfe = 0  nfi = 4265  nni = 2984  hu =    1.70e-01

t =   9.00e+00  nst = 255  nfe = 0  nfi = 4367  nni = 3051  hu =    2.17e-01

t =   1.00e+01  nst = 260  nfe = 0  nfi = 4432  nni = 3091  hu =    2.70e-01



 Final statistics for this run:

 ARKStep real workspace length         = 3790 
 ARKStep integer workspace length      =  165 
 ARKLS real workspace length           = 2647 
 ARKLS integer workspace length        =   42 
 Number of steps                       =  260 
 Number of f-s (explicit)              =    0 
 Number of f-s (implicit)              = 4432 
 Number of f-s (SPGMR)                 = 10910 
 Number of f-s (TOTAL)                 = 10910 
 Number of setups                      =  244 
 Number of nonlinear iterations        = 3091 
 Number of linear iterations           = 10910 
 Number of preconditioner evaluations  =  244 
 Number of preconditioner solves       = 13785 
 Number of error test failures         =    0 
 Number of nonlinear conv. failures    =  127 
 Number of linear convergence failures =  906 
 Average Krylov subspace dimension     = 3.530 


----------------------------------------------------------------------------
----------------------------------------------------------------------------
