
   Begin Kepler Problem

Problem Arguments:
  stepper:              1
  step mode:            0
  use compensated sums: 0
  dt:                   0.001
  Tf:                   50
  nout:                 1

t = 0.0000, H(p,q) = -0.5000000000000000, L(p,q) = 0.8000000000000000
t = 50.0000, H(p,q)-H0 = -0.0000000000002238, L(p,q)-L0 = -0.0000000000000500
Current time                 = 50
Steps                        = 50001
Step attempts                = 50001
Stability limited steps      = 0
Accuracy limited steps       = 0
Error test fails             = 0
NLS step fails               = 0
Inequality constraint fails  = 0
Initial step size            = 0.001
Last step size               = 2.582822844487962e-11
Current step size            = 2.582822844487962e-11
Explicit RHS fn evals        = 400009
Implicit RHS fn evals        = 0
NLS iters                    = 0
NLS fails                    = 0
NLS iters per step           = 0
LS setups                    = 0

   Begin Kepler Problem

Problem Arguments:
  stepper:              0
  step mode:            0
  use compensated sums: 0
  dt:                   0.1
  Tf:                   50
  nout:                 1

t = 0.0000, H(p,q) = -0.5000000000000000, L(p,q) = 0.8000000000000000
t = 50.0000, H(p,q)-H0 = 0.0008915080580247, L(p,q)-L0 = 0.0000000000000026
Current time                 = 50
Steps                        = 500
Step attempts                = 500
Stability limited steps      = 0
Accuracy limited steps       = 0
Error test fails             = 0
NLS step fails               = 0
Inequality constraint fails  = 0
Initial step size            = 0.1
Last step size               = 0.0999999999995608
Current step size            = 0.0999999999995608
f1 RHS fn evals              = 1501
f2 RHS fn evals              = 1501


   Begin Kepler Problem

Problem Arguments:
  stepper:              0
  step mode:            0
  use compensated sums: 0
  dt:                   0.05
  Tf:                   50
  nout:                 1

t = 0.0000, H(p,q) = -0.5000000000000000, L(p,q) = 0.8000000000000000
t = 50.0000, H(p,q)-H0 = 0.0000402415167515, L(p,q)-L0 = -0.0000000000000002
Current time                 = 50
Steps                        = 1000
Step attempts                = 1000
Stability limited steps      = 0
Accuracy limited steps       = 0
Error test fails             = 0
NLS step fails               = 0
Inequality constraint fails  = 0
Initial step size            = 0.05
Last step size               = 0.05
Current step size            = 0.05
f1 RHS fn evals              = 3001
f2 RHS fn evals              = 3001


   Begin Kepler Problem

Problem Arguments:
  stepper:              0
  step mode:            0
  use compensated sums: 0
  dt:                   0.025
  Tf:                   50
  nout:                 1

t = 0.0000, H(p,q) = -0.5000000000000000, L(p,q) = 0.8000000000000000
t = 50.0000, H(p,q)-H0 = 0.0000011101319375, L(p,q)-L0 = 0.0000000000000000
Current time                 = 50
Steps                        = 2001
Step attempts                = 2001
Stability limited steps      = 0
Accuracy limited steps       = 0
Error test fails             = 0
NLS step fails               = 0
Inequality constraint fails  = 0
Initial step size            = 0.025
Last step size               = 1.769251412042648e-12
Current step size            = 1.769251412042648e-12
f1 RHS fn evals              = 6004
f2 RHS fn evals              = 6004


   Begin Kepler Problem

Problem Arguments:
  stepper:              0
  step mode:            0
  use compensated sums: 0
  dt:                   0.0125
  Tf:                   50
  nout:                 1

t = 0.0000, H(p,q) = -0.5000000000000000, L(p,q) = 0.8000000000000000
t = 50.0000, H(p,q)-H0 = -0.0000001144882387, L(p,q)-L0 = -0.0000000000000033
Current time                 = 50
Steps                        = 4000
Step attempts                = 4000
Stability limited steps      = 0
Accuracy limited steps       = 0
Error test fails             = 0
NLS step fails               = 0
Inequality constraint fails  = 0
Initial step size            = 0.0125
Last step size               = 0.01249999999719619
Current step size            = 0.01249999999719619
f1 RHS fn evals              = 12001
f2 RHS fn evals              = 12001


   Begin Kepler Problem

Problem Arguments:
  stepper:              0
  step mode:            0
  use compensated sums: 0
  dt:                   0.00625
  Tf:                   50
  nout:                 1

t = 0.0000, H(p,q) = -0.5000000000000000, L(p,q) = 0.8000000000000000
t = 50.0000, H(p,q)-H0 = -0.0000000302907841, L(p,q)-L0 = -0.0000000000000036
Current time                 = 50
Steps                        = 8000
Step attempts                = 8000
Stability limited steps      = 0
Accuracy limited steps       = 0
Error test fails             = 0
NLS step fails               = 0
Inequality constraint fails  = 0
Initial step size            = 0.00625
Last step size               = 0.006249999992917305
Current step size            = 0.006249999992917305
f1 RHS fn evals              = 24001
f2 RHS fn evals              = 24001


   Begin Kepler Problem

Problem Arguments:
  stepper:              0
  step mode:            0
  use compensated sums: 0
  dt:                   0.003125
  Tf:                   50
  nout:                 1

t = 0.0000, H(p,q) = -0.5000000000000000, L(p,q) = 0.8000000000000000
t = 50.0000, H(p,q)-H0 = -0.0000000047862143, L(p,q)-L0 = -0.0000000000000104
Current time                 = 50
Steps                        = 16001
Step attempts                = 16001
Stability limited steps      = 0
Accuracy limited steps       = 0
Error test fails             = 0
NLS step fails               = 0
Inequality constraint fails  = 0
Initial step size            = 0.003125
Last step size               = 1.124078607972478e-11
Current step size            = 1.124078607972478e-11
f1 RHS fn evals              = 48004
f2 RHS fn evals              = 48004


   Begin Kepler Problem

Problem Arguments:
  stepper:              0
  step mode:            0
  use compensated sums: 0
  dt:                   0.0015625
  Tf:                   50
  nout:                 1

t = 0.0000, H(p,q) = -0.5000000000000000, L(p,q) = 0.8000000000000000
t = 50.0000, H(p,q)-H0 = -0.0000000006607368, L(p,q)-L0 = -0.0000000000000004
Current time                 = 50
Steps                        = 32001
Step attempts                = 32001
Stability limited steps      = 0
Accuracy limited steps       = 0
Error test fails             = 0
NLS step fails               = 0
Inequality constraint fails  = 0
Initial step size            = 0.0015625
Last step size               = 2.835776058418557e-11
Current step size            = 2.835776058418557e-11
f1 RHS fn evals              = 96004
f2 RHS fn evals              = 96004


   Begin Kepler Problem

Problem Arguments:
  stepper:              0
  step mode:            0
  use compensated sums: 0
  dt:                   0.00078125
  Tf:                   50
  nout:                 1

t = 0.0000, H(p,q) = -0.5000000000000000, L(p,q) = 0.8000000000000000
t = 50.0000, H(p,q)-H0 = -0.0000000000864309, L(p,q)-L0 = 0.0000000000000455
Current time                 = 50
Steps                        = 64000
Step attempts                = 64000
Stability limited steps      = 0
Accuracy limited steps       = 0
Error test fails             = 0
NLS step fails               = 0
Inequality constraint fails  = 0
Initial step size            = 0.00078125
Last step size               = 0.0007812499550681189
Current step size            = 0.0007812499550681189
f1 RHS fn evals              = 192001
f2 RHS fn evals              = 192001

Order of accuracy wrt solution:    expected = 3, max = 4.0232,  avg = 3.9269,  overall = 3.9563
Order of accuracy wrt Hamiltonian: expected = 3, max = 5.1799,  avg = 3.3283,  overall = 3.1911
