
Multirate nonlinear Kvaerno-Prothero-Robinson test problem:
    time domain:  (0,5]
    hs = 0.01
    hf = 0.0001
    G = -100
    w = 100
    e = 0.5
    solver: exp-3/none (explicit slow, no fast)
        t           u           v       uerr      verr
   ------------------------------------------------------
    0.000000    1.224745    1.732051  0.00e+00  0.00e+00
    0.100000    1.223763    1.078830  3.82e-05  1.37e-03
    0.200000    1.220624    1.552058  4.51e-05  2.58e-04
    0.300000    1.215673    1.468825  7.93e-05  1.09e-03
    0.400000    1.208472    1.154044  5.16e-05  5.39e-04
    0.500000    1.199506    1.722356  9.39e-06  4.49e-04
    0.600000    1.188564    1.025087  7.19e-06  1.57e-03
    0.700000    1.175724    1.622758  4.04e-05  7.63e-06
    0.800000    1.161275    1.375821  8.86e-05  1.19e-03
    0.900000    1.144849    1.245149  5.48e-05  6.14e-04
    1.000000    1.127034    1.692318  2.46e-05  4.80e-04
    1.100000    1.107589    1.001031  2.00e-05  5.42e-04
    1.200000    1.086787    1.677513  3.31e-05  3.93e-05
    1.300000    1.064867    1.278996  9.00e-05  1.22e-03
    1.400000    1.041569    1.341804  5.60e-05  6.51e-04
    1.500000    1.017572    1.643493  4.13e-05  5.53e-04
    1.600000    0.992635    1.011542  3.83e-05  5.70e-04
    1.700000    0.967230    1.714160  2.29e-05  1.02e-04
    1.800000    0.941564    1.185105  7.66e-05  1.24e-03
    1.900000    0.915563    1.436992  5.43e-05  4.73e-04
    2.000000    0.889960    1.577568  5.71e-05  4.86e-04
    2.100000    0.864576    1.055374  4.91e-05  1.09e-03
    2.200000    0.840077    1.731052  1.16e-05  1.32e-04
    2.300000    0.816663    1.102228  4.69e-05  1.18e-03
    2.400000    0.794497    1.525176  4.88e-05  1.25e-04
    2.500000    0.774298    1.497421  7.03e-05  4.28e-04
    2.600000    0.755960    1.126091  5.34e-05  7.66e-04
    2.700000    0.740247    1.727662  1.08e-06  1.25e-04
    2.800000    0.727261    1.039699  1.35e-05  1.31e-03
    2.900000    0.717257    1.600958  4.39e-05  2.00e-04
    3.000000    0.710718    1.407178  8.21e-05  7.98e-04
    3.100000    0.707357    1.213916  5.55e-05  4.37e-04
    3.200000    0.707726    1.704304  1.62e-05  2.78e-04
    3.300000    0.711505    1.005146  1.48e-05  7.55e-04
    3.400000    0.718713    1.661442  3.67e-05  2.17e-04
    3.500000    0.729315    1.311160  8.86e-05  1.06e-03
    3.600000    0.742656    1.309817  5.57e-05  2.63e-04
    3.700000    0.758948    1.661745  3.41e-05  5.08e-04
    3.800000    0.777473    1.004204  3.39e-05  1.83e-04
    3.900000    0.798118    1.704390  2.62e-05  3.72e-04
    4.000000    0.820557    1.215527  8.25e-05  1.15e-03
    4.100000    0.844096    1.406353  5.31e-05  4.98e-06
    4.200000    0.868884    1.601328  5.20e-05  5.54e-04
    4.300000    0.894159    1.037626  4.49e-05  7.56e-04
    4.400000    0.919950    1.727968  1.40e-05  4.34e-04
    4.500000    0.945894    1.128221  6.00e-05  1.35e-03
    4.600000    0.971509    1.497268  4.85e-05  2.94e-04
    4.700000    0.996966    1.525643  6.80e-05  5.74e-04
    4.800000    1.021591    1.100346  4.99e-05  6.84e-04
    4.900000    1.045588    1.731239  1.11e-06  3.18e-04
    5.000000    1.068592    1.057985  2.75e-05  1.50e-03
   ------------------------------------------------------

Final Solver Statistics:
   Steps: nsts = 501, nstf = 50601
   u error = 5.003e-05, v error = 7.575e-04, total error = 5.368e-04
   Total RHS evals:  Fs = 1503,  Ff = 151803
