
Multirate nonlinear Kvaerno-Prothero-Robinson test problem:
    time domain:  (0,5]
    hs = 0.002
    hf = 2e-05
    G = -100
    w = 100
    e = 0.5
    slow solver: ARKODE_MRI_GARK_IRK21a
      reltol = 4.00e-06,  abstol = 1.00e-11
    fast solver: none
        t           u           v       uerr      verr
   ------------------------------------------------------
    0.000000    1.224745    1.732051  0.00e+00  0.00e+00
    0.100000    1.223734    1.079428  9.43e-06  1.96e-03
    0.200000    1.220669    1.551975  3.21e-07  1.75e-04
    0.300000    1.215599    1.468008  5.52e-06  2.71e-04
    0.400000    1.208526    1.155919  2.23e-06  1.34e-03
    0.500000    1.199497    1.721561  8.79e-07  3.47e-04
    0.600000    1.188564    1.025537  7.38e-06  2.02e-03
    0.700000    1.175763    1.622485  1.23e-06  2.66e-04
    0.800000    1.161186    1.374900  2.52e-07  2.68e-04
    0.900000    1.144904    1.246518  4.50e-07  7.55e-04
    1.000000    1.127011    1.691383  8.47e-07  4.56e-04
    1.100000    1.107615    1.002555  5.70e-06  2.07e-03
    1.200000    1.086819    1.677049  1.83e-06  5.04e-04
    1.300000    1.064782    1.278212  5.56e-06  4.37e-04
    1.400000    1.041624    1.342668  1.31e-06  2.13e-04
    1.500000    1.017531    1.642387  7.96e-07  5.53e-04
    1.600000    0.992677    1.013922  3.44e-06  1.81e-03
    1.700000    0.967249    1.713363  3.43e-06  6.95e-04
    1.800000    0.941493    1.184574  5.33e-06  7.08e-04
    1.900000    0.915615    1.437301  2.37e-06  1.65e-04
    2.000000    0.889904    1.576560  1.26e-06  5.22e-04
    2.100000    0.864627    1.057865  1.51e-06  1.40e-03
    2.200000    0.840086    1.730082  2.61e-06  8.38e-04
    2.300000    0.816622    1.102105  5.62e-06  1.06e-03
    2.400000    0.794543    1.524597  3.27e-06  4.54e-04
    2.500000    0.774230    1.496572  2.02e-06  4.21e-04
    2.600000    0.756013    1.127777  1.95e-07  9.20e-04
    2.700000    0.740244    1.726675  1.96e-06  8.62e-04
    2.800000    0.727253    1.039846  5.25e-06  1.45e-03
    2.900000    0.717298    1.600124  3.31e-06  6.35e-04
    3.000000    0.710633    1.406188  3.10e-06  1.92e-04
    3.100000    0.707411    1.214834  1.28e-06  4.81e-04
    3.200000    0.707708    1.703186  1.26e-06  8.40e-04
    3.300000    0.711524    1.006093  4.31e-06  1.70e-03
    3.400000    0.718746    1.660457  3.44e-06  7.68e-04
    3.500000    0.729231    1.310187  4.04e-06  8.51e-05
    3.600000    0.742710    1.310183  2.21e-06  1.04e-04
    3.700000    0.758913    1.660456  4.96e-07  7.80e-04
    3.800000    0.777509    1.006081  3.03e-06  1.69e-03
    3.900000    0.798140    1.703183  3.91e-06  8.36e-04
    4.000000    0.820479    1.214815  4.61e-06  4.41e-04
    4.100000    0.844146    1.406159  2.81e-06  2.00e-04
    4.200000    0.868833    1.600098  3.97e-07  6.76e-04
    4.300000    0.894205    1.039810  1.48e-06  1.43e-03
    4.400000    0.919961    1.726622  2.94e-06  9.11e-04
    4.500000    0.945839    1.127712  5.18e-06  8.37e-04
    4.600000    0.971554    1.496517  3.41e-06  4.56e-04
    4.700000    0.996899    1.524526  1.34e-06  5.44e-04
    4.800000    1.021641    1.102047  1.00e-08  1.02e-03
    4.900000    1.045587    1.730008  2.10e-06  9.14e-04
    5.000000    1.068570    1.057757  5.18e-06  1.28e-03
   ------------------------------------------------------

Final Solver Statistics:
   Steps: nsts = 2501, nstf = 250100
   u error = 3.490e-06, v error = 9.558e-04, total error = 6.758e-04
   Total RHS evals:  Fs = 7093,  Ff = 750350
   Slow Newton iters = 4641
   Slow Newton conv fails = 0
   Slow Jacobian evals = 126
