
Brusselator ODE test problem:
    initial conditions:  u0 = 1.2,  v0 = 3.1,  w0 = 3
    problem parameters:  a = 1,  b = 3.5,  ep = 5e-06
    reltol = 1.0e-06,  abstol = 1.0e-10

        t           u           v           w
   -------------------------------------------
    0.000000    1.200000    3.100000    3.000000
    1.000000    1.103857    3.013154    3.499981
    2.000000    0.687999    3.521385    3.499988
    3.000000    0.409466    4.277890    3.499993
    4.000000    0.367899    4.942000    3.499994
    5.000000    0.413855    5.510625    3.499993
    6.000000    0.589277    5.855627    3.499990
    7.000000    4.756500    0.735460    3.499917
    8.000000    1.813441    1.575777    3.499968
    9.000000    0.527892    2.807374    3.499991
   10.000000    0.305601    3.657377    3.499995
   -------------------------------------------

Final Solver Statistics:
   Internal solver steps = 164 (attempted = 185)
   Total RHS evals:  Fe = 0,  Fi = 2693
   Total linear solver setups = 142
   Total RHS evals for setting up the linear system = 0
   Total number of Jacobian evaluations = 85
   Total number of Newton iterations = 2505
   Total number of nonlinear solver convergence failures = 84
   Total number of error test failures = 5
   Total number of failed steps from solver failure = 16
