
Brusselator ODE test problem:
    initial conditions:  u0 = 1.2,  v0 = 3.1,  w0 = 3
    problem parameters:  a = 1,  b = 3.5,  ep = 0.01
    hs = 0.025,  hf = 0.001

        t           u           v           w
   ----------------------------------------------
    0.000000    1.200000    3.100000    3.000000
    0.100000    1.217191    3.061733    3.457934
    0.200000    1.227348    3.029334    3.457598
    0.300000    1.235500    2.998030    3.457312
    0.400000    1.241086    2.968598    3.457111
    0.500000    1.243513    2.941912    3.457016
    0.600000    1.242273    2.918830    3.457044
    0.700000    1.236884    2.900225    3.457213
    0.800000    1.226947    2.886932    3.457535
    0.900000    1.212173    2.879708    3.458022
    1.000000    1.192405    2.879205    3.458680
    1.100000    1.167629    2.885938    3.459509
    1.200000    1.137975    2.900272    3.460506
    1.300000    1.103763    2.922326    3.461660
    1.400000    1.065346    2.952217    3.462961
    1.500000    1.023246    2.989816    3.464391
    1.600000    0.978090    3.034836    3.465930
    1.700000    0.930595    3.086833    3.467553
    1.800000    0.881545    3.145215    3.469234
    1.900000    0.831773    3.209267    3.470945
    2.000000    0.782132    3.278166    3.472656
   ----------------------------------------------

Final Solver Statistics:
   Steps: nsts = 81, nstf = 2187
   Total RHS evals:  Fs = 243,  Ff = 6561
