
Analytical ODE test problem:
    lambda = -10
   reltol = 1.0e-08
   abstol = 1.0e-08

        t           u
   ---------------------
    1.000000    0.785398
    2.000000    1.107149
    3.000000    1.249046
    4.000000    1.325818
    5.000000    1.373401
    6.000000    1.405648
    7.000000    1.428899
    8.000000    1.446441
    9.000000    1.460139
   10.000000    1.471128
   ---------------------

Final Statistics:
Current time                 = 10.0167980168257
Steps                        = 1047
Step attempts                = 1048
Stability limited steps      = 0
Accuracy limited steps       = 1048
Error test fails             = 1
NLS step fails               = 0
Inequality constraint fails  = 0
Initial step size            = 1.93010111094261e-10
Last step size               = 0.0230513385541482
Current step size            = 0.0230513385541482
RHS fn evals                 = 9433
Number of stages used        = 9

ACCURACY at the final time = 1.69688e-09
