
Analytical ODE test problem:
    lambda = -1e+06
   reltol = 1.0e-08
   abstol = 1.0e-08

        t           u
   ---------------------
    1.000000    0.785398
    2.000000    1.107149
    3.000000    1.249046
    4.000000    1.325818
    5.000000    1.373401
    6.000000    1.405648
    7.000000    1.428899
    8.000000    1.446441
    9.000000    1.460139
   10.000000    1.471128
   ---------------------

Final Statistics:
Current time                 = 10.00665828381666
Steps                        = 1674
Step attempts                = 1683
Stability limited steps      = 0
Accuracy limited steps       = 1682
Error test fails             = 8
NLS step fails               = 0
Inequality constraint fails  = 0
Initial step size            = 1.930101110942615e-10
Last step size               = 0.01925923265882638
Current step size            = 0.01925923265882638
RHS fn evals                 = 170959
RHS fn evals for Dom. Eigs.  = 0
Number of dom_eig updates    = 1
Avr. num. of stages taken    = 101.58
Max. num. of stages taken    = 197
Max. num. of stages allowed  = 200
Max. spectral radius         = 1010000.00
Min. spectral radius         = 1010000.00

ACCURACY at the final time = 1.01918e-13
