
   Begin Kepler Problem

Problem Arguments:
  stepper:              1
  step mode:            1
  use tstop:            1
  use compensated sums: 0
  dt:                   0.01
  Tf:                   100
  nout:                 50

t = 0.0000, H(p,q) = -0.5000000000000000, L(p,q) = 0.8000000000000000
t = 2.0000, H(p,q)-H0 = -0.0005749349147707, L(p,q)-L0 = -0.0000762193764345
t = 4.0000, H(p,q)-H0 = -0.0006444697300625, L(p,q)-L0 = -0.0001185108356820
t = 6.0000, H(p,q)-H0 = -0.0006133689098136, L(p,q)-L0 = -0.0002807042268080
t = 8.0000, H(p,q)-H0 = -0.0032234469444240, L(p,q)-L0 = -0.0009861266213895
t = 10.0000, H(p,q)-H0 = -0.0033583230552776, L(p,q)-L0 = -0.0010762080874103
t = 12.0000, H(p,q)-H0 = -0.0031038573413563, L(p,q)-L0 = -0.0011357193830287
t = 14.0000, H(p,q)-H0 = -0.0061317375517682, L(p,q)-L0 = -0.0020098944058914
t = 16.0000, H(p,q)-H0 = -0.0062240100957323, L(p,q)-L0 = -0.0020580441342328
t = 18.0000, H(p,q)-H0 = -0.0061389862168795, L(p,q)-L0 = -0.0021378671060335
t = 20.0000, H(p,q)-H0 = -0.0079377562441827, L(p,q)-L0 = -0.0026538946822888
t = 22.0000, H(p,q)-H0 = -0.0080415763727093, L(p,q)-L0 = -0.0027033918826268
t = 24.0000, H(p,q)-H0 = -0.0078639348456643, L(p,q)-L0 = -0.0027380158847649
t = 26.0000, H(p,q)-H0 = -0.0102854125280696, L(p,q)-L0 = -0.0034620216564538
t = 28.0000, H(p,q)-H0 = -0.0104129302744793, L(p,q)-L0 = -0.0035096132947093
t = 30.0000, H(p,q)-H0 = -0.0103044482302194, L(p,q)-L0 = -0.0036403344181903
t = 32.0000, H(p,q)-H0 = -0.0126982516827737, L(p,q)-L0 = -0.0044017841713648
t = 34.0000, H(p,q)-H0 = -0.0128187955424879, L(p,q)-L0 = -0.0044419918179254
t = 36.0000, H(p,q)-H0 = -0.0126310779345615, L(p,q)-L0 = -0.0045043101428324
t = 38.0000, H(p,q)-H0 = -0.0150606602811654, L(p,q)-L0 = -0.0052330475264255
t = 40.0000, H(p,q)-H0 = -0.0151788622112533, L(p,q)-L0 = -0.0052699269120502
t = 42.0000, H(p,q)-H0 = -0.0150569458100673, L(p,q)-L0 = -0.0053347236023960
t = 44.0000, H(p,q)-H0 = -0.0173137839631075, L(p,q)-L0 = -0.0059637976433143
t = 46.0000, H(p,q)-H0 = -0.0174338049959960, L(p,q)-L0 = -0.0060030434143741
t = 48.0000, H(p,q)-H0 = -0.0172399835389930, L(p,q)-L0 = -0.0060999971564726
t = 50.0000, H(p,q)-H0 = -0.0195157534390640, L(p,q)-L0 = -0.0068193944869934
t = 52.0000, H(p,q)-H0 = -0.0196372438315059, L(p,q)-L0 = -0.0068597834913745
t = 54.0000, H(p,q)-H0 = -0.0195195095084675, L(p,q)-L0 = -0.0069156618390294
t = 56.0000, H(p,q)-H0 = -0.0217192761687859, L(p,q)-L0 = -0.0075983004186643
t = 58.0000, H(p,q)-H0 = -0.0218549383018103, L(p,q)-L0 = -0.0076477810149034
t = 60.0000, H(p,q)-H0 = -0.0216890495859771, L(p,q)-L0 = -0.0076837133297855
t = 62.0000, H(p,q)-H0 = -0.0246172025377501, L(p,q)-L0 = -0.0085141593196727
t = 64.0000, H(p,q)-H0 = -0.0247491804628837, L(p,q)-L0 = -0.0085680133938262
t = 66.0000, H(p,q)-H0 = -0.0245387353644329, L(p,q)-L0 = -0.0087030775251026
t = 68.0000, H(p,q)-H0 = -0.0270366474206774, L(p,q)-L0 = -0.0094228232239524
t = 70.0000, H(p,q)-H0 = -0.0271390237904816, L(p,q)-L0 = -0.0094731392035774
t = 72.0000, H(p,q)-H0 = -0.0268517871738532, L(p,q)-L0 = -0.0096375517088950
t = 74.0000, H(p,q)-H0 = -0.0282808586526974, L(p,q)-L0 = -0.0099774460306675
t = 76.0000, H(p,q)-H0 = -0.0283575992521828, L(p,q)-L0 = -0.0100169980641838
t = 78.0000, H(p,q)-H0 = -0.0282724941057513, L(p,q)-L0 = -0.0102139068836424
t = 80.0000, H(p,q)-H0 = -0.0299397134815271, L(p,q)-L0 = -0.0105234678397391
t = 82.0000, H(p,q)-H0 = -0.0301057775046566, L(p,q)-L0 = -0.0106490472235101
t = 84.0000, H(p,q)-H0 = -0.0325708645786491, L(p,q)-L0 = -0.0115760488284884
t = 86.0000, H(p,q)-H0 = -0.0331440585017584, L(p,q)-L0 = -0.0116524018992400
t = 88.0000, H(p,q)-H0 = -0.0332280670701868, L(p,q)-L0 = -0.0117474518102095
t = 90.0000, H(p,q)-H0 = -0.0354843834356922, L(p,q)-L0 = -0.0125021628634019
t = 92.0000, H(p,q)-H0 = -0.0358074511974705, L(p,q)-L0 = -0.0125675723192767
t = 94.0000, H(p,q)-H0 = -0.0358075888003233, L(p,q)-L0 = -0.0126049758375582
t = 96.0000, H(p,q)-H0 = -0.0384048589306211, L(p,q)-L0 = -0.0134178750747388
t = 98.0000, H(p,q)-H0 = -0.0386373113353553, L(p,q)-L0 = -0.0134801609211173
t = 100.0000, H(p,q)-H0 = -0.0385931503110380, L(p,q)-L0 = -0.0135317249790002
Current time                 = 100
Steps                        = 371
Step attempts                = 438
Stability limited steps      = 0
Accuracy limited steps       = 438
Error test fails             = 67
NLS step fails               = 0
Inequality constraint fails  = 0
Initial step size            = 1.836231979046091e-06
Last step size               = 0.2400202274108805
Current step size            = 0.2400202274108805
Explicit RHS fn evals        = 2564
Implicit RHS fn evals        = 0
NLS iters                    = 0
NLS fails                    = 0
NLS iters per step           = 0
LS setups                    = 0
