
Dissipated Exponential Entropy problem:
   method     = DIRK
   reltol     = 1.0e-06
   abstol     = 1.0e-10
   relaxation = ON

 step   t              u              e              u_err          delta e
 -------------------------------------------------------------------------------
    0   0.000000e+00   1.000000e+00   2.718282e+00   0.000000e+00   0.000000e+00
   40   5.526158e-02   8.600499e-01   2.363279e+00   1.272854e+00  -3.550031e-01
   80   1.093640e-01   7.397289e-01   2.095367e+00   1.073951e+00  -6.229145e-01
  120   1.612130e-01   6.365925e-01   1.890030e+00   9.008919e-01  -8.282523e-01
  160   2.201486e-01   5.309810e-01   1.700600e+00   7.213195e-01  -1.017682e+00
  200   2.871668e-01   4.230499e-01   1.526610e+00   5.354378e-01  -1.191671e+00
  240   3.512118e-01   3.297675e-01   1.390645e+00   3.729438e-01  -1.327637e+00
  280   4.123793e-01   2.481302e-01   1.281627e+00   2.293969e-01  -1.436655e+00
  320   4.706553e-01   1.760997e-01   1.192557e+00   1.017477e-01  -1.525725e+00
  360   5.259422e-01   1.122496e-01   1.118792e+00  -1.215402e-02  -1.599490e+00
  400   5.741445e-01   5.972517e-02   1.061545e+00  -1.063613e-01  -1.656737e+00
  440   6.089411e-01   2.345290e-02   1.023730e+00  -1.716794e-01  -1.694552e+00
  480   6.285201e-01   3.607534e-03   1.003614e+00  -2.075045e-01  -1.714668e+00
  520   6.338452e-01  -1.722590e-03   9.982789e-01  -2.171370e-01  -1.720003e+00
  560   6.445818e-01  -1.238363e-02   9.876927e-01  -2.364167e-01  -1.730589e+00
  600   6.650292e-01  -3.237820e-02   9.681404e-01  -2.726226e-01  -1.750141e+00
  640   6.961721e-01  -6.208318e-02   9.398047e-01  -3.265243e-01  -1.778477e+00
  680   7.383329e-01  -1.009412e-01   9.039862e-01  -3.972338e-01  -1.814296e+00
  720   7.935942e-01  -1.496889e-01   8.609758e-01  -4.862503e-01  -1.857306e+00
  760   8.638045e-01  -2.083816e-01   8.118971e-01  -5.938720e-01  -1.906385e+00
  800   9.507169e-01  -2.765670e-01   7.583828e-01  -7.194868e-01  -1.959899e+00
  840   1.056126e+00  -3.534728e-01   7.022451e-01  -8.618895e-01  -2.016037e+00
  880   1.183115e+00  -4.388956e-01   6.447481e-01  -1.020913e+00  -2.073534e+00
  920   1.336064e+00  -5.329441e-01   5.868746e-01  -1.196969e+00  -2.131407e+00
  960   1.525261e+00  -6.382359e-01   5.282234e-01  -1.395199e+00  -2.190058e+00
 1000   1.757860e+00  -7.541178e-01   4.704255e-01  -1.614638e+00  -2.247856e+00
 1040   2.039637e+00  -8.785936e-01   4.153667e-01  -1.851706e+00  -2.302915e+00
 1080   2.390936e+00  -1.014799e+00   3.624754e-01  -2.112566e+00  -2.355806e+00
 1120   2.828054e+00  -1.161876e+00   3.128987e-01  -2.395772e+00  -2.405383e+00
 1160   3.358496e+00  -1.315431e+00   2.683586e-01  -2.692944e+00  -2.449923e+00
 1200   4.027263e+00  -1.480493e+00   2.275254e-01  -3.013869e+00  -2.490756e+00
 1240   4.854394e+00  -1.652924e+00   1.914892e-01  -3.350542e+00  -2.526793e+00
 -------------------------------------------------------------------------------

Final Solver Statistics:
   Internal solver steps = 1246 (attempted = 1247)
   Total number of error test failures = 1
   Total RHS evals:  Fe = 0,  Fi = 10714
   Total number of Newton iterations = 6970
   Total number of linear solver convergence failures = 125
   Total linear solver setups = 192
   Total number of Jacobian evaluations = 131
   Total RHS evals for setting up the linear system = 0
   Total Relaxation fails     = 0
   Total Relaxation Fn evals  = 4138
   Total Relaxation Jac evals = 5385
   Total Relaxation NLS iters = 1644
   Total Relaxation NLS fails = 0

