

Demonstration program for ARKODE - ARKSPGMR linear solver

Food web problem with ns species, ns = 6
Predator-prey interaction and diffusion on a 2-D square

Matrix parameters: a = 1   e = 1e+04   g = 5e-07
b parameter = 1
Diffusion coefficients: Dprey = 1   Dpred = 0.5
Rate parameter alpha = 1

Mesh dimensions (mx,my) are 6, 6.  Total system size is neq = 216 

Tolerances: reltol = 1e-05, abstol = 1e-05 

Preconditioning uses a product of:
  (1) Gauss-Seidel iterations with itmax = 5 iterations, and
  (2) interaction-only block-diagonal matrix with block-grouping
  Number of diagonal block groups = ngrp = 4  (ngx by ngy, ngx = 2, ngy = 2)


----------------------------------------------------------------------------


Preconditioner type is           jpre = PREC_LEFT

Gram-Schmidt method type is    gstype = MODIFIED_GS


c values at t = 0:

Species 1
10        10        10        10        10        10        
10        10.1678   10.3775   10.3775   10.1678   10        
10        10.3775   10.8493   10.8493   10.3775   10        
10        10.3775   10.8493   10.8493   10.3775   10        
10        10.1678   10.3775   10.3775   10.1678   10        
10        10        10        10        10        10        

Species 2
10        10        10        10        10        10        
10        10.3355   10.755    10.755    10.3355   10        
10        10.755    11.6987   11.6987   10.755    10        
10        10.755    11.6987   11.6987   10.755    10        
10        10.3355   10.755    10.755    10.3355   10        
10        10        10        10        10        10        

Species 3
10        10        10        10        10        10        
10        10.5033   11.1325   11.1325   10.5033   10        
10        11.1325   12.548    12.548    11.1325   10        
10        11.1325   12.548    12.548    11.1325   10        
10        10.5033   11.1325   11.1325   10.5033   10        
10        10        10        10        10        10        

Species 4
10        10        10        10        10        10        
10        10.6711   11.5099   11.5099   10.6711   10        
10        11.5099   13.3974   13.3974   11.5099   10        
10        11.5099   13.3974   13.3974   11.5099   10        
10        10.6711   11.5099   11.5099   10.6711   10        
10        10        10        10        10        10        

Species 5
10        10        10        10        10        10        
10        10.8389   11.8874   11.8874   10.8389   10        
10        11.8874   14.2467   14.2467   11.8874   10        
10        11.8874   14.2467   14.2467   11.8874   10        
10        10.8389   11.8874   11.8874   10.8389   10        
10        10        10        10        10        10        

Species 6
10        10        10        10        10        10        
10        11.0066   12.2649   12.2649   11.0066   10        
10        12.2649   15.0961   15.0961   12.2649   10        
10        12.2649   15.0961   15.0961   12.2649   10        
10        11.0066   12.2649   12.2649   11.0066   10        
10        10        10        10        10        10        

t =   1.00e-08  nst = 5  nfe = 0  nfi = 66  nni = 37  hu =    9.25e-08

t =   1.00e-07  nst = 5  nfe = 0  nfi = 66  nni = 37  hu =    9.25e-08

t =   1.00e-06  nst = 8  nfe = 0  nfi = 111  nni = 67  hu =    4.70e-07

c values at t = 1e-06:

Species 1
9.99991   9.99992   9.99993   9.99993   9.99993   9.99992   
9.99992   10.1677   10.3774   10.3774   10.1677   9.99993   
9.99993   10.3774   10.8492   10.8492   10.3774   9.99993   
9.99993   10.3774   10.8492   10.8492   10.3774   9.99993   
9.99992   10.1677   10.3774   10.3774   10.1677   9.99992   
9.99991   9.99992   9.99993   9.99993   9.99992   9.99991   

Species 2
9.99991   9.99993   9.99995   9.99995   9.99993   9.99992   
9.99993   10.3355   10.7549   10.7549   10.3355   9.99993   
9.99995   10.7549   11.6985   11.6985   10.7549   9.99995   
9.99995   10.7549   11.6985   11.6985   10.7549   9.99995   
9.99993   10.3355   10.7549   10.7549   10.3355   9.99993   
9.99991   9.99993   9.99995   9.99995   9.99993   9.99991   

Species 3
9.99991   9.99994   9.99997   9.99997   9.99994   9.99992   
9.99994   10.5032   11.1323   11.1323   10.5032   9.99994   
9.99997   11.1323   12.5478   12.5478   11.1323   9.99997   
9.99997   11.1323   12.5478   12.5478   11.1323   9.99997   
9.99994   10.5032   11.1323   11.1323   10.5032   9.99994   
9.99991   9.99994   9.99997   9.99997   9.99994   9.99991   

Species 4
13.4984   13.4984   13.4984   13.4984   13.4984   13.4984   
13.4984   14.55     15.8924   15.8924   14.55     13.4984   
13.4984   15.8924   19.0296   19.0296   15.8924   13.4984   
13.4984   15.8924   19.0296   19.0296   15.8924   13.4984   
13.4984   14.55     15.8924   15.8924   14.55     13.4984   
13.4984   13.4984   13.4984   13.4984   13.4984   13.4984   

Species 5
13.4984   13.4984   13.4985   13.4985   13.4984   13.4984   
13.4984   14.7787   16.4136   16.4136   14.7787   13.4984   
13.4985   16.4136   20.236    20.236    16.4136   13.4985   
13.4985   16.4136   20.236    20.236    16.4136   13.4985   
13.4984   14.7787   16.4136   16.4136   14.7787   13.4984   
13.4984   13.4984   13.4985   13.4985   13.4984   13.4984   

Species 6
13.4984   13.4984   13.4985   13.4985   13.4984   13.4984   
13.4984   15.0075   16.9348   16.9348   15.0075   13.4984   
13.4985   16.9348   21.4423   21.4423   16.9348   13.4985   
13.4985   16.9348   21.4423   21.4423   16.9348   13.4985   
13.4984   15.0075   16.9348   16.9348   15.0075   13.4984   
13.4984   13.4984   13.4985   13.4985   13.4984   13.4984   

t =   1.00e-05  nst = 27  nfe = 0  nfi = 308  nni = 169  hu =    4.70e-07

t =   1.00e-04  nst = 108  nfe = 0  nfi = 1411  nni = 867  hu =    2.79e-05

t =   1.00e-03  nst = 111  nfe = 0  nfi = 1455  nni = 896  hu =    8.73e-04

c values at t = 0.001:

Species 1
9.90702   9.91664   9.92836   9.93033   9.92253   9.91674   
9.91472   10.0747   10.2769   10.2785   10.0795   9.92253   
9.92446   10.2748   10.7181   10.7194   10.2785   9.93033   
9.92445   10.2744   10.7173   10.7181   10.2769   9.92836   
9.91469   10.0734   10.2744   10.2748   10.0747   9.91664   
9.90698   9.91469   9.92445   9.92446   9.91472   9.90702   

Species 2
9.90742   9.92474   9.94622   9.94819   9.93064   9.91713   
9.92282   10.2412   10.644    10.6457   10.2461   9.93064   
9.94232   10.6419   11.5267   11.5281   10.6457   9.94819   
9.94231   10.6415   11.5258   11.5267   10.644    9.94622   
9.92279   10.24     10.6415   10.6419   10.2412   9.92474   
9.90737   9.92279   9.94231   9.94232   9.92282   9.90742   

Species 3
9.90781   9.93284   9.96408   9.96605   9.93874   9.91753   
9.93091   10.4078   11.0109   11.0127   10.4127   9.93874   
9.96017   11.0088   12.3339   12.3354   11.0127   9.96605   
9.96016   11.0083   12.333    12.3339   11.0109   9.96408   
9.93088   10.4065   11.0083   11.0088   10.4078   9.93284   
9.90776   9.93088   9.96016   9.96017   9.93091   9.90781   

Species 4
297231    297749    298392    298451    297925    297520    
297692    307245    319327    319378    307390    297925    
298276    319264    345799    345840    319378    298451    
298276    319252    345772    345799    319327    298392    
297691    307208    319252    319264    307245    297749    
297229    297691    298276    298276    297692    297231    

Species 5
297231    297749    298392    298451    297925    297520    
297692    307245    319327    319378    307390    297925    
298276    319264    345799    345840    319378    298451    
298276    319252    345772    345799    319327    298392    
297691    307208    319252    319264    307245    297749    
297229    297691    298276    298276    297692    297231    

Species 6
297231    297749    298392    298451    297925    297520    
297692    307245    319327    319378    307390    297925    
298276    319264    345799    345840    319378    298451    
298276    319252    345772    345799    319327    298392    
297691    307208    319252    319264    307245    297749    
297229    297691    298276    298276    297692    297231    

t =   1.00e-02  nst = 115  nfe = 0  nfi = 1513  nni = 934  hu =    3.09e-03

t =   1.00e-01  nst = 129  nfe = 0  nfi = 1715  nni = 1066  hu =    1.15e-02

t =   1.00e+00  nst = 156  nfe = 0  nfi = 2123  nni = 1339  hu =    6.16e-02

c values at t = 1:

Species 1
1.58851   1.59924   1.62152   1.64764   1.67036   1.68149   
1.58533   1.59503   1.61548   1.63952   1.66033   1.67036   
1.57757   1.58547   1.60239   1.62235   1.63952   1.64764   
1.5682    1.57412   1.58706   1.60239   1.61548   1.62152   
1.56048   1.56463   1.57412   1.58547   1.59503   1.59924   
1.55733   1.56048   1.5682    1.57757   1.58533   1.58851   

Species 2
1.59067   1.60141   1.62371   1.64987   1.67261   1.68375   
1.58748   1.5972    1.61766   1.64173   1.66257   1.67261   
1.57971   1.58763   1.60457   1.62454   1.64173   1.64987   
1.57034   1.57626   1.58921   1.60457   1.61766   1.62371   
1.56261   1.56676   1.57626   1.58763   1.5972    1.60141   
1.55945   1.56261   1.57034   1.57971   1.58748   1.59067   

Species 3
1.5927    1.60346   1.62578   1.65197   1.67474   1.68589   
1.58951   1.59924   1.61973   1.64383   1.66468   1.67474   
1.58174   1.58966   1.60662   1.62662   1.64383   1.65197   
1.57236   1.57828   1.59125   1.60662   1.61973   1.62578   
1.56462   1.56878   1.57828   1.58966   1.59924   1.60346   
1.56146   1.56462   1.57236   1.58174   1.58951   1.5927    

Species 4
47718.4   48040.3   48709     49493.5   50175.6   50509.3   
47622.7   47914     48527.8   49249.6   49874.4   50175.6   
47389.8   47626.9   48135     48734.1   49249.6   49493.5   
47108.5   47286.1   47674.5   48135     48527.8   48709     
46876.6   47001.1   47286.1   47626.9   47914     48040.3   
46781.8   46876.6   47108.5   47389.8   47622.7   47718.4   

Species 5
47718.4   48040.3   48709     49493.5   50175.6   50509.3   
47622.7   47914.1   48527.8   49249.6   49874.4   50175.6   
47389.8   47626.9   48135     48734.1   49249.6   49493.5   
47108.5   47286.1   47674.5   48135     48527.8   48709     
46876.6   47001.1   47286.1   47626.9   47914     48040.3   
46781.8   46876.6   47108.5   47389.8   47622.7   47718.4   

Species 6
47718.4   48040.3   48709     49493.5   50175.6   50509.4   
47622.7   47914     48527.8   49249.6   49874.4   50175.6   
47389.8   47627     48135     48734.1   49249.6   49493.5   
47108.5   47286.1   47674.5   48135     48527.8   48709     
46876.6   47001.1   47286.1   47627     47914     48040.3   
46781.8   46876.6   47108.5   47389.8   47622.7   47718.4   

t =   2.00e+00  nst = 169  nfe = 0  nfi = 2352  nni = 1494  hu =    4.14e-02

t =   3.00e+00  nst = 184  nfe = 0  nfi = 2567  nni = 1624  hu =    5.06e-02

t =   4.00e+00  nst = 202  nfe = 0  nfi = 2787  nni = 1749  hu =    5.61e-02

c values at t = 4:

Species 1
1.19535   1.20368   1.2211    1.24157   1.25935   1.268     
1.1928    1.20035   1.21636   1.23523   1.25154   1.25935   
1.18657   1.19274   1.20602   1.22173   1.23523   1.24157   
1.17904   1.18368   1.19389   1.20602   1.21636   1.2211    
1.17284   1.17613   1.18368   1.19274   1.20035   1.20368   
1.17032   1.17284   1.17904   1.18657   1.1928    1.19535   

Species 2
1.19538   1.20371   1.22113   1.24161   1.25938   1.26804   
1.19284   1.20038   1.21639   1.23526   1.25157   1.25938   
1.1866    1.19277   1.20606   1.22177   1.23526   1.24161   
1.17908   1.18371   1.19393   1.20606   1.21639   1.22113   
1.17288   1.17616   1.18371   1.19277   1.20038   1.20371   
1.17035   1.17288   1.17908   1.1866    1.19284   1.19538   

Species 3
1.19542   1.20374   1.22116   1.24164   1.25942   1.26807   
1.19287   1.20042   1.21642   1.2353    1.2516    1.25942   
1.18663   1.1928    1.20609   1.2218    1.2353    1.24164   
1.17911   1.18374   1.19396   1.20609   1.21642   1.22116   
1.17291   1.17619   1.18374   1.1928    1.20042   1.20374   
1.17039   1.17291   1.17911   1.18663   1.19287   1.19542   

Species 4
35860.6   36110.1   36632.2   37246.6   37779.4   38038.6   
35784.1   36010.4   36490.6   37056.2   37545.5   37779.4   
35597.1   35782.1   36180.4   36651.7   37056.4   37246.4   
35371.4   35510.2   35816.7   36180.4   36490.5   36632.4   
35185.3   35283.9   35510.3   35782.1   36010.4   36110.2   
35109.8   35185.4   35371.4   35597.1   35784.3   35860.4   

Species 5
35860.6   36110.1   36632.2   37246.6   37779.4   38038.6   
35784.1   36010.4   36490.6   37056.2   37545.5   37779.5   
35597.1   35782.1   36180.3   36651.8   37056.3   37246.5   
35371.4   35510.2   35816.7   36180.4   36490.5   36632.3   
35185.3   35283.9   35510.2   35782.1   36010.4   36110.2   
35109.7   35185.3   35371.4   35597.1   35784.3   35860.5   

Species 6
35860.6   36110.1   36632.2   37246.6   37779.4   38038.6   
35784.1   36010.4   36490.6   37056.2   37545.5   37779.5   
35597.1   35782.1   36180.4   36651.7   37056.4   37246.4   
35371.4   35510.2   35816.7   36180.4   36490.5   36632.4   
35185.3   35283.9   35510.3   35782.1   36010.4   36110.2   
35109.7   35185.4   35371.4   35597.1   35784.3   35860.4   

t =   5.00e+00  nst = 218  nfe = 0  nfi = 3016  nni = 1888  hu =    6.64e-02

t =   6.00e+00  nst = 236  nfe = 0  nfi = 3250  nni = 2017  hu =    5.57e-02

t =   7.00e+00  nst = 248  nfe = 0  nfi = 3432  nni = 2124  hu =    5.94e-02

c values at t = 7:

Species 1
1.18854   1.19682   1.21415   1.23453   1.25221   1.26082   
1.186     1.19351   1.20944   1.22822   1.24444   1.25221   
1.1798    1.18593   1.19916   1.21479   1.22822   1.23453   
1.17231   1.17692   1.18708   1.19916   1.20944   1.21415   
1.16614   1.1694    1.17692   1.18593   1.19351   1.19682   
1.16363   1.16614   1.17231   1.1798    1.186     1.18854   

Species 2
1.18854   1.19683   1.21415   1.23453   1.25222   1.26082   
1.186     1.19351   1.20944   1.22822   1.24444   1.25222   
1.1798    1.18594   1.19916   1.21479   1.22822   1.23453   
1.17231   1.17692   1.18709   1.19916   1.20944   1.21415   
1.16614   1.1694    1.17692   1.18594   1.19351   1.19683   
1.16363   1.16614   1.17231   1.1798    1.186     1.18854   

Species 3
1.18854   1.19683   1.21416   1.23453   1.25222   1.26082   
1.18601   1.19351   1.20944   1.22822   1.24444   1.25222   
1.1798    1.18594   1.19916   1.21479   1.22822   1.23453   
1.17231   1.17692   1.18709   1.19916   1.20944   1.21416   
1.16614   1.1694    1.17692   1.18594   1.19351   1.19683   
1.16363   1.16614   1.17231   1.1798    1.18601   1.18854   

Species 4
35655.4   35903.6   36423.2   37034.1   37564.5   37822.3   
35579.2   35804.3   36281.9   36844.9   37331.5   37564.5   
35393.1   35577     35973.5   36442.2   36844.9   37034.1   
35168.4   35306.6   35611.5   35973.5   36281.9   36423.2   
34983.2   35081.1   35306.6   35577     35804.3   35903.6   
34907.9   34983.3   35168.4   35393.1   35579.2   35655.4   

Species 5
35655.4   35903.6   36423.2   37034.2   37564.5   37822.3   
35579.3   35804.3   36281.9   36844.9   37331.5   37564.4   
35393.1   35577     35973.5   36442.3   36844.9   37034.1   
35168.4   35306.6   35611.5   35973.5   36281.9   36423.2   
34983.2   35081.2   35306.6   35577     35804.3   35903.6   
34907.9   34983.3   35168.4   35393.1   35579.3   35655.4   

Species 6
35655.4   35903.6   36423.2   37034.1   37564.4   37822.3   
35579.2   35804.3   36281.9   36844.9   37331.5   37564.4   
35393.1   35577     35973.5   36442.3   36844.9   37034.1   
35168.4   35306.6   35611.5   35973.5   36281.9   36423.2   
34983.2   35081.2   35306.7   35577     35804.3   35903.6   
34907.9   34983.3   35168.4   35393.1   35579.2   35655.3   

t =   8.00e+00  nst = 264  nfe = 0  nfi = 3649  nni = 2246  hu =    4.58e-02

t =   9.00e+00  nst = 280  nfe = 0  nfi = 3856  nni = 2363  hu =    1.28e-01

t =   1.00e+01  nst = 301  nfe = 0  nfi = 4211  nni = 2575  hu =    8.51e-02

c values at t = 10:

Species 1
1.18838   1.19667   1.21399   1.23437   1.25205   1.26066   
1.18585   1.19335   1.20928   1.22805   1.24428   1.25205   
1.17964   1.18578   1.199     1.21463   1.22805   1.23437   
1.17215   1.17676   1.18693   1.199     1.20928   1.21399   
1.16598   1.16925   1.17676   1.18578   1.19335   1.19667   
1.16347   1.16598   1.17215   1.17964   1.18585   1.18838   

Species 2
1.18838   1.19667   1.21399   1.23437   1.25205   1.26066   
1.18585   1.19335   1.20928   1.22805   1.24428   1.25205   
1.17964   1.18578   1.199     1.21463   1.22805   1.23437   
1.17215   1.17676   1.18693   1.199     1.20928   1.21399   
1.16598   1.16925   1.17676   1.18578   1.19335   1.19667   
1.16347   1.16598   1.17215   1.17964   1.18585   1.18838   

Species 3
1.18838   1.19667   1.21399   1.23437   1.25205   1.26066   
1.18585   1.19335   1.20928   1.22805   1.24428   1.25205   
1.17964   1.18578   1.199     1.21463   1.22805   1.23437   
1.17215   1.17676   1.18693   1.199     1.20928   1.21399   
1.16598   1.16925   1.17676   1.18578   1.19335   1.19667   
1.16347   1.16598   1.17215   1.17964   1.18585   1.18838   

Species 4
35650.6   35898.8   36418.4   37029.2   37559.5   37817.3   
35574.5   35799.5   36277.1   36840.1   37326.6   37559.5   
35388.4   35572.3   35968.7   36437.4   36840     37029.2   
35163.7   35301.9   35606.7   35968.7   36277.1   36418.3   
34978.6   35076.5   35301.9   35572.3   35799.5   35898.8   
34903.3   34978.6   35163.7   35388.4   35574.5   35650.6   

Species 5
35650.6   35898.8   36418.3   37029.2   37559.5   37817.4   
35574.5   35799.5   36277.1   36840     37326.6   37559.5   
35388.4   35572.3   35968.7   36437.4   36840     37029.2   
35163.7   35301.9   35606.7   35968.7   36277.1   36418.3   
34978.6   35076.5   35301.9   35572.3   35799.5   35898.8   
34903.3   34978.6   35163.7   35388.4   35574.5   35650.6   

Species 6
35650.6   35898.8   36418.4   37029.2   37559.5   37817.3   
35574.5   35799.5   36277.1   36840.1   37326.6   37559.5   
35388.4   35572.3   35968.7   36437.4   36840     37029.2   
35163.7   35301.9   35606.7   35968.7   36277.1   36418.3   
34978.6   35076.5   35301.9   35572.3   35799.5   35898.8   
34903.3   34978.6   35163.7   35388.4   35574.5   35650.6   



 Final statistics for this run:

 ARKode real workspace length           = 3298 
 ARKode integer workspace length        =   55 
 ARKSPGMR real workspace length         = 2206 
 ARKSPGMR integer workspace length      =   10 
 Number of steps                       =  301 
 Number of f-s (explicit)              =    0 
 Number of f-s (implicit)              = 4211 
 Number of f-s (SPGMR)                 = 8512 
 Number of f-s (TOTAL)                 = 8512 
 Number of setups                      =   95 
 Number of nonlinear iterations        = 2575 
 Number of linear iterations           = 8512 
 Number of preconditioner evaluations  =   95 
 Number of preconditioner solves       = 11042 
 Number of error test failures         =   24 
 Number of nonlinear conv. failures    =    5 
 Number of linear convergence failures =  698 
 Average Krylov subspace dimension     = 3.306 


----------------------------------------------------------------------------
----------------------------------------------------------------------------


Preconditioner type is           jpre = PREC_LEFT

Gram-Schmidt method type is    gstype = CLASSICAL_GS


t =   1.00e-08  nst = 5  nfe = 0  nfi = 66  nni = 37  hu =    9.25e-08

t =   1.00e-07  nst = 5  nfe = 0  nfi = 66  nni = 37  hu =    9.25e-08

t =   1.00e-06  nst = 8  nfe = 0  nfi = 111  nni = 67  hu =    4.70e-07

t =   1.00e-05  nst = 27  nfe = 0  nfi = 308  nni = 169  hu =    4.70e-07

t =   1.00e-04  nst = 108  nfe = 0  nfi = 1411  nni = 867  hu =    2.79e-05

t =   1.00e-03  nst = 111  nfe = 0  nfi = 1455  nni = 896  hu =    8.73e-04

t =   1.00e-02  nst = 115  nfe = 0  nfi = 1513  nni = 934  hu =    3.09e-03

t =   1.00e-01  nst = 129  nfe = 0  nfi = 1715  nni = 1066  hu =    1.15e-02

t =   1.00e+00  nst = 156  nfe = 0  nfi = 2124  nni = 1340  hu =    6.49e-02

t =   2.00e+00  nst = 172  nfe = 0  nfi = 2399  nni = 1525  hu =    1.19e-01

t =   3.00e+00  nst = 187  nfe = 0  nfi = 2592  nni = 1638  hu =    4.79e-02

t =   4.00e+00  nst = 205  nfe = 0  nfi = 2825  nni = 1771  hu =    5.31e-02

t =   5.00e+00  nst = 222  nfe = 0  nfi = 3076  nni = 1917  hu =    5.18e-02

t =   6.00e+00  nst = 237  nfe = 0  nfi = 3269  nni = 2025  hu =    7.05e-02

t =   7.00e+00  nst = 251  nfe = 0  nfi = 3471  nni = 2142  hu =    9.68e-02

t =   8.00e+00  nst = 267  nfe = 0  nfi = 3726  nni = 2292  hu =    6.26e-02

t =   9.00e+00  nst = 284  nfe = 0  nfi = 3931  nni = 2407  hu =    7.46e-02

t =   1.00e+01  nst = 299  nfe = 0  nfi = 4147  nni = 2533  hu =    7.13e-02



 Final statistics for this run:

 ARKode real workspace length           = 3298 
 ARKode integer workspace length        =   55 
 ARKSPGMR real workspace length         = 2206 
 ARKSPGMR integer workspace length      =   10 
 Number of steps                       =  299 
 Number of f-s (explicit)              =    0 
 Number of f-s (implicit)              = 4147 
 Number of f-s (SPGMR)                 = 8461 
 Number of f-s (TOTAL)                 = 8461 
 Number of setups                      =   91 
 Number of nonlinear iterations        = 2533 
 Number of linear iterations           = 8461 
 Number of preconditioner evaluations  =   91 
 Number of preconditioner solves       = 10949 
 Number of error test failures         =   22 
 Number of nonlinear conv. failures    =    4 
 Number of linear convergence failures =  727 
 Average Krylov subspace dimension     = 3.340 


----------------------------------------------------------------------------
----------------------------------------------------------------------------


Preconditioner type is           jpre = PREC_RIGHT

Gram-Schmidt method type is    gstype = MODIFIED_GS


t =   1.00e-08  nst = 5  nfe = 0  nfi = 66  nni = 37  hu =    9.25e-08

t =   1.00e-07  nst = 5  nfe = 0  nfi = 66  nni = 37  hu =    9.25e-08

t =   1.00e-06  nst = 8  nfe = 0  nfi = 111  nni = 67  hu =    4.70e-07

t =   1.00e-05  nst = 27  nfe = 0  nfi = 308  nni = 169  hu =    4.70e-07

t =   1.00e-04  nst = 108  nfe = 0  nfi = 1411  nni = 867  hu =    2.79e-05

t =   1.00e-03  nst = 111  nfe = 0  nfi = 1455  nni = 896  hu =    9.03e-04

t =   1.00e-02  nst = 115  nfe = 0  nfi = 1513  nni = 934  hu =    3.11e-03

t =   1.00e-01  nst = 129  nfe = 0  nfi = 1715  nni = 1066  hu =    1.17e-02

t =   1.00e+00  nst = 155  nfe = 0  nfi = 2109  nni = 1330  hu =    6.22e-02

t =   2.00e+00  nst = 176  nfe = 0  nfi = 2446  nni = 1559  hu =    2.79e-02

t =   3.00e+00  nst = 203  nfe = 0  nfi = 2880  nni = 1850  hu =    3.52e-02

t =   4.00e+00  nst = 227  nfe = 0  nfi = 3228  nni = 2078  hu =    4.55e-02

t =   5.00e+00  nst = 247  nfe = 0  nfi = 3509  nni = 2259  hu =    5.77e-02

t =   6.00e+00  nst = 263  nfe = 0  nfi = 3744  nni = 2409  hu =    1.15e-01

t =   7.00e+00  nst = 279  nfe = 0  nfi = 3978  nni = 2557  hu =    1.52e-01

t =   8.00e+00  nst = 297  nfe = 0  nfi = 4219  nni = 2707  hu =    6.44e-02

t =   9.00e+00  nst = 315  nfe = 0  nfi = 4458  nni = 2855  hu =    8.00e-02

t =   1.00e+01  nst = 333  nfe = 0  nfi = 4691  nni = 2997  hu =    3.27e-02



 Final statistics for this run:

 ARKode real workspace length           = 3298 
 ARKode integer workspace length        =   55 
 ARKSPGMR real workspace length         = 2206 
 ARKSPGMR integer workspace length      =   10 
 Number of steps                       =  333 
 Number of f-s (explicit)              =    0 
 Number of f-s (implicit)              = 4691 
 Number of f-s (SPGMR)                 = 10130 
 Number of f-s (TOTAL)                 = 10130 
 Number of setups                      =  225 
 Number of nonlinear iterations        = 2997 
 Number of linear iterations           = 10130 
 Number of preconditioner evaluations  =  225 
 Number of preconditioner solves       = 12812 
 Number of error test failures         =    2 
 Number of nonlinear conv. failures    =   80 
 Number of linear convergence failures =  758 
 Average Krylov subspace dimension     = 3.380 


----------------------------------------------------------------------------
----------------------------------------------------------------------------


Preconditioner type is           jpre = PREC_RIGHT

Gram-Schmidt method type is    gstype = CLASSICAL_GS


t =   1.00e-08  nst = 5  nfe = 0  nfi = 66  nni = 37  hu =    9.25e-08

t =   1.00e-07  nst = 5  nfe = 0  nfi = 66  nni = 37  hu =    9.25e-08

t =   1.00e-06  nst = 8  nfe = 0  nfi = 111  nni = 67  hu =    4.70e-07

t =   1.00e-05  nst = 27  nfe = 0  nfi = 308  nni = 169  hu =    4.70e-07

t =   1.00e-04  nst = 108  nfe = 0  nfi = 1411  nni = 867  hu =    2.79e-05

t =   1.00e-03  nst = 111  nfe = 0  nfi = 1455  nni = 896  hu =    9.03e-04

t =   1.00e-02  nst = 115  nfe = 0  nfi = 1513  nni = 934  hu =    3.11e-03

t =   1.00e-01  nst = 129  nfe = 0  nfi = 1715  nni = 1066  hu =    1.17e-02

t =   1.00e+00  nst = 155  nfe = 0  nfi = 2109  nni = 1330  hu =    6.22e-02

t =   2.00e+00  nst = 176  nfe = 0  nfi = 2446  nni = 1559  hu =    2.79e-02

t =   3.00e+00  nst = 203  nfe = 0  nfi = 2880  nni = 1850  hu =    3.52e-02

t =   4.00e+00  nst = 227  nfe = 0  nfi = 3228  nni = 2078  hu =    4.46e-02

t =   5.00e+00  nst = 247  nfe = 0  nfi = 3520  nni = 2268  hu =    9.65e-02

t =   6.00e+00  nst = 262  nfe = 0  nfi = 3738  nni = 2408  hu =    5.92e-02

t =   7.00e+00  nst = 275  nfe = 0  nfi = 3915  nni = 2520  hu =    1.86e-02

t =   8.00e+00  nst = 293  nfe = 0  nfi = 4160  nni = 2671  hu =    3.37e-02

t =   9.00e+00  nst = 315  nfe = 0  nfi = 4460  nni = 2857  hu =    5.99e-02

t =   1.00e+01  nst = 331  nfe = 0  nfi = 4665  nni = 2980  hu =    1.08e-01



 Final statistics for this run:

 ARKode real workspace length           = 3298 
 ARKode integer workspace length        =   55 
 ARKSPGMR real workspace length         = 2206 
 ARKSPGMR integer workspace length      =   10 
 Number of steps                       =  331 
 Number of f-s (explicit)              =    0 
 Number of f-s (implicit)              = 4665 
 Number of f-s (SPGMR)                 = 10168 
 Number of f-s (TOTAL)                 = 10168 
 Number of setups                      =  227 
 Number of nonlinear iterations        = 2980 
 Number of linear iterations           = 10168 
 Number of preconditioner evaluations  =  227 
 Number of preconditioner solves       = 12841 
 Number of error test failures         =    0 
 Number of nonlinear conv. failures    =   80 
 Number of linear convergence failures =  771 
 Average Krylov subspace dimension     = 3.412 


----------------------------------------------------------------------------
----------------------------------------------------------------------------
