
Conserved Exponential Entropy problem:
   method     = ERK
   reltol     = 1.0e-06
   abstol     = 1.0e-10
   relaxation = ON

 step   t              u              v              e              delta e
 -------------------------------------------------------------------------------
    0   0.000000e+00   1.000000e+00   5.000000e-01   4.367003e+00   0.000000e+00
   40   1.735282e+00  -5.604749e+00   1.473234e+00   4.367003e+00  -5.748022e-08
 -------------------------------------------------------------------------------

Final Solver Statistics:
   Internal solver steps = 47 (attempted = 51)
   Total number of error test failures = 3
   Total RHS evals = 207
   Total Relaxation Fn evals    = 200
   Total Relaxation Jac evals   = 353
   Total Relaxation fails       = 1
   Total Relaxation bound fails = 1
   Total Relaxation NLS fails   = 0
   Total Relaxation NLS iters   = 98

