
Multirate nonlinear Kvaerno-Prothero-Robinson test problem:
    time domain:  (0,5]
    hs = 0.001
    hf = 1e-05
    G = -100
    w = 100
    e = 0.5
    solver: imexark4/exp-4 (IMEX-MRI4 / ERK-4-4) -- solve decoupled
    reltol = 1.00e-12,  abstol = 1.00e-14
        t           u           v       uerr      verr
   ------------------------------------------------------
    0.000000    1.224745    1.732051  0.00e+00  0.00e+00
    0.100000    1.223725    1.077464  1.63e-11  6.37e-13
    0.200000    1.220669    1.551800  1.61e-11  6.85e-13
    0.300000    1.215594    1.467737  1.58e-11  9.70e-13
    0.400000    1.208524    1.154583  1.55e-11  9.37e-13
    0.500000    1.199496    1.721908  1.57e-11  1.74e-12
    0.600000    1.188557    1.023517  1.50e-11  3.45e-12
    0.700000    1.175764    1.622751  1.40e-11  2.20e-12
    0.800000    1.161186    1.374632  1.20e-11  2.83e-12
    0.900000    1.144904    1.245763  1.22e-11  3.18e-12
    1.000000    1.127010    1.691839  1.28e-11  2.23e-12
    1.100000    1.107609    1.000489  1.13e-11  1.92e-12
    1.200000    1.086821    1.677552  9.93e-12  2.55e-12
    1.300000    1.064777    1.277775  7.67e-12  1.72e-13
    1.400000    1.041625    1.342455  6.64e-12  7.05e-13
    1.500000    1.017531    1.642940  6.42e-12  2.73e-12
    1.600000    0.992673    1.012112  4.49e-12  1.25e-12
    1.700000    0.967253    1.714058  3.11e-12  3.19e-12
    1.800000    0.941488    1.183867  5.46e-14  2.23e-13
    1.900000    0.915617    1.437465  1.89e-12  1.29e-12
    2.000000    0.889903    1.577082  4.66e-12  2.09e-12
    2.100000    0.864625    1.056467  6.54e-12  1.44e-12
    2.200000    0.840089    1.730920  7.40e-12  2.63e-12
    2.300000    0.816616    1.101047  1.16e-11  1.62e-12
    2.400000    0.794546    1.525051  1.48e-11  7.29e-13
    2.500000    0.774227    1.496993  1.92e-11  2.39e-13
    2.600000    0.756013    1.126857  2.04e-11  2.58e-12
    2.700000    0.740246    1.727536  2.11e-11  8.85e-13
    2.800000    0.727247    1.038393  2.44e-11  3.90e-12
    2.900000    0.717301    1.600759  2.66e-11  7.90e-13
    3.000000    0.710636    1.406380  2.78e-11  2.46e-12
    3.100000    0.707412    1.214353  2.84e-11  4.12e-12
    3.200000    0.707709    1.704026  2.84e-11  1.38e-12
    3.300000    0.711520    1.004391  2.77e-11  6.21e-12
    3.400000    0.718750    1.661225  2.61e-11  2.34e-12
    3.500000    0.729227    1.310102  2.42e-11  4.77e-12
    3.600000    0.742712    1.310080  2.16e-11  4.95e-12
    3.700000    0.758914    1.661237  1.99e-11  2.79e-12
    3.800000    0.777506    1.004387  1.67e-11  6.97e-12
    3.900000    0.798144    1.704019  1.39e-11  2.45e-12
    4.000000    0.820474    1.214374  1.05e-11  5.41e-12
    4.100000    0.844149    1.406358  7.58e-12  8.30e-12
    4.200000    0.868832    1.600774  5.05e-12  1.14e-11
    4.300000    0.894204    1.038382  2.82e-12  3.26e-13
    4.400000    0.919964    1.727533  1.81e-12  1.24e-11
    4.500000    0.945834    1.126875  1.90e-12  8.41e-13
    4.600000    0.971557    1.496974  3.74e-12  6.99e-12
    4.700000    0.996898    1.525070  5.90e-12  7.03e-12
    4.800000    1.021641    1.101030  7.15e-12  1.43e-12
    4.900000    1.045589    1.730922  6.82e-12  9.68e-12
    5.000000    1.068565    1.056480  9.36e-12  3.23e-12
   ------------------------------------------------------

Final Solver Statistics:
   Steps: nsts = 5000, nstf = 510000
   u error = 1.533e-11, v error = 4.203e-12, total error = 1.124e-11
   Total RHS evals:  Fse = 30001, Fsi = 57555,  Ff = 2070001
   Slow Newton iters = 52554
   Slow Newton conv fails = 0
   Slow Jacobian evals = 250
