
Multirate nonlinear Kvaerno-Prothero-Robinson test problem:
    time domain:  (0,5]
    hs = 0.01
    hf = 0.0001
    G = -100
    w = 100
    e = 0.5
    solver: exp-3/exp-3 (standard MIS)

        t           u           v       uerr      verr
   ------------------------------------------------------
    0.000000    1.224745    1.732051  0.00e+00  0.00e+00
    0.100000    1.223726    1.077464  8.49e-07  8.80e-09
    0.200000    1.220670    1.551796  7.16e-07  3.24e-06
    0.300000    1.215595    1.467734  8.18e-07  2.92e-06
    0.400000    1.208525    1.154580  8.05e-07  2.63e-06
    0.500000    1.199497    1.721905  7.88e-07  2.37e-06
    0.600000    1.188558    1.023515  7.66e-07  2.13e-06
    0.700000    1.175765    1.622749  7.39e-07  1.92e-06
    0.800000    1.161187    1.374630  7.07e-07  1.73e-06
    0.900000    1.144905    1.245762  6.70e-07  1.55e-06
    1.000000    1.127010    1.691838  6.28e-07  1.40e-06
    1.100000    1.107610    1.000488  5.80e-07  1.25e-06
    1.200000    1.086821    1.677551  5.27e-07  1.13e-06
    1.300000    1.064777    1.277774  4.67e-07  1.01e-06
    1.400000    1.041626    1.342454  4.01e-07  9.09e-07
    1.500000    1.017531    1.642939  3.27e-07  8.17e-07
    1.600000    0.992674    1.012111  2.46e-07  7.35e-07
    1.700000    0.967253    1.714057  1.57e-07  6.61e-07
    1.800000    0.941488    1.183866  6.00e-08  5.97e-07
    1.900000    0.915617    1.437465  4.63e-08  5.40e-07
    2.000000    0.889902    1.577082  1.62e-07  4.89e-07
    2.100000    0.864625    1.056467  2.86e-07  4.46e-07
    2.200000    0.840088    1.730916  5.69e-07  4.18e-06
    2.300000    0.816616    1.101041  6.72e-07  6.23e-06
    2.400000    0.794545    1.525039  9.85e-07  1.21e-05
    2.500000    0.774227    1.496981  9.36e-07  1.18e-05
    2.600000    0.756012    1.126841  1.23e-06  1.53e-05
    2.700000    0.740245    1.727521  1.27e-06  1.56e-05
    2.800000    0.727246    1.038378  1.38e-06  1.56e-05
    2.900000    0.717300    1.600740  1.60e-06  1.86e-05
    3.000000    0.710635    1.406364  1.47e-06  1.58e-05
    3.100000    0.707411    1.214335  1.66e-06  1.73e-05
    3.200000    0.707708    1.704012  1.50e-06  1.44e-05
    3.300000    0.711518    1.004378  1.49e-06  1.26e-05
    3.400000    0.718748    1.661212  1.48e-06  1.27e-05
    3.500000    0.729226    1.310094  1.21e-06  8.14e-06
    3.600000    0.742711    1.310071  1.23e-06  8.23e-06
    3.700000    0.758913    1.661233  9.03e-07  3.26e-06
    3.800000    0.777506    1.004386  8.13e-07  7.66e-07
    3.900000    0.798143    1.704020  6.73e-07  9.89e-07
    4.000000    0.820474    1.214380  3.95e-07  5.86e-06
    4.100000    0.844149    1.406364  3.99e-07  5.82e-06
    4.200000    0.868832    1.600786  6.15e-08  1.11e-05
    4.300000    0.894204    1.038395  2.84e-08  1.29e-05
    4.400000    0.919964    1.727548  1.26e-07  1.51e-05
    4.500000    0.945834    1.126894  3.10e-07  1.89e-05
    4.600000    0.971558    1.496992  2.62e-07  1.80e-05
    4.700000    0.996899    1.525092  5.52e-07  2.25e-05
    4.800000    1.021641    1.101052  5.04e-07  2.25e-05
    4.900000    1.045590    1.730946  6.57e-07  2.46e-05
    5.000000    1.068566    1.056507  7.41e-07  2.66e-05
   ------------------------------------------------------

Final Solver Statistics:
   Steps: nsts = 501, nstf = 50601
   u error = 8.442e-07, v error = 1.121e-05, total error = 7.949e-06
   Total RHS evals:  Fs = 1503,  Ff = 151803
