
1D Brusselator PDE test problem:
    N = 201,  NEQ = 603
    problem parameters:  a = 0.6,  b = 2,  ep = 1e-05
    diffusion coefficients:  du = 0.025,  dv = 0.025,  dw = 0.025
    reltol = 1.0e-06,  abstol = 1.0e-10

        t      ||u||_rms   ||v||_rms   ||w||_rms
   ----------------------------------------------
    0.100000    0.673914    3.377329    1.999987
    0.200000    0.684316    3.356619    1.999986
    0.300000    0.695306    3.334633    1.999986
    0.400000    0.706918    3.311313    1.999986
    0.500000    0.719185    3.286601    1.999986
    0.600000    0.732137    3.260442    1.999986
    0.700000    0.745799    3.232787    1.999985
    0.800000    0.760186    3.203595    1.999985
    0.900000    0.775302    3.172839    1.999985
    1.000000    0.791137    3.140508    1.999984
    1.100000    0.807647    3.106625    1.999984
    1.200000    0.824774    3.071229    1.999984
    1.300000    0.842402    3.034425    1.999983
    1.400000    0.860385    2.996349    1.999983
    1.500000    0.878517    2.957202    1.999983
    1.600000    0.896524    2.917267    1.999982
    1.700000    0.914089    2.876872    1.999982
    1.800000    0.930823    2.836437    1.999982
    1.900000    0.946292    2.796445    1.999982
    2.000000    0.960034    2.757429    1.999981
    2.100000    0.971577    2.719961    1.999981
    2.200000    0.980475    2.684622    1.999981
    2.300000    0.986338    2.651980    1.999981
    2.400000    0.988853    2.622559    1.999981
    2.500000    0.987815    2.596818    1.999981
    2.600000    0.983140    2.575128    1.999981
    2.700000    0.974858    2.557765    1.999981
    2.800000    0.963114    2.544903    1.999981
    2.900000    0.948154    2.536611    1.999981
    3.000000    0.930299    2.532868    1.999982
    3.100000    0.909929    2.533571    1.999982
    3.200000    0.887463    2.538529    1.999983
    3.300000    0.863335    2.547516    1.999983
    3.400000    0.837978    2.560242    1.999983
    3.500000    0.811819    2.576391    1.999984
    3.600000    0.785255    2.595624    1.999984
    3.700000    0.758659    2.617587    1.999985
    3.800000    0.732364    2.641921    1.999986
    3.900000    0.706662    2.668274    1.999986
    4.000000    0.681811    2.696299    1.999986
    4.100000    0.658011    2.725671    1.999987
    4.200000    0.635437    2.756074    1.999987
    4.300000    0.614204    2.787228    1.999988
    4.400000    0.594405    2.818867    1.999988
    4.500000    0.576082    2.850765    1.999989
    4.600000    0.559255    2.882709    1.999989
    4.700000    0.543909    2.914529    1.999989
    4.800000    0.530011    2.946071    1.999990
    4.900000    0.517506    2.977209    1.999990
    5.000000    0.506326    3.007843    1.999990
    5.100000    0.496393    3.037889    1.999990
    5.200000    0.487625    3.067283    1.999990
    5.300000    0.479935    3.095976    1.999991
    5.400000    0.473237    3.123932    1.999991
    5.500000    0.467445    3.151126    1.999991
    5.600000    0.462480    3.177540    1.999991
    5.700000    0.458264    3.203166    1.999991
    5.800000    0.454726    3.227998    1.999991
    5.900000    0.451799    3.252036    1.999991
    6.000000    0.449423    3.275283    1.999991
    6.100000    0.447546    3.297745    1.999991
    6.200000    0.446115    3.319428    1.999991
    6.300000    0.445084    3.340341    1.999991
    6.400000    0.444418    3.360492    1.999991
    6.500000    0.444079    3.379891    1.999991
    6.600000    0.444034    3.398547    1.999991
    6.700000    0.444256    3.416470    1.999991
    6.800000    0.444722    3.433670    1.999991
    6.900000    0.445409    3.450155    1.999991
    7.000000    0.446296    3.465935    1.999991
    7.100000    0.447370    3.481019    1.999991
    7.200000    0.448614    3.495415    1.999991
    7.300000    0.450016    3.509132    1.999991
    7.400000    0.451564    3.522177    1.999991
    7.500000    0.453250    3.534557    1.999991
    7.600000    0.455064    3.546281    1.999991
    7.700000    0.457000    3.557354    1.999991
    7.800000    0.459052    3.567782    1.999991
    7.900000    0.461216    3.577572    1.999991
    8.000000    0.463486    3.586729    1.999991
    8.100000    0.465860    3.595257    1.999991
    8.200000    0.468335    3.603162    1.999991
    8.300000    0.470909    3.610447    1.999991
    8.400000    0.473582    3.617116    1.999991
    8.500000    0.476352    3.623172    1.999991
    8.600000    0.479220    3.628616    1.999991
    8.700000    0.482186    3.633451    1.999991
    8.800000    0.485251    3.637679    1.999990
    8.900000    0.488416    3.641299    1.999990
    9.000000    0.491684    3.644311    1.999990
    9.100000    0.495058    3.646715    1.999990
    9.200000    0.498540    3.648509    1.999990
    9.300000    0.502134    3.649691    1.999990
    9.400000    0.505844    3.650256    1.999990
    9.500000    0.509675    3.650202    1.999990
    9.600000    0.513632    3.649521    1.999990
    9.700000    0.517722    3.648210    1.999990
    9.800000    0.521951    3.646258    1.999990
    9.900000    0.526327    3.643656    1.999990
   10.000000    0.530857    3.640395    1.999990
   ----------------------------------------------

Final Solver Statistics:
   Internal solver steps = 61 (attempted = 65)
   Total RHS evals:  Fe = 0,  Fi = 875
   Total linear solver setups = 36
   Total RHS evals for setting up the linear system = 0
   Total number of Jacobian evaluations = 18
   Total number of Newton iterations = 889
   Total number of nonlinear solver convergence failures = 17
   Total number of error test failures = 2

