
Multirate nonlinear Kvaerno-Prothero-Robinson test problem:
    time domain:  (0,5]
    hs = 0.01
    hf = 0.0001
    G = -100
    w = 100
    e = 0.5
    slow solver: ARKODE_IMEX_MRI_SR43
      reltol = 1.00e-08,  abstol = 1.00e-14
    fast solver: erk-4-4
        t           u           v       uerr      verr
   ------------------------------------------------------
    0.000000    1.224745    1.732051  0.00e+00  0.00e+00
    0.100000    1.223725    1.077464  7.51e-08  2.97e-08
    0.200000    1.220669    1.551800  7.47e-08  5.67e-08
    0.300000    1.215594    1.467737  7.40e-08  8.08e-08
    0.400000    1.208524    1.154583  7.27e-08  1.02e-07
    0.500000    1.199496    1.721908  7.14e-08  1.21e-07
    0.600000    1.188557    1.023517  6.91e-08  1.37e-07
    0.700000    1.175764    1.622750  6.68e-08  1.51e-07
    0.800000    1.161186    1.374632  6.39e-08  1.62e-07
    0.900000    1.144904    1.245763  6.08e-08  1.72e-07
    1.000000    1.127010    1.691839  5.67e-08  1.78e-07
    1.100000    1.107609    1.000489  5.49e-08  1.83e-07
    1.200000    1.086820    1.677552  4.79e-08  1.85e-07
    1.300000    1.064777    1.277775  4.43e-08  1.85e-07
    1.400000    1.041625    1.342455  3.64e-08  1.83e-07
    1.500000    1.017531    1.642940  3.04e-08  1.78e-07
    1.600000    0.992673    1.012112  2.26e-08  1.71e-07
    1.700000    0.967253    1.714058  1.02e-08  1.62e-07
    1.800000    0.941488    1.183866  6.48e-09  1.50e-07
    1.900000    0.915617    1.437465  3.83e-09  1.36e-07
    2.000000    0.889903    1.577082  1.47e-08  1.19e-07
    2.100000    0.864625    1.056467  2.49e-08  9.99e-08
    2.200000    0.840089    1.730920  3.69e-08  7.77e-08
    2.300000    0.816616    1.101047  5.28e-08  5.28e-08
    2.400000    0.794546    1.525051  6.32e-08  2.50e-08
    2.500000    0.774228    1.496993  7.57e-08  5.17e-09
    2.600000    0.756013    1.126857  8.93e-08  3.76e-08
    2.700000    0.740246    1.727536  1.01e-07  7.19e-08
    2.800000    0.727248    1.038393  1.12e-07  1.07e-07
    2.900000    0.717301    1.600759  1.21e-07  1.44e-07
    3.000000    0.710636    1.406380  1.27e-07  1.79e-07
    3.100000    0.707413    1.214353  1.31e-07  2.13e-07
    3.200000    0.707710    1.704026  1.31e-07  2.45e-07
    3.300000    0.711520    1.004391  1.28e-07  2.73e-07
    3.400000    0.718750    1.661225  1.22e-07  2.97e-07
    3.500000    0.729227    1.310102  1.14e-07  3.15e-07
    3.600000    0.742712    1.310080  1.03e-07  3.28e-07
    3.700000    0.758914    1.661237  9.11e-08  3.35e-07
    3.800000    0.777506    1.004387  7.85e-08  3.36e-07
    3.900000    0.798144    1.704019  6.30e-08  3.32e-07
    4.000000    0.820474    1.214374  5.22e-08  3.23e-07
    4.100000    0.844149    1.406358  4.01e-08  3.10e-07
    4.200000    0.868832    1.600775  2.78e-08  2.94e-07
    4.300000    0.894204    1.038382  1.74e-08  2.74e-07
    4.400000    0.919964    1.727534  6.17e-09  2.52e-07
    4.500000    0.945834    1.126875  2.12e-09  2.28e-07
    4.600000    0.971557    1.496974  1.37e-08  2.03e-07
    4.700000    0.996898    1.525070  1.98e-08  1.77e-07
    4.800000    1.021641    1.101030  2.80e-08  1.50e-07
    4.900000    1.045589    1.730922  4.06e-08  1.23e-07
    5.000000    1.068565    1.056480  4.09e-08  9.60e-08
   ------------------------------------------------------

Final Solver Statistics:
   Steps: nsts = 501, nstf = 202905
   u error = 7.089e-08, v error = 1.970e-07, total error = 1.480e-07
   Total RHS evals:  Fse = 3007, Fsi = 8869,  Ff = 811670
   Slow Newton iters = 5862
   Slow Newton conv fails = 0
   Slow Jacobian evals = 26
