
Multirate nonlinear Kvaerno-Prothero-Robinson test problem:
    time domain:  (0,5]
    hs = 0.001
    hf = 1e-05
    G = -100
    w = 100
    e = 0.5
    slow solver: ARKODE_MERK21
    fast solver: ARKODE_HEUN_EULER_2_1_2
        t           u           v       uerr      verr
   ------------------------------------------------------
    0.000000    1.224745    1.732051  0.00e+00  0.00e+00
    0.100000    1.223725    1.077464  2.66e-08  4.86e-08
    0.200000    1.220669    1.551800  2.66e-08  1.34e-09
    0.300000    1.215594    1.467737  2.62e-08  4.29e-09
    0.400000    1.208524    1.154583  2.58e-08  2.80e-08
    0.500000    1.199496    1.721908  2.53e-08  1.39e-08
    0.600000    1.188557    1.023517  2.44e-08  4.48e-08
    0.700000    1.175764    1.622750  2.37e-08  1.39e-08
    0.800000    1.161186    1.374632  2.25e-08  9.64e-11
    0.900000    1.144904    1.245763  2.14e-08  8.43e-09
    1.000000    1.127010    1.691839  2.01e-08  2.07e-08
    1.100000    1.107609    1.000490  1.84e-08  4.20e-08
    1.200000    1.086821    1.677552  1.69e-08  2.25e-08
    1.300000    1.064777    1.277775  1.48e-08  2.79e-09
    1.400000    1.041625    1.342455  1.28e-08  4.44e-09
    1.500000    1.017531    1.642940  1.04e-08  2.19e-08
    1.600000    0.992673    1.012112  7.76e-09  3.67e-08
    1.700000    0.967253    1.714058  5.06e-09  2.59e-08
    1.800000    0.941488    1.183867  1.75e-09  1.13e-08
    1.900000    0.915617    1.437465  1.44e-09  1.16e-08
    2.000000    0.889903    1.577082  5.21e-09  1.82e-08
    2.100000    0.864625    1.056467  9.17e-09  2.94e-08
    2.200000    0.840089    1.730920  1.33e-08  2.47e-08
    2.300000    0.816616    1.101047  1.79e-08  2.45e-08
    2.400000    0.794546    1.525051  2.23e-08  1.36e-08
    2.500000    0.774228    1.496993  2.71e-08  9.85e-09
    2.600000    0.756013    1.126857  3.16e-08  2.30e-08
    2.700000    0.740246    1.727536  3.59e-08  1.92e-08
    2.800000    0.727247    1.038393  3.99e-08  4.04e-08
    2.900000    0.717301    1.600759  4.28e-08  1.12e-08
    3.000000    0.710636    1.406380  4.52e-08  2.44e-09
    3.100000    0.707413    1.214353  4.63e-08  1.90e-08
    3.200000    0.707709    1.704026  4.64e-08  1.14e-08
    3.300000    0.711520    1.004391  4.55e-08  5.32e-08
    3.400000    0.718750    1.661225  4.31e-08  8.10e-09
    3.500000    0.729227    1.310102  4.03e-08  1.50e-08
    3.600000    0.742712    1.310080  3.64e-08  1.43e-08
    3.700000    0.758914    1.661237  3.21e-08  6.04e-09
    3.800000    0.777506    1.004387  2.77e-08  5.53e-08
    3.900000    0.798144    1.704019  2.29e-08  8.68e-09
    4.000000    0.820474    1.214374  1.85e-08  2.42e-08
    4.100000    0.844149    1.406358  1.38e-08  6.00e-09
    4.200000    0.868832    1.600774  9.67e-09  4.99e-09
    4.300000    0.894204    1.038382  5.70e-09  4.57e-08
    4.400000    0.919964    1.727533  1.89e-09  1.31e-08
    4.500000    0.945834    1.126875  1.34e-09  3.06e-08
    4.600000    0.971557    1.496974  4.69e-09  4.31e-09
    4.700000    0.996898    1.525070  7.45e-09  5.97e-09
    4.800000    1.021641    1.101030  1.01e-08  2.99e-08
    4.900000    1.045589    1.730922  1.25e-08  1.86e-08
    5.000000    1.068565    1.056480  1.45e-08  3.56e-08
   ------------------------------------------------------

Final Solver Statistics:
   Steps: nsts = 5000, nstf = 750000
   u error = 2.508e-08, v error = 2.443e-08, total error = 2.476e-08
   Total RHS evals:  Fs = 10001,  Ff = 1500050
