[ERROR][rank 0][/var/lib/jenkins/workspace/SUNDIALS_PR-548/test/tarballs/sundials-7.2.1/src/arkode/arkode.c:824][ARKodeEvolve] At t = 0.808058307775222, mxstep steps taken before reaching tout.

SUNDIALS_ERROR: ARKodeEvolve() failed with flag = -1


Analytical ODE test problem with a variable Jacobian:
The stiffness of the problem is directly proportional to
"lambda - alpha*cos((10 - t)/10*pi)"

    lambda = -1e+06
     alpha = 100
    reltol = 1.0e-08
    abstol = 1.0e-08

        t           u
   ---------------------
   ---------------------

Final Statistics:
Current time                  = 0.808058307775222
Steps                         = 1000
Step attempts                 = 1003
Stability limited steps       = 0
Accuracy limited steps        = 1003
Error test fails              = 3
NLS step fails                = 0
Inequality constraint fails   = 0
Initial step size             = 1.93010111094261e-10
Last step size                = 0.00271516910406374
Current step size             = 0.00271516910406374
RHS fn evals                  = 35224
Number of dom_eig updates     = 42
Max. num. of stages used      = 77
Max. num. of stages allowed   = 200
Max. spectral radius          = 1009901.88886512
Min. spectral radius          = 1009899

ACCURACY at the final time   = 6.35103e-12
