
Analytical ODE test problem:
   lambda = -100
   reltol = 1.0e-05
   abstol = 1.0e-10

        t           u
   ---------------------
    1.000000    0.785381
    2.000000    1.107157
    3.000000    1.249061
    4.000000    1.325837
    5.000000    1.373382
    6.000000    1.405644
    7.000000    1.428889
    8.000000    1.446428
    9.000000    1.460146
   10.000000    1.471149
   ---------------------

Final Solver Statistics:
   Internal solver steps = 37 (attempted = 38)
   Total RHS evals:  Fe = 0,  Fi = 381
   Total linear solver setups = 38
   Total RHS evals for setting up the linear system = 0
   Total number of Jacobian evaluations = 2
   Total number of Newton iterations = 190
   Total number of linear solver convergence failures = 0
   Total number of error test failures = 1

