
Conserved Exponential Entropy problem:
   method     = DIRK
   reltol     = 1.0e-06
   abstol     = 1.0e-10
   relaxation = ON

 step   t              u              v              e              delta e
 -------------------------------------------------------------------------------
    0   0.000000e+00   1.000000e+00   5.000000e-01   4.367003e+00   0.000000e+00
   40   4.818398e-02   9.152743e-01   6.256939e-01   4.367003e+00  -3.552714e-15
   80   9.766869e-02   8.169953e-01   7.435148e-01   4.367003e+00   1.776357e-15
  120   1.471839e-01   7.070085e-01   8.497609e-01   4.367003e+00   7.105427e-15
  160   1.966461e-01   5.855502e-01   9.443043e-01   4.367003e+00   8.881784e-15
  200   2.459550e-01   4.532434e-01   1.027330e+00   4.367003e+00   7.105427e-15
  240   2.950239e-01   3.109860e-01   1.099356e+00   4.367003e+00   3.552714e-15
  280   3.391589e-01   1.745914e-01   1.155699e+00   4.367003e+00   1.243450e-14
  320   3.716855e-01   6.932170e-02   1.192474e+00   4.367003e+00   1.243450e-14
  360   3.897686e-01   9.164457e-03   1.211285e+00   4.367003e+00   1.509903e-14
  400   3.941763e-01  -5.668726e-03   1.215701e+00   4.367003e+00   2.486900e-14
  440   4.046793e-01  -4.127520e-02   1.225961e+00   4.367003e+00   2.486900e-14
  480   4.248240e-01  -1.105695e-01   1.244638e+00   4.367003e+00   2.930989e-14
  520   4.569215e-01  -2.235586e-01   1.271819e+00   4.367003e+00   2.842171e-14
  560   5.017667e-01  -3.862877e-01   1.304929e+00   4.367003e+00   2.486900e-14
  600   5.628643e-01  -6.159775e-01   1.342053e+00   4.367003e+00   2.753353e-14
  640   6.460919e-01  -9.410149e-01   1.380470e+00   4.367003e+00   3.641532e-14
  680   7.631310e-01  -1.415711e+00   1.416884e+00   4.367003e+00   3.641532e-14
  720   9.370563e-01  -2.145218e+00   1.446910e+00   4.367003e+00   4.796163e-14
  760   1.230365e+00  -3.406553e+00   1.466456e+00   4.367003e+00   7.283063e-14
  800   2.394160e+00  -8.481276e+00   1.474030e+00   4.367003e+00   7.549517e-14
 -------------------------------------------------------------------------------

Final Solver Statistics:
   Internal solver steps = 813 (attempted = 831)
   Total number of error test failures = 3
   Total RHS evals:  Fe = 0,  Fi = 6431
   Total number of Newton iterations = 3954
   Total number of linear solver convergence failures = 78
   Total linear solver setups = 160
   Total number of Jacobian evaluations = 98
   Total RHS evals for setting up the linear system = 0
   Total Relaxation Fn evals    = 2621
   Total Relaxation Jac evals   = 3452
   Total Relaxation fails       = 15
   Total Relaxation bound fails = 15
   Total Relaxation NLS fails   = 0
   Total Relaxation NLS iters   = 959

