
   Begin Kepler Problem

Problem Arguments:
  stepper:              1
  step mode:            0
  use tstop:            1
  use compensated sums: 0
  dt:                   0.01
  Tf:                   100
  nout:                 50

t = 0.0000, H(p,q) = -0.5000000000000000, L(p,q) = 0.8000000000000000
t = 2.0000, H(p,q)-H0 = -0.0000000376222318, L(p,q)-L0 = -0.0000000009852491
ROOT RETURN:	  g[0] =  -1, y[0] = -1.6, y[1] = -1.85142e-14, num. orbits is now 0.50
t = 3.1416, H(p,q)-H0 = -0.0000000376233078, L(p,q)-L0 = -0.0000000009834136
t = 4.0000, H(p,q)-H0 = -0.0000000376233031, L(p,q)-L0 = -0.0000000009852743
t = 6.0000, H(p,q)-H0 = -0.0000000350889846, L(p,q)-L0 = -0.0000000010388308
ROOT RETURN:	  g[0] =   1, y[0] = 0.4, y[1] = 8.46545e-16, num. orbits is now 1.00
t = 6.2832, H(p,q)-H0 = -0.0000001669914971, L(p,q)-L0 = -0.0000000371745509
t = 8.0000, H(p,q)-H0 = -0.0000000484955648, L(p,q)-L0 = -0.0000000029169203
ROOT RETURN:	  g[0] =  -1, y[0] = -1.6, y[1] = -5.22089e-14, num. orbits is now 1.50
t = 9.4248, H(p,q)-H0 = -0.0000000484973282, L(p,q)-L0 = -0.0000000029105186
t = 10.0000, H(p,q)-H0 = -0.0000000484995450, L(p,q)-L0 = -0.0000000029169562
t = 12.0000, H(p,q)-H0 = -0.0000000480271458, L(p,q)-L0 = -0.0000000029204726
ROOT RETURN:	  g[0] =   1, y[0] = 0.4, y[1] = 2.80219e-13, num. orbits is now 2.00
t = 12.5664, H(p,q)-H0 = -0.0000001990599676, L(p,q)-L0 = -0.0000000438879704
t = 14.0000, H(p,q)-H0 = -0.0000000593649294, L(p,q)-L0 = -0.0000000048485749
ROOT RETURN:	  g[0] =  -1, y[0] = -1.6, y[1] = -2.43945e-16, num. orbits is now 2.50
t = 15.7080, H(p,q)-H0 = -0.0000000593745318, L(p,q)-L0 = -0.0000000048459065
t = 16.0000, H(p,q)-H0 = -0.0000000593755231, L(p,q)-L0 = -0.0000000048486336
t = 18.0000, H(p,q)-H0 = -0.0000000592660883, L(p,q)-L0 = -0.0000000048491807
ROOT RETURN:	  g[0] =   1, y[0] = 0.4, y[1] = 1.03794e-13, num. orbits is now 3.00
t = 18.8496, H(p,q)-H0 = -0.0000000386706762, L(p,q)-L0 = -0.0000000071587637
t = 20.0000, H(p,q)-H0 = -0.0000000702211224, L(p,q)-L0 = -0.0000000067801686
ROOT RETURN:	  g[0] =  -1, y[0] = -1.6, y[1] = -5.08369e-16, num. orbits is now 3.50
t = 21.9911, H(p,q)-H0 = -0.0000000702509507, L(p,q)-L0 = -0.0000000067792550
t = 22.0000, H(p,q)-H0 = -0.0000000702513583, L(p,q)-L0 = -0.0000000067803146
t = 24.0000, H(p,q)-H0 = -0.0000000702196097, L(p,q)-L0 = -0.0000000067804679
ROOT RETURN:	  g[0] =   1, y[0] = 0.4, y[1] = 2.94383e-15, num. orbits is now 4.00
t = 25.1327, H(p,q)-H0 = -0.0000001744439109, L(p,q)-L0 = -0.0000000372869297
t = 26.0000, H(p,q)-H0 = -0.0000000810237040, L(p,q)-L0 = -0.0000000087114864
t = 28.0000, H(p,q)-H0 = -0.0000000811270874, L(p,q)-L0 = -0.0000000087120007
ROOT RETURN:	  g[0] =  -1, y[0] = -1.6, y[1] = -2.72026e-16, num. orbits is now 4.50
t = 28.2743, H(p,q)-H0 = -0.0000000811247498, L(p,q)-L0 = -0.0000000087057775
t = 30.0000, H(p,q)-H0 = -0.0000000811160636, L(p,q)-L0 = -0.0000000087120632
ROOT RETURN:	  g[0] =   1, y[0] = 0.4, y[1] = 1.62717e-15, num. orbits is now 5.00
t = 31.4159, H(p,q)-H0 = -0.0000002477778189, L(p,q)-L0 = -0.0000000533154391
t = 32.0000, H(p,q)-H0 = -0.0000000915518348, L(p,q)-L0 = -0.0000000106404725
t = 34.0000, H(p,q)-H0 = -0.0000000920026730, L(p,q)-L0 = -0.0000000106436840
ROOT RETURN:	  g[0] =  -1, y[0] = -1.6, y[1] = -9.26993e-16, num. orbits is now 5.50
t = 34.5575, H(p,q)-H0 = -0.0000000920015394, L(p,q)-L0 = -0.0000000106400764
t = 36.0000, H(p,q)-H0 = -0.0000000919985591, L(p,q)-L0 = -0.0000000106437179
ROOT RETURN:	  g[0] =   1, y[0] = 0.4, y[1] = 7.15849e-13, num. orbits is now 6.00
t = 37.6991, H(p,q)-H0 = -0.0000000872834880, L(p,q)-L0 = -0.0000000165621029
t = 38.0000, H(p,q)-H0 = -0.0000001002050503, L(p,q)-L0 = -0.0000000125283993
t = 40.0000, H(p,q)-H0 = -0.0000001028780088, L(p,q)-L0 = -0.0000000125753666
ROOT RETURN:	  g[0] =  -1, y[0] = -1.6, y[1] = -2.26574e-13, num. orbits is now 6.50
t = 40.8407, H(p,q)-H0 = -0.0000001028785500, L(p,q)-L0 = -0.0000000125749476
t = 42.0000, H(p,q)-H0 = -0.0000001028768848, L(p,q)-L0 = -0.0000000125753943
ROOT RETURN:	  g[0] =   1, y[0] = 0.4, y[1] = 9.73597e-13, num. orbits is now 7.00
t = 43.9823, H(p,q)-H0 = -0.0000001792544151, L(p,q)-L0 = -0.0000000368028044
t = 44.0000, H(p,q)-H0 = -0.0000000772849207, L(p,q)-L0 = -0.0000000136304056
t = 46.0000, H(p,q)-H0 = -0.0000001137528036, L(p,q)-L0 = -0.0000000145070463
ROOT RETURN:	  g[0] =  -1, y[0] = -1.6, y[1] = -2.6285e-13, num. orbits is now 7.50
t = 47.1239, H(p,q)-H0 = -0.0000001137522608, L(p,q)-L0 = -0.0000000145012423
t = 48.0000, H(p,q)-H0 = -0.0000001137537413, L(p,q)-L0 = -0.0000000145070741
t = 50.0000, H(p,q)-H0 = -0.0000001108326937, L(p,q)-L0 = -0.0000000145724238
ROOT RETURN:	  g[0] =   1, y[0] = 0.4, y[1] = 6.47659e-15, num. orbits is now 8.00
t = 50.2655, H(p,q)-H0 = -0.0000002905677317, L(p,q)-L0 = -0.0000000614048145
t = 52.0000, H(p,q)-H0 = -0.0000001246262774, L(p,q)-L0 = -0.0000000164387213
ROOT RETURN:	  g[0] =  -1, y[0] = -1.6, y[1] = -7.97973e-17, num. orbits is now 8.50
t = 53.4071, H(p,q)-H0 = -0.0000001246285745, L(p,q)-L0 = -0.0000000164342973
t = 54.0000, H(p,q)-H0 = -0.0000001246300113, L(p,q)-L0 = -0.0000000164387585
t = 56.0000, H(p,q)-H0 = -0.0000001241091641, L(p,q)-L0 = -0.0000000164428131
ROOT RETURN:	  g[0] =   1, y[0] = 0.4, y[1] = 2.07351e-12, num. orbits is now 9.00
t = 56.5487, H(p,q)-H0 = -0.0000001428438623, L(p,q)-L0 = -0.0000000275339136
t = 58.0000, H(p,q)-H0 = -0.0000001354960408, L(p,q)-L0 = -0.0000000183703783
ROOT RETURN:	  g[0] =  -1, y[0] = -1.6, y[1] = -1.47286e-15, num. orbits is now 9.50
t = 59.6902, H(p,q)-H0 = -0.0000001355060441, L(p,q)-L0 = -0.0000000183703766
t = 60.0000, H(p,q)-H0 = -0.0000001355060024, L(p,q)-L0 = -0.0000000183704374
t = 62.0000, H(p,q)-H0 = -0.0000001353868683, L(p,q)-L0 = -0.0000000183710385
ROOT RETURN:	  g[0] =   1, y[0] = 0.4, y[1] = 4.19987e-15, num. orbits is now 10.00
t = 62.8318, H(p,q)-H0 = -0.0000001832015348, L(p,q)-L0 = -0.0000000361236062
t = 64.0000, H(p,q)-H0 = -0.0000001463536499, L(p,q)-L0 = -0.0000000203019801
ROOT RETURN:	  g[0] =  -1, y[0] = -1.6, y[1] = -3.69318e-13, num. orbits is now 10.50
t = 65.9734, H(p,q)-H0 = -0.0000001463798256, L(p,q)-L0 = -0.0000000202968796
t = 66.0000, H(p,q)-H0 = -0.0000001463818393, L(p,q)-L0 = -0.0000000203021158
t = 68.0000, H(p,q)-H0 = -0.0000001463477424, L(p,q)-L0 = -0.0000000203022792
ROOT RETURN:	  g[0] =   1, y[0] = 0.4, y[1] = 3.11062e-13, num. orbits is now 11.00
t = 69.1150, H(p,q)-H0 = -0.0000003268473887, L(p,q)-L0 = -0.0000000680246426
t = 70.0000, H(p,q)-H0 = -0.0000001571624838, L(p,q)-L0 = -0.0000000222333291
t = 72.0000, H(p,q)-H0 = -0.0000001572575694, L(p,q)-L0 = -0.0000000222337989
ROOT RETURN:	  g[0] =  -1, y[0] = -1.6, y[1] = -3.97186e-13, num. orbits is now 11.50
t = 72.2566, H(p,q)-H0 = -0.0000001572556211, L(p,q)-L0 = -0.0000000222286056
t = 74.0000, H(p,q)-H0 = -0.0000001572458339, L(p,q)-L0 = -0.0000000222338642
ROOT RETURN:	  g[0] =   1, y[0] = 0.4, y[1] = 1.67255e-12, num. orbits is now 12.00
t = 75.3982, H(p,q)-H0 = -0.0000002026041548, L(p,q)-L0 = -0.0000000394538707
t = 76.0000, H(p,q)-H0 = -0.0000001677249825, L(p,q)-L0 = -0.0000000241626776
t = 78.0000, H(p,q)-H0 = -0.0000001681331613, L(p,q)-L0 = -0.0000000241654816
ROOT RETURN:	  g[0] =  -1, y[0] = -1.6, y[1] = -4.30983e-13, num. orbits is now 12.50
t = 78.5398, H(p,q)-H0 = -0.0000001681333823, L(p,q)-L0 = -0.0000000241654422
t = 80.0000, H(p,q)-H0 = -0.0000001681287797, L(p,q)-L0 = -0.0000000241655181
ROOT RETURN:	  g[0] =   1, y[0] = 0.4, y[1] = 1.31473e-14, num. orbits is now 13.00
t = 81.6814, H(p,q)-H0 = -0.0000001884374603, L(p,q)-L0 = -0.0000000357351463
t = 82.0000, H(p,q)-H0 = -0.0000001766780491, L(p,q)-L0 = -0.0000000260585226
t = 84.0000, H(p,q)-H0 = -0.0000001790085129, L(p,q)-L0 = -0.0000000260971640
ROOT RETURN:	  g[0] =  -1, y[0] = -1.6, y[1] = -4.67361e-13, num. orbits is now 13.50
t = 84.8230, H(p,q)-H0 = -0.0000001790074484, L(p,q)-L0 = -0.0000000260926729
t = 86.0000, H(p,q)-H0 = -0.0000001790072481, L(p,q)-L0 = -0.0000000260971915
ROOT RETURN:	  g[0] =   1, y[0] = 0.4, y[1] = 1.94733e-12, num. orbits is now 14.00
t = 87.9646, H(p,q)-H0 = -0.0000003563557034, L(p,q)-L0 = -0.0000000731159820
t = 88.0000, H(p,q)-H0 = -0.0000001555989648, L(p,q)-L0 = -0.0000000272586714
t = 90.0000, H(p,q)-H0 = -0.0000001898833518, L(p,q)-L0 = -0.0000000280288431
ROOT RETURN:	  g[0] =  -1, y[0] = -1.6, y[1] = -9.70903e-16, num. orbits is now 14.50
t = 91.1061, H(p,q)-H0 = -0.0000001898827311, L(p,q)-L0 = -0.0000000280230654
t = 92.0000, H(p,q)-H0 = -0.0000001898841560, L(p,q)-L0 = -0.0000000280288693
t = 94.0000, H(p,q)-H0 = -0.0000001864738195, L(p,q)-L0 = -0.0000000281087710
ROOT RETURN:	  g[0] =   1, y[0] = 0.4, y[1] = 1.30503e-14, num. orbits is now 15.00
t = 94.2477, H(p,q)-H0 = -0.0000002640777539, L(p,q)-L0 = -0.0000000517606343
t = 96.0000, H(p,q)-H0 = -0.0000002007569454, L(p,q)-L0 = -0.0000000299605183
ROOT RETURN:	  g[0] =  -1, y[0] = -1.6, y[1] = -5.38134e-13, num. orbits is now 15.50
t = 97.3893, H(p,q)-H0 = -0.0000002007605849, L(p,q)-L0 = -0.0000000299601406
t = 98.0000, H(p,q)-H0 = -0.0000002007604434, L(p,q)-L0 = -0.0000000299605509
t = 100.0000, H(p,q)-H0 = -0.0000002001859060, L(p,q)-L0 = -0.0000000299652453
Current time                 = 100
Steps                        = 10000
Step attempts                = 10000
Stability limited steps      = 0
Accuracy limited steps       = 0
Error test fails             = 0
NLS step fails               = 0
Inequality constraint fails  = 0
Initial step size            = 0.01
Last step size               = 0.009999999998981926
Current step size            = 0.009999999998981926
Root fn evals                = 10288
Explicit RHS fn evals        = 60001
Implicit RHS fn evals        = 0
NLS iters                    = 0
NLS fails                    = 0
NLS iters per step           = 0
LS setups                    = 0
