
Multirate nonlinear Kvaerno-Prothero-Robinson test problem:
    time domain:  (0,5]
    hs = 0.001
    hf = 1e-05
    G = -100
    w = 100
    e = 0.5
    solver: ars343/exp-3 (IMEX-MRI3b / ERK-3-3) -- solve decoupled
    reltol = 1.00e-09,  abstol = 1.00e-11
        t           u           v       uerr      verr
   ------------------------------------------------------
    0.000000    1.224745    1.732051  0.00e+00  0.00e+00
    0.100000    1.223725    1.077464  2.79e-10  2.64e-11
    0.200000    1.220669    1.551800  1.84e-10  4.85e-11
    0.300000    1.215594    1.467737  1.86e-10  6.94e-11
    0.400000    1.208524    1.154583  1.83e-10  8.79e-11
    0.500000    1.199496    1.721908  1.82e-10  1.04e-10
    0.600000    1.188557    1.023517  1.72e-10  1.20e-10
    0.700000    1.175764    1.622751  1.67e-10  1.28e-10
    0.800000    1.161186    1.374632  1.63e-10  1.39e-10
    0.900000    1.144904    1.245763  1.52e-10  1.47e-10
    1.000000    1.127010    1.691839  1.39e-10  1.50e-10
    1.100000    1.107609    1.000489  1.29e-10  1.51e-10
    1.200000    1.086821    1.677552  1.11e-10  1.34e-09
    1.300000    1.064777    1.277775  1.01e-10  1.87e-09
    1.400000    1.041625    1.342455  7.19e-11  3.88e-09
    1.500000    1.017531    1.642940  5.10e-11  3.83e-09
    1.600000    0.992673    1.012112  2.70e-11  5.31e-09
    1.700000    0.967253    1.714058  2.58e-12  5.92e-09
    1.800000    0.941488    1.183867  1.57e-11  6.41e-09
    1.900000    0.915617    1.437465  5.11e-11  8.09e-09
    2.000000    0.889903    1.577082  7.50e-11  7.77e-09
    2.100000    0.864625    1.056467  1.11e-10  9.08e-09
    2.200000    0.840089    1.730920  1.45e-10  9.00e-09
    2.300000    0.816616    1.101047  1.74e-10  9.29e-09
    2.400000    0.794546    1.525051  2.12e-10  1.04e-08
    2.500000    0.774227    1.496993  2.37e-10  9.66e-09
    2.600000    0.756013    1.126857  2.78e-10  1.06e-08
    2.700000    0.740246    1.727536  3.08e-10  9.69e-09
    2.800000    0.727247    1.038393  3.32e-10  9.59e-09
    2.900000    0.717301    1.600759  3.54e-10  9.80e-09
    3.000000    0.710636    1.406380  3.62e-10  8.56e-09
    3.100000    0.707412    1.214353  3.74e-10  8.90e-09
    3.200000    0.707709    1.704026  3.65e-10  7.20e-09
    3.300000    0.711520    1.004391  3.52e-10  6.65e-09
    3.400000    0.718750    1.661225  3.35e-10  5.93e-09
    3.500000    0.729227    1.310102  3.10e-10  4.31e-09
    3.600000    0.742712    1.310080  2.79e-10  4.21e-09
    3.700000    0.758914    1.661237  2.35e-10  2.04e-09
    3.800000    0.777506    1.004387  2.00e-10  1.38e-09
    3.900000    0.798144    1.704019  1.60e-10  7.67e-11
    4.000000    0.820474    1.214374  1.27e-10  1.46e-09
    4.100000    0.844149    1.406358  9.07e-11  1.61e-09
    4.200000    0.868832    1.600774  4.93e-11  3.69e-09
    4.300000    0.894204    1.038382  1.90e-11  4.00e-09
    4.400000    0.919964    1.727533  1.67e-11  5.43e-09
    4.500000    0.945834    1.126875  4.17e-11  6.43e-09
    4.600000    0.971557    1.496974  6.45e-11  6.36e-09
    4.700000    0.996898    1.525070  8.95e-11  7.97e-09
    4.800000    1.021641    1.101030  1.10e-10  7.71e-09
    4.900000    1.045589    1.730922  1.38e-10  8.97e-09
    5.000000    1.068565    1.056480  1.52e-10  9.29e-09
   ------------------------------------------------------

Final Solver Statistics:
   Steps: nsts = 5000, nstf = 510000
   u error = 1.999e-10, v error = 6.118e-09, total error = 4.328e-09
   Total RHS evals:  Fse = 20000, Fsi = 50341,  Ff = 1530000
   Slow Newton iters = 30341
   Slow Newton conv fails = 0
   Slow Jacobian evals = 250
