
Robertson ODE test problem:
    initial conditions:  u0 = 1,  v0 = 0,  w0 = 0
        t           u           v           w
   --------------------------------------------------
   0.000e+00   1.00000e+00   0.00000e+00   0.00000e+00
   1.000e+09   2.08360e-06   8.47670e-12   9.99998e-01
   2.000e+09   1.04182e-06   3.93345e-12   9.99999e-01
   3.000e+09   6.94558e-07   1.63873e-12   9.99999e-01
   4.000e+09   5.20985e-07   2.04334e-12   9.99999e-01
   5.000e+09   4.16764e-07   1.64639e-12   1.00000e+00
   6.000e+09   3.47288e-07   1.37974e-12   1.00000e+00
   7.000e+09   2.97664e-07   1.19319e-12   1.00000e+00
   8.000e+09   2.60382e-07   1.17738e-12   1.00000e+00
   9.000e+09   2.31517e-07   6.14818e-13   1.00000e+00
   1.000e+10   2.08381e-07   8.77129e-13   1.00000e+00
   1.100e+10   1.89437e-07   8.39256e-13   1.00000e+00
   1.200e+10   1.73650e-07   7.11991e-13   1.00000e+00
   1.300e+10   1.60290e-07   3.73565e-13   1.00000e+00
   1.400e+10   1.48840e-07   6.18702e-13   1.00000e+00
   1.500e+10   1.38915e-07   5.63229e-13   1.00000e+00
   1.600e+10   1.30232e-07   5.19550e-13   1.00000e+00
   1.700e+10   1.22569e-07   4.95002e-13   1.00000e+00
   1.800e+10   1.15759e-07   4.62437e-13   1.00000e+00
   1.900e+10   1.09665e-07   4.34797e-13   1.00000e+00
   2.000e+10   1.04182e-07   3.68413e-13   1.00000e+00
   2.100e+10   9.92180e-08   3.70142e-13   1.00000e+00
   2.200e+10   9.47079e-08   4.91156e-13   1.00000e+00
   2.300e+10   9.05929e-08   5.59251e-13   1.00000e+00
   2.400e+10   8.68250e-08   1.91172e-13   1.00000e+00
   2.500e+10   8.33522e-08   9.64051e-13   1.00000e+00
   2.600e+10   8.01529e-08   4.10912e-13   1.00000e+00
   2.700e+10   7.71835e-08   2.72452e-13   1.00000e+00
   2.800e+10   7.44274e-08   2.45969e-13   1.00000e+00
   2.900e+10   7.18602e-08   3.75197e-13   1.00000e+00
   3.000e+10   6.94657e-08   5.20569e-13   1.00000e+00
   3.100e+10   6.72575e-08   2.31670e-13   1.00000e+00
   3.200e+10   6.51702e-08   3.07118e-13   1.00000e+00
   3.300e+10   6.31935e-08   2.53242e-13   1.00000e+00
   3.400e+10   6.13331e-08   2.46639e-13   1.00000e+00
   3.500e+10   5.95791e-08   2.37203e-13   1.00000e+00
   3.600e+10   5.79226e-08   2.28482e-13   1.00000e+00
   3.700e+10   5.63556e-08   2.15581e-13   1.00000e+00
   3.800e+10   5.48713e-08   2.07814e-13   1.00000e+00
   3.900e+10   5.34633e-08   2.17054e-13   1.00000e+00
   4.000e+10   5.21255e-08   2.20958e-13   1.00000e+00
   4.100e+10   5.08532e-08   2.10395e-13   1.00000e+00
   4.200e+10   4.96415e-08   1.98510e-13   1.00000e+00
   4.300e+10   4.84862e-08   1.93377e-13   1.00000e+00
   4.400e+10   4.73835e-08   1.88975e-13   1.00000e+00
   4.500e+10   4.63297e-08   1.78240e-13   1.00000e+00
   4.600e+10   4.53219e-08   1.74665e-13   1.00000e+00
   4.700e+10   4.43569e-08   1.53678e-13   1.00000e+00
   4.800e+10   4.34321e-08   1.02828e-14   1.00000e+00
   4.900e+10   4.25453e-08  -1.55309e-13   1.00000e+00
   5.000e+10   4.16940e-08  -2.26841e-13   1.00000e+00
   5.100e+10   4.08760e-08  -8.80595e-14   1.00000e+00
   5.200e+10   4.01060e-08  -1.06394e-14   1.00000e+00
   5.300e+10   3.93590e-08   2.78713e-13   1.00000e+00
   5.400e+10   3.86293e-08   1.49897e-13   1.00000e+00
   5.500e+10   3.79261e-08   1.34213e-13   1.00000e+00
   5.600e+10   3.72483e-08   1.50403e-13   1.00000e+00
   5.700e+10   3.65945e-08  -2.45133e-13   1.00000e+00
   5.800e+10   3.59627e-08   1.67296e-13   1.00000e+00
   5.900e+10   3.53524e-08   2.41675e-13   1.00000e+00
   6.000e+10   3.47637e-08   2.78239e-13   1.00000e+00
   6.100e+10   3.41936e-08  -1.90130e-13   1.00000e+00
   6.200e+10   3.36415e-08   1.44917e-13   1.00000e+00
   6.300e+10   3.31064e-08   6.20049e-13   1.00000e+00
   6.400e+10   3.25923e-08   1.29568e-13   1.00000e+00
   6.500e+10   3.20903e-08   1.25254e-13   1.00000e+00
   6.600e+10   3.16046e-08   2.64538e-13   1.00000e+00
   6.700e+10   3.11335e-08   1.97313e-13   1.00000e+00
   6.800e+10   3.06769e-08   1.68695e-13   1.00000e+00
   6.900e+10   3.02603e-08   4.59038e-13   1.00000e+00
   7.000e+10   2.98342e-08   1.98973e-13   1.00000e+00
   7.100e+10   2.94263e-08   3.75733e-13   1.00000e+00
   7.200e+10   2.90328e-08  -1.99865e-13   1.00000e+00
   7.300e+10   2.87057e-08   6.33011e-14   1.00000e+00
   7.400e+10   2.83205e-08   4.33328e-14   1.00000e+00
   7.500e+10   2.79417e-08   3.13244e-13   1.00000e+00
   7.600e+10   2.75761e-08   4.74471e-14   1.00000e+00
   7.700e+10   2.72168e-08   1.21935e-13   1.00000e+00
   7.800e+10   2.68658e-08   1.02194e-13   1.00000e+00
   7.900e+10   2.65235e-08   3.52040e-13   1.00000e+00
   8.000e+10   2.61900e-08   4.45797e-13   1.00000e+00
   8.100e+10   2.58678e-08   1.53123e-13   1.00000e+00
   8.200e+10   2.55509e-08   1.06836e-13   1.00000e+00
   8.300e+10   2.52414e-08   1.00056e-13   1.00000e+00
   8.400e+10   2.49393e-08   6.40829e-14   1.00000e+00
   8.500e+10   2.46448e-08   5.91753e-14   1.00000e+00
   8.600e+10   2.43577e-08   9.74215e-14   1.00000e+00
   8.700e+10   2.40763e-08   4.53474e-14   1.00000e+00
   8.800e+10   2.38031e-08   1.15407e-13   1.00000e+00
   8.900e+10   2.35343e-08   9.62819e-14   1.00000e+00
   9.000e+10   2.32714e-08   9.36091e-14   1.00000e+00
   9.100e+10   2.30143e-08   9.61068e-14   1.00000e+00
   9.200e+10   2.27629e-08   9.32373e-14   1.00000e+00
   9.300e+10   2.25168e-08   9.38530e-14   1.00000e+00
   9.400e+10   2.22761e-08   9.16947e-14   1.00000e+00
   9.500e+10   2.20404e-08   9.26781e-14   1.00000e+00
   9.600e+10   2.18097e-08   5.98257e-14   1.00000e+00
   9.700e+10   2.15841e-08   1.91455e-13   1.00000e+00
   9.800e+10   2.13662e-08   9.79879e-14   1.00000e+00
   9.900e+10   2.11493e-08   8.49599e-14   1.00000e+00
   1.000e+11   2.09368e-08   8.40558e-14   1.00000e+00
   --------------------------------------------------

Final Solver Statistics:
   Internal solver steps = 278 (attempted = 448)
   Total RHS evals:  Fe = 0,  Fi = 11591
   Total linear solver setups = 476
   Total RHS evals for setting up the linear system = 0
   Total number of Jacobian evaluations = 327
   Total number of Newton iterations = 9539
   Total number of nonlinear solver convergence failures = 306
   Total number of error test failures = 0
   Total number of constraint test failures = 20
   Total number of failed steps from solver failure = 150
