
Multirate nonlinear Kvaerno-Prothero-Robinson test problem:
    time domain:  (0,5]
    hs = 0.001
    hf = 1e-05
    G = -100
    w = 100
    e = 0.5
    slow solver: ARKODE_MRI_GARK_ESDIRK34a
      reltol = 1.00e-09,  abstol = 1.00e-11
    fast solver: erk-3-3
        t           u           v       uerr      verr
   ------------------------------------------------------
    0.000000    1.224745    1.732051  0.00e+00  0.00e+00
    0.100000    1.223725    1.077464  4.02e-10  5.73e-11
    0.200000    1.220669    1.551800  4.06e-10  1.04e-10
    0.300000    1.215594    1.467737  3.94e-10  1.46e-10
    0.400000    1.208524    1.154583  3.88e-10  1.81e-10
    0.500000    1.199496    1.721908  3.80e-10  2.13e-10
    0.600000    1.188557    1.023517  3.81e-10  2.48e-10
    0.700000    1.175764    1.622751  3.29e-10  2.78e-10
    0.800000    1.161186    1.374632  3.41e-10  2.97e-10
    0.900000    1.144904    1.245763  3.23e-10  3.04e-10
    1.000000    1.127010    1.691839  3.02e-10  3.14e-10
    1.100000    1.107609    1.000489  2.71e-10  3.23e-10
    1.200000    1.086821    1.677552  2.54e-10  3.27e-10
    1.300000    1.064777    1.277775  2.27e-10  3.33e-10
    1.400000    1.041625    1.342455  1.95e-10  3.31e-10
    1.500000    1.017531    1.642940  1.57e-10  3.21e-10
    1.600000    0.992673    1.012112  1.21e-10  3.14e-10
    1.700000    0.967253    1.714058  7.79e-11  2.93e-10
    1.800000    0.941488    1.183867  3.33e-11  2.75e-10
    1.900000    0.915617    1.437465  1.79e-11  2.47e-10
    2.000000    0.889903    1.577082  7.24e-11  2.14e-10
    2.100000    0.864625    1.056467  1.32e-10  1.79e-10
    2.200000    0.840089    1.730920  1.96e-10  1.31e-10
    2.300000    0.816616    1.101047  2.61e-10  8.71e-11
    2.400000    0.794546    1.525051  3.30e-10  3.06e-11
    2.500000    0.774227    1.496993  4.23e-10  4.32e-11
    2.600000    0.756013    1.126857  4.68e-10  1.03e-10
    2.700000    0.740246    1.727536  5.36e-10  1.73e-10
    2.800000    0.727247    1.038393  5.93e-10  2.37e-10
    2.900000    0.717301    1.600759  5.07e-10  3.10e-10
    3.000000    0.710636    1.406380  6.73e-10  3.77e-10
    3.100000    0.707412    1.214353  6.94e-10  4.43e-10
    3.200000    0.707709    1.704026  6.99e-10  5.06e-10
    3.300000    0.711520    1.004391  6.73e-10  5.54e-10
    3.400000    0.718750    1.661225  6.52e-10  6.03e-10
    3.500000    0.729227    1.310102  6.01e-10  6.37e-10
    3.600000    0.742712    1.310080  5.52e-10  6.60e-10
    3.700000    0.758914    1.661237  4.89e-10  6.76e-10
    3.800000    0.777506    1.004387  4.21e-10  6.73e-10
    3.900000    0.798144    1.704019  3.62e-10  6.70e-10
    4.000000    0.820474    1.214374  2.84e-10  6.49e-10
    4.100000    0.844149    1.406358  3.44e-10  6.18e-10
    4.200000    0.868832    1.600774  1.51e-10  5.77e-10
    4.300000    0.894204    1.038382  9.09e-11  5.60e-10
    4.400000    0.919964    1.727533  4.16e-11  5.12e-10
    4.500000    0.945834    1.126875  1.62e-11  4.84e-10
    4.600000    0.971557    1.496974  6.43e-11  4.18e-10
    4.700000    0.996898    1.525070  1.06e-10  3.66e-10
    4.800000    1.021641    1.101030  1.47e-10  3.27e-10
    4.900000    1.045589    1.730922  1.85e-10  2.48e-10
    5.000000    1.068565    1.056480  3.43e-10  2.19e-10
   ------------------------------------------------------

Final Solver Statistics:
   Steps: nsts = 5000, nstf = 510000
   u error = 3.763e-10, v error = 3.905e-10, total error = 3.835e-10
   Total RHS evals:  Fs = 35263,  Ff = 1530050
   Slow Newton iters = 30312
   Slow Newton conv fails = 0
   Slow Jacobian evals = 250
