
Multirate nonlinear Kvaerno-Prothero-Robinson test problem:
    time domain:  (0,5]
    hs = 0.002
    hf = 2e-05
    G = -100
    w = 100
    e = 0.5
    solver: dirk-2/none (dirk slow, no fast)
    reltol = 4.00e-06,  abstol = 1.00e-11

        t           u           v       uerr      verr
   ------------------------------------------------------
    0.000000    1.224745    1.732051  0.00e+00  0.00e+00
    0.100000    1.223734    1.079428  9.43e-06  1.96e-03
    0.200000    1.220669    1.551975  3.10e-07  1.75e-04
    0.300000    1.215599    1.468008  5.52e-06  2.71e-04
    0.400000    1.208526    1.155919  2.24e-06  1.34e-03
    0.500000    1.199497    1.721561  8.84e-07  3.47e-04
    0.600000    1.188565    1.025537  7.52e-06  2.02e-03
    0.700000    1.175763    1.622484  1.23e-06  2.66e-04
    0.800000    1.161186    1.374901  9.10e-08  2.69e-04
    0.900000    1.144904    1.246451  1.26e-07  6.88e-04
    1.000000    1.127010    1.691322  5.36e-07  5.17e-04
    1.100000    1.107615    1.002499  5.58e-06  2.01e-03
    1.200000    1.086819    1.677003  1.48e-06  5.49e-04
    1.300000    1.064782    1.278197  5.49e-06  4.22e-04
    1.400000    1.041624    1.342656  1.30e-06  2.00e-04
    1.500000    1.017531    1.642375  7.80e-07  5.64e-04
    1.600000    0.992677    1.013911  3.38e-06  1.80e-03
    1.700000    0.967250    1.713352  2.74e-06  7.06e-04
    1.800000    0.941493    1.184579  5.87e-06  7.12e-04
    1.900000    0.915615    1.437305  2.35e-06  1.61e-04
    2.000000    0.889904    1.576562  1.37e-06  5.20e-04
    2.100000    0.864627    1.057866  1.66e-06  1.40e-03
    2.200000    0.840087    1.730116  1.98e-06  8.05e-04
    2.300000    0.816622    1.102135  5.78e-06  1.09e-03
    2.400000    0.794543    1.524623  2.74e-06  4.28e-04
    2.500000    0.774230    1.496596  2.14e-06  3.97e-04
    2.600000    0.756013    1.127799  5.80e-08  9.42e-04
    2.700000    0.740244    1.726694  1.79e-06  8.43e-04
    2.800000    0.727253    1.039859  5.43e-06  1.47e-03
    2.900000    0.717298    1.600136  3.25e-06  6.23e-04
    3.000000    0.710633    1.406199  2.96e-06  1.81e-04
    3.100000    0.707411    1.214843  1.23e-06  4.91e-04
    3.200000    0.707708    1.703195  1.22e-06  8.32e-04
    3.300000    0.711524    1.006101  4.36e-06  1.71e-03
    3.400000    0.718746    1.660465  3.34e-06  7.60e-04
    3.500000    0.729231    1.310194  4.07e-06  9.21e-05
    3.600000    0.742710    1.310190  2.14e-06  1.10e-04
    3.700000    0.758913    1.660462  4.42e-07  7.75e-04
    3.800000    0.777509    1.006087  3.06e-06  1.70e-03
    3.900000    0.798140    1.703188  3.61e-06  8.31e-04
    4.000000    0.820479    1.214819  5.02e-06  4.45e-04
    4.100000    0.844147    1.406163  2.79e-06  1.96e-04
    4.200000    0.868833    1.600102  4.58e-07  6.73e-04
    4.300000    0.894205    1.039813  1.65e-06  1.43e-03
    4.400000    0.919961    1.726634  2.40e-06  8.99e-04
    4.500000    0.945839    1.127724  5.25e-06  8.49e-04
    4.600000    0.971554    1.496528  3.12e-06  4.45e-04
    4.700000    0.996899    1.524536  1.39e-06  5.34e-04
    4.800000    1.021641    1.102041  8.92e-08  1.01e-03
    4.900000    1.045587    1.730004  1.93e-06  9.18e-04
    5.000000    1.068570    1.057754  5.43e-06  1.27e-03
   ------------------------------------------------------

Final Solver Statistics:
   Steps: nsts = 2501, nstf = 250100
   u error = 3.480e-06, v error = 9.531e-04, total error = 6.739e-04
   Total RHS evals:  Fs = 9657,  Ff = 755303
   Slow Newton iters = 4654
   Slow Newton conv fails = 0
   Slow Jacobian evals = 126
