
Multirate nonlinear Kvaerno-Prothero-Robinson test problem:
    time domain:  (0,5]
    hs = 0.001
    hf = 1e-05
    G = -100
    w = 100
    e = 0.5
    slow solver: ARKODE_MERK54
    fast solver: ARKODE_DORMAND_PRINCE_7_4_5
        t           u           v       uerr      verr
   ------------------------------------------------------
    0.000000    1.224745    1.732051  0.00e+00  0.00e+00
    0.100000    1.223725    1.077464  4.46e-13  2.08e-13
    0.200000    1.220669    1.551800  4.42e-13  6.88e-15
    0.300000    1.215594    1.467737  4.37e-13  7.22e-14
    0.400000    1.208524    1.154583  4.28e-13  3.99e-13
    0.500000    1.199496    1.721908  4.18e-13  1.65e-13
    0.600000    1.188557    1.023517  4.07e-13  1.50e-13
    0.700000    1.175764    1.622751  3.88e-13  2.86e-14
    0.800000    1.161186    1.374632  3.73e-13  1.48e-13
    0.900000    1.144904    1.245763  3.52e-13  3.93e-14
    1.000000    1.127010    1.691839  3.32e-13  4.77e-14
    1.100000    1.107609    1.000489  1.33e-13  4.42e-12
    1.200000    1.086821    1.677552  1.51e-13  2.80e-13
    1.300000    1.064777    1.277775  4.36e-13  3.47e-13
    1.400000    1.041625    1.342455  7.76e-13  4.84e-12
    1.500000    1.017531    1.642940  1.11e-12  3.64e-12
    1.600000    0.992673    1.012112  1.47e-12  5.55e-12
    1.700000    0.967253    1.714058  1.84e-12  7.75e-13
    1.800000    0.941488    1.183867  2.19e-12  1.87e-12
    1.900000    0.915617    1.437465  2.55e-12  7.48e-12
    2.000000    0.889903    1.577082  2.86e-12  7.44e-12
    2.100000    0.864625    1.056467  3.16e-12  8.63e-12
    2.200000    0.840089    1.730920  3.42e-12  3.66e-12
    2.300000    0.816616    1.101047  3.60e-12  2.38e-12
    2.400000    0.794546    1.525051  3.74e-12  9.12e-12
    2.500000    0.774227    1.496993  3.76e-12  1.11e-11
    2.600000    0.756013    1.126857  3.70e-12  1.28e-11
    2.700000    0.740246    1.727536  3.52e-12  8.05e-12
    2.800000    0.727247    1.038393  3.21e-12  7.73e-13
    2.900000    0.717301    1.600759  2.79e-12  8.96e-12
    3.000000    0.710636    1.406380  2.21e-12  1.40e-11
    3.100000    0.707412    1.214353  1.52e-12  1.74e-11
    3.200000    0.707709    1.704026  7.13e-13  1.33e-11
    3.300000    0.711520    1.004391  2.00e-13  3.30e-12
    3.400000    0.718750    1.661225  1.16e-12  6.43e-12
    3.500000    0.729227    1.310102  2.19e-12  1.58e-11
    3.600000    0.742712    1.310080  3.21e-12  2.14e-11
    3.700000    0.758914    1.661237  4.24e-12  1.86e-11
    3.800000    0.777506    1.004387  5.23e-12  9.68e-12
    3.900000    0.798144    1.704019  6.15e-12  1.34e-12
    4.000000    0.820474    1.214374  7.00e-12  1.57e-11
    4.100000    0.844149    1.406358  6.74e-12  2.33e-11
    4.200000    0.868832    1.600774  6.28e-12  1.56e-11
    4.300000    0.894204    1.038382  5.68e-12  1.13e-11
    4.400000    0.919964    1.727533  4.97e-12  7.79e-13
    4.500000    0.945834    1.126875  4.19e-12  5.77e-12
    4.600000    0.971557    1.496974  3.36e-12  9.76e-12
    4.700000    0.996898    1.525070  2.51e-12  6.00e-12
    4.800000    1.021641    1.101030  1.67e-12  4.81e-12
    4.900000    1.045589    1.730922  8.58e-13  2.44e-13
    5.000000    1.068565    1.056480  2.51e-13  2.92e-13
   ------------------------------------------------------

Final Solver Statistics:
   Steps: nsts = 5000, nstf = 1615000
   u error = 3.075e-12, v error = 8.987e-12, total error = 6.716e-12
   Total RHS evals:  Fs = 50051,  Ff = 9715100
