
Brusselator ODE test problem, fixed-point solver:
    initial conditions:  u0 = 3,  v0 = 3,  w0 = 3.5
    problem parameters:  a = 0.5,  b = 3,  ep = 0.0005
    reltol = 1.0e-06,  abstol = 1.0e-10

        t           u           v           w
   ----------------------------------------------
    1.000000    1.901395    1.264402    2.980673
    2.000000    0.347203    2.356368    2.996459
    3.000000    0.147498    2.852646    2.998485
    4.000000    0.140732    3.217359    2.998553
    5.000000    0.142655    3.573839    2.998533
    6.000000    0.145091    3.927548    2.998508
    7.000000    0.147716    4.278535    2.998481
    8.000000    0.150537    4.626604    2.998452
    9.000000    0.153585    4.971516    2.998421
   10.000000    0.156896    5.312988    2.998387
   ----------------------------------------------

Final Solver Statistics:
   Internal solver steps = 1001 (attempted = 1001)
   Total RHS evals:  Fe = 3004,  Fi = 10011
   Total number of fixed-point iterations = 7007
   Total number of nonlinear solver convergence failures = 0
   Total number of error test failures = 0


IMEXGARKStep Butcher table (stages = 2):

      0.0000e+00 |   0.0000e+00  0.0000e+00 |   0.0000e+00  0.0000e+00 | 
      3.4142e+00 |   1.7071e+00  0.0000e+00 |   1.7071e+00  0.0000e+00 | 
      -------------------------------------------------------
      2.9289e-01 |   2.9289e-01  0.0000e+00 |   2.9289e-01  0.0000e+00 | 
      1.0000e+00 |   7.0711e-01  2.9289e-01 |   7.0711e-01  2.9289e-01 | 
      -------------------------------------------------------
                 |   7.0711e-01  2.9289e-01 |   7.0711e-01  2.9289e-01 | 
                 | 