
Analytical ODE test problem:
    lambda = -1e+06
     alpha = 100
    reltol = 1.0e-08
    abstol = 1.0e-08


HARD CODED to set interpolation type = ARK_INTERP_LAGRANGE


Solving with RKC method

        t           u
   ---------------------
    1.000000    0.785398
    2.000000    1.107149
    3.000000    1.249046
    4.000000    1.325818
    5.000000    1.373401
    6.000000    1.405648
    7.000000    1.428899
    8.000000    1.446441
    9.000000    1.460139
   10.000000    1.471128
   ---------------------

Final Statistics:
Current time                 = 10.00091506153245
Steps                        = 1990
Step attempts                = 1992
Stability limited steps      = 0
Accuracy limited steps       = 1992
Error test fails             = 2
NLS step fails               = 0
Inequality constraint fails  = 0
Initial step size            = 1.930101110942615e-10
Last step size               = 0.01744455979617476
Current step size            = 0.01744455979617476
RHS fn evals                 = 165282
RHS fn evals for spr         = 0
Number of SPR update calls   = 81
Max. num. of stages taken    = 165
Max. num. of stages allowed  = 200
Max. spectral radius         = 1010101.00
Min. spectral radius         = 1009899.00

ACCURACY at the final time = 1.78968e-13
