
Parallel Krylov adjoint sensitivity analysis example
2D Advection diffusion PDE with homogeneous Neumann B.C.
Computes gradient of G = int_t_Omega ( c_i^2 ) dt dOmega
with respect to the source values at each grid point.

Domain:
   0.000000 < x < 20.000000   mx = 80  npe_x = 2 
   0.000000 < y < 20.000000   my = 80  npe_y = 4 

Begin forward integration... done.   G = 7.220701e+03

Final Statistics.. 

lenrw   =  65690     leniw =    320
llrw    =  65656     lliw  =    160
nst     =    147
nfe     =    150     nfel  =    267
nni     =    147     nli   =    267
nsetups =     16     netf  =      0
npe     =      3     nps   =    411
ncfn    =      0     ncfl  =      0

Begin backward integration... done.

Final Statistics.. 

lenrw   = 131220     leniw =    320
llrw    =  65656     lliw  =    160
nst     =    100
nfe     =    110     nfel  =    227
nni     =    107     nli   =    227
nsetups =     16     netf  =      0
npe     =      2     nps   =    330
ncfn    =      0     ncfl  =      0
