 (PE# 0)
    mu(t0)[ 1] = 0.000277565
    mu(t0)[ 2] = 0.000561901
    mu(t0)[ 3] = 0.000847449
    mu(t0)[ 4] = 0.00112626
    mu(t0)[ 5] = 0.0013933

 (PE# 1)
    mu(t0)[ 6] = 0.00163938
    mu(t0)[ 7] = 0.00186055
    mu(t0)[ 8] = 0.00204712
    mu(t0)[ 9] = 0.00219668
    mu(t0)[10] = 0.00229996

 (PE# 2)
    mu(t0)[11] = 0.00235647
    mu(t0)[12] = 0.00235827
    mu(t0)[13] = 0.00230703
    mu(t0)[14] = 0.00219703
    mu(t0)[15] = 0.00203218

 (PE# 3)
    mu(t0)[16] = 0.00180971
    mu(t0)[17] = 0.00153563
    mu(t0)[18] = 0.00121073
    mu(t0)[19] = 0.000842711
    mu(t0)[20] = 0.000436183

 (PE# 4)
    g(t1) = 0.0199069

 (PE# 4)
    dgdp(t1) = [ -1.12075  -1.00896 ]
