
2-species diurnal advection-diffusion problem

========================================================================
     T     Q       H      NST                    Bottom left  Top right 
========================================================================
7.200e+03  5  1.587e+02   219
                                Solution         1.0468e+04   1.1185e+04 
                                                 2.5267e+11   2.6998e+11 
------------------------------------------------------------------------
1.440e+04  5  3.772e+02   251
                                Solution         6.6590e+06   7.3008e+06 
                                                 2.5819e+11   2.8329e+11 
------------------------------------------------------------------------
2.160e+04  5  2.746e+02   277
                                Solution         2.6650e+07   2.9308e+07 
                                                 2.9928e+11   3.3134e+11 
------------------------------------------------------------------------
2.880e+04  3  1.225e+02   311
                                Solution         8.7021e+06   9.6500e+06 
                                                 3.3804e+11   3.7510e+11 
------------------------------------------------------------------------
3.600e+04  4  7.367e+01   355
                                Solution         1.4040e+04   1.5609e+04 
                                                 3.3868e+11   3.7652e+11 
------------------------------------------------------------------------
4.320e+04  5  6.190e+02   411
                                Solution        -6.2931e-08  -2.6406e-07 
                                                 3.3823e+11   3.8035e+11 
------------------------------------------------------------------------
5.040e+04  5  3.708e+02   425
                                Solution        -3.6771e-08  -3.8820e-08 
                                                 3.3582e+11   3.8644e+11 
------------------------------------------------------------------------
5.760e+04  5  3.958e+02   435
                                Solution         7.3905e-07   7.3693e-07 
                                                 3.3203e+11   3.9090e+11 
------------------------------------------------------------------------
6.480e+04  4  4.215e+02   455
                                Solution        -2.5320e-07  -2.5443e-07 
                                                 3.3130e+11   3.9634e+11 
------------------------------------------------------------------------
7.200e+04  5  6.445e+02   467
                                Solution         3.3224e-08   3.3434e-08 
                                                 3.3297e+11   4.0388e+11 
------------------------------------------------------------------------
7.920e+04  5  6.445e+02   478
                                Solution         8.5096e-10   8.5716e-10 
                                                 3.3344e+11   4.1203e+11 
------------------------------------------------------------------------
8.640e+04  5  6.445e+02   489
                                Solution         1.0731e-11   1.0824e-11 
                                                 3.3518e+11   4.1625e+11 
------------------------------------------------------------------------


========================================================
Final Statistics
Sensitivity: NO

nst     =   489

nfe     =   639
netf    =    32    nsetups  =    91
nni     =   636    ncfn     =     0
========================================================

****************************************************************


2-species diurnal advection-diffusion problem

========================================================================
     T     Q       H      NST                    Bottom left  Top right 
========================================================================
7.200e+03  3  3.601e+01   341
                                Solution         1.0468e+04   1.1185e+04 
                                                 2.5267e+11   2.6998e+11 
                                ----------------------------------------
                                Sensitivity 1   -6.4201e+19  -6.8598e+19 
                                                 7.1177e+19   7.6556e+19 
                                ----------------------------------------
                                Sensitivity 2   -4.3853e+14  -5.0065e+14 
                                                -2.4407e+18  -2.7843e+18 
------------------------------------------------------------------------
1.440e+04  3  9.479e+01   546
                                Solution         6.6590e+06   7.3008e+06 
                                                 2.5819e+11   2.8329e+11 
                                ----------------------------------------
                                Sensitivity 1   -4.0848e+22  -4.4785e+22 
                                                 5.9549e+22   6.7173e+22 
                                ----------------------------------------
                                Sensitivity 2   -4.5235e+17  -5.4318e+17 
                                                -6.5418e+21  -7.8315e+21 
------------------------------------------------------------------------
2.160e+04  3  3.239e+01   854
                                Solution         2.6650e+07   2.9308e+07 
                                                 2.9928e+11   3.3134e+11 
                                ----------------------------------------
                                Sensitivity 1   -1.6346e+23  -1.7976e+23 
                                                 3.8203e+23   4.4991e+23 
                                ----------------------------------------
                                Sensitivity 2   -7.6601e+18  -9.4433e+18 
                                                -7.6459e+22  -9.4502e+22 
------------------------------------------------------------------------
2.880e+04  3  2.622e+01  1191
                                Solution         8.7021e+06   9.6501e+06 
                                                 3.3804e+11   3.7510e+11 
                                ----------------------------------------
                                Sensitivity 1   -5.3375e+22  -5.9187e+22 
                                                 5.4487e+23   6.7430e+23 
                                ----------------------------------------
                                Sensitivity 2   -4.8855e+18  -6.1040e+18 
                                                -1.7194e+23  -2.1518e+23 
------------------------------------------------------------------------
3.600e+04  4  6.567e+00  1323
                                Solution         1.4040e+04   1.5609e+04 
                                                 3.3868e+11   3.7652e+11 
                                ----------------------------------------
                                Sensitivity 1   -8.6141e+19  -9.5761e+19 
                                                 5.2718e+23   6.6030e+23 
                                ----------------------------------------
                                Sensitivity 2   -8.4328e+15  -1.0549e+16 
                                                -1.8439e+23  -2.3096e+23 
------------------------------------------------------------------------
4.320e+04  3  5.683e+01  3056
                                Solution        -5.8934e-11  -5.7871e-10 
                                                 3.3823e+11   3.8035e+11 
                                ----------------------------------------
                                Sensitivity 1    5.1382e+08   5.8385e+09 
                                                 5.2753e+23   6.7448e+23 
                                ----------------------------------------
                                Sensitivity 2    4.9706e+03   6.3295e+04 
                                                -1.8454e+23  -2.3595e+23 
------------------------------------------------------------------------
5.040e+04  4  2.144e+02  3126
                                Solution        -3.4812e-09  -3.1599e-08 
                                                 3.3582e+11   3.8645e+11 
                                ----------------------------------------
                                Sensitivity 1   -4.4264e+09  -3.9377e+10 
                                                 5.2067e+23   6.9664e+23 
                                ----------------------------------------
                                Sensitivity 2   -1.3155e+06  -1.3689e+07 
                                                -1.8214e+23  -2.4371e+23 
------------------------------------------------------------------------
5.760e+04  4  2.523e+02  3149
                                Solution         8.3447e-11   7.6068e-10 
                                                 3.3203e+11   3.9090e+11 
                                ----------------------------------------
                                Sensitivity 1   -5.6224e+07  -5.1124e+08 
                                                 5.0825e+23   7.1205e+23 
                                ----------------------------------------
                                Sensitivity 2   -9.3301e+02  -9.8421e+03 
                                                -1.7780e+23  -2.4910e+23 
------------------------------------------------------------------------
6.480e+04  3  1.553e+02  3215
                                Solution        -1.4239e-12  -1.2466e-11 
                                                 3.3130e+11   3.9634e+11 
                                ----------------------------------------
                                Sensitivity 1   -1.4660e+07  -1.2699e+08 
                                                 5.0442e+23   7.3274e+23 
                                ----------------------------------------
                                Sensitivity 2   -4.5389e+03  -4.6428e+04 
                                                -1.7646e+23  -2.5633e+23 
------------------------------------------------------------------------
7.200e+04  5  4.485e+02  3239
                                Solution         3.0439e-12   2.6945e-11 
                                                 3.3297e+11   4.0389e+11 
                                ----------------------------------------
                                Sensitivity 1   -1.0028e+07  -9.9677e+07 
                                                 5.0783e+23   7.6382e+23 
                                ----------------------------------------
                                Sensitivity 2    5.2040e+02   5.4064e+03 
                                                -1.7765e+23  -2.6721e+23 
------------------------------------------------------------------------
7.920e+04  5  4.485e+02  3255
                                Solution        -1.0812e-09  -6.1700e-09 
                                                 3.3344e+11   4.1203e+11 
                                ----------------------------------------
                                Sensitivity 1   -2.2964e+09  -1.2879e+10 
                                                 5.0730e+23   7.9960e+23 
                                ----------------------------------------
                                Sensitivity 2   -1.9592e+04  -1.3567e+05 
                                                -1.7747e+23  -2.7972e+23 
------------------------------------------------------------------------
8.640e+04  3  2.135e+01  3319
                                Solution        -3.5690e-09  -1.3137e-08 
                                                 3.3518e+11   4.1625e+11 
                                ----------------------------------------
                                Sensitivity 1    1.2802e+09   4.6910e+09 
                                                 5.1171e+23   8.2143e+23 
                                ----------------------------------------
                                Sensitivity 2    2.0965e+06  -2.3313e+07 
                                                -1.7901e+23  -2.8736e+23 
------------------------------------------------------------------------


========================================================
Final Statistics
Sensitivity: YES ( SIMULTANEOUS + FULL ERROR CONTROL )

nst     =  3319

nfe     =  4341
netf    =   154    nsetups  =   447
nni     =  4339    ncfn     =     0

nfSe    =  8682    nfeS     = 17364
netfs   =     0    nsetupsS =     0
nniS    =     0    ncfnS    =     0
========================================================

****************************************************************


2-species diurnal advection-diffusion problem

========================================================================
     T     Q       H      NST                    Bottom left  Top right 
========================================================================
7.200e+03  5  1.587e+02   219
                                Solution         1.0468e+04   1.1185e+04 
                                                 2.5267e+11   2.6998e+11 
                                ----------------------------------------
                                Sensitivity 1   -6.4201e+19  -6.8598e+19 
                                                 7.1178e+19   7.6555e+19 
                                ----------------------------------------
                                Sensitivity 2   -4.3853e+14  -5.0065e+14 
                                                -2.4407e+18  -2.7842e+18 
------------------------------------------------------------------------
1.440e+04  5  3.772e+02   251
                                Solution         6.6590e+06   7.3008e+06 
                                                 2.5819e+11   2.8329e+11 
                                ----------------------------------------
                                Sensitivity 1   -4.0848e+22  -4.4784e+22 
                                                 5.9549e+22   6.7173e+22 
                                ----------------------------------------
                                Sensitivity 2   -4.5234e+17  -5.4317e+17 
                                                -6.5418e+21  -7.8315e+21 
------------------------------------------------------------------------
2.160e+04  5  2.746e+02   277
                                Solution         2.6650e+07   2.9308e+07 
                                                 2.9928e+11   3.3134e+11 
                                ----------------------------------------
                                Sensitivity 1   -1.6346e+23  -1.7976e+23 
                                                 3.8203e+23   4.4991e+23 
                                ----------------------------------------
                                Sensitivity 2   -7.6601e+18  -9.4433e+18 
                                                -7.6459e+22  -9.4502e+22 
------------------------------------------------------------------------
2.880e+04  3  1.225e+02   311
                                Solution         8.7021e+06   9.6500e+06 
                                                 3.3804e+11   3.7510e+11 
                                ----------------------------------------
                                Sensitivity 1   -5.3376e+22  -5.9188e+22 
                                                 5.4487e+23   6.7430e+23 
                                ----------------------------------------
                                Sensitivity 2   -4.8855e+18  -6.1040e+18 
                                                -1.7194e+23  -2.1518e+23 
------------------------------------------------------------------------
3.600e+04  4  7.367e+01   355
                                Solution         1.4040e+04   1.5609e+04 
                                                 3.3868e+11   3.7652e+11 
                                ----------------------------------------
                                Sensitivity 1   -8.6140e+19  -9.5761e+19 
                                                 5.2718e+23   6.6029e+23 
                                ----------------------------------------
                                Sensitivity 2   -8.4328e+15  -1.0549e+16 
                                                -1.8439e+23  -2.3096e+23 
------------------------------------------------------------------------
4.320e+04  5  6.190e+02   411
                                Solution        -6.2931e-08  -2.6406e-07 
                                                 3.3823e+11   3.8035e+11 
                                ----------------------------------------
                                Sensitivity 1    4.1469e+11   4.6615e+11 
                                                 5.2753e+23   6.7448e+23 
                                ----------------------------------------
                                Sensitivity 2    1.3987e+09   2.0204e+09 
                                                -1.8454e+23  -2.3595e+23 
------------------------------------------------------------------------
5.040e+04  5  3.708e+02   425
                                Solution        -3.6771e-08  -3.8820e-08 
                                                 3.3582e+11   3.8644e+11 
                                ----------------------------------------
                                Sensitivity 1    8.7377e+10   7.6332e+10 
                                                 5.2067e+23   6.9664e+23 
                                ----------------------------------------
                                Sensitivity 2    4.0403e+08   5.8050e+08 
                                                -1.8214e+23  -2.4370e+23 
------------------------------------------------------------------------
5.760e+04  5  3.958e+02   435
                                Solution         7.3905e-07   7.3693e-07 
                                                 3.3203e+11   3.9090e+11 
                                ----------------------------------------
                                Sensitivity 1    7.6075e+10   7.5694e+10 
                                                 5.0825e+23   7.1205e+23 
                                ----------------------------------------
                                Sensitivity 2    1.3183e+08   1.8912e+08 
                                                -1.7780e+23  -2.4910e+23 
------------------------------------------------------------------------
6.480e+04  5  6.655e+02   446
                                Solution         3.0829e-06   3.0734e-06 
                                                 3.3130e+11   3.9634e+11 
                                ----------------------------------------
                                Sensitivity 1    8.4712e+09   8.6076e+09 
                                                 5.0442e+23   7.3274e+23 
                                ----------------------------------------
                                Sensitivity 2   -1.1798e+07  -1.2000e+07 
                                                -1.7646e+23  -2.5633e+23 
------------------------------------------------------------------------
7.200e+04  5  6.655e+02   457
                                Solution         1.3359e-07   1.3316e-07 
                                                 3.3297e+11   4.0388e+11 
                                ----------------------------------------
                                Sensitivity 1   -1.9858e+11  -1.9795e+11 
                                                 5.0783e+23   7.6382e+23 
                                ----------------------------------------
                                Sensitivity 2    1.7656e+06   3.5191e+06 
                                                -1.7765e+23  -2.6721e+23 
------------------------------------------------------------------------
7.920e+04  5  6.655e+02   468
                                Solution         2.5971e-09   2.5888e-09 
                                                 3.3344e+11   4.1203e+11 
                                ----------------------------------------
                                Sensitivity 1   -6.6835e+09  -6.6620e+09 
                                                 5.0730e+23   7.9960e+23 
                                ----------------------------------------
                                Sensitivity 2    6.2592e+04   1.1320e+05 
                                                -1.7747e+23  -2.7972e+23 
------------------------------------------------------------------------
8.640e+04  5  6.655e+02   479
                                Solution         1.6788e-11   1.6731e-11 
                                                 3.3518e+11   4.1625e+11 
                                ----------------------------------------
                                Sensitivity 1   -6.2465e+06  -6.2047e+06 
                                                 5.1171e+23   8.2142e+23 
                                ----------------------------------------
                                Sensitivity 2    2.5694e+03   3.7418e+03 
                                                -1.7901e+23  -2.8735e+23 
------------------------------------------------------------------------


========================================================
Final Statistics
Sensitivity: YES ( SIMULTANEOUS + PARTIAL ERROR CONTROL )

nst     =   479

nfe     =   871
netf    =    30    nsetups  =    88
nni     =   868    ncfn     =     1

nfSe    =  1738    nfeS     =  3476
netfs   =     0    nsetupsS =     0
nniS    =     0    ncfnS    =     0
========================================================

****************************************************************


2-species diurnal advection-diffusion problem

========================================================================
     T     Q       H      NST                    Bottom left  Top right 
========================================================================
7.200e+03  3  3.757e+01   461
                                Solution         1.0468e+04   1.1185e+04 
                                                 2.5267e+11   2.6998e+11 
                                ----------------------------------------
                                Sensitivity 1   -6.4201e+19  -6.8598e+19 
                                                 7.1178e+19   7.6556e+19 
                                ----------------------------------------
                                Sensitivity 2   -4.3853e+14  -5.0065e+14 
                                                -2.4408e+18  -2.7843e+18 
------------------------------------------------------------------------
1.440e+04  3  9.780e+01   524
                                Solution         6.6590e+06   7.3008e+06 
                                                 2.5819e+11   2.8329e+11 
                                ----------------------------------------
                                Sensitivity 1   -4.0848e+22  -4.4785e+22 
                                                 5.9549e+22   6.7173e+22 
                                ----------------------------------------
                                Sensitivity 2   -4.5235e+17  -5.4317e+17 
                                                -6.5418e+21  -7.8315e+21 
------------------------------------------------------------------------
2.160e+04  5  2.497e+02   567
                                Solution         2.6650e+07   2.9308e+07 
                                                 2.9928e+11   3.3134e+11 
                                ----------------------------------------
                                Sensitivity 1   -1.6346e+23  -1.7976e+23 
                                                 3.8203e+23   4.4991e+23 
                                ----------------------------------------
                                Sensitivity 2   -7.6601e+18  -9.4433e+18 
                                                -7.6459e+22  -9.4502e+22 
------------------------------------------------------------------------
2.880e+04  5  2.497e+02   596
                                Solution         8.7021e+06   9.6501e+06 
                                                 3.3804e+11   3.7510e+11 
                                ----------------------------------------
                                Sensitivity 1   -5.3375e+22  -5.9188e+22 
                                                 5.4487e+23   6.7430e+23 
                                ----------------------------------------
                                Sensitivity 2   -4.8855e+18  -6.1040e+18 
                                                -1.7194e+23  -2.1518e+23 
------------------------------------------------------------------------
3.600e+04  5  1.329e+02   628
                                Solution         1.4040e+04   1.5609e+04 
                                                 3.3868e+11   3.7652e+11 
                                ----------------------------------------
                                Sensitivity 1   -8.6141e+19  -9.5762e+19 
                                                 5.2719e+23   6.6030e+23 
                                ----------------------------------------
                                Sensitivity 2   -8.4328e+15  -1.0549e+16 
                                                -1.8439e+23  -2.3096e+23 
------------------------------------------------------------------------
4.320e+04  4  2.426e+01   681
                                Solution         2.3978e-06   2.8899e-06 
                                                 3.3823e+11   3.8035e+11 
                                ----------------------------------------
                                Sensitivity 1   -1.4811e+10  -1.7867e+10 
                                                 5.2753e+23   6.7448e+23 
                                ----------------------------------------
                                Sensitivity 2   -6.7905e+08  -7.4385e+08 
                                                -1.8455e+23  -2.3595e+23 
------------------------------------------------------------------------
5.040e+04  5  4.378e+02   723
                                Solution        -7.3974e-08  -3.8468e-08 
                                                 3.3582e+11   3.8645e+11 
                                ----------------------------------------
                                Sensitivity 1    1.1767e+08   5.9697e+07 
                                                 5.2067e+23   6.9664e+23 
                                ----------------------------------------
                                Sensitivity 2   -1.4462e+04  -1.6743e+04 
                                                -1.8214e+23  -2.4371e+23 
------------------------------------------------------------------------
5.760e+04  5  2.936e+02   740
                                Solution        -1.1969e-10  -2.0485e-10 
                                                 3.3203e+11   3.9090e+11 
                                ----------------------------------------
                                Sensitivity 1   -6.6032e+08  -2.3866e+08 
                                                 5.0825e+23   7.1206e+23 
                                ----------------------------------------
                                Sensitivity 2   -7.3079e+07  -6.1348e+07 
                                                -1.7780e+23  -2.4910e+23 
------------------------------------------------------------------------
6.480e+04  5  5.009e+02   764
                                Solution        -1.0630e-07  -7.4159e-09 
                                                 3.3130e+11   3.9634e+11 
                                ----------------------------------------
                                Sensitivity 1    1.0616e+09   8.9712e+07 
                                                 5.0442e+23   7.3274e+23 
                                ----------------------------------------
                                Sensitivity 2    4.5415e+08   3.7880e+08 
                                                -1.7646e+23  -2.5633e+23 
------------------------------------------------------------------------
7.200e+04  4  2.717e+02   793
                                Solution        -7.8538e-10   1.2123e-10 
                                                 3.3297e+11   4.0389e+11 
                                ----------------------------------------
                                Sensitivity 1    3.7982e+06  -2.1335e+06 
                                                 5.0784e+23   7.6382e+23 
                                ----------------------------------------
                                Sensitivity 2    3.5222e+07   2.8353e+07 
                                                -1.7765e+23  -2.6721e+23 
------------------------------------------------------------------------
7.920e+04  5  6.407e+02   808
                                Solution        -4.1953e-10  -1.6419e-10 
                                                 3.3344e+11   4.1203e+11 
                                ----------------------------------------
                                Sensitivity 1   -2.5412e+06   1.8383e+06 
                                                 5.0731e+23   7.9960e+23 
                                ----------------------------------------
                                Sensitivity 2    4.2701e+05   3.4247e+05 
                                                -1.7747e+23  -2.7972e+23 
------------------------------------------------------------------------
8.640e+04  5  6.407e+02   819
                                Solution        -2.5755e-12  -2.0091e-12 
                                                 3.3518e+11   4.1625e+11 
                                ----------------------------------------
                                Sensitivity 1   -1.7339e+05   7.2617e+04 
                                                 5.1171e+23   8.2143e+23 
                                ----------------------------------------
                                Sensitivity 2    1.8944e+04   1.5211e+04 
                                                -1.7901e+23  -2.8736e+23 
------------------------------------------------------------------------


========================================================
Final Statistics
Sensitivity: YES ( STAGGERED + FULL ERROR CONTROL )

nst     =   819

nfe     =  1741
netf    =     5    nsetups  =   102
nni     =   899    ncfn     =     0

nfSe    =  1882    nfeS     =  3764
netfs   =    21    nsetupsS =     0
nniS    =   939    ncfnS    =     0
========================================================

****************************************************************


2-species diurnal advection-diffusion problem

========================================================================
     T     Q       H      NST                    Bottom left  Top right 
========================================================================
7.200e+03  5  1.587e+02   219
                                Solution         1.0468e+04   1.1185e+04 
                                                 2.5267e+11   2.6998e+11 
                                ----------------------------------------
                                Sensitivity 1   -6.4201e+19  -6.8598e+19 
                                                 7.1178e+19   7.6555e+19 
                                ----------------------------------------
                                Sensitivity 2   -4.3853e+14  -5.0065e+14 
                                                -2.4407e+18  -2.7842e+18 
------------------------------------------------------------------------
1.440e+04  5  3.772e+02   251
                                Solution         6.6590e+06   7.3008e+06 
                                                 2.5819e+11   2.8329e+11 
                                ----------------------------------------
                                Sensitivity 1   -4.0848e+22  -4.4785e+22 
                                                 5.9550e+22   6.7173e+22 
                                ----------------------------------------
                                Sensitivity 2   -4.5235e+17  -5.4317e+17 
                                                -6.5418e+21  -7.8315e+21 
------------------------------------------------------------------------
2.160e+04  5  2.746e+02   277
                                Solution         2.6650e+07   2.9308e+07 
                                                 2.9928e+11   3.3134e+11 
                                ----------------------------------------
                                Sensitivity 1   -1.6346e+23  -1.7976e+23 
                                                 3.8203e+23   4.4991e+23 
                                ----------------------------------------
                                Sensitivity 2   -7.6601e+18  -9.4433e+18 
                                                -7.6459e+22  -9.4502e+22 
------------------------------------------------------------------------
2.880e+04  3  1.225e+02   311
                                Solution         8.7021e+06   9.6500e+06 
                                                 3.3804e+11   3.7510e+11 
                                ----------------------------------------
                                Sensitivity 1   -5.3375e+22  -5.9187e+22 
                                                 5.4487e+23   6.7430e+23 
                                ----------------------------------------
                                Sensitivity 2   -4.8854e+18  -6.1041e+18 
                                                -1.7194e+23  -2.1518e+23 
------------------------------------------------------------------------
3.600e+04  4  7.367e+01   355
                                Solution         1.4040e+04   1.5609e+04 
                                                 3.3868e+11   3.7652e+11 
                                ----------------------------------------
                                Sensitivity 1   -8.6140e+19  -9.5761e+19 
                                                 5.2718e+23   6.6029e+23 
                                ----------------------------------------
                                Sensitivity 2   -8.4328e+15  -1.0549e+16 
                                                -1.8439e+23  -2.3096e+23 
------------------------------------------------------------------------
4.320e+04  5  6.190e+02   411
                                Solution        -6.2931e-08  -2.6406e-07 
                                                 3.3823e+11   3.8035e+11 
                                ----------------------------------------
                                Sensitivity 1   -3.9696e+09  -1.1574e+09 
                                                 5.2753e+23   6.7448e+23 
                                ----------------------------------------
                                Sensitivity 2    2.0063e+08   5.9967e+08 
                                                -1.8454e+23  -2.3595e+23 
------------------------------------------------------------------------
5.040e+04  5  3.708e+02   425
                                Solution        -3.6771e-08  -3.8820e-08 
                                                 3.3582e+11   3.8644e+11 
                                ----------------------------------------
                                Sensitivity 1   -8.6076e+09  -1.7694e+10 
                                                 5.2067e+23   6.9664e+23 
                                ----------------------------------------
                                Sensitivity 2   -4.9473e+08  -1.9052e+09 
                                                -1.8214e+23  -2.4370e+23 
------------------------------------------------------------------------
5.760e+04  5  3.958e+02   435
                                Solution         7.3905e-07   7.3693e-07 
                                                 3.3203e+11   3.9090e+11 
                                ----------------------------------------
                                Sensitivity 1   -8.6844e+09  -1.1898e+10 
                                                 5.0825e+23   7.1205e+23 
                                ----------------------------------------
                                Sensitivity 2   -1.6227e+08  -6.2684e+08 
                                                -1.7780e+23  -2.4910e+23 
------------------------------------------------------------------------
6.480e+04  4  4.215e+02   455
                                Solution        -2.5320e-07  -2.5443e-07 
                                                 3.3130e+11   3.9634e+11 
                                ----------------------------------------
                                Sensitivity 1    1.3779e+09   1.3864e+09 
                                                 5.0442e+23   7.3274e+23 
                                ----------------------------------------
                                Sensitivity 2   -3.0412e+05  -1.2329e+06 
                                                -1.7646e+23  -2.5633e+23 
------------------------------------------------------------------------
7.200e+04  5  6.445e+02   467
                                Solution         3.3224e-08   3.3434e-08 
                                                 3.3297e+11   4.0388e+11 
                                ----------------------------------------
                                Sensitivity 1   -6.0963e+08  -6.1278e+08 
                                                 5.0783e+23   7.6382e+23 
                                ----------------------------------------
                                Sensitivity 2   -1.1058e+08  -4.3791e+08 
                                                -1.7765e+23  -2.6721e+23 
------------------------------------------------------------------------
7.920e+04  5  6.445e+02   478
                                Solution         8.5096e-10   8.5716e-10 
                                                 3.3344e+11   4.1203e+11 
                                ----------------------------------------
                                Sensitivity 1    7.9154e+09   7.9485e+09 
                                                 5.0730e+23   7.9960e+23 
                                ----------------------------------------
                                Sensitivity 2    8.6848e+08   3.4426e+09 
                                                -1.7747e+23  -2.7972e+23 
------------------------------------------------------------------------
8.640e+04  5  6.445e+02   489
                                Solution         1.0731e-11   1.0824e-11 
                                                 3.3518e+11   4.1625e+11 
                                ----------------------------------------
                                Sensitivity 1   -2.0113e+08  -2.0194e+08 
                                                 5.1171e+23   8.2142e+23 
                                ----------------------------------------
                                Sensitivity 2   -6.6127e+06  -2.6220e+07 
                                                -1.7901e+23  -2.8736e+23 
------------------------------------------------------------------------


========================================================
Final Statistics
Sensitivity: YES ( STAGGERED + PARTIAL ERROR CONTROL )

nst     =   489

nfe     =  1128
netf    =    32    nsetups  =    91
nni     =   636    ncfn     =     0

nfSe    =  1258    nfeS     =  2516
netfs   =     0    nsetupsS =     0
nniS    =   628    ncfnS    =     0
========================================================

****************************************************************


2-species diurnal advection-diffusion problem

========================================================================
     T     Q       H      NST                    Bottom left  Top right 
========================================================================
7.200e+03  4  4.625e+01   461
                                Solution         1.0468e+04   1.1185e+04 
                                                 2.5267e+11   2.6998e+11 
                                ----------------------------------------
                                Sensitivity 1   -6.4201e+19  -6.8598e+19 
                                                 7.1178e+19   7.6557e+19 
                                ----------------------------------------
                                Sensitivity 2   -4.3853e+14  -5.0065e+14 
                                                -2.4408e+18  -2.7843e+18 
------------------------------------------------------------------------
1.440e+04  5  1.850e+02   513
                                Solution         6.6590e+06   7.3008e+06 
                                                 2.5819e+11   2.8329e+11 
                                ----------------------------------------
                                Sensitivity 1   -4.0848e+22  -4.4785e+22 
                                                 5.9549e+22   6.7173e+22 
                                ----------------------------------------
                                Sensitivity 2   -4.5235e+17  -5.4317e+17 
                                                -6.5418e+21  -7.8315e+21 
------------------------------------------------------------------------
2.160e+04  4  1.310e+02   565
                                Solution         2.6650e+07   2.9308e+07 
                                                 2.9928e+11   3.3134e+11 
                                ----------------------------------------
                                Sensitivity 1   -1.6346e+23  -1.7976e+23 
                                                 3.8203e+23   4.4991e+23 
                                ----------------------------------------
                                Sensitivity 2   -7.6601e+18  -9.4433e+18 
                                                -7.6459e+22  -9.4502e+22 
------------------------------------------------------------------------
2.880e+04  3  1.309e+02   617
                                Solution         8.7021e+06   9.6500e+06 
                                                 3.3804e+11   3.7510e+11 
                                ----------------------------------------
                                Sensitivity 1   -5.3375e+22  -5.9187e+22 
                                                 5.4487e+23   6.7430e+23 
                                ----------------------------------------
                                Sensitivity 2   -4.8855e+18  -6.1040e+18 
                                                -1.7194e+23  -2.1518e+23 
------------------------------------------------------------------------
3.600e+04  4  9.180e+01   662
                                Solution         1.4040e+04   1.5609e+04 
                                                 3.3868e+11   3.7652e+11 
                                ----------------------------------------
                                Sensitivity 1   -8.6141e+19  -9.5761e+19 
                                                 5.2718e+23   6.6030e+23 
                                ----------------------------------------
                                Sensitivity 2   -8.4328e+15  -1.0549e+16 
                                                -1.8439e+23  -2.3096e+23 
------------------------------------------------------------------------
4.320e+04  4  1.757e+02   732
                                Solution        -1.5833e-06  -1.7740e-06 
                                                 3.3823e+11   3.8035e+11 
                                ----------------------------------------
                                Sensitivity 1    1.2789e+10   1.4294e+10 
                                                 5.2753e+23   6.7448e+23 
                                ----------------------------------------
                                Sensitivity 2    1.0034e+08   6.7663e+08 
                                                -1.8455e+23  -2.3595e+23 
------------------------------------------------------------------------
5.040e+04  5  4.618e+02   762
                                Solution        -3.7332e-06  -4.5442e-06 
                                                 3.3582e+11   3.8645e+11 
                                ----------------------------------------
                                Sensitivity 1   -4.4039e+10  -5.8881e+10 
                                                 5.2067e+23   6.9665e+23 
                                ----------------------------------------
                                Sensitivity 2   -3.0617e+07  -1.8780e+08 
                                                -1.8214e+23  -2.4371e+23 
------------------------------------------------------------------------
5.760e+04  5  4.618e+02   777
                                Solution        -1.4516e-06  -1.7933e-06 
                                                 3.3203e+11   3.9090e+11 
                                ----------------------------------------
                                Sensitivity 1    3.0137e+11   3.7205e+11 
                                                 5.0825e+23   7.1206e+23 
                                ----------------------------------------
                                Sensitivity 2    1.3583e+07   6.4056e+07 
                                                -1.7780e+23  -2.4910e+23 
------------------------------------------------------------------------
6.480e+04  5  4.402e+02   799
                                Solution        -1.0744e-06  -1.2461e-06 
                                                 3.3130e+11   3.9634e+11 
                                ----------------------------------------
                                Sensitivity 1   -2.0164e+11  -2.2431e+11 
                                                 5.0442e+23   7.3274e+23 
                                ----------------------------------------
                                Sensitivity 2   -5.4546e+07  -2.6119e+08 
                                                -1.7646e+23  -2.5633e+23 
------------------------------------------------------------------------
7.200e+04  5  4.402e+02   815
                                Solution         4.3292e-08   4.9369e-08 
                                                 3.3297e+11   4.0389e+11 
                                ----------------------------------------
                                Sensitivity 1    5.6959e+10   8.9121e+10 
                                                 5.0783e+23   7.6382e+23 
                                ----------------------------------------
                                Sensitivity 2    3.5626e+08   1.7017e+09 
                                                -1.7765e+23  -2.6721e+23 
------------------------------------------------------------------------
7.920e+04  5  4.402e+02   831
                                Solution         3.5495e-06   4.0456e-06 
                                                 3.3344e+11   4.1203e+11 
                                ----------------------------------------
                                Sensitivity 1   -2.2902e+10  -2.6089e+10 
                                                 5.0731e+23   7.9960e+23 
                                ----------------------------------------
                                Sensitivity 2    1.1396e+04   8.9966e+05 
                                                -1.7747e+23  -2.7972e+23 
------------------------------------------------------------------------
8.640e+04  5  6.817e+02   842
                                Solution        -1.3752e-07  -1.5606e-07 
                                                 3.3518e+11   4.1625e+11 
                                ----------------------------------------
                                Sensitivity 1    2.2727e+09   2.5920e+09 
                                                 5.1171e+23   8.2143e+23 
                                ----------------------------------------
                                Sensitivity 2    4.4827e+04   9.0764e+04 
                                                -1.7901e+23  -2.8736e+23 
------------------------------------------------------------------------


========================================================
Final Statistics
Sensitivity: YES ( STAGGERED1 + FULL ERROR CONTROL )

nst     =   842

nfe     =  1816
netf    =    13    nsetups  =   115
nni     =   951    ncfn     =     0

nfSe    =  1856    nfeS     =  3712
netfs   =    21    nsetupsS =     0
nniS    =  1852    ncfnS    =     0
========================================================

****************************************************************


2-species diurnal advection-diffusion problem

========================================================================
     T     Q       H      NST                    Bottom left  Top right 
========================================================================
7.200e+03  5  1.587e+02   219
                                Solution         1.0468e+04   1.1185e+04 
                                                 2.5267e+11   2.6998e+11 
                                ----------------------------------------
                                Sensitivity 1   -6.4201e+19  -6.8598e+19 
                                                 7.1178e+19   7.6555e+19 
                                ----------------------------------------
                                Sensitivity 2   -4.3853e+14  -5.0065e+14 
                                                -2.4407e+18  -2.7842e+18 
------------------------------------------------------------------------
1.440e+04  5  3.772e+02   251
                                Solution         6.6590e+06   7.3008e+06 
                                                 2.5819e+11   2.8329e+11 
                                ----------------------------------------
                                Sensitivity 1   -4.0848e+22  -4.4785e+22 
                                                 5.9550e+22   6.7173e+22 
                                ----------------------------------------
                                Sensitivity 2   -4.5235e+17  -5.4317e+17 
                                                -6.5418e+21  -7.8315e+21 
------------------------------------------------------------------------
2.160e+04  5  2.746e+02   277
                                Solution         2.6650e+07   2.9308e+07 
                                                 2.9928e+11   3.3134e+11 
                                ----------------------------------------
                                Sensitivity 1   -1.6346e+23  -1.7976e+23 
                                                 3.8203e+23   4.4991e+23 
                                ----------------------------------------
                                Sensitivity 2   -7.6601e+18  -9.4433e+18 
                                                -7.6459e+22  -9.4502e+22 
------------------------------------------------------------------------
2.880e+04  3  1.225e+02   311
                                Solution         8.7021e+06   9.6500e+06 
                                                 3.3804e+11   3.7510e+11 
                                ----------------------------------------
                                Sensitivity 1   -5.3375e+22  -5.9187e+22 
                                                 5.4487e+23   6.7430e+23 
                                ----------------------------------------
                                Sensitivity 2   -4.8855e+18  -6.1040e+18 
                                                -1.7194e+23  -2.1518e+23 
------------------------------------------------------------------------
3.600e+04  4  7.367e+01   355
                                Solution         1.4040e+04   1.5609e+04 
                                                 3.3868e+11   3.7652e+11 
                                ----------------------------------------
                                Sensitivity 1   -8.6140e+19  -9.5761e+19 
                                                 5.2718e+23   6.6029e+23 
                                ----------------------------------------
                                Sensitivity 2   -8.4328e+15  -1.0549e+16 
                                                -1.8439e+23  -2.3096e+23 
------------------------------------------------------------------------
4.320e+04  5  6.190e+02   411
                                Solution        -6.2931e-08  -2.6406e-07 
                                                 3.3823e+11   3.8035e+11 
                                ----------------------------------------
                                Sensitivity 1   -3.9692e+09  -1.1569e+09 
                                                 5.2753e+23   6.7448e+23 
                                ----------------------------------------
                                Sensitivity 2    1.6435e+08  -3.0230e+08 
                                                -1.8454e+23  -2.3595e+23 
------------------------------------------------------------------------
5.040e+04  5  3.708e+02   425
                                Solution        -3.6771e-08  -3.8820e-08 
                                                 3.3582e+11   3.8644e+11 
                                ----------------------------------------
                                Sensitivity 1   -8.6051e+09  -1.7689e+10 
                                                 5.2067e+23   6.9664e+23 
                                ----------------------------------------
                                Sensitivity 2   -1.9720e+08   4.9216e+08 
                                                -1.8214e+23  -2.4370e+23 
------------------------------------------------------------------------
5.760e+04  5  3.958e+02   435
                                Solution         7.3905e-07   7.3693e-07 
                                                 3.3203e+11   3.9090e+11 
                                ----------------------------------------
                                Sensitivity 1   -8.6834e+09  -1.1896e+10 
                                                 5.0825e+23   7.1205e+23 
                                ----------------------------------------
                                Sensitivity 2   -6.1092e+07   1.5365e+08 
                                                -1.7780e+23  -2.4910e+23 
------------------------------------------------------------------------
6.480e+04  4  4.215e+02   455
                                Solution        -2.5320e-07  -2.5443e-07 
                                                 3.3130e+11   3.9634e+11 
                                ----------------------------------------
                                Sensitivity 1    1.3779e+09   1.3864e+09 
                                                 5.0442e+23   7.3274e+23 
                                ----------------------------------------
                                Sensitivity 2   -1.2017e+08   3.8685e+08 
                                                -1.7646e+23  -2.5633e+23 
------------------------------------------------------------------------
7.200e+04  5  6.445e+02   467
                                Solution         3.3224e-08   3.3434e-08 
                                                 3.3297e+11   4.0388e+11 
                                ----------------------------------------
                                Sensitivity 1   -6.0968e+08  -6.1283e+08 
                                                 5.0783e+23   7.6382e+23 
                                ----------------------------------------
                                Sensitivity 2   -2.0237e+08   6.5707e+08 
                                                -1.7765e+23  -2.6721e+23 
------------------------------------------------------------------------
7.920e+04  5  6.445e+02   478
                                Solution         8.5096e-10   8.5716e-10 
                                                 3.3344e+11   4.1203e+11 
                                ----------------------------------------
                                Sensitivity 1    7.9164e+09   7.9495e+09 
                                                 5.0730e+23   7.9960e+23 
                                ----------------------------------------
                                Sensitivity 2   -4.7934e+06   1.5563e+07 
                                                -1.7747e+23  -2.7972e+23 
------------------------------------------------------------------------
8.640e+04  5  6.445e+02   489
                                Solution         1.0731e-11   1.0824e-11 
                                                 3.3518e+11   4.1625e+11 
                                ----------------------------------------
                                Sensitivity 1   -2.0115e+08  -2.0195e+08 
                                                 5.1171e+23   8.2142e+23 
                                ----------------------------------------
                                Sensitivity 2   -9.8043e+04   3.1832e+05 
                                                -1.7901e+23  -2.8736e+23 
------------------------------------------------------------------------


========================================================
Final Statistics
Sensitivity: YES ( STAGGERED1 + PARTIAL ERROR CONTROL )

nst     =   489

nfe     =  1128
netf    =    32    nsetups  =    91
nni     =   636    ncfn     =     0

nfSe    =  1126    nfeS     =  2252
netfs   =     0    nsetupsS =     0
nniS    =  1124    ncfnS    =     0
========================================================
