
 1-D advection-diffusion equation, mesh size = 10 

 Number of PEs =   4 

============================================================
     T     Q       H      NST                    Max norm   
============================================================
5.000e-01  5  4.422e-03   113
                                Solution         3.0529e+00 
------------------------------------------------------------
1.000e+00  4  6.920e-03   191
                                Solution         8.7532e-01 
------------------------------------------------------------
1.500e+00  2  1.265e-02   265
                                Solution         2.4949e-01 
------------------------------------------------------------
2.000e+00  2  8.979e-03   333
                                Solution         7.1094e-02 
------------------------------------------------------------
2.500e+00  2  8.661e-03   400
                                Solution         2.0262e-02 
------------------------------------------------------------
3.000e+00  2  1.047e-02   473
                                Solution         5.7692e-03 
------------------------------------------------------------
3.500e+00  2  5.812e-03   545
                                Solution         1.6530e-03 
------------------------------------------------------------
4.000e+00  1  5.651e-03   627
                                Solution         4.7673e-04 
------------------------------------------------------------
4.500e+00  1  5.979e-03   699
                                Solution         1.3649e-04 
------------------------------------------------------------
5.000e+00  1  9.263e-03   770
                                Solution         4.0002e-05 
------------------------------------------------------------


========================================================
Final Statistics
Sensitivity: NO

nst     =   770

nfe     =  1451
netf    =     5    nsetups  =     0
nni     =  1448    ncfn     =   149
========================================================

****************************************************************


 1-D advection-diffusion equation, mesh size = 10 

 Number of PEs =   4 

============================================================
     T     Q       H      NST                    Max norm   
============================================================
5.000e-01  4  7.652e-03   115
                                Solution         3.0529e+00 
                                Sensitivity 1    3.8668e+00 
                                Sensitivity 2    6.2020e-01 
------------------------------------------------------------
1.000e+00  4  1.132e-02   189
                                Solution         8.7533e-01 
                                Sensitivity 1    2.1743e+00 
                                Sensitivity 2    1.8909e-01 
------------------------------------------------------------
1.500e+00  2  4.300e-03   270
                                Solution         2.4948e-01 
                                Sensitivity 1    9.1825e-01 
                                Sensitivity 2    7.3921e-02 
------------------------------------------------------------
2.000e+00  2  8.265e-03   349
                                Solution         7.1095e-02 
                                Sensitivity 1    3.4666e-01 
                                Sensitivity 2    2.8228e-02 
------------------------------------------------------------
2.500e+00  2  4.652e-03   439
                                Solution         2.0260e-02 
                                Sensitivity 1    1.2301e-01 
                                Sensitivity 2    1.0085e-02 
------------------------------------------------------------
3.000e+00  2  2.122e-02   505
                                Solution         5.7733e-03 
                                Sensitivity 1    4.1953e-02 
                                Sensitivity 2    3.4556e-03 
------------------------------------------------------------
3.500e+00  2  5.132e-03   576
                                Solution         1.6452e-03 
                                Sensitivity 1    1.3922e-02 
                                Sensitivity 2    1.1669e-03 
------------------------------------------------------------
4.000e+00  2  1.139e-02   642
                                Solution         4.6880e-04 
                                Sensitivity 1    4.5275e-03 
                                Sensitivity 2    3.8633e-04 
------------------------------------------------------------
4.500e+00  1  4.702e-03   715
                                Solution         1.3407e-04 
                                Sensitivity 1    1.4542e-03 
                                Sensitivity 2    1.2578e-04 
------------------------------------------------------------
5.000e+00  1  3.378e-03   787
                                Solution         3.8489e-05 
                                Sensitivity 1    4.6336e-04 
                                Sensitivity 2    4.0469e-05 
------------------------------------------------------------


========================================================
Final Statistics
Sensitivity: YES ( SIMULTANEOUS + FULL ERROR CONTROL )

nst     =   787

nfe     =  1373
netf    =     1    nsetups  =     0
nni     =  1370    ncfn     =   123

nfSe    =  2746    nfeS     =  5492
netfs   =     0    nsetupsS =     0
nniS    =     0    ncfnS    =     0
========================================================

****************************************************************


 1-D advection-diffusion equation, mesh size = 10 

 Number of PEs =   4 

============================================================
     T     Q       H      NST                    Max norm   
============================================================
5.000e-01  3  4.072e-03   143
                                Solution         3.0529e+00 
                                Sensitivity 1    3.8668e+00 
                                Sensitivity 2    6.2020e-01 
------------------------------------------------------------
1.000e+00  3  8.314e-03   226
                                Solution         8.7533e-01 
                                Sensitivity 1    2.1743e+00 
                                Sensitivity 2    1.8909e-01 
------------------------------------------------------------
1.500e+00  3  9.397e-03   287
                                Solution         2.4949e-01 
                                Sensitivity 1    9.1827e-01 
                                Sensitivity 2    7.3922e-02 
------------------------------------------------------------
2.000e+00  2  7.091e-03   366
                                Solution         7.1100e-02 
                                Sensitivity 1    3.4668e-01 
                                Sensitivity 2    2.8229e-02 
------------------------------------------------------------
2.500e+00  2  9.923e-03   424
                                Solution         2.0261e-02 
                                Sensitivity 1    1.2301e-01 
                                Sensitivity 2    1.0086e-02 
------------------------------------------------------------
3.000e+00  2  9.611e-03   501
                                Solution         5.7737e-03 
                                Sensitivity 1    4.1955e-02 
                                Sensitivity 2    3.4557e-03 
------------------------------------------------------------
3.500e+00  2  7.258e-03   583
                                Solution         1.6453e-03 
                                Sensitivity 1    1.3922e-02 
                                Sensitivity 2    1.1670e-03 
------------------------------------------------------------
4.000e+00  2  8.904e-03   649
                                Solution         4.6882e-04 
                                Sensitivity 1    4.5312e-03 
                                Sensitivity 2    3.8631e-04 
------------------------------------------------------------
4.500e+00  2  1.241e-02   721
                                Solution         1.3362e-04 
                                Sensitivity 1    1.4440e-03 
                                Sensitivity 2    1.2546e-04 
------------------------------------------------------------
5.000e+00  2  5.408e-03   796
                                Solution         3.8068e-05 
                                Sensitivity 1    4.5991e-04 
                                Sensitivity 2    4.0104e-05 
------------------------------------------------------------


========================================================
Final Statistics
Sensitivity: YES ( SIMULTANEOUS + PARTIAL ERROR CONTROL )

nst     =   796

nfe     =  2360
netf    =     3    nsetups  =     0
nni     =  2357    ncfn     =   467

nfSe    =  4716    nfeS     =  9432
netfs   =     0    nsetupsS =     0
nniS    =     0    ncfnS    =     0
========================================================

****************************************************************


 1-D advection-diffusion equation, mesh size = 10 

 Number of PEs =   4 

============================================================
     T     Q       H      NST                    Max norm   
============================================================
5.000e-01  3  3.683e-03   176
                                Solution         3.0529e+00 
                                Sensitivity 1    3.8668e+00 
                                Sensitivity 2    6.2020e-01 
------------------------------------------------------------
1.000e+00  3  3.683e-03   312
                                Solution         8.7533e-01 
                                Sensitivity 1    2.1743e+00 
                                Sensitivity 2    1.8909e-01 
------------------------------------------------------------
1.500e+00  3  3.683e-03   448
                                Solution         2.4949e-01 
                                Sensitivity 1    9.1826e-01 
                                Sensitivity 2    7.3922e-02 
------------------------------------------------------------
2.000e+00  3  3.683e-03   584
                                Solution         7.1098e-02 
                                Sensitivity 1    3.4668e-01 
                                Sensitivity 2    2.8229e-02 
------------------------------------------------------------
2.500e+00  3  3.683e-03   719
                                Solution         2.0261e-02 
                                Sensitivity 1    1.2302e-01 
                                Sensitivity 2    1.0086e-02 
------------------------------------------------------------
3.000e+00  3  3.683e-03   855
                                Solution         5.7788e-03 
                                Sensitivity 1    4.1954e-02 
                                Sensitivity 2    3.4560e-03 
------------------------------------------------------------
3.500e+00  3  3.683e-03   991
                                Solution         1.6510e-03 
                                Sensitivity 1    1.3932e-02 
                                Sensitivity 2    1.1672e-03 
------------------------------------------------------------
4.000e+00  3  3.683e-03  1127
                                Solution         4.7402e-04 
                                Sensitivity 1    4.5277e-03 
                                Sensitivity 2    3.8641e-04 
------------------------------------------------------------
4.500e+00  3  3.683e-03  1262
                                Solution         1.3803e-04 
                                Sensitivity 1    1.4534e-03 
                                Sensitivity 2    1.2546e-04 
------------------------------------------------------------
5.000e+00  3  3.683e-03  1398
                                Solution         4.2015e-05 
                                Sensitivity 1    4.6734e-04 
                                Sensitivity 2    4.0150e-05 
------------------------------------------------------------


========================================================
Final Statistics
Sensitivity: YES ( STAGGERED + FULL ERROR CONTROL )

nst     =  1398

nfe     =  3127
netf    =     0    nsetups  =     0
nni     =  1726    ncfn     =     0

nfSe    =  3590    nfeS     =  7180
netfs   =     0    nsetupsS =     0
nniS    =  1792    ncfnS    =     0
========================================================

****************************************************************


 1-D advection-diffusion equation, mesh size = 10 

 Number of PEs =   4 

============================================================
     T     Q       H      NST                    Max norm   
============================================================
5.000e-01  3  7.876e-03   115
                                Solution         3.0529e+00 
                                Sensitivity 1    3.8668e+00 
                                Sensitivity 2    6.2020e-01 
------------------------------------------------------------
1.000e+00  3  4.623e-03   207
                                Solution         8.7532e-01 
                                Sensitivity 1    2.1743e+00 
                                Sensitivity 2    1.8909e-01 
------------------------------------------------------------
1.500e+00  2  8.517e-03   289
                                Solution         2.4948e-01 
                                Sensitivity 1    9.1825e-01 
                                Sensitivity 2    7.3920e-02 
------------------------------------------------------------
2.000e+00  2  8.123e-03   359
                                Solution         7.1093e-02 
                                Sensitivity 1    3.4666e-01 
                                Sensitivity 2    2.8228e-02 
------------------------------------------------------------
2.500e+00  2  4.286e-03   453
                                Solution         2.0260e-02 
                                Sensitivity 1    1.2301e-01 
                                Sensitivity 2    1.0085e-02 
------------------------------------------------------------
3.000e+00  2  4.220e-03   571
                                Solution         5.7736e-03 
                                Sensitivity 1    4.1956e-02 
                                Sensitivity 2    3.4557e-03 
------------------------------------------------------------
3.500e+00  2  4.220e-03   690
                                Solution         1.6453e-03 
                                Sensitivity 1    1.3923e-02 
                                Sensitivity 2    1.1670e-03 
------------------------------------------------------------
4.000e+00  2  4.220e-03   808
                                Solution         4.6887e-04 
                                Sensitivity 1    4.5282e-03 
                                Sensitivity 2    3.8637e-04 
------------------------------------------------------------
4.500e+00  2  4.220e-03   927
                                Solution         1.3365e-04 
                                Sensitivity 1    1.4500e-03 
                                Sensitivity 2    1.2542e-04 
------------------------------------------------------------
5.000e+00  2  4.220e-03  1045
                                Solution         3.8086e-05 
                                Sensitivity 1    4.5873e-04 
                                Sensitivity 2    4.0109e-05 
------------------------------------------------------------


========================================================
Final Statistics
Sensitivity: YES ( STAGGERED + PARTIAL ERROR CONTROL )

nst     =  1045

nfe     =  3011
netf    =     3    nsetups  =     0
nni     =  1633    ncfn     =    29

nfSe    =  4398    nfeS     =  8796
netfs   =     0    nsetupsS =     0
nniS    =  2198    ncfnS    =   330
========================================================

****************************************************************


 1-D advection-diffusion equation, mesh size = 10 

 Number of PEs =   4 

============================================================
     T     Q       H      NST                    Max norm   
============================================================
5.000e-01  3  3.683e-03   176
                                Solution         3.0529e+00 
                                Sensitivity 1    3.8668e+00 
                                Sensitivity 2    6.2019e-01 
------------------------------------------------------------
1.000e+00  3  3.683e-03   312
                                Solution         8.7533e-01 
                                Sensitivity 1    2.1743e+00 
                                Sensitivity 2    1.8909e-01 
------------------------------------------------------------
1.500e+00  3  3.683e-03   448
                                Solution         2.4949e-01 
                                Sensitivity 1    9.1826e-01 
                                Sensitivity 2    7.3916e-02 
------------------------------------------------------------
2.000e+00  3  3.683e-03   584
                                Solution         7.1098e-02 
                                Sensitivity 1    3.4668e-01 
                                Sensitivity 2    2.8225e-02 
------------------------------------------------------------
2.500e+00  3  3.683e-03   719
                                Solution         2.0261e-02 
                                Sensitivity 1    1.2302e-01 
                                Sensitivity 2    1.0093e-02 
------------------------------------------------------------
3.000e+00  3  3.683e-03   855
                                Solution         5.7788e-03 
                                Sensitivity 1    4.1954e-02 
                                Sensitivity 2    3.4633e-03 
------------------------------------------------------------
3.500e+00  3  3.683e-03   991
                                Solution         1.6510e-03 
                                Sensitivity 1    1.3932e-02 
                                Sensitivity 2    1.1597e-03 
------------------------------------------------------------
4.000e+00  3  3.683e-03  1127
                                Solution         4.7402e-04 
                                Sensitivity 1    4.5277e-03 
                                Sensitivity 2    3.8368e-04 
------------------------------------------------------------
4.500e+00  3  3.683e-03  1262
                                Solution         1.3803e-04 
                                Sensitivity 1    1.4534e-03 
                                Sensitivity 2    1.2783e-04 
------------------------------------------------------------
5.000e+00  3  3.683e-03  1398
                                Solution         4.2015e-05 
                                Sensitivity 1    4.6734e-04 
                                Sensitivity 2    4.6474e-05 
------------------------------------------------------------


========================================================
Final Statistics
Sensitivity: YES ( STAGGERED1 + FULL ERROR CONTROL )

nst     =  1398

nfe     =  3127
netf    =     0    nsetups  =     0
nni     =  1726    ncfn     =     0

nfSe    =  3521    nfeS     =  7042
netfs   =     0    nsetupsS =     0
nniS    =  3515    ncfnS    =     0
========================================================

****************************************************************


 1-D advection-diffusion equation, mesh size = 10 

 Number of PEs =   4 

============================================================
     T     Q       H      NST                    Max norm   
============================================================
5.000e-01  4  8.217e-03   114
                                Solution         3.0529e+00 
                                Sensitivity 1    3.8668e+00 
                                Sensitivity 2    6.2020e-01 
------------------------------------------------------------
1.000e+00  3  7.338e-03   197
                                Solution         8.7533e-01 
                                Sensitivity 1    2.1743e+00 
                                Sensitivity 2    1.8910e-01 
------------------------------------------------------------
1.500e+00  2  4.697e-03   303
                                Solution         2.4949e-01 
                                Sensitivity 1    9.1826e-01 
                                Sensitivity 2    7.3922e-02 
------------------------------------------------------------
2.000e+00  2  4.222e-03   420
                                Solution         7.1099e-02 
                                Sensitivity 1    3.4668e-01 
                                Sensitivity 2    2.8230e-02 
------------------------------------------------------------
2.500e+00  2  4.220e-03   538
                                Solution         2.0262e-02 
                                Sensitivity 1    1.2301e-01 
                                Sensitivity 2    1.0087e-02 
------------------------------------------------------------
3.000e+00  2  4.220e-03   657
                                Solution         5.7741e-03 
                                Sensitivity 1    4.1958e-02 
                                Sensitivity 2    3.4551e-03 
------------------------------------------------------------
3.500e+00  2  4.220e-03   775
                                Solution         1.6455e-03 
                                Sensitivity 1    1.3924e-02 
                                Sensitivity 2    1.1683e-03 
------------------------------------------------------------
4.000e+00  2  4.220e-03   894
                                Solution         4.6891e-04 
                                Sensitivity 1    4.5285e-03 
                                Sensitivity 2    3.8558e-04 
------------------------------------------------------------
4.500e+00  2  4.220e-03  1012
                                Solution         1.3361e-04 
                                Sensitivity 1    1.4502e-03 
                                Sensitivity 2    1.2415e-04 
------------------------------------------------------------
5.000e+00  2  4.220e-03  1131
                                Solution         3.8095e-05 
                                Sensitivity 1    4.5887e-04 
                                Sensitivity 2    4.0845e-05 
------------------------------------------------------------


========================================================
Final Statistics
Sensitivity: YES ( STAGGERED1 + PARTIAL ERROR CONTROL )

nst     =  1131

nfe     =  3384
netf    =     3    nsetups  =     0
nni     =  1790    ncfn     =     7

nfSe    =  3894    nfeS     =  7788
netfs   =     0    nsetupsS =     0
nniS    =  3892    ncfnS    =   460
========================================================
