2-species diurnal advection-diffusion problem
  10 by 10 mesh on 4 processors
  Using CVBBDPRE preconditioner module
    Difference-quotient half-bandwidths are mudq = 10,  mldq = 10
    Retained band block half-bandwidths are mukeep = 2,  mlkeep = 2

Preconditioner type is:  jpre = PREC_LEFT

t = 7.20e+03   no. steps = 190   order = 5   stepsize = 1.61e+02
At bottom left:  c1, c2 =    1.047e+04    2.527e+11 
At top right:    c1, c2 =    1.119e+04    2.700e+11 

t = 1.44e+04   no. steps = 221   order = 5   stepsize = 3.85e+02
At bottom left:  c1, c2 =    6.659e+06    2.582e+11 
At top right:    c1, c2 =    7.301e+06    2.833e+11 

t = 2.16e+04   no. steps = 247   order = 5   stepsize = 3.01e+02
At bottom left:  c1, c2 =    2.665e+07    2.993e+11 
At top right:    c1, c2 =    2.931e+07    3.313e+11 

t = 2.88e+04   no. steps = 268   order = 5   stepsize = 1.42e+02
At bottom left:  c1, c2 =    8.702e+06    3.380e+11 
At top right:    c1, c2 =    9.650e+06    3.751e+11 

t = 3.60e+04   no. steps = 314   order = 4   stepsize = 8.08e+01
At bottom left:  c1, c2 =    1.404e+04    3.387e+11 
At top right:    c1, c2 =    1.561e+04    3.765e+11 

t = 4.32e+04   no. steps = 386   order = 4   stepsize = 4.22e+02
At bottom left:  c1, c2 =   -2.127e-07    3.382e+11 
At top right:    c1, c2 =    3.231e-08    3.804e+11 

t = 5.04e+04   no. steps = 399   order = 5   stepsize = 4.74e+02
At bottom left:  c1, c2 =    3.071e-09    3.358e+11 
At top right:    c1, c2 =    8.013e-08    3.864e+11 

t = 5.76e+04   no. steps = 411   order = 5   stepsize = 4.15e+02
At bottom left:  c1, c2 =    7.177e-11    3.320e+11 
At top right:    c1, c2 =    1.449e-09    3.909e+11 

t = 6.48e+04   no. steps = 422   order = 5   stepsize = 6.69e+02
At bottom left:  c1, c2 =   -4.098e-12    3.313e+11 
At top right:    c1, c2 =   -8.238e-11    3.963e+11 

t = 7.20e+04   no. steps = 433   order = 5   stepsize = 6.69e+02
At bottom left:  c1, c2 =    6.565e-14    3.330e+11 
At top right:    c1, c2 =    1.339e-12    4.039e+11 

t = 7.92e+04   no. steps = 444   order = 5   stepsize = 6.69e+02
At bottom left:  c1, c2 =   -2.015e-15    3.334e+11 
At top right:    c1, c2 =   -5.290e-14    4.120e+11 

t = 8.64e+04   no. steps = 454   order = 5   stepsize = 6.69e+02
At bottom left:  c1, c2 =   -1.686e-17    3.352e+11 
At top right:    c1, c2 =   -2.079e-16    4.163e+11 


Final Statistics.. 

lenrw   =  2000     leniw =    20
llrw    =  2046     lliw  =    20
nst     =   454
nfe     =   592     nfel  =   558
nni     =   589     nli   =   558
nsetups =    80     netf  =    30
npe     =     9     nps   =  1101
ncfn    =     0     ncfl  =     0

In CVBBDPRE: real/integer local work space sizes = 600, 50
             no. flocal evals. = 198


-------------------------------------------------------------------


Preconditioner type is:  jpre = PREC_RIGHT

t = 7.20e+03   no. steps = 191   order = 5   stepsize = 1.22e+02
At bottom left:  c1, c2 =    1.047e+04    2.527e+11 
At top right:    c1, c2 =    1.119e+04    2.700e+11 

t = 1.44e+04   no. steps = 223   order = 5   stepsize = 2.79e+02
At bottom left:  c1, c2 =    6.659e+06    2.582e+11 
At top right:    c1, c2 =    7.301e+06    2.833e+11 

t = 2.16e+04   no. steps = 249   order = 5   stepsize = 4.31e+02
At bottom left:  c1, c2 =    2.665e+07    2.993e+11 
At top right:    c1, c2 =    2.931e+07    3.313e+11 

t = 2.88e+04   no. steps = 322   order = 3   stepsize = 1.09e+02
At bottom left:  c1, c2 =    8.702e+06    3.380e+11 
At top right:    c1, c2 =    9.650e+06    3.751e+11 

t = 3.60e+04   no. steps = 361   order = 5   stepsize = 7.66e+01
At bottom left:  c1, c2 =    1.404e+04    3.387e+11 
At top right:    c1, c2 =    1.561e+04    3.765e+11 

t = 4.32e+04   no. steps = 415   order = 5   stepsize = 5.93e+02
At bottom left:  c1, c2 =    7.315e-09    3.382e+11 
At top right:    c1, c2 =    8.641e-09    3.804e+11 

t = 5.04e+04   no. steps = 428   order = 5   stepsize = 6.79e+02
At bottom left:  c1, c2 =   -2.165e-11    3.358e+11 
At top right:    c1, c2 =    4.943e-11    3.864e+11 

t = 5.76e+04   no. steps = 442   order = 4   stepsize = 2.01e+02
At bottom left:  c1, c2 =    2.578e-09    3.320e+11 
At top right:    c1, c2 =    1.422e-08    3.909e+11 

t = 6.48e+04   no. steps = 457   order = 4   stepsize = 5.51e+02
At bottom left:  c1, c2 =   -7.868e-12    3.313e+11 
At top right:    c1, c2 =    1.272e-11    3.963e+11 

t = 7.20e+04   no. steps = 470   order = 4   stepsize = 5.51e+02
At bottom left:  c1, c2 =   -4.662e-13    3.330e+11 
At top right:    c1, c2 =   -8.547e-13    4.039e+11 

t = 7.92e+04   no. steps = 483   order = 4   stepsize = 5.51e+02
At bottom left:  c1, c2 =    1.121e-15    3.334e+11 
At top right:    c1, c2 =    6.400e-16    4.120e+11 

t = 8.64e+04   no. steps = 496   order = 4   stepsize = 5.51e+02
At bottom left:  c1, c2 =    7.299e-16    3.352e+11 
At top right:    c1, c2 =   -3.965e-19    4.163e+11 


Final Statistics.. 

lenrw   =  2000     leniw =    20
llrw    =  2046     lliw  =    20
nst     =   496
nfe     =   652     nfel  =   852
nni     =   649     nli   =   852
nsetups =   104     netf  =    35
npe     =     9     nps   =  1381
ncfn    =     0     ncfl  =     0

In CVBBDPRE: real/integer local work space sizes = 600, 50
             no. flocal evals. = 198
