Krylov example problem:

 Kinetics-transport, NEQ =  200


 t =   0.720E+04   nst =   219  q =  5  h =   0.158696E+03
  c1 (bot.left/middle/top rt.) =   0.104683E+05  0.296373E+05  0.111853E+05
  c2 (bot.left/middle/top rt.) =   0.252672E+12  0.715376E+12  0.269977E+12

 t =   0.144E+05   nst =   251  q =  5  h =   0.377205E+03
  c1 (bot.left/middle/top rt.) =   0.665902E+07  0.531602E+07  0.730081E+07
  c2 (bot.left/middle/top rt.) =   0.258192E+12  0.205680E+12  0.283286E+12

 t =   0.216E+05   nst =   277  q =  5  h =   0.274587E+03
  c1 (bot.left/middle/top rt.) =   0.266498E+08  0.103636E+08  0.293077E+08
  c2 (bot.left/middle/top rt.) =   0.299279E+12  0.102810E+12  0.331344E+12

 t =   0.288E+05   nst =   312  q =  4  h =   0.367517E+03
  c1 (bot.left/middle/top rt.) =   0.870209E+07  0.129197E+08  0.965002E+07
  c2 (bot.left/middle/top rt.) =   0.338035E+12  0.502929E+12  0.375096E+12

 t =   0.360E+05   nst =   350  q =  4  h =   0.683836E+02
  c1 (bot.left/middle/top rt.) =   0.140404E+05  0.202903E+05  0.156090E+05
  c2 (bot.left/middle/top rt.) =   0.338677E+12  0.489443E+12  0.376517E+12

 t =   0.432E+05   nst =   407  q =  4  h =   0.383863E+03
  c1 (bot.left/middle/top rt.) =   0.803367E-06  0.363858E-06  0.889797E-06
  c2 (bot.left/middle/top rt.) =   0.338233E+12  0.135487E+12  0.380352E+12

 t =   0.504E+05   nst =   436  q =  3  h =   0.215343E+03
  c1 (bot.left/middle/top rt.) =   0.375001E-05  0.665499E-06  0.454113E-05
  c2 (bot.left/middle/top rt.) =   0.335816E+12  0.493028E+12  0.386445E+12

 t =   0.576E+05   nst =   454  q =  5  h =   0.428080E+03
  c1 (bot.left/middle/top rt.) =   0.112301E-08  0.194567E-09  0.136087E-08
  c2 (bot.left/middle/top rt.) =   0.332031E+12  0.964985E+12  0.390900E+12

 t =   0.648E+05   nst =   466  q =  5  h =   0.690422E+03
  c1 (bot.left/middle/top rt.) =   0.353041E-08  0.590752E-09  0.428410E-08
  c2 (bot.left/middle/top rt.) =   0.331303E+12  0.892184E+12  0.396342E+12

 t =   0.720E+05   nst =   476  q =  5  h =   0.690422E+03
  c1 (bot.left/middle/top rt.) =  -0.121418E-09 -0.206756E-10 -0.147240E-09
  c2 (bot.left/middle/top rt.) =   0.332972E+12  0.618620E+12  0.403885E+12

 t =   0.792E+05   nst =   487  q =  5  h =   0.690422E+03
  c1 (bot.left/middle/top rt.) =  -0.341376E-11 -0.568210E-12 -0.414339E-11
  c2 (bot.left/middle/top rt.) =   0.333441E+12  0.666893E+12  0.412026E+12

 t =   0.864E+05   nst =   497  q =  5  h =   0.690422E+03
  c1 (bot.left/middle/top rt.) =   0.309841E-12  0.526192E-13  0.375773E-12
  c2 (bot.left/middle/top rt.) =   0.335178E+12  0.910652E+12  0.416251E+12


Final statistics:

 number of steps        =   497      number of f evals.     =  651
 number of prec. setups =    91
 number of prec. evals. =     9      number of prec. solves =  1233
 number of nonl. iters. =   647      number of lin. iters.  =   652
 average Krylov subspace dimension (NLI/NNI)  =   0.100773E+01
 number of conv. failures.. nonlinear =   0 linear =   0
 number of error test failures =  34
