Dense example problem:

 Robertson kinetics, NEQ =  3


At t =   0.2639E+00   y =   0.989965E+00  0.347056E-04  0.100000E-01
     Above is a root, INFO() =   0  1
At t =   0.4000E+00   y =   0.985164E+00  0.338624E-04  0.148020E-01
At t =   0.4000E+01   y =   0.905510E+00  0.224034E-04  0.944679E-01
At t =   0.4000E+02   y =   0.715802E+00  0.918504E-05  0.284189E+00
At t =   0.4000E+03   y =   0.450536E+00  0.322327E-05  0.549461E+00
At t =   0.4000E+04   y =   0.183207E+00  0.894260E-06  0.816793E+00
At t =   0.4000E+05   y =   0.389882E-01  0.162198E-06  0.961012E+00
At t =   0.4000E+06   y =   0.493704E-02  0.198447E-07  0.995063E+00
At t =   0.4000E+07   y =   0.516999E-03  0.206905E-08  0.999483E+00
At t =   0.2081E+08   y =   0.100000E-03  0.400040E-09  0.999900E+00
     Above is a root, INFO() =  -1  0
At t =   0.4000E+08   y =   0.520815E-04  0.208337E-09  0.999948E+00
At t =   0.4000E+09   y =   0.520455E-05  0.208183E-10  0.999995E+00
At t =   0.4000E+10   y =   0.531840E-06  0.212736E-11  0.999999E+00
At t =   0.4000E+11   y =   0.363068E-07  0.145227E-12  0.100000E+01

Final value of ydot =  -0.457588E-18 -0.183035E-23  0.457590E-18


Final statistics:

 No. steps =  509   No. f-s =  729   No. J-s =   11   No. LU-s =  110
 No. nonlinear iterations =  725
 No. nonlinear convergence failures =    0
 No. error test failures =   23
 No. root function evals =  545
