Solve the nonlinear system:
    3x - cos((y-1)z) - 1/2 = 0
    x^2 - 81(y-0.9)^2 + sin(z) + 1.06 = 0
    exp(-x(y-1)) + 20z + (10 pi - 3)/3 = 0
Analytic solution:
    x = 0.5
    y = 1
    z = -0.523599
Solution method: Anderson accelerated fixed point iteration.
    tolerance    = 1.49012e-06
    max iters    = 30
    m_aa         = 2
    delay_aa     = 0
    damping_aa   = 0.5
    damping_fp   = 1
    damping_fn   = OFF
    orth routine = 0

Final Statistics:
Number of nonlinear iterations:      8
Number of function evaluations:      8
Computed solution:
    x = 0.499999
    y = 0.999999
    z = -0.523599
Solution error:
    ex = 1.26172e-06
    ey = 1.17178e-06
    ez = 7.05037e-07
PASS
