Solve the nonlinear system:
    3x - cos((y-1)z) - 1/2 = 0
    x^2 - 81(y-0.9)^2 + sin(z) + 1.06 = 0
    exp(-x(y-1)) + 20z + (10 pi - 3)/3 = 0
Analytic solution:
    x = 0.5
    y = 1
    z = -0.523599
Solution method: Anderson accelerated fixed point iteration.
    tolerance    = 1.49012e-06
    max iters    = 30
    m_aa         = 2
    delay_aa     = 0
    damping_aa   = 1
    damping_fp   = 1
    damping_fn   = ON
    orth routine = 0

Final Statistics:
Number of nonlinear iterations:      6
Number of function evaluations:      6
Computed solution:
    x = 0.5
    y = 1
    z = -0.523599
Solution error:
    ex = 1.31657e-07
    ey = 3.55001e-07
    ez = 1.52996e-07
PASS
