
 (PE# 0)
    mu(t0)[ 1] = 0.000277644
    mu(t0)[ 2] = 0.000562176
    mu(t0)[ 3] = 0.000847691
    mu(t0)[ 4] = 0.00112681
    mu(t0)[ 5] = 0.0013937

 (PE# 2)
    mu(t0)[11] = 0.00235715
    mu(t0)[12] = 0.00235942
    mu(t0)[13] = 0.00230769
    mu(t0)[14] = 0.00219811
    mu(t0)[15] = 0.00203275

 (PE# 1)
    mu(t0)[ 6] = 0.00164019
    mu(t0)[ 7] = 0.00186108
    mu(t0)[ 8] = 0.00204812
    mu(t0)[ 9] = 0.00219731
    mu(t0)[10] = 0.00230109

 (PE# 3)
    mu(t0)[16] = 0.0018106
    mu(t0)[17] = 0.00153607
    mu(t0)[18] = 0.00121133
    mu(t0)[19] = 0.000842951
    mu(t0)[20] = 0.000436397

 (PE# 4)
    g(t1) = 0.019903

 (PE# 4)
    dgdp(t1) = [ 1.12075  1.00061 ]

