
idaFoodWeb_kry: Predator-prey DAE serial example problem for IDA 

Number of species ns: 2     Mesh dimensions: 20 x 20     System size: 800
Tolerance parameters:  rtol = 1e-05   atol = 1e-05
Linear solver: IDASpgmr,  Spgmr parameters maxl = 16
CalcIC called to correct initial predator concentrations.

-----------------------------------------------------------
  t        bottom-left  top-right    | nst  k      h
-----------------------------------------------------------

0.00e+00   1.0000e+01   1.0000e+01   |   0  0   1.6310e-08
           1.0000e+05   1.0000e+05   |

1.00e-03   1.0318e+01   1.0827e+01   |  33  4   9.7404e-05
           1.0319e+05   1.0822e+05   |

1.00e-02   1.6189e+02   1.9735e+02   |  86  4   1.7533e-04
           1.6189e+06   1.9735e+06   |

1.00e-01   2.4019e+02   2.7072e+02   | 167  1   4.4884e-02
           2.4019e+06   2.7072e+06   |

4.00e-01   2.4019e+02   2.7072e+02   | 169  1   1.7954e-01
           2.4019e+06   2.7072e+06   |

7.00e-01   2.4019e+02   2.7072e+02   | 170  1   3.5907e-01
           2.4019e+06   2.7072e+06   |

1.00e+00   2.4019e+02   2.7072e+02   | 171  1   7.1814e-01
           2.4019e+06   2.7072e+06   |

-----------------------------------------------------------
Final run statistics: 

Number of steps                       = 171
Number of residual evaluations        = 212
Number of Preconditioner evaluations  = 26
Number of linear iterations           = 998
Number of error test failures         = 0
Number of precond solve fun called    = 1210
