Van der Pol


     t           x              xdot         qu     hu 
   1.39284     1.68010e+00   -2.91056e-01    5    9.8626e-02
   3.60761    -2.12392e-05   -3.16877e+00    5    2.2756e-02
   5.82239    -1.68010e+00    2.91060e-01    4    1.4079e-01
   8.03716     9.57612e-05    3.16900e+00    5    2.0348e-02

 Final statistics:

 Number of steps                          =  196 
 Number of f-s                            =  391 
 Number of nonlinear iterations           =  387 
 Number of nonlinear convergence failures =    0 
 Number of error test failures            =   15 
 Initial step size                        = 3.9426e-09 



y' = A*y


      t        max.err      qu     hu 
     0.010    1.4690e-07    3     1.1459e-02
     0.100    5.2543e-07    4     4.1413e-02
     1.000    1.2207e-06    5     6.8243e-02
    10.000    9.7711e-07    3     2.8481e-01
   100.000    7.4515e-08    1     4.3341e-01

 Final statistics:

 Number of steps                          =  342 
 Number of f-s                            =  604 
 Number of nonlinear iterations           =  600 
 Number of nonlinear convergence failures =   80 
 Number of error test failures            =    0 
 Initial step size                        = 1.9301e-09 

