Problem solution
1.10829e-05  0.443999 0.00122985 2.82456e-07 0.007 2.11559e-08 0.359999
0.0154026  0.443281 0.00104556 0.000359612 0.00699992 2.70424e-05 0.359412
0.0559102  0.441657 0.000666304 0.00117112 0.00699964 8.84317e-05 0.358082
0.0964177  0.440355 0.000407549 0.00182207 0.00699926 0.000138032 0.357007
0.136925  0.439318 0.000245681 0.00234072 0.00699881 0.000177892 0.356143
0.177433  0.438485 0.000155457 0.00275699 0.0069983 0.000210164 0.355441
0.21794  0.437788 0.000111354 0.00310505 0.00699773 0.000237377 0.354848
0.303796  0.4366 0.000104587 0.00369855 0.00699638 0.000284182 0.353817
0.389652  0.435495 0.000121797 0.00425011 0.00699486 0.000328127 0.352845
0.475508  0.434433 0.000145008 0.00478054 0.00699317 0.000370633 0.351899
0.561365  0.433219 0.000126247 0.00538683 0.00699132 0.0004197 0.350823
0.647221  0.431933 9.34122e-05 0.00602884 0.00698929 0.000472306 0.34968
0.733077  0.430788 0.000101041 0.00660026 0.00698708 0.000519568 0.348642
0.818933  0.429698 0.00012104 0.00714391 0.0069847 0.00056484 0.347642
0.904789  0.428555 0.000123806 0.00771447 0.00698216 0.0006127 0.346591
1.06434  0.426526 0.000146451 0.00872639 0.006977 0.000698209 0.344695
1.2239  0.424411 0.000141386 0.00978144 0.00697128 0.000788695 0.342705
1.43571  0.421704 0.00015509 0.0111309 0.00696282 0.000905972 0.340105
1.64752  0.418811 0.000125336 0.012573 0.00695337 0.00103482 0.337314
1.85932  0.416106 0.000145521 0.0139203 0.00694293 0.0011572 0.334632
2.07113  0.413433 0.000164496 0.0152512 0.00693151 0.00127972 0.331936
2.28294  0.410731 0.000167699 0.0165963 0.00691916 0.00140556 0.329179
2.49475  0.408021 0.000165786 0.017945 0.00690587 0.00153405 0.326379
2.70656  0.405298 0.000161101 0.0192994 0.00689166 0.00166588 0.323534
3.42567  0.396297 0.000177703 0.0237735 0.00683698 0.00211837 0.313838
4.14479  0.387509 0.000202043 0.0281354 0.00677257 0.0025841 0.303988
4.8639  0.378988 0.000231551 0.0323598 0.00669883 0.00305599 0.294066
6.04473  0.365579 0.000280035 0.0389954 0.00655951 0.00384121 0.277763
7.22555  0.352903 0.000329051 0.0452545 0.00639956 0.00462689 0.261593
9.14484  0.33392 0.00041354 0.0546002 0.00610402 0.00587924 0.236091
11.0641  0.316998 0.000502957 0.0628997 0.00577723 0.00706726 0.212127
12.9834  0.302039 0.00058675 0.0702082 0.00543318 0.00816665 0.190081
14.9027  0.288796 0.000658081 0.0766548 0.00508239 0.00916609 0.170012
17.9517  0.270663 0.000750652 0.0854459 0.00452833 0.010548 0.141967
21.0007  0.25547 0.000829385 0.0927809 0.00399897 0.0116872 0.118334
24.0496  0.242904 0.000904645 0.0988234 0.00351554 0.0126059 0.0989116
27.0986  0.232786 0.000971443 0.103666 0.00309611 0.0133385 0.0834824
30.1476  0.224418 0.00100685 0.107657 0.00274126 0.0139362 0.0712572
33.1966  0.21633 0.000993497 0.11153 0.0024135 0.0144605 0.0604762
35.299  0.210739 0.00100693 0.114221 0.00219331 0.0147835 0.0535409
37.4014  0.206081 0.00106668 0.116457 0.00200522 0.0150443 0.0478654
39.5038  0.202365 0.00109413 0.118232 0.00185391 0.015249 0.0434556
41.6062  0.198386 0.00104912 0.120147 0.00170541 0.0154465 0.0391888
43.0509  0.195166 0.00103348 0.12171 0.00159317 0.0155923 0.0360171
44.4956  0.192568 0.00110072 0.122967 0.00150288 0.0157084 0.033522
45.9403  0.190845 0.001152 0.123789 0.00144337 0.0157862 0.0319066
47.385  0.188568 0.00107013 0.124891 0.00136927 0.0158794 0.0299074
48.2902  0.186871 0.00106619 0.125718 0.00131479 0.0159459 0.028459
49.1953  0.185402 0.00110497 0.126432 0.00126892 0.016002 0.0272502
50.1004  0.18413 0.00111984 0.12705 0.00123118 0.0160487 0.0262583
51.0055  0.182922 0.0011129 0.127635 0.00119685 0.0160914 0.0253588
51.9106  0.181726 0.00111172 0.128216 0.00116325 0.0161328 0.0244857
52.8158  0.180543 0.00111838 0.128791 0.00113034 0.016173 0.023638
54.1808  0.178777 0.00112652 0.129651 0.00108256 0.0162309 0.0224173
55.5459  0.177066 0.00112823 0.130485 0.00103833 0.0162843 0.0212956
56.911  0.175429 0.00112875 0.131284 0.000998277 0.0163327 0.020285
59.6794  0.172309 0.00113433 0.132809 0.000926676 0.0164188 0.0184951
62.4478  0.169426 0.00114197 0.13422 0.000866016 0.0164916 0.0169952
65.2163  0.166714 0.00114669 0.13555 0.000814106 0.0165538 0.0157208
69.6488  0.162671 0.00115264 0.137537 0.000745703 0.0166361 0.0140507
74.0812  0.158957 0.00115852 0.139367 0.000691201 0.0167018 0.0127264
78.5137  0.155545 0.00116397 0.14105 0.000647193 0.0167552 0.0116604
82.9462  0.152401 0.00116842 0.142605 0.000611234 0.0167991 0.0107899
91.0754  0.147215 0.00117503 0.145172 0.000560988 0.0168613 0.00956593
99.2046  0.142653 0.00118038 0.147435 0.000523802 0.016908 0.00865503
107.334  0.138598 0.00118485 0.149448 0.000494412 0.016945 0.00793723
119.926  0.133119 0.00119021 0.152171 0.000458345 0.0169894 0.00706731
132.519  0.128395 0.0011943 0.15452 0.000429774 0.0170232 0.0063916
145.112  0.124262 0.00119763 0.156577 0.000407834 0.0170495 0.00587006
166.633  0.118232 0.00120191 0.159579 0.00037725 0.0170846 0.00516638
188.154  0.113232 0.00120524 0.162069 0.000357932 0.0171119 0.00469449
 
Final Statistics:
h0u = 1.10829e-05
nst = 71     nfe  = 122    nsetups = 21
nfeLS = 12     nje = 2
nni = 118    ncfn = 0      netf = 4
nproj = 74     nce = 75     nsetupsP = 70     nprf = 0
nge = 0
