At t = 2.6391e-01      y =  9.899653e-01    3.470564e-05    1.000000e-02
    rootsfound[] =   0   1
At t = 4.0000e-01      y =  9.851641e-01    3.386242e-05    1.480205e-02
At t = 4.0000e+00      y =  9.055097e-01    2.240338e-05    9.446793e-02
At t = 4.0000e+01      y =  7.158011e-01    9.185083e-06    2.841898e-01
At t = 4.0000e+02      y =  4.505629e-01    3.223395e-06    5.494339e-01
At t = 4.0000e+03      y =  1.831572e-01    8.938993e-07    8.168419e-01
At t = 4.0000e+04      y =  3.898597e-02    1.621928e-07    9.610139e-01
At t = 4.0000e+05      y =  4.939956e-03    1.985672e-08    9.950600e-01
At t = 4.0000e+06      y =  5.170159e-04    2.069120e-09    9.994830e-01
At t = 2.0811e+07      y =  1.000000e-04    4.000397e-10    9.999000e-01
    rootsfound[] =   1   0
At t = 4.0000e+07      y =  5.204892e-05    2.082064e-10    9.999480e-01
At t = 4.0000e+08      y =  5.205525e-06    2.082221e-11    9.999948e-01
At t = 4.0000e+09      y =  5.146712e-07    2.058686e-12    9.999995e-01
At t = 4.0000e+10      y =  5.456569e-08    2.182628e-13    9.999999e-01

Final Statistics:
h0u = 8.23626e-14
nst = 537    nfe  = 755    nsetups = 105    nfeLS = 0      nje = 11
nni = 751    ncfn = 0      netf = 22     nge = 573
 
