 -------------- 1.000000   -1.0000000000   -0.0000000155    0.0000000005    0.0000005826      0.0000000000
 -------------- 2.000000    1.0000000000    0.0000004808   -0.0000000005    0.0000003591      0.0000000000
 -------------- 3.000000   -1.0000000000    0.0000002465    0.0000000001    0.0000017515      0.0000000000
 -------------- 4.000000    1.0000000000    0.0000006556   -0.0000000023    0.0000022605      0.0000000000
 -------------- 5.000000   -1.0000000000    0.0000011026    0.0000000001    0.0000052132      0.0000000000
 -------------- 6.000000    1.0000000000    0.0000013795   -0.0000000006    0.0000083039      0.0000000000
 -------------- 7.000000   -1.0000000000    0.0000019743    0.0000000017    0.0000129486      0.0000000000
 -------------- 8.000000    1.0000000000    0.0000017732   -0.0000000005    0.0000187787      0.0000000000
 -------------- 9.000000   -1.0000000000    0.0000022066    0.0000000040    0.0000243930      0.0000000001
 -------------- 10.000000    1.0000000000    0.0000025077   -0.0000000006    0.0000315472      0.0000000000
 -------------- 11.000000   -1.0000000000    0.0000029450    0.0000000041    0.0000395109      0.0000000001
 -------------- 12.000000    1.0000000000    0.0000028101   -0.0000000007    0.0000484994      0.0000000000
 -------------- 13.000000   -1.0000000000    0.0000032432    0.0000000041    0.0000574033      0.0000000001
 -------------- 14.000000    1.0000000000    0.0000031082   -0.0000000008    0.0000673289      0.0000000000
 -------------- 15.000000   -1.0000000000    0.0000035414    0.0000000042    0.0000771696      0.0000000001
 -------------- 16.000000    1.0000000000    0.0000034064   -0.0000000008    0.0000880324      0.0000000000
 -------------- 17.000000   -1.0000000000    0.0000038396    0.0000000043    0.0000988104      0.0000000001
 -------------- 18.000000    1.0000000000    0.0000037046   -0.0000000010    0.0001106104      0.0000000000
 -------------- 19.000000   -1.0000000000    0.0000041378    0.0000000045    0.0001223256      0.0000000001
 -------------- 20.000000    1.0000000000    0.0000040027   -0.0000000011    0.0001350628      0.0000000000
 -------------- 21.000000   -1.0000000000    0.0000044358    0.0000000046    0.0001477152      0.0000000001
 -------------- 22.000000    1.0000000000    0.0000043007   -0.0000000012    0.0001613896      0.0000000000
 -------------- 23.000000   -1.0000000000    0.0000047338    0.0000000048    0.0001749792      0.0000000001
 -------------- 24.000000    1.0000000000    0.0000045987   -0.0000000014    0.0001895909      0.0000000000
 -------------- 25.000000   -1.0000000000    0.0000050318    0.0000000050    0.0002041177      0.0000000001
 -------------- 26.000000    1.0000000000    0.0000048966   -0.0000000016    0.0002196666      0.0000000000
 -------------- 27.000000   -1.0000000000    0.0000053296    0.0000000052    0.0002351307      0.0000000001
 -------------- 28.000000    1.0000000000    0.0000051944   -0.0000000018    0.0002516168      0.0000000000
 -------------- 29.000000   -1.0000000000    0.0000056273    0.0000000055    0.0002680181      0.0000000001
 -------------- 30.000000    1.0000000000    0.0000054920   -0.0000000021    0.0002854415      0.0000000000

Final Statistics:
h0u = 2.70299e-11
nst = 4616   nfe  = 5037   nsetups = 284   
nfeLS = 308    nje = 77
nni = 5033   ncfn = 0      netf = 44     
nproj = 4553   nce = 6206   nsetupsP = 4510   nprf = 0     
nge = 0
