At t = 2.6391e-01      y =  9.899653e-01    3.470564e-05    1.000000e-02
    rootsfound[] =   0   1
At t = 4.0000e-01      y =  9.851641e-01    3.386242e-05    1.480205e-02
At t = 4.0000e+00      y =  9.055097e-01    2.240338e-05    9.446793e-02
At t = 4.0000e+01      y =  7.158009e-01    9.185098e-06    2.841900e-01
At t = 4.0000e+02      y =  4.505440e-01    3.223217e-06    5.494528e-01
At t = 4.0000e+03      y =  1.831965e-01    8.942055e-07    8.168026e-01
At t = 4.0000e+04      y =  3.898104e-02    1.621655e-07    9.610188e-01
At t = 4.0000e+05      y =  4.940777e-03    1.985998e-08    9.950592e-01
At t = 4.0000e+06      y =  5.167968e-04    2.068247e-09    9.994832e-01
At t = 2.0792e+07      y =  1.000000e-04    4.000395e-10    9.999000e-01
    rootsfound[] =   1   0
At t = 4.0000e+07      y =  5.203559e-05    2.081531e-10    9.999480e-01
At t = 4.0000e+08      y =  5.206452e-06    2.082592e-11    9.999948e-01
At t = 4.0000e+09      y =  5.228608e-07    2.091444e-12    9.999995e-01
At t = 4.0000e+10      y =  6.201885e-08    2.480754e-13    9.999999e-01

Final Statistics:
h0u = 8.23626e-14
nst = 550    nfe  = 787    nsetups = 116    nfeLS = 0      nje = 11
nni = 783    ncfn = 0      netf = 31     nge = 580
 
