
Initial condition written to file cvabx.u0

Create and allocate CVODES memory for forward runs

Allocate global memory

Forward integration

List of Check Points (ncheck = 3)
Check point 3
  address   8130960
  t0        0.323822
  t1        1.034871
  next      81270d0
Check point 2
  address   81270d0
  t0        0.047218
  t1        0.323822
  next      811d840
Check point 1
  address   811d840
  t0        0.005429
  t1        0.047218
  next      8074d50
Check point 0
  address   8074d50
  t0        0.000000
  t1        0.005429
  next      0

Create and allocate CVODES memory for backward run

Backward integration

Lambda written to file cvabx.lambda
