

 Adjoint Sensitivity Example for Chemical Kinetics
 -------------------------------------------------

ODE: dy1/dt = -p1*y1 + p2*y2*y3
     dy2/dt =  p1*y1 - p2*y2*y3 - p3*(y2)^2
     dy3/dt =  p3*(y2)^2

Find dG/dp for
     G = int_t0^tB0 g(t,p,y) dt
     g(t,p,y) = y3


Create and allocate CVODES memory for forward runs
Allocate global memory
Forward integration ... G:   3.9983e+07 

List of Check Points (ncheck = 2)
 2  addr: 0x8072a30  time = [ 2.070e+04 4.202e+07 ]  next: 0x8072210
 1  addr: 0x8072210  time = [ 9.254e+01 2.070e+04 ]  next: 0x8064598
 0  addr: 0x8064598  time = [ 0.000e+00 9.254e+01 ]  next: (nil)

Create and allocate CVODES memory for backward run
Integrate backwards
--------------------------------------------------------
tB0:          4.0000e+07
dG/dp:        7.6998e+05  -3.0740e+00   5.0750e-04
lambda(t0):   3.9967e+07   3.9967e+07   3.9967e+07
--------------------------------------------------------

Re-initialize CVODES memory for backward run
Integrate backwards
--------------------------------------------------------
tB0:          4.0000e+07
dG/dp:        1.7335e+02  -5.0534e-04   8.4218e-08
lambda(t0):   8.4156e+00   1.6093e+01   1.6094e+01
--------------------------------------------------------

Free memory

