
Create and allocate CVODE memory for forward run

Allocate global memory

Forward integration

   G = int_t int_x int_y c6(t,x,y) dx dy dt = 422295.840567 


List of Check Points (ncheck = 8)
Check point  8  addr: 0x854bf40  time = [ 8.954906e+00 1.001185e+01 ]  next: 0x85345a8
Check point  7  addr: 0x85345a8  time = [ 7.303428e+00 8.954906e+00 ]  next: 0x851cc10
Check point  6  addr: 0x851cc10  time = [ 5.651949e+00 7.303428e+00 ]  next: 0x8505278
Check point  5  addr: 0x8505278  time = [ 4.000470e+00 5.651949e+00 ]  next: 0x84ed8e0
Check point  4  addr: 0x84ed8e0  time = [ 2.348991e+00 4.000470e+00 ]  next: 0x84d5f48
Check point  3  addr: 0x84d5f48  time = [ 6.897934e-01 2.348991e+00 ]  next: 0x84b9a80
Check point  2  addr: 0x84b9a80  time = [ 1.635784e-01 6.897934e-01 ]  next: 0x849d5b8
Check point  1  addr: 0x849d5b8  time = [ 4.612494e-05 1.635784e-01 ]  next: 0x80cfd30
Check point  0  addr: 0x80cfd30  time = [ 0.000000e+00 4.612494e-05 ]  next: (nil)

Create and allocate CVODES memory for backward run

Backward integration

Lambda(0,x,y) written to file cvakx.lambda

  int_x int_y lambda1(0,x,y) dx dy = 930.567 
  int_x int_y lambda2(0,x,y) dx dy = 905.77 
  int_x int_y lambda3(0,x,y) dx dy = 882.405 
  int_x int_y lambda4(0,x,y) dx dy = -0.00246783 
  int_x int_y lambda5(0,x,y) dx dy = -0.00240198 
  int_x int_y lambda6(0,x,y) dx dy = 0.16192 
