
3-species chemical kinetics problem

=====================================================================================
     T     Q       H      NST                    y1           y2           y3    
=====================================================================================
4.000e-01  2  9.709e-02    57
                                Solution         9.8516e-01   3.3862e-05   1.4802e-02 
-------------------------------------------------------------------------------------
4.000e+00  2  2.014e-01    83
                                Solution         9.0551e-01   2.2403e-05   9.4468e-02 
-------------------------------------------------------------------------------------
4.000e+01  4  3.500e+00   117
                                Solution         7.1580e-01   9.1835e-06   2.8420e-01 
-------------------------------------------------------------------------------------
4.000e+02  3  1.648e+01   172
                                Solution         4.5054e-01   3.2230e-06   5.4945e-01 
-------------------------------------------------------------------------------------
4.000e+03  4  4.316e+01   220
                                Solution         1.8319e-01   8.9413e-07   8.1681e-01 
-------------------------------------------------------------------------------------
4.000e+04  3  1.980e+03   303
                                Solution         3.8979e-02   1.6216e-07   9.6102e-01 
-------------------------------------------------------------------------------------
4.000e+05  3  2.057e+04   342
                                Solution         4.9400e-03   1.9857e-08   9.9506e-01 
-------------------------------------------------------------------------------------
4.000e+06  5  1.869e+05   384
                                Solution         5.1651e-04   2.0671e-09   9.9948e-01 
-------------------------------------------------------------------------------------
4.000e+07  4  2.010e+06   438
                                Solution         5.2015e-05   2.0807e-10   9.9995e-01 
-------------------------------------------------------------------------------------
4.000e+08  3  3.225e+07   471
                                Solution         5.2072e-06   2.0829e-11   9.9999e-01 
-------------------------------------------------------------------------------------
4.000e+09  3  4.600e+08   498
                                Solution         5.1058e-07   2.0423e-12   1.0000e-00 
-------------------------------------------------------------------------------------
4.000e+10  3  5.494e+09   515
                                Solution         4.5113e-08   1.8045e-13   1.0000e-00 
-------------------------------------------------------------------------------------


========================================================
Final Statistics
Sensitivity: NO

nst     =   515

nfe     =   754
netf    =    26    nsetups  =   110
nni     =   751    ncfn     =     0

njeD    =    12    nfeD     =     0
========================================================

****************************************************************


3-species chemical kinetics problem

=====================================================================================
     T     Q       H      NST                    y1           y2           y3    
=====================================================================================
4.000e-01  3  4.881e-02   115
                                Solution         9.8517e-01   3.3864e-05   1.4794e-02 
                                Sensitivity 1   -3.5595e-01   3.9025e-04   3.5556e-01 
                                Sensitivity 2    9.5431e-08  -2.1309e-10  -9.5218e-08 
                                Sensitivity 3   -1.5833e-11  -5.2900e-13   1.6362e-11 
-------------------------------------------------------------------------------------
4.000e+00  5  2.363e-01   138
                                Solution         9.0552e-01   2.2405e-05   9.4459e-02 
                                Sensitivity 1   -1.8761e+00   1.7922e-04   1.8759e+00 
                                Sensitivity 2    2.9614e-06  -5.8305e-10  -2.9608e-06 
                                Sensitivity 3   -4.9334e-10  -2.7626e-13   4.9362e-10 
-------------------------------------------------------------------------------------
4.000e+01  3  1.485e+00   219
                                Solution         7.1583e-01   9.1856e-06   2.8416e-01 
                                Sensitivity 1   -4.2475e+00   4.5913e-05   4.2475e+00 
                                Sensitivity 2    1.3731e-05  -2.3573e-10  -1.3730e-05 
                                Sensitivity 3   -2.2883e-09  -1.1380e-13   2.2884e-09 
-------------------------------------------------------------------------------------
4.000e+02  3  8.882e+00   331
                                Solution         4.5052e-01   3.2229e-06   5.4947e-01 
                                Sensitivity 1   -5.9584e+00   3.5431e-06   5.9584e+00 
                                Sensitivity 2    2.2738e-05  -2.2605e-11  -2.2738e-05 
                                Sensitivity 3   -3.7896e-09  -4.9948e-14   3.7897e-09 
-------------------------------------------------------------------------------------
4.000e+03  2  9.644e+01   474
                                Solution         1.8318e-01   8.9412e-07   8.1682e-01 
                                Sensitivity 1   -4.7500e+00  -5.9945e-06   4.7500e+00 
                                Sensitivity 2    1.8809e-05   2.3130e-11  -1.8809e-05 
                                Sensitivity 3   -3.1348e-09  -1.8758e-14   3.1348e-09 
-------------------------------------------------------------------------------------
4.000e+04  3  8.330e+02   561
                                Solution         3.8975e-02   1.6214e-07   9.6102e-01 
                                Sensitivity 1   -1.5748e+00  -2.7619e-06   1.5748e+00 
                                Sensitivity 2    6.2867e-06   1.1002e-11  -6.2867e-06 
                                Sensitivity 3   -1.0478e-09  -4.5361e-15   1.0478e-09 
-------------------------------------------------------------------------------------
4.000e+05  3  1.304e+04   619
                                Solution         4.9392e-03   1.9854e-08   9.9506e-01 
                                Sensitivity 1   -2.3640e-01  -4.5859e-07   2.3640e-01 
                                Sensitivity 2    9.4529e-07   1.8333e-12  -9.4529e-07 
                                Sensitivity 3   -1.5753e-10  -6.3634e-16   1.5753e-10 
-------------------------------------------------------------------------------------
4.000e+06  4  1.893e+05   671
                                Solution         5.1680e-04   2.0682e-09   9.9948e-01 
                                Sensitivity 1   -2.5663e-02  -5.1050e-08   2.5663e-02 
                                Sensitivity 2    1.0265e-07   2.0418e-13  -1.0265e-07 
                                Sensitivity 3   -1.7109e-11  -6.8508e-17   1.7109e-11 
-------------------------------------------------------------------------------------
4.000e+07  4  1.597e+06   724
                                Solution         5.2038e-05   2.0816e-10   9.9995e-01 
                                Sensitivity 1   -2.5993e-03  -5.1940e-09   2.5993e-03 
                                Sensitivity 2    1.0397e-08   2.0776e-14  -1.0397e-08 
                                Sensitivity 3   -1.7330e-12  -6.9327e-18   1.7330e-12 
-------------------------------------------------------------------------------------
4.000e+08  4  2.242e+07   768
                                Solution         5.2083e-06   2.0833e-11   9.9999e-01 
                                Sensitivity 1   -2.6037e-04  -5.2042e-10   2.6037e-04 
                                Sensitivity 2    1.0415e-09   2.0817e-15  -1.0415e-09 
                                Sensitivity 3   -1.7359e-13  -6.9437e-19   1.7359e-13 
-------------------------------------------------------------------------------------
4.000e+09  3  2.632e+08   813
                                Solution         5.2116e-07   2.0846e-12   1.0000e-00 
                                Sensitivity 1   -2.6075e-05  -5.2219e-11   2.6075e-05 
                                Sensitivity 2    1.0430e-10   2.0888e-16  -1.0430e-10 
                                Sensitivity 3   -1.7372e-14  -6.9486e-20   1.7372e-14 
-------------------------------------------------------------------------------------
4.000e+10  3  2.187e+09   836
                                Solution         2.7766e-08   1.1107e-13   1.0000e-00 
                                Sensitivity 1   -2.4992e-06  -7.2304e-12   2.4992e-06 
                                Sensitivity 2    9.9970e-12   2.8922e-17  -9.9970e-12 
                                Sensitivity 3   -9.2555e-16  -3.7022e-21   9.2556e-16 
-------------------------------------------------------------------------------------


========================================================
Final Statistics
Sensitivity: YES ( SIMULTANEOUS + FULL ERROR CONTROL )

nst     =   836

nfe     =  1149
netf    =    24    nsetups  =   134
nni     =  1146    ncfn     =     4

nfSe    =  3447    nfeS     =     0
netfs   =     0    nsetupsS =     0
nniS    =     0    ncfnS    =     0

njeD    =    24    nfeD     =     0
========================================================

****************************************************************


3-species chemical kinetics problem

=====================================================================================
     T     Q       H      NST                    y1           y2           y3    
=====================================================================================
4.000e-01  3  1.244e-01    66
                                Solution         9.8517e-01   3.3863e-05   1.4799e-02 
                                Sensitivity 1   -3.5617e-01   3.9022e-04   3.5578e-01 
                                Sensitivity 2    9.4714e-08  -2.1329e-10  -9.4501e-08 
                                Sensitivity 3   -1.5714e-11  -5.2896e-13   1.6242e-11 
-------------------------------------------------------------------------------------
4.000e+00  4  3.580e-01    81
                                Solution         9.0553e-01   2.2405e-05   9.4453e-02 
                                Sensitivity 1   -1.8757e+00   1.7923e-04   1.8756e+00 
                                Sensitivity 2    2.9622e-06  -5.8294e-10  -2.9616e-06 
                                Sensitivity 3   -4.9339e-10  -2.7631e-13   4.9367e-10 
-------------------------------------------------------------------------------------
4.000e+01  3  2.505e+00   111
                                Solution         7.1582e-01   9.1853e-06   2.8417e-01 
                                Sensitivity 1   -4.2476e+00   4.5913e-05   4.2476e+00 
                                Sensitivity 2    1.3731e-05  -2.3572e-10  -1.3731e-05 
                                Sensitivity 3   -2.2882e-09  -1.1379e-13   2.2883e-09 
-------------------------------------------------------------------------------------
4.000e+02  4  3.185e+01   140
                                Solution         4.5047e-01   3.2223e-06   5.4952e-01 
                                Sensitivity 1   -5.9587e+00   3.5360e-06   5.9587e+00 
                                Sensitivity 2    2.2741e-05  -2.2560e-11  -2.2741e-05 
                                Sensitivity 3   -3.7900e-09  -4.9945e-14   3.7901e-09 
-------------------------------------------------------------------------------------
4.000e+03  4  3.367e+02   185
                                Solution         1.8321e-01   8.9429e-07   8.1679e-01 
                                Sensitivity 1   -4.7501e+00  -5.9931e-06   4.7501e+00 
                                Sensitivity 2    1.8809e-05   2.3124e-11  -1.8809e-05 
                                Sensitivity 3   -3.1348e-09  -1.8759e-14   3.1349e-09 
-------------------------------------------------------------------------------------
4.000e+04  3  1.973e+03   231
                                Solution         3.8983e-02   1.6218e-07   9.6102e-01 
                                Sensitivity 1   -1.5749e+00  -2.7617e-06   1.5749e+00 
                                Sensitivity 2    6.2872e-06   1.1001e-11  -6.2872e-06 
                                Sensitivity 3   -1.0480e-09  -4.5368e-15   1.0480e-09 
-------------------------------------------------------------------------------------
4.000e+05  4  2.296e+04   270
                                Solution         4.9367e-03   1.9844e-08   9.9506e-01 
                                Sensitivity 1   -2.3620e-01  -4.5805e-07   2.3620e-01 
                                Sensitivity 2    9.4445e-07   1.8308e-12  -9.4445e-07 
                                Sensitivity 3   -1.5747e-10  -6.3609e-16   1.5747e-10 
-------------------------------------------------------------------------------------
4.000e+06  4  3.059e+05   310
                                Solution         5.1643e-04   2.0668e-09   9.9948e-01 
                                Sensitivity 1   -2.5675e-02  -5.1130e-08   2.5675e-02 
                                Sensitivity 2    1.0268e-07   2.0446e-13  -1.0268e-07 
                                Sensitivity 3   -1.7098e-11  -6.8462e-17   1.7098e-11 
-------------------------------------------------------------------------------------
4.000e+07  4  2.734e+06   344
                                Solution         5.2001e-05   2.0801e-10   9.9995e-01 
                                Sensitivity 1   -2.6156e-03  -5.2524e-09   2.6156e-03 
                                Sensitivity 2    1.0463e-08   2.1010e-14  -1.0463e-08 
                                Sensitivity 3   -1.7318e-12  -6.9278e-18   1.7318e-12 
-------------------------------------------------------------------------------------
4.000e+08  4  2.037e+07   376
                                Solution         5.2139e-06   2.0856e-11   9.9999e-01 
                                Sensitivity 1   -2.6063e-04  -5.2058e-10   2.6063e-04 
                                Sensitivity 2    1.0425e-09   2.0823e-15  -1.0425e-09 
                                Sensitivity 3   -1.7378e-13  -6.9512e-19   1.7378e-13 
-------------------------------------------------------------------------------------
4.000e+09  4  3.168e+08   403
                                Solution         5.2002e-07   2.0801e-12   1.0000e-00 
                                Sensitivity 1   -2.4560e-05  -4.6799e-11   2.4560e-05 
                                Sensitivity 2    9.8240e-11   1.8720e-16  -9.8240e-11 
                                Sensitivity 3   -1.7334e-14  -6.9335e-20   1.7334e-14 
-------------------------------------------------------------------------------------
4.000e+10  3  3.923e+09   427
                                Solution         5.2199e-08   2.0880e-13   1.0000e-00 
                                Sensitivity 1   -2.7039e-06  -5.6923e-12   2.7039e-06 
                                Sensitivity 2    1.0815e-11   2.2769e-17  -1.0815e-11 
                                Sensitivity 3   -1.7400e-15  -6.9599e-21   1.7400e-15 
-------------------------------------------------------------------------------------


========================================================
Final Statistics
Sensitivity: YES ( SIMULTANEOUS + PARTIAL ERROR CONTROL )

nst     =   427

nfe     =   917
netf    =     9    nsetups  =   119
nni     =   914    ncfn     =     7

nfSe    =  2745    nfeS     =     0
netfs   =     0    nsetupsS =     0
nniS    =     0    ncfnS    =     0

njeD    =    30    nfeD     =     0
========================================================

****************************************************************


3-species chemical kinetics problem

=====================================================================================
     T     Q       H      NST                    y1           y2           y3    
=====================================================================================
4.000e-01  3  4.937e-02   103
                                Solution         9.8517e-01   3.3864e-05   1.4794e-02 
                                Sensitivity 1   -3.5595e-01   3.9025e-04   3.5556e-01 
                                Sensitivity 2    9.5428e-08  -2.1310e-10  -9.5214e-08 
                                Sensitivity 3   -1.5832e-11  -5.2900e-13   1.6361e-11 
-------------------------------------------------------------------------------------
4.000e+00  5  2.999e-01   124
                                Solution         9.0552e-01   2.2405e-05   9.4460e-02 
                                Sensitivity 1   -1.8761e+00   1.7921e-04   1.8759e+00 
                                Sensitivity 2    2.9612e-06  -5.8307e-10  -2.9607e-06 
                                Sensitivity 3   -4.9332e-10  -2.7626e-13   4.9360e-10 
-------------------------------------------------------------------------------------
4.000e+01  3  4.842e-01   262
                                Solution         7.1582e-01   9.1852e-06   2.8417e-01 
                                Sensitivity 1   -4.2476e+00   4.5914e-05   4.2476e+00 
                                Sensitivity 2    1.3731e-05  -2.3571e-10  -1.3731e-05 
                                Sensitivity 3   -2.2883e-09  -1.1380e-13   2.2885e-09 
-------------------------------------------------------------------------------------
4.000e+02  3  6.266e+00   424
                                Solution         4.5051e-01   3.2228e-06   5.4949e-01 
                                Sensitivity 1   -5.9584e+00   3.5417e-06   5.9584e+00 
                                Sensitivity 2    2.2738e-05  -2.2598e-11  -2.2738e-05 
                                Sensitivity 3   -3.7897e-09  -4.9947e-14   3.7898e-09 
-------------------------------------------------------------------------------------
4.000e+03  3  2.099e+02   619
                                Solution         1.8319e-01   8.9413e-07   8.1681e-01 
                                Sensitivity 1   -4.7500e+00  -5.9947e-06   4.7500e+00 
                                Sensitivity 2    1.8809e-05   2.3131e-11  -1.8809e-05 
                                Sensitivity 3   -3.1348e-09  -1.8757e-14   3.1348e-09 
-------------------------------------------------------------------------------------
4.000e+04  4  2.257e+03   689
                                Solution         3.8980e-02   1.6216e-07   9.6102e-01 
                                Sensitivity 1   -1.5749e+00  -2.7619e-06   1.5749e+00 
                                Sensitivity 2    6.2872e-06   1.1002e-11  -6.2872e-06 
                                Sensitivity 3   -1.0479e-09  -4.5365e-15   1.0479e-09 
-------------------------------------------------------------------------------------
4.000e+05  4  2.165e+04   740
                                Solution         4.9384e-03   1.9850e-08   9.9506e-01 
                                Sensitivity 1   -2.3633e-01  -4.5838e-07   2.3633e-01 
                                Sensitivity 2    9.4487e-07   1.8318e-12  -9.4487e-07 
                                Sensitivity 3   -1.5750e-10  -6.3623e-16   1.5750e-10 
-------------------------------------------------------------------------------------
4.000e+06  4  2.085e+05   808
                                Solution         5.1675e-04   2.0681e-09   9.9948e-01 
                                Sensitivity 1   -2.5656e-02  -5.1026e-08   2.5656e-02 
                                Sensitivity 2    1.0262e-07   2.0411e-13  -1.0262e-07 
                                Sensitivity 3   -1.7113e-11  -6.8522e-17   1.7113e-11 
-------------------------------------------------------------------------------------
4.000e+07  4  1.893e+06   858
                                Solution         5.2051e-05   2.0822e-10   9.9995e-01 
                                Sensitivity 1   -2.5990e-03  -5.1917e-09   2.5990e-03 
                                Sensitivity 2    1.0396e-08   2.0767e-14  -1.0396e-08 
                                Sensitivity 3   -1.7331e-12  -6.9332e-18   1.7331e-12 
-------------------------------------------------------------------------------------
4.000e+08  4  3.081e+07   898
                                Solution         5.2031e-06   2.0813e-11   9.9999e-01 
                                Sensitivity 1   -2.6014e-04  -5.2026e-10   2.6014e-04 
                                Sensitivity 2    1.0406e-09   2.0811e-15  -1.0406e-09 
                                Sensitivity 3   -1.7325e-13  -6.9300e-19   1.7325e-13 
-------------------------------------------------------------------------------------
4.000e+09  4  5.698e+08   942
                                Solution         5.1603e-07   2.0641e-12   1.0000e-00 
                                Sensitivity 1   -2.5847e-05  -5.1786e-11   2.5847e-05 
                                Sensitivity 2    1.0339e-10   2.0714e-16  -1.0339e-10 
                                Sensitivity 3   -1.7243e-14  -6.8972e-20   1.7243e-14 
-------------------------------------------------------------------------------------
4.000e+10  5  2.373e+09   994
                                Solution         4.9227e-08   1.9691e-13   1.0000e-00 
                                Sensitivity 1   -2.7094e-06  -5.9149e-12   2.7094e-06 
                                Sensitivity 2    1.0838e-11   2.3660e-17  -1.0838e-11 
                                Sensitivity 3   -1.8249e-15  -7.2995e-21   1.8249e-15 
-------------------------------------------------------------------------------------


========================================================
Final Statistics
Sensitivity: YES ( STAGGERED + FULL ERROR CONTROL )

nst     =   994

nfe     =  2288
netf    =     0    nsetups  =   195
nni     =  1215    ncfn     =     0

nfSe    =  4434    nfeS     =     0
netfs   =    76    nsetupsS =     0
nniS    =  1475    ncfnS    =     0

njeD    =    18    nfeD     =     0
========================================================

****************************************************************


3-species chemical kinetics problem

=====================================================================================
     T     Q       H      NST                    y1           y2           y3    
=====================================================================================
4.000e-01  3  1.205e-01    59
                                Solution         9.8517e-01   3.3863e-05   1.4797e-02 
                                Sensitivity 1   -3.5611e-01   3.9023e-04   3.5572e-01 
                                Sensitivity 2    9.4831e-08  -2.1325e-10  -9.4618e-08 
                                Sensitivity 3   -1.5733e-11  -5.2897e-13   1.6262e-11 
-------------------------------------------------------------------------------------
4.000e+00  4  5.316e-01    74
                                Solution         9.0552e-01   2.2404e-05   9.4461e-02 
                                Sensitivity 1   -1.8761e+00   1.7922e-04   1.8760e+00 
                                Sensitivity 2    2.9612e-06  -5.8308e-10  -2.9606e-06 
                                Sensitivity 3   -4.9330e-10  -2.7624e-13   4.9357e-10 
-------------------------------------------------------------------------------------
4.000e+01  3  1.445e+00   116
                                Solution         7.1584e-01   9.1854e-06   2.8415e-01 
                                Sensitivity 1   -4.2474e+00   4.5928e-05   4.2473e+00 
                                Sensitivity 2    1.3730e-05  -2.3573e-10  -1.3729e-05 
                                Sensitivity 3   -2.2883e-09  -1.1380e-13   2.2884e-09 
-------------------------------------------------------------------------------------
4.000e+02  3  1.605e+01   164
                                Solution         4.5054e-01   3.2228e-06   5.4946e-01 
                                Sensitivity 1   -5.9582e+00   3.5498e-06   5.9582e+00 
                                Sensitivity 2    2.2737e-05  -2.2593e-11  -2.2737e-05 
                                Sensitivity 3   -3.7895e-09  -4.9947e-14   3.7896e-09 
-------------------------------------------------------------------------------------
4.000e+03  3  1.474e+02   227
                                Solution         1.8321e-01   8.9422e-07   8.1679e-01 
                                Sensitivity 1   -4.7501e+00  -5.9934e-06   4.7501e+00 
                                Sensitivity 2    1.8809e-05   2.3126e-11  -1.8809e-05 
                                Sensitivity 3   -3.1348e-09  -1.8759e-14   3.1348e-09 
-------------------------------------------------------------------------------------
4.000e+04  3  2.331e+03   307
                                Solution         3.8978e-02   1.6215e-07   9.6102e-01 
                                Sensitivity 1   -1.5749e+00  -2.7623e-06   1.5749e+00 
                                Sensitivity 2    6.2868e-06   1.1001e-11  -6.2868e-06 
                                Sensitivity 3   -1.0479e-09  -4.5364e-15   1.0479e-09 
-------------------------------------------------------------------------------------
4.000e+05  3  2.342e+04   349
                                Solution         4.9410e-03   1.9861e-08   9.9506e-01 
                                Sensitivity 1   -2.3638e-01  -4.5834e-07   2.3638e-01 
                                Sensitivity 2    9.4515e-07   1.8319e-12  -9.4515e-07 
                                Sensitivity 3   -1.5757e-10  -6.3653e-16   1.5757e-10 
-------------------------------------------------------------------------------------
4.000e+06  4  1.723e+05   391
                                Solution         5.1690e-04   2.0686e-09   9.9948e-01 
                                Sensitivity 1   -2.5662e-02  -5.1036e-08   2.5662e-02 
                                Sensitivity 2    1.0264e-07   2.0412e-13  -1.0264e-07 
                                Sensitivity 3   -1.7110e-11  -6.8509e-17   1.7110e-11 
-------------------------------------------------------------------------------------
4.000e+07  4  4.952e+06   439
                                Solution         5.1984e-05   2.0795e-10   9.9995e-01 
                                Sensitivity 1   -2.5970e-03  -5.1903e-09   2.5970e-03 
                                Sensitivity 2    1.0388e-08   2.0761e-14  -1.0388e-08 
                                Sensitivity 3   -1.7312e-12  -6.9256e-18   1.7312e-12 
-------------------------------------------------------------------------------------
4.000e+08  3  2.444e+07   491
                                Solution         5.2121e-06   2.0849e-11   9.9999e-01 
                                Sensitivity 1   -2.6067e-04  -5.2146e-10   2.6067e-04 
                                Sensitivity 2    1.0427e-09   2.0858e-15  -1.0427e-09 
                                Sensitivity 3   -1.7385e-13  -6.9541e-19   1.7385e-13 
-------------------------------------------------------------------------------------
4.000e+09  4  1.450e+08   525
                                Solution         5.0539e-07   2.0216e-12   1.0000e-00 
                                Sensitivity 1   -2.6111e-05  -5.3906e-11   2.6111e-05 
                                Sensitivity 2    1.0445e-10   2.1562e-16  -1.0445e-10 
                                Sensitivity 3   -1.7437e-14  -6.9746e-20   1.7437e-14 
-------------------------------------------------------------------------------------
4.000e+10  5  7.934e+08   579
                                Solution         5.9422e-08   2.3769e-13   1.0000e-00 
                                Sensitivity 1   -2.8267e-06  -5.3645e-12   2.8267e-06 
                                Sensitivity 2    1.1307e-11   2.1458e-17  -1.1307e-11 
                                Sensitivity 3   -1.7387e-15  -6.9549e-21   1.7387e-15 
-------------------------------------------------------------------------------------


========================================================
Final Statistics
Sensitivity: YES ( STAGGERED + PARTIAL ERROR CONTROL )

nst     =   579

nfe     =  1379
netf    =    25    nsetups  =   109
nni     =   797    ncfn     =     0

nfSe    =  2832    nfeS     =     0
netfs   =     0    nsetupsS =     3
nniS    =   943    ncfnS    =     0

njeD    =    11    nfeD     =     0
========================================================

****************************************************************


3-species chemical kinetics problem

=====================================================================================
     T     Q       H      NST                    y1           y2           y3    
=====================================================================================
4.000e-01  3  5.346e-02   105
                                Solution         9.8517e-01   3.3864e-05   1.4794e-02 
                                Sensitivity 1   -3.5595e-01   3.9025e-04   3.5556e-01 
                                Sensitivity 2    9.5428e-08  -2.1310e-10  -9.5215e-08 
                                Sensitivity 3   -1.5833e-11  -5.2901e-13   1.6362e-11 
-------------------------------------------------------------------------------------
4.000e+00  4  2.676e-01   140
                                Solution         9.0552e-01   2.2405e-05   9.4457e-02 
                                Sensitivity 1   -1.8760e+00   1.7923e-04   1.8758e+00 
                                Sensitivity 2    2.9615e-06  -5.8302e-10  -2.9610e-06 
                                Sensitivity 3   -4.9337e-10  -2.7627e-13   4.9364e-10 
-------------------------------------------------------------------------------------
4.000e+01  2  1.483e+00   256
                                Solution         7.1582e-01   9.1851e-06   2.8417e-01 
                                Sensitivity 1   -4.2477e+00   4.5907e-05   4.2476e+00 
                                Sensitivity 2    1.3732e-05  -2.3569e-10  -1.3731e-05 
                                Sensitivity 3   -2.2885e-09  -1.1380e-13   2.2886e-09 
-------------------------------------------------------------------------------------
4.000e+02  2  8.856e+00   386
                                Solution         4.5047e-01   3.2223e-06   5.4953e-01 
                                Sensitivity 1   -5.9588e+00   3.5358e-06   5.9588e+00 
                                Sensitivity 2    2.2740e-05  -2.2567e-11  -2.2740e-05 
                                Sensitivity 3   -3.7900e-09  -4.9944e-14   3.7901e-09 
-------------------------------------------------------------------------------------
4.000e+03  3  1.673e+02   533
                                Solution         1.8317e-01   8.9408e-07   8.1683e-01 
                                Sensitivity 1   -4.7500e+00  -5.9955e-06   4.7500e+00 
                                Sensitivity 2    1.8809e-05   2.3132e-11  -1.8809e-05 
                                Sensitivity 3   -3.1348e-09  -1.8757e-14   3.1348e-09 
-------------------------------------------------------------------------------------
4.000e+04  3  1.994e+03   629
                                Solution         3.8992e-02   1.6221e-07   9.6101e-01 
                                Sensitivity 1   -1.5752e+00  -2.7620e-06   1.5752e+00 
                                Sensitivity 2    6.2882e-06   1.1002e-11  -6.2882e-06 
                                Sensitivity 3   -1.0480e-09  -4.5372e-15   1.0480e-09 
-------------------------------------------------------------------------------------
4.000e+05  4  1.219e+04   678
                                Solution         4.9392e-03   1.9853e-08   9.9506e-01 
                                Sensitivity 1   -2.3634e-01  -4.5834e-07   2.3634e-01 
                                Sensitivity 2    9.4507e-07   1.8324e-12  -9.4507e-07 
                                Sensitivity 3   -1.5753e-10  -6.3636e-16   1.5753e-10 
-------------------------------------------------------------------------------------
4.000e+06  5  9.487e+04   735
                                Solution         5.1683e-04   2.0684e-09   9.9948e-01 
                                Sensitivity 1   -2.5661e-02  -5.1039e-08   2.5661e-02 
                                Sensitivity 2    1.0262e-07   2.0408e-13  -1.0262e-07 
                                Sensitivity 3   -1.7111e-11  -6.8512e-17   1.7111e-11 
-------------------------------------------------------------------------------------
4.000e+07  4  1.995e+06   788
                                Solution         5.2060e-05   2.0825e-10   9.9995e-01 
                                Sensitivity 1   -2.5995e-03  -5.1927e-09   2.5995e-03 
                                Sensitivity 2    1.0395e-08   2.0760e-14  -1.0395e-08 
                                Sensitivity 3   -1.7340e-12  -6.9367e-18   1.7340e-12 
-------------------------------------------------------------------------------------
4.000e+08  5  2.372e+07   835
                                Solution         5.2135e-06   2.0854e-11   9.9999e-01 
                                Sensitivity 1   -2.6031e-04  -5.1992e-10   2.6031e-04 
                                Sensitivity 2    1.0412e-09   2.0793e-15  -1.0412e-09 
                                Sensitivity 3   -1.7376e-13  -6.9506e-19   1.7376e-13 
-------------------------------------------------------------------------------------
4.000e+09  3  4.792e+08   895
                                Solution         5.1887e-07   2.0755e-12   1.0000e-00 
                                Sensitivity 1   -2.6036e-05  -5.2257e-11   2.6036e-05 
                                Sensitivity 2    1.0415e-10   2.0906e-16  -1.0415e-10 
                                Sensitivity 3   -1.7316e-14  -6.9265e-20   1.7316e-14 
-------------------------------------------------------------------------------------
4.000e+10  3  1.237e+09   930
                                Solution         5.1573e-08   2.0629e-13   1.0000e-00 
                                Sensitivity 1   -2.6619e-06  -5.4902e-12   2.6619e-06 
                                Sensitivity 2    1.0763e-11   2.2422e-17  -1.0763e-11 
                                Sensitivity 3   -1.7339e-15  -6.9354e-21   1.7339e-15 
-------------------------------------------------------------------------------------


========================================================
Final Statistics
Sensitivity: YES ( STAGGERED1 + FULL ERROR CONTROL )

nst     =   930

nfe     =  2104
netf    =     0    nsetups  =   182
nni     =  1105    ncfn     =     0

nfSe    =  3564    nfeS     =     0
netfs   =    66    nsetupsS =     0
nniS    =  3555    ncfnS    =     0

njeD    =    17    nfeD     =     0
========================================================

****************************************************************


3-species chemical kinetics problem

=====================================================================================
     T     Q       H      NST                    y1           y2           y3    
=====================================================================================
4.000e-01  2  9.709e-02    57
                                Solution         9.8516e-01   3.3862e-05   1.4802e-02 
                                Sensitivity 1   -3.5635e-01   3.9018e-04   3.5596e-01 
                                Sensitivity 2    9.4076e-08  -2.1346e-10  -9.3863e-08 
                                Sensitivity 3   -1.5607e-11  -5.2892e-13   1.6136e-11 
-------------------------------------------------------------------------------------
4.000e+00  2  2.014e-01    83
                                Solution         9.0551e-01   2.2403e-05   9.4468e-02 
                                Sensitivity 1   -1.8764e+00   1.7918e-04   1.8762e+00 
                                Sensitivity 2    2.9611e-06  -5.8314e-10  -2.9605e-06 
                                Sensitivity 3   -4.9325e-10  -2.7622e-13   4.9353e-10 
-------------------------------------------------------------------------------------
4.000e+01  4  3.500e+00   117
                                Solution         7.1580e-01   9.1835e-06   2.8420e-01 
                                Sensitivity 1   -4.2478e+00   4.5920e-05   4.2477e+00 
                                Sensitivity 2    1.3733e-05  -2.3563e-10  -1.3733e-05 
                                Sensitivity 3   -2.2884e-09  -1.1377e-13   2.2885e-09 
-------------------------------------------------------------------------------------
4.000e+02  3  2.077e+01   205
                                Solution         4.5053e-01   3.2230e-06   5.4946e-01 
                                Sensitivity 1   -5.9582e+00   3.5478e-06   5.9582e+00 
                                Sensitivity 2    2.2737e-05  -2.2606e-11  -2.2737e-05 
                                Sensitivity 3   -3.7896e-09  -4.9953e-14   3.7897e-09 
-------------------------------------------------------------------------------------
4.000e+03  3  2.085e+02   250
                                Solution         1.8323e-01   8.9439e-07   8.1677e-01 
                                Sensitivity 1   -4.7501e+00  -5.9917e-06   4.7501e+00 
                                Sensitivity 2    1.8809e-05   2.3118e-11  -1.8809e-05 
                                Sensitivity 3   -3.1350e-09  -1.8761e-14   3.1350e-09 
-------------------------------------------------------------------------------------
4.000e+04  4  2.674e+03   309
                                Solution         3.8987e-02   1.6219e-07   9.6101e-01 
                                Sensitivity 1   -1.5751e+00  -2.7620e-06   1.5751e+00 
                                Sensitivity 2    6.2881e-06   1.1003e-11  -6.2881e-06 
                                Sensitivity 3   -1.0480e-09  -4.5370e-15   1.0480e-09 
-------------------------------------------------------------------------------------
4.000e+05  4  2.285e+04   354
                                Solution         4.9377e-03   1.9847e-08   9.9506e-01 
                                Sensitivity 1   -2.3615e-01  -4.5772e-07   2.3615e-01 
                                Sensitivity 2    9.4436e-07   1.8301e-12  -9.4436e-07 
                                Sensitivity 3   -1.5753e-10  -6.3634e-16   1.5753e-10 
-------------------------------------------------------------------------------------
4.000e+06  3  1.945e+05   394
                                Solution         5.1688e-04   2.0686e-09   9.9948e-01 
                                Sensitivity 1   -2.5674e-02  -5.1086e-08   2.5674e-02 
                                Sensitivity 2    1.0269e-07   2.0431e-13  -1.0269e-07 
                                Sensitivity 3   -1.7115e-11  -6.8532e-17   1.7116e-11 
-------------------------------------------------------------------------------------
4.000e+07  3  2.581e+06   434
                                Solution         5.2042e-05   2.0818e-10   9.9995e-01 
                                Sensitivity 1   -2.6007e-03  -5.1996e-09   2.6007e-03 
                                Sensitivity 2    1.0403e-08   2.0799e-14  -1.0403e-08 
                                Sensitivity 3   -1.7334e-12  -6.9343e-18   1.7334e-12 
-------------------------------------------------------------------------------------
4.000e+08  5  1.095e+07   477
                                Solution         5.2252e-06   2.0901e-11   9.9999e-01 
                                Sensitivity 1   -2.6055e-04  -5.1969e-10   2.6055e-04 
                                Sensitivity 2    1.0417e-09   2.0769e-15  -1.0417e-09 
                                Sensitivity 3   -1.7463e-13  -6.9852e-19   1.7463e-13 
-------------------------------------------------------------------------------------
4.000e+09  4  3.741e+08   523
                                Solution         5.1675e-07   2.0670e-12   1.0000e-00 
                                Sensitivity 1   -2.5557e-05  -5.0552e-11   2.5557e-05 
                                Sensitivity 2    1.0094e-10   1.9705e-16  -1.0094e-10 
                                Sensitivity 3   -2.0432e-14  -8.1728e-20   2.0432e-14 
-------------------------------------------------------------------------------------
4.000e+10  4  8.103e+09   555
                                Solution         5.2644e-08   2.1057e-13   1.0000e-00 
                                Sensitivity 1   -2.6223e-06  -5.2648e-12   2.6223e-06 
                                Sensitivity 2    1.0729e-11   2.2020e-17  -1.0730e-11 
                                Sensitivity 3   -1.7146e-15  -6.8586e-21   1.7147e-15 
-------------------------------------------------------------------------------------


========================================================
Final Statistics
Sensitivity: YES ( STAGGERED1 + PARTIAL ERROR CONTROL )

nst     =   555

nfe     =  1339
netf    =    22    nsetups  =   109
nni     =   781    ncfn     =     0

nfSe    =  2351    nfeS     =     0
netfs   =     0    nsetupsS =     4
nniS    =  2348    ncfnS    =     0

njeD    =    12    nfeD     =     0
========================================================
