
2-species diurnal advection-diffusion problem

========================================================================
     T     Q       H      NST                    Bottom left  Top right 
========================================================================
7.200e+03  5  1.504e+02   193
                                Solution         1.0593e+04   1.1152e+04 
                                                 2.5567e+11   2.6917e+11 
------------------------------------------------------------------------
1.440e+04  5  3.433e+02   226
                                Solution         6.9172e+06   7.2517e+06 
                                                 2.6829e+11   2.8137e+11 
------------------------------------------------------------------------
2.160e+04  5  3.931e+02   251
                                Solution         2.7558e+07   2.9196e+07 
                                                 3.1024e+11   3.3000e+11 
------------------------------------------------------------------------
2.880e+04  5  3.931e+02   269
                                Solution         8.9631e+06   9.8602e+06 
                                                 3.4824e+11   3.8331e+11 
------------------------------------------------------------------------
3.600e+04  5  1.546e+02   292
                                Solution         1.4433e+04   1.6660e+04 
                                                 3.4814e+11   4.0186e+11 
------------------------------------------------------------------------
4.320e+04  4  3.112e+02   345
                                Solution        -5.0189e-07  -7.0194e-07 
                                                 3.4900e+11   4.0867e+11 
------------------------------------------------------------------------
5.040e+04  5  5.074e+02   366
                                Solution         3.1363e-09  -4.3983e-09 
                                                 3.5570e+11   4.1225e+11 
------------------------------------------------------------------------
5.760e+04  5  5.074e+02   380
                                Solution         1.7985e-10  -2.4446e-10 
                                                 3.6425e+11   4.1628e+11 
------------------------------------------------------------------------
6.480e+04  5  5.074e+02   394
                                Solution         1.3696e-11  -1.8685e-11 
                                                 3.6334e+11   4.2182e+11 
------------------------------------------------------------------------
7.200e+04  5  5.074e+02   408
                                Solution         9.3096e-13  -1.2744e-12 
                                                 3.6192e+11   4.3354e+11 
------------------------------------------------------------------------
7.920e+04  5  5.074e+02   422
                                Solution         3.7060e-14  -5.0865e-14 
                                                 3.6148e+11   4.4474e+11 
------------------------------------------------------------------------
8.640e+04  5  5.074e+02   437
                                Solution         5.6771e-16  -7.9226e-16 
                                                 3.6318e+11   4.4524e+11 
------------------------------------------------------------------------


========================================================
Final Statistics
Sensitivity: NO

nst     =   437

nfe     =   535
netf    =    18    nsetups  =    59
nni     =   532    ncfn     =     0

nli     =   657    ncfl     =     0
npe     =     8    nps      =  1140
========================================================

****************************************************************


2-species diurnal advection-diffusion problem

========================================================================
     T     Q       H      NST                    Bottom left  Top right 
========================================================================
7.200e+03  3  3.443e+01   330
                                Solution         1.0593e+04   1.1152e+04 
                                                 2.5567e+11   2.6917e+11 
                                ----------------------------------------
                                Sensitivity 1   -6.4963e+19  -6.8394e+19 
                                                 7.2120e+19   7.6304e+19 
                                ----------------------------------------
                                Sensitivity 2   -4.4900e+14  -4.9768e+14 
                                                -2.5039e+18  -2.7671e+18 
------------------------------------------------------------------------
1.440e+04  3  7.186e+01   573
                                Solution         6.9172e+06   7.2517e+06 
                                                 2.6829e+11   2.8137e+11 
                                ----------------------------------------
                                Sensitivity 1   -4.2432e+22  -4.4483e+22 
                                                 6.2762e+22   6.6563e+22 
                                ----------------------------------------
                                Sensitivity 2   -4.8955e+17  -5.3580e+17 
                                                -7.1115e+21  -7.7236e+21 
------------------------------------------------------------------------
2.160e+04  2  1.844e+01   990
                                Solution         2.7558e+07   2.9196e+07 
                                                 3.1024e+11   3.3000e+11 
                                ----------------------------------------
                                Sensitivity 1   -1.6903e+23  -1.7907e+23 
                                                 4.0588e+23   4.4683e+23 
                                ----------------------------------------
                                Sensitivity 2   -8.2851e+18  -9.3611e+18 
                                                -8.2852e+22  -9.3662e+22 
------------------------------------------------------------------------
2.880e+04  3  5.189e+01  1197
                                Solution         8.9631e+06   9.8602e+06 
                                                 3.4824e+11   3.8331e+11 
                                ----------------------------------------
                                Sensitivity 1   -5.4975e+22  -6.0476e+22 
                                                 5.8239e+23   7.0578e+23 
                                ----------------------------------------
                                Sensitivity 2   -5.2367e+18  -6.4007e+18 
                                                -1.8450e+23  -2.2574e+23 
------------------------------------------------------------------------
3.600e+04  4  1.569e+01  1281
                                Solution         1.4433e+04   1.6660e+04 
                                                 3.4814e+11   4.0186e+11 
                                ----------------------------------------
                                Sensitivity 1   -8.8547e+19  -1.0220e+20 
                                                 5.6473e+23   7.6273e+23 
                                ----------------------------------------
                                Sensitivity 2   -9.0220e+15  -1.2170e+16 
                                                -1.9753e+23  -2.6679e+23 
------------------------------------------------------------------------
4.320e+04  4  4.225e+02  1517
                                Solution        -5.0041e-10  -5.1072e-10 
                                                 3.4900e+11   4.0867e+11 
                                ----------------------------------------
                                Sensitivity 1   -3.7103e+08  -4.5318e+08 
                                                 5.7083e+23   7.9553e+23 
                                ----------------------------------------
                                Sensitivity 2   -3.0884e+03  -4.4848e+03 
                                                -1.9969e+23  -2.7830e+23 
------------------------------------------------------------------------
5.040e+04  4  4.225e+02  1534
                                Solution         1.5159e-10   1.6589e-10 
                                                 3.5570e+11   4.1225e+11 
                                ----------------------------------------
                                Sensitivity 1   -9.7234e+05  -1.0437e+06 
                                                 5.9552e+23   8.1823e+23 
                                ----------------------------------------
                                Sensitivity 2   -2.1326e+02  -2.5722e+02 
                                                -2.0833e+23  -2.8624e+23 
------------------------------------------------------------------------
5.760e+04  4  1.680e+02  1562
                                Solution         1.6597e-09   4.6687e-09 
                                                 3.6425e+11   4.1628e+11 
                                ----------------------------------------
                                Sensitivity 1   -1.6358e+09  -4.6153e+09 
                                                 6.2592e+23   8.4334e+23 
                                ----------------------------------------
                                Sensitivity 2   -5.3997e+04  -1.7146e+05 
                                                -2.1896e+23  -2.9502e+23 
------------------------------------------------------------------------
6.480e+04  4  9.207e+01  1625
                                Solution         2.3344e-09   7.3507e-09 
                                                 3.6334e+11   4.2182e+11 
                                ----------------------------------------
                                Sensitivity 1    8.1347e+09   2.4972e+10 
                                                 6.2461e+23   8.7310e+23 
                                ----------------------------------------
                                Sensitivity 2   -1.1505e+05  -2.8913e+05 
                                                -2.1850e+23  -3.0543e+23 
------------------------------------------------------------------------
7.200e+04  4  4.615e+02  1675
                                Solution         6.8641e-14   2.4931e-13 
                                                 3.6192e+11   4.3354e+11 
                                ----------------------------------------
                                Sensitivity 1    5.8051e+04   1.9418e+05 
                                                 6.2310e+23   9.2796e+23 
                                ----------------------------------------
                                Sensitivity 2    2.1822e+02   6.6426e+02 
                                                -2.1798e+23  -3.2463e+23 
------------------------------------------------------------------------
7.920e+04  4  4.615e+02  1691
                                Solution         1.4952e-17   5.3227e-17 
                                                 3.6148e+11   4.4474e+11 
                                ----------------------------------------
                                Sensitivity 1   -8.3537e+01  -3.0066e+02 
                                                 6.2481e+23   9.8067e+23 
                                ----------------------------------------
                                Sensitivity 2   -4.8109e-02  -1.4793e-01 
                                                -2.1858e+23  -3.4306e+23 
------------------------------------------------------------------------
8.640e+04  4  4.615e+02  1706
                                Solution         1.9413e-19   6.3493e-19 
                                                 3.6318e+11   4.4524e+11 
                                ----------------------------------------
                                Sensitivity 1    4.7181e-02   1.7146e-01 
                                                 6.3248e+23   9.8819e+23 
                                ----------------------------------------
                                Sensitivity 2   -1.3356e-06  -3.9318e-06 
                                                -2.2126e+23  -3.4570e+23 
------------------------------------------------------------------------


========================================================
Final Statistics
Sensitivity: YES ( SIMULTANEOUS + FULL ERROR CONTROL )

nst     =  1706

nfe     =  2333
netf    =    87    nsetups  =   267
nni     =  2331    ncfn     =     4

nfSe    =  4666    nfeS     =  9332
netfs   =     0    nsetupsS =     0
nniS    =     0    ncfnS    =     0

nli     =  5489    ncfl     =     0
npe     =    37    nps      = 11527
========================================================

****************************************************************


2-species diurnal advection-diffusion problem

========================================================================
     T     Q       H      NST                    Bottom left  Top right 
========================================================================
7.200e+03  5  1.504e+02   193
                                Solution         1.0593e+04   1.1152e+04 
                                                 2.5567e+11   2.6917e+11 
                                ----------------------------------------
                                Sensitivity 1   -6.4963e+19  -6.8394e+19 
                                                 7.2121e+19   7.6304e+19 
                                ----------------------------------------
                                Sensitivity 2   -4.4900e+14  -4.9768e+14 
                                                -2.5040e+18  -2.7672e+18 
------------------------------------------------------------------------
1.440e+04  5  3.433e+02   226
                                Solution         6.9172e+06   7.2517e+06 
                                                 2.6829e+11   2.8137e+11 
                                ----------------------------------------
                                Sensitivity 1   -4.2432e+22  -4.4483e+22 
                                                 6.2762e+22   6.6563e+22 
                                ----------------------------------------
                                Sensitivity 2   -4.8955e+17  -5.3580e+17 
                                                -7.1115e+21  -7.7235e+21 
------------------------------------------------------------------------
2.160e+04  4  3.180e+02   257
                                Solution         2.7558e+07   2.9196e+07 
                                                 3.1024e+11   3.3000e+11 
                                ----------------------------------------
                                Sensitivity 1   -1.6903e+23  -1.7907e+23 
                                                 4.0588e+23   4.4682e+23 
                                ----------------------------------------
                                Sensitivity 2   -8.2850e+18  -9.3610e+18 
                                                -8.2851e+22  -9.3661e+22 
------------------------------------------------------------------------
2.880e+04  4  3.180e+02   280
                                Solution         8.9631e+06   9.8602e+06 
                                                 3.4824e+11   3.8331e+11 
                                ----------------------------------------
                                Sensitivity 1   -5.4976e+22  -6.0476e+22 
                                                 5.8240e+23   7.0579e+23 
                                ----------------------------------------
                                Sensitivity 2   -5.2367e+18  -6.4007e+18 
                                                -1.8450e+23  -2.2575e+23 
------------------------------------------------------------------------
3.600e+04  4  1.522e+02   310
                                Solution         1.4433e+04   1.6660e+04 
                                                 3.4814e+11   4.0186e+11 
                                ----------------------------------------
                                Sensitivity 1   -8.8546e+19  -1.0220e+20 
                                                 5.6474e+23   7.6273e+23 
                                ----------------------------------------
                                Sensitivity 2   -9.0220e+15  -1.2170e+16 
                                                -1.9753e+23  -2.6679e+23 
------------------------------------------------------------------------
4.320e+04  3  4.684e+02   383
                                Solution        -7.1492e-09  -2.0279e-08 
                                                 3.4900e+11   4.0867e+11 
                                ----------------------------------------
                                Sensitivity 1   -9.2184e+09  -1.0776e+10 
                                                 5.7083e+23   7.9553e+23 
                                ----------------------------------------
                                Sensitivity 2   -1.7234e+06  -2.1478e+06 
                                                -1.9969e+23  -2.7830e+23 
------------------------------------------------------------------------
5.040e+04  4  4.478e+02   401
                                Solution         3.2969e-08   3.6982e-08 
                                                 3.5570e+11   4.1225e+11 
                                ----------------------------------------
                                Sensitivity 1   -6.6161e+08  -6.1327e+08 
                                                 5.9552e+23   8.1823e+23 
                                ----------------------------------------
                                Sensitivity 2   -5.0741e+04  -6.1608e+04 
                                                -2.0833e+23  -2.8624e+23 
------------------------------------------------------------------------
5.760e+04  4  4.478e+02   417
                                Solution        -4.0507e-09  -6.6210e-09 
                                                 3.6425e+11   4.1628e+11 
                                ----------------------------------------
                                Sensitivity 1   -5.8111e+08  -8.2355e+08 
                                                 6.2594e+23   8.4334e+23 
                                ----------------------------------------
                                Sensitivity 2    2.6479e+03  -2.2871e+02 
                                                -2.1897e+23  -2.9503e+23 
------------------------------------------------------------------------
6.480e+04  4  4.478e+02   433
                                Solution         1.0232e-12   1.7027e-12 
                                                 3.6334e+11   4.2182e+11 
                                ----------------------------------------
                                Sensitivity 1   -4.3885e+05  -7.7906e+05 
                                                 6.2460e+23   8.7311e+23 
                                ----------------------------------------
                                Sensitivity 2   -4.3192e+00  -8.8323e+00 
                                                -2.1850e+23  -3.0544e+23 
------------------------------------------------------------------------
7.200e+04  4  4.478e+02   449
                                Solution        -2.3975e-16  -4.0925e-16 
                                                 3.6192e+11   4.3354e+11 
                                ----------------------------------------
                                Sensitivity 1    3.3958e+01   1.2055e+02 
                                                 6.2311e+23   9.2797e+23 
                                ----------------------------------------
                                Sensitivity 2    3.3438e-04   1.3742e-03 
                                                -2.1798e+23  -3.2463e+23 
------------------------------------------------------------------------
7.920e+04  4  4.478e+02   465
                                Solution         3.7941e-20   5.2083e-20 
                                                 3.6148e+11   4.4475e+11 
                                ----------------------------------------
                                Sensitivity 1    1.4193e-01   1.7456e-01 
                                                 6.2482e+23   9.8069e+23 
                                ----------------------------------------
                                Sensitivity 2    1.3954e-06   2.1086e-06 
                                                -2.1858e+23  -3.4307e+23 
------------------------------------------------------------------------
8.640e+04  4  4.478e+02   481
                                Solution        -1.6489e-23   1.7504e-23 
                                                 3.6318e+11   4.4524e+11 
                                ----------------------------------------
                                Sensitivity 1   -5.2498e-05   3.0607e-05 
                                                 6.3249e+23   9.8818e+23 
                                ----------------------------------------
                                Sensitivity 2   -4.7800e-10   2.7392e-10 
                                                -2.2126e+23  -3.4569e+23 
------------------------------------------------------------------------


========================================================
Final Statistics
Sensitivity: YES ( SIMULTANEOUS + PARTIAL ERROR CONTROL )

nst     =   481

nfe     =   808
netf    =    25    nsetups  =    75
nni     =   805    ncfn     =     1

nfSe    =  1612    nfeS     =  3224
netfs   =     0    nsetupsS =     0
nniS    =     0    ncfnS    =     0

nli     =  2609    ncfl     =     0
npe     =    10    nps      =  4701
========================================================

****************************************************************


2-species diurnal advection-diffusion problem

========================================================================
     T     Q       H      NST                    Bottom left  Top right 
========================================================================
7.200e+03  3  2.704e+01   496
                                Solution         1.0593e+04   1.1152e+04 
                                                 2.5567e+11   2.6917e+11 
                                ----------------------------------------
                                Sensitivity 1   -6.4963e+19  -6.8394e+19 
                                                 7.2120e+19   7.6303e+19 
                                ----------------------------------------
                                Sensitivity 2   -4.4900e+14  -4.9768e+14 
                                                -2.5039e+18  -2.7672e+18 
------------------------------------------------------------------------
1.440e+04  5  1.559e+02   559
                                Solution         6.9172e+06   7.2517e+06 
                                                 2.6829e+11   2.8137e+11 
                                ----------------------------------------
                                Sensitivity 1   -4.2432e+22  -4.4483e+22 
                                                 6.2762e+22   6.6563e+22 
                                ----------------------------------------
                                Sensitivity 2   -4.8955e+17  -5.3580e+17 
                                                -7.1115e+21  -7.7236e+21 
------------------------------------------------------------------------
2.160e+04  5  1.721e+02   602
                                Solution         2.7558e+07   2.9196e+07 
                                                 3.1024e+11   3.3000e+11 
                                ----------------------------------------
                                Sensitivity 1   -1.6903e+23  -1.7907e+23 
                                                 4.0588e+23   4.4683e+23 
                                ----------------------------------------
                                Sensitivity 2   -8.2851e+18  -9.3610e+18 
                                                -8.2852e+22  -9.3662e+22 
------------------------------------------------------------------------
2.880e+04  5  1.826e+02   640
                                Solution         8.9631e+06   9.8602e+06 
                                                 3.4824e+11   3.8331e+11 
                                ----------------------------------------
                                Sensitivity 1   -5.4975e+22  -6.0476e+22 
                                                 5.8239e+23   7.0579e+23 
                                ----------------------------------------
                                Sensitivity 2   -5.2367e+18  -6.4007e+18 
                                                -1.8450e+23  -2.2574e+23 
------------------------------------------------------------------------
3.600e+04  5  1.991e+02   676
                                Solution         1.4433e+04   1.6660e+04 
                                                 3.4814e+11   4.0186e+11 
                                ----------------------------------------
                                Sensitivity 1   -8.8547e+19  -1.0220e+20 
                                                 5.6474e+23   7.6273e+23 
                                ----------------------------------------
                                Sensitivity 2   -9.0220e+15  -1.2170e+16 
                                                -1.9753e+23  -2.6679e+23 
------------------------------------------------------------------------
4.320e+04  5  5.022e+02   729
                                Solution        -7.0844e-08  -8.0779e-08 
                                                 3.4900e+11   4.0867e+11 
                                ----------------------------------------
                                Sensitivity 1    6.3490e+08   7.3804e+08 
                                                 5.7083e+23   7.9553e+23 
                                ----------------------------------------
                                Sensitivity 2   -1.0496e+06  -2.6305e+06 
                                                -1.9969e+23  -2.7830e+23 
------------------------------------------------------------------------
5.040e+04  5  5.022e+02   743
                                Solution         6.0731e-10   6.3116e-10 
                                                 3.5570e+11   4.1225e+11 
                                ----------------------------------------
                                Sensitivity 1   -7.8390e+07  -8.6214e+07 
                                                 5.9553e+23   8.1823e+23 
                                ----------------------------------------
                                Sensitivity 2    1.9748e+05   4.6187e+05 
                                                -2.0833e+23  -2.8624e+23 
------------------------------------------------------------------------
5.760e+04  5  2.304e+02   762
                                Solution         2.2446e-08   2.1175e-08 
                                                 3.6425e+11   4.1628e+11 
                                ----------------------------------------
                                Sensitivity 1    1.3656e+11   1.5330e+11 
                                                 6.2592e+23   8.4334e+23 
                                ----------------------------------------
                                Sensitivity 2    4.0920e+08   9.7321e+08 
                                                -2.1896e+23  -2.9502e+23 
------------------------------------------------------------------------
6.480e+04  5  1.608e+02   792
                                Solution         5.3841e-07   4.7520e-07 
                                                 3.6334e+11   4.2182e+11 
                                ----------------------------------------
                                Sensitivity 1   -1.8948e+10  -1.9638e+10 
                                                 6.2461e+23   8.7310e+23 
                                ----------------------------------------
                                Sensitivity 2    5.7041e+08   1.5947e+09 
                                                -2.1851e+23  -3.0543e+23 
------------------------------------------------------------------------
7.200e+04  5  4.623e+02   815
                                Solution         3.5425e-08   2.8035e-08 
                                                 3.6192e+11   4.3354e+11 
                                ----------------------------------------
                                Sensitivity 1   -5.7797e+08  -5.5731e+08 
                                                 6.2310e+23   9.2797e+23 
                                ----------------------------------------
                                Sensitivity 2    1.9187e+07   5.3289e+07 
                                                -2.1798e+23  -3.2463e+23 
------------------------------------------------------------------------
7.920e+04  5  4.623e+02   831
                                Solution        -2.5061e-10  -1.9905e-10 
                                                 3.6148e+11   4.4474e+11 
                                ----------------------------------------
                                Sensitivity 1    8.1298e+06   7.2488e+06 
                                                 6.2481e+23   9.8067e+23 
                                ----------------------------------------
                                Sensitivity 2   -3.6657e+05  -1.0142e+06 
                                                -2.1858e+23  -3.4306e+23 
------------------------------------------------------------------------
8.640e+04  5  4.623e+02   847
                                Solution         6.6452e-14   5.1542e-14 
                                                 3.6318e+11   4.4524e+11 
                                ----------------------------------------
                                Sensitivity 1    4.5354e+03   3.8780e+03 
                                                 6.3248e+23   9.8820e+23 
                                ----------------------------------------
                                Sensitivity 2   -4.7830e+01  -1.3108e+02 
                                                -2.2126e+23  -3.4570e+23 
------------------------------------------------------------------------


========================================================
Final Statistics
Sensitivity: YES ( STAGGERED + FULL ERROR CONTROL )

nst     =   847

nfe     =  1768
netf    =     7    nsetups  =    88
nni     =   909    ncfn     =     0

nfSe    =  1882    nfeS     =  3764
netfs   =    10    nsetupsS =     0
nniS    =   939    ncfnS    =     0

nli     =  2611    ncfl     =     1
npe     =    15    nps      =  5147
========================================================

****************************************************************


2-species diurnal advection-diffusion problem

========================================================================
     T     Q       H      NST                    Bottom left  Top right 
========================================================================
7.200e+03  5  1.504e+02   193
                                Solution         1.0593e+04   1.1152e+04 
                                                 2.5567e+11   2.6917e+11 
                                ----------------------------------------
                                Sensitivity 1   -6.4963e+19  -6.8394e+19 
                                                 7.2121e+19   7.6304e+19 
                                ----------------------------------------
                                Sensitivity 2   -4.4900e+14  -4.9768e+14 
                                                -2.5040e+18  -2.7672e+18 
------------------------------------------------------------------------
1.440e+04  5  3.433e+02   226
                                Solution         6.9172e+06   7.2517e+06 
                                                 2.6829e+11   2.8137e+11 
                                ----------------------------------------
                                Sensitivity 1   -4.2432e+22  -4.4483e+22 
                                                 6.2762e+22   6.6563e+22 
                                ----------------------------------------
                                Sensitivity 2   -4.8955e+17  -5.3580e+17 
                                                -7.1115e+21  -7.7235e+21 
------------------------------------------------------------------------
2.160e+04  5  3.931e+02   251
                                Solution         2.7558e+07   2.9196e+07 
                                                 3.1024e+11   3.3000e+11 
                                ----------------------------------------
                                Sensitivity 1   -1.6903e+23  -1.7907e+23 
                                                 4.0588e+23   4.4683e+23 
                                ----------------------------------------
                                Sensitivity 2   -8.2851e+18  -9.3611e+18 
                                                -8.2851e+22  -9.3662e+22 
------------------------------------------------------------------------
2.880e+04  5  3.931e+02   269
                                Solution         8.9631e+06   9.8602e+06 
                                                 3.4824e+11   3.8331e+11 
                                ----------------------------------------
                                Sensitivity 1   -5.4975e+22  -6.0476e+22 
                                                 5.8239e+23   7.0579e+23 
                                ----------------------------------------
                                Sensitivity 2   -5.2367e+18  -6.4007e+18 
                                                -1.8450e+23  -2.2574e+23 
------------------------------------------------------------------------
3.600e+04  5  1.546e+02   292
                                Solution         1.4433e+04   1.6660e+04 
                                                 3.4814e+11   4.0186e+11 
                                ----------------------------------------
                                Sensitivity 1   -8.8547e+19  -1.0220e+20 
                                                 5.6474e+23   7.6273e+23 
                                ----------------------------------------
                                Sensitivity 2   -9.0220e+15  -1.2170e+16 
                                                -1.9753e+23  -2.6679e+23 
------------------------------------------------------------------------
4.320e+04  4  3.112e+02   345
                                Solution        -5.0189e-07  -7.0194e-07 
                                                 3.4900e+11   4.0867e+11 
                                ----------------------------------------
                                Sensitivity 1    3.0955e+09   4.2708e+09 
                                                 5.7083e+23   7.9553e+23 
                                ----------------------------------------
                                Sensitivity 2    1.9588e+07   2.4676e+07 
                                                -1.9969e+23  -2.7830e+23 
------------------------------------------------------------------------
5.040e+04  5  5.074e+02   366
                                Solution         3.1363e-09  -4.3983e-09 
                                                 3.5570e+11   4.1225e+11 
                                ----------------------------------------
                                Sensitivity 1   -4.4370e+07   8.6445e+07 
                                                 5.9553e+23   8.1823e+23 
                                ----------------------------------------
                                Sensitivity 2   -1.0155e+06   9.7126e+04 
                                                -2.0833e+23  -2.8624e+23 
------------------------------------------------------------------------
5.760e+04  5  5.074e+02   380
                                Solution         1.7985e-10  -2.4446e-10 
                                                 3.6425e+11   4.1628e+11 
                                ----------------------------------------
                                Sensitivity 1   -5.7947e+08   8.7746e+08 
                                                 6.2592e+23   8.4334e+23 
                                ----------------------------------------
                                Sensitivity 2    1.5116e+07  -3.1056e+06 
                                                -2.1897e+23  -2.9502e+23 
------------------------------------------------------------------------
6.480e+04  5  5.074e+02   394
                                Solution         1.3696e-11  -1.8685e-11 
                                                 3.6334e+11   4.2182e+11 
                                ----------------------------------------
                                Sensitivity 1   -3.0285e+07   4.5684e+07 
                                                 6.2461e+23   8.7310e+23 
                                ----------------------------------------
                                Sensitivity 2   -8.5412e+06   1.6651e+06 
                                                -2.1851e+23  -3.0544e+23 
------------------------------------------------------------------------
7.200e+04  5  5.074e+02   408
                                Solution         9.3096e-13  -1.2744e-12 
                                                 3.6192e+11   4.3354e+11 
                                ----------------------------------------
                                Sensitivity 1    6.5610e+07  -9.9065e+07 
                                                 6.2311e+23   9.2797e+23 
                                ----------------------------------------
                                Sensitivity 2    1.3272e+07  -2.5881e+06 
                                                -2.1798e+23  -3.2463e+23 
------------------------------------------------------------------------
7.920e+04  5  5.074e+02   422
                                Solution         3.7060e-14  -5.0865e-14 
                                                 3.6148e+11   4.4474e+11 
                                ----------------------------------------
                                Sensitivity 1    1.0294e+06  -1.5592e+06 
                                                 6.2481e+23   9.8067e+23 
                                ----------------------------------------
                                Sensitivity 2    1.9417e+05  -3.8449e+04 
                                                -2.1858e+23  -3.4306e+23 
------------------------------------------------------------------------
8.640e+04  5  5.074e+02   437
                                Solution         5.6771e-16  -7.9226e-16 
                                                 3.6318e+11   4.4524e+11 
                                ----------------------------------------
                                Sensitivity 1    8.4376e+04  -1.2725e+05 
                                                 6.3249e+23   9.8820e+23 
                                ----------------------------------------
                                Sensitivity 2    1.7234e+04  -3.3435e+03 
                                                -2.2126e+23  -3.4570e+23 
------------------------------------------------------------------------


========================================================
Final Statistics
Sensitivity: YES ( STAGGERED + PARTIAL ERROR CONTROL )

nst     =   437

nfe     =   972
netf    =    18    nsetups  =    59
nni     =   532    ncfn     =     0

nfSe    =  1098    nfeS     =  2196
netfs   =     0    nsetupsS =     0
nniS    =   548    ncfnS    =     0

nli     =  1883    ncfl     =     0
npe     =     8    nps      =  3276
========================================================

****************************************************************


2-species diurnal advection-diffusion problem

========================================================================
     T     Q       H      NST                    Bottom left  Top right 
========================================================================
7.200e+03  3  3.728e+01   485
                                Solution         1.0593e+04   1.1152e+04 
                                                 2.5567e+11   2.6917e+11 
                                ----------------------------------------
                                Sensitivity 1   -6.4963e+19  -6.8394e+19 
                                                 7.2121e+19   7.6304e+19 
                                ----------------------------------------
                                Sensitivity 2   -4.4900e+14  -4.9768e+14 
                                                -2.5040e+18  -2.7673e+18 
------------------------------------------------------------------------
1.440e+04  5  1.589e+02   548
                                Solution         6.9172e+06   7.2517e+06 
                                                 2.6829e+11   2.8137e+11 
                                ----------------------------------------
                                Sensitivity 1   -4.2432e+22  -4.4483e+22 
                                                 6.2762e+22   6.6563e+22 
                                ----------------------------------------
                                Sensitivity 2   -4.8955e+17  -5.3580e+17 
                                                -7.1115e+21  -7.7236e+21 
------------------------------------------------------------------------
2.160e+04  4  1.709e+02   782
                                Solution         2.7558e+07   2.9196e+07 
                                                 3.1024e+11   3.3000e+11 
                                ----------------------------------------
                                Sensitivity 1   -1.6903e+23  -1.7907e+23 
                                                 4.0588e+23   4.4683e+23 
                                ----------------------------------------
                                Sensitivity 2   -8.2851e+18  -9.3611e+18 
                                                -8.2852e+22  -9.3662e+22 
------------------------------------------------------------------------
2.880e+04  4  1.566e+02   826
                                Solution         8.9631e+06   9.8602e+06 
                                                 3.4824e+11   3.8331e+11 
                                ----------------------------------------
                                Sensitivity 1   -5.4975e+22  -6.0476e+22 
                                                 5.8239e+23   7.0578e+23 
                                ----------------------------------------
                                Sensitivity 2   -5.2367e+18  -6.4007e+18 
                                                -1.8450e+23  -2.2574e+23 
------------------------------------------------------------------------
3.600e+04  4  1.638e+02   860
                                Solution         1.4433e+04   1.6660e+04 
                                                 3.4814e+11   4.0186e+11 
                                ----------------------------------------
                                Sensitivity 1   -8.8547e+19  -1.0220e+20 
                                                 5.6474e+23   7.6273e+23 
                                ----------------------------------------
                                Sensitivity 2   -9.0220e+15  -1.2170e+16 
                                                -1.9753e+23  -2.6679e+23 
------------------------------------------------------------------------
4.320e+04  3  2.801e+02   933
                                Solution        -3.1926e-08  -3.6981e-08 
                                                 3.4900e+11   4.0867e+11 
                                ----------------------------------------
                                Sensitivity 1    1.9253e+08   2.2296e+08 
                                                 5.7083e+23   7.9553e+23 
                                ----------------------------------------
                                Sensitivity 2    4.4951e+04   6.1980e+04 
                                                -1.9969e+23  -2.7830e+23 
------------------------------------------------------------------------
5.040e+04  3  2.801e+02   959
                                Solution         3.7085e-08   3.7135e-08 
                                                 3.5570e+11   4.1225e+11 
                                ----------------------------------------
                                Sensitivity 1   -2.2737e+08  -2.2765e+08 
                                                 5.9552e+23   8.1823e+23 
                                ----------------------------------------
                                Sensitivity 2   -5.1107e+04  -6.1988e+04 
                                                -2.0833e+23  -2.8624e+23 
------------------------------------------------------------------------
5.760e+04  4  1.449e+02   992
                                Solution         6.1085e-08   6.4095e-08 
                                                 3.6425e+11   4.1628e+11 
                                ----------------------------------------
                                Sensitivity 1   -1.0731e+09  -1.1248e+09 
                                                 6.2593e+23   8.4334e+23 
                                ----------------------------------------
                                Sensitivity 2   -1.2352e+04  -1.4822e+04 
                                                -2.1897e+23  -2.9502e+23 
------------------------------------------------------------------------
6.480e+04  4  1.723e+02  1027
                                Solution        -4.0521e-09  -4.1354e-09 
                                                 3.6334e+11   4.2182e+11 
                                ----------------------------------------
                                Sensitivity 1   -2.6702e+06  -3.7780e+06 
                                                 6.2461e+23   8.7310e+23 
                                ----------------------------------------
                                Sensitivity 2   -9.6745e+04  -1.1461e+05 
                                                -2.1850e+23  -3.0544e+23 
------------------------------------------------------------------------
7.200e+04  5  4.719e+02  1054
                                Solution         1.5741e-11   1.9265e-11 
                                                 3.6192e+11   4.3354e+11 
                                ----------------------------------------
                                Sensitivity 1   -6.5035e+06  -6.4761e+06 
                                                 6.2311e+23   9.2796e+23 
                                ----------------------------------------
                                Sensitivity 2   -6.4100e+03  -7.6433e+03 
                                                -2.1798e+23  -3.2463e+23 
------------------------------------------------------------------------
7.920e+04  5  4.719e+02  1069
                                Solution         7.2330e-15   7.8464e-15 
                                                 3.6148e+11   4.4474e+11 
                                ----------------------------------------
                                Sensitivity 1    1.6944e+05   1.6850e+05 
                                                 6.2481e+23   9.8068e+23 
                                ----------------------------------------
                                Sensitivity 2    1.5906e+02   1.9014e+02 
                                                -2.1858e+23  -3.4307e+23 
------------------------------------------------------------------------
8.640e+04  5  4.719e+02  1084
                                Solution         3.1092e-17   3.5412e-17 
                                                 3.6318e+11   4.4524e+11 
                                ----------------------------------------
                                Sensitivity 1   -2.7864e+02  -2.7987e+02 
                                                 6.3248e+23   9.8819e+23 
                                ----------------------------------------
                                Sensitivity 2   -2.5894e-01  -3.1090e-01 
                                                -2.2126e+23  -3.4570e+23 
------------------------------------------------------------------------


========================================================
Final Statistics
Sensitivity: YES ( STAGGERED1 + FULL ERROR CONTROL )

nst     =  1084

nfe     =  2281
netf    =     4    nsetups  =   127
nni     =  1168    ncfn     =     0

nfSe    =  2383    nfeS     =  4766
netfs   =    27    nsetupsS =     0
nniS    =  2379    ncfnS    =     0

nli     =  3481    ncfl     =     0
npe     =    18    nps      =  6713
========================================================

****************************************************************


2-species diurnal advection-diffusion problem

========================================================================
     T     Q       H      NST                    Bottom left  Top right 
========================================================================
7.200e+03  5  1.504e+02   193
                                Solution         1.0593e+04   1.1152e+04 
                                                 2.5567e+11   2.6917e+11 
                                ----------------------------------------
                                Sensitivity 1   -6.4963e+19  -6.8394e+19 
                                                 7.2121e+19   7.6305e+19 
                                ----------------------------------------
                                Sensitivity 2   -4.4900e+14  -4.9768e+14 
                                                -2.5040e+18  -2.7672e+18 
------------------------------------------------------------------------
1.440e+04  5  3.433e+02   226
                                Solution         6.9172e+06   7.2517e+06 
                                                 2.6829e+11   2.8137e+11 
                                ----------------------------------------
                                Sensitivity 1   -4.2432e+22  -4.4483e+22 
                                                 6.2762e+22   6.6563e+22 
                                ----------------------------------------
                                Sensitivity 2   -4.8955e+17  -5.3580e+17 
                                                -7.1115e+21  -7.7235e+21 
------------------------------------------------------------------------
2.160e+04  5  3.931e+02   251
                                Solution         2.7558e+07   2.9196e+07 
                                                 3.1024e+11   3.3000e+11 
                                ----------------------------------------
                                Sensitivity 1   -1.6903e+23  -1.7907e+23 
                                                 4.0588e+23   4.4683e+23 
                                ----------------------------------------
                                Sensitivity 2   -8.2851e+18  -9.3611e+18 
                                                -8.2851e+22  -9.3662e+22 
------------------------------------------------------------------------
2.880e+04  5  3.931e+02   269
                                Solution         8.9631e+06   9.8602e+06 
                                                 3.4824e+11   3.8331e+11 
                                ----------------------------------------
                                Sensitivity 1   -5.4975e+22  -6.0476e+22 
                                                 5.8239e+23   7.0579e+23 
                                ----------------------------------------
                                Sensitivity 2   -5.2367e+18  -6.4007e+18 
                                                -1.8450e+23  -2.2574e+23 
------------------------------------------------------------------------
3.600e+04  5  1.546e+02   292
                                Solution         1.4433e+04   1.6660e+04 
                                                 3.4814e+11   4.0186e+11 
                                ----------------------------------------
                                Sensitivity 1   -8.8547e+19  -1.0220e+20 
                                                 5.6474e+23   7.6273e+23 
                                ----------------------------------------
                                Sensitivity 2   -9.0220e+15  -1.2170e+16 
                                                -1.9753e+23  -2.6679e+23 
------------------------------------------------------------------------
4.320e+04  4  3.112e+02   345
                                Solution        -5.0189e-07  -7.0194e-07 
                                                 3.4900e+11   4.0867e+11 
                                ----------------------------------------
                                Sensitivity 1    3.0532e+09   4.2925e+09 
                                                 5.7083e+23   7.9553e+23 
                                ----------------------------------------
                                Sensitivity 2    1.9587e+07   2.4688e+07 
                                                -1.9969e+23  -2.7830e+23 
------------------------------------------------------------------------
5.040e+04  5  5.074e+02   366
                                Solution         3.1363e-09  -4.3983e-09 
                                                 3.5570e+11   4.1225e+11 
                                ----------------------------------------
                                Sensitivity 1   -4.4370e+07   8.6444e+07 
                                                 5.9553e+23   8.1823e+23 
                                ----------------------------------------
                                Sensitivity 2   -1.0155e+06   9.7728e+04 
                                                -2.0833e+23  -2.8624e+23 
------------------------------------------------------------------------
5.760e+04  5  5.074e+02   380
                                Solution         1.7985e-10  -2.4446e-10 
                                                 3.6425e+11   4.1628e+11 
                                ----------------------------------------
                                Sensitivity 1   -5.7950e+08   8.7750e+08 
                                                 6.2592e+23   8.4334e+23 
                                ----------------------------------------
                                Sensitivity 2   -4.8931e+06   4.1535e+05 
                                                -2.1897e+23  -2.9502e+23 
------------------------------------------------------------------------
6.480e+04  5  5.074e+02   394
                                Solution         1.3696e-11  -1.8685e-11 
                                                 3.6334e+11   4.2182e+11 
                                ----------------------------------------
                                Sensitivity 1   -3.0286e+07   4.5686e+07 
                                                 6.2461e+23   8.7310e+23 
                                ----------------------------------------
                                Sensitivity 2   -2.5238e+05   2.1120e+04 
                                                -2.1851e+23  -3.0544e+23 
------------------------------------------------------------------------
7.200e+04  5  5.074e+02   408
                                Solution         9.3096e-13  -1.2744e-12 
                                                 3.6192e+11   4.3354e+11 
                                ----------------------------------------
                                Sensitivity 1    6.5610e+07  -9.9064e+07 
                                                 6.2311e+23   9.2797e+23 
                                ----------------------------------------
                                Sensitivity 2    1.6404e+01   7.2485e+00 
                                                -2.1798e+23  -3.2463e+23 
------------------------------------------------------------------------
7.920e+04  5  5.074e+02   422
                                Solution         3.7060e-14  -5.0865e-14 
                                                 3.6148e+11   4.4474e+11 
                                ----------------------------------------
                                Sensitivity 1    1.0294e+06  -1.5592e+06 
                                                 6.2481e+23   9.8067e+23 
                                ----------------------------------------
                                Sensitivity 2    2.7459e+02  -2.1871e+01 
                                                -2.1858e+23  -3.4306e+23 
------------------------------------------------------------------------
8.640e+04  5  5.074e+02   437
                                Solution         5.6771e-16  -7.9226e-16 
                                                 3.6318e+11   4.4524e+11 
                                ----------------------------------------
                                Sensitivity 1    8.4376e+04  -1.2725e+05 
                                                 6.3249e+23   9.8820e+23 
                                ----------------------------------------
                                Sensitivity 2   -3.0523e+00   2.6506e-01 
                                                -2.2126e+23  -3.4570e+23 
------------------------------------------------------------------------


========================================================
Final Statistics
Sensitivity: YES ( STAGGERED1 + PARTIAL ERROR CONTROL )

nst     =   437

nfe     =   972
netf    =    18    nsetups  =    59
nni     =   532    ncfn     =     0

nfSe    =   992    nfeS     =  1984
netfs   =     0    nsetupsS =     0
nniS    =   990    ncfnS    =     0

nli     =  1865    ncfl     =     0
npe     =     8    nps      =  3210
========================================================
