
 1-D advection-diffusion equation, mesh size = 10 

============================================================
     T     Q       H      NST                    Max norm   
============================================================
5.000e-01  5  4.422e-03   113
                                Solution         3.0529e+00 
------------------------------------------------------------
1.000e+00  4  6.920e-03   191
                                Solution         8.7532e-01 
------------------------------------------------------------
1.500e+00  2  1.265e-02   265
                                Solution         2.4949e-01 
------------------------------------------------------------
2.000e+00  2  8.979e-03   333
                                Solution         7.1094e-02 
------------------------------------------------------------
2.500e+00  2  8.660e-03   400
                                Solution         2.0262e-02 
------------------------------------------------------------
3.000e+00  2  8.122e-03   468
                                Solution         5.7748e-03 
------------------------------------------------------------
3.500e+00  1  4.654e-03   539
                                Solution         1.6534e-03 
------------------------------------------------------------
4.000e+00  1  1.012e-02   616
                                Solution         4.7717e-04 
------------------------------------------------------------
4.500e+00  1  9.586e-03   697
                                Solution         1.3727e-04 
------------------------------------------------------------
5.000e+00  1  1.043e-02   778
                                Solution         3.9825e-05 
------------------------------------------------------------


========================================================
Final Statistics
Sensitivity: NO

nst     =   778

nfe     =  1408
netf    =     5    nsetups  =     0
nni     =  1405    ncfn     =   135
========================================================

****************************************************************


 1-D advection-diffusion equation, mesh size = 10 

============================================================
     T     Q       H      NST                    Max norm   
============================================================
5.000e-01  4  7.652e-03   115
                                Solution         3.0529e+00 
                                Sensitivity 1    3.8668e+00 
                                Sensitivity 2    6.2020e-01 
------------------------------------------------------------
1.000e+00  4  1.132e-02   189
                                Solution         8.7533e-01 
                                Sensitivity 1    2.1743e+00 
                                Sensitivity 2    1.8909e-01 
------------------------------------------------------------
1.500e+00  2  4.552e-03   263
                                Solution         2.4948e-01 
                                Sensitivity 1    9.1825e-01 
                                Sensitivity 2    7.3921e-02 
------------------------------------------------------------
2.000e+00  2  3.944e-03   334
                                Solution         7.1094e-02 
                                Sensitivity 1    3.4666e-01 
                                Sensitivity 2    2.8228e-02 
------------------------------------------------------------
2.500e+00  2  6.438e-03   406
                                Solution         2.0259e-02 
                                Sensitivity 1    1.2301e-01 
                                Sensitivity 2    1.0085e-02 
------------------------------------------------------------
3.000e+00  2  9.137e-03   475
                                Solution         5.7729e-03 
                                Sensitivity 1    4.1950e-02 
                                Sensitivity 2    3.4554e-03 
------------------------------------------------------------
3.500e+00  2  1.008e-02   548
                                Solution         1.6451e-03 
                                Sensitivity 1    1.3928e-02 
                                Sensitivity 2    1.1668e-03 
------------------------------------------------------------
4.000e+00  2  4.231e-03   639
                                Solution         4.6880e-04 
                                Sensitivity 1    4.5282e-03 
                                Sensitivity 2    3.8631e-04 
------------------------------------------------------------
4.500e+00  2  4.231e-03   757
                                Solution         1.3360e-04 
                                Sensitivity 1    1.4502e-03 
                                Sensitivity 2    1.2542e-04 
------------------------------------------------------------
5.000e+00  1  1.037e-02   848
                                Solution         3.8418e-05 
                                Sensitivity 1    4.6203e-04 
                                Sensitivity 2    4.0412e-05 
------------------------------------------------------------


========================================================
Final Statistics
Sensitivity: YES ( SIMULTANEOUS + FULL ERROR CONTROL )

nst     =   848

nfe     =  1360
netf    =     1    nsetups  =     0
nni     =  1357    ncfn     =   103

nfSe    =  2720    nfeS     =  5440
netfs   =     0    nsetupsS =     0
nniS    =     0    ncfnS    =     0
========================================================

****************************************************************


 1-D advection-diffusion equation, mesh size = 10 

============================================================
     T     Q       H      NST                    Max norm   
============================================================
5.000e-01  3  4.072e-03   143
                                Solution         3.0529e+00 
                                Sensitivity 1    3.8668e+00 
                                Sensitivity 2    6.2020e-01 
------------------------------------------------------------
1.000e+00  3  8.653e-03   226
                                Solution         8.7533e-01 
                                Sensitivity 1    2.1743e+00 
                                Sensitivity 2    1.8909e-01 
------------------------------------------------------------
1.500e+00  3  4.601e-03   281
                                Solution         2.4949e-01 
                                Sensitivity 1    9.1826e-01 
                                Sensitivity 2    7.3922e-02 
------------------------------------------------------------
2.000e+00  3  8.040e-03   351
                                Solution         7.1101e-02 
                                Sensitivity 1    3.4667e-01 
                                Sensitivity 2    2.8229e-02 
------------------------------------------------------------
2.500e+00  3  7.406e-03   426
                                Solution         2.0262e-02 
                                Sensitivity 1    1.2301e-01 
                                Sensitivity 2    1.0086e-02 
------------------------------------------------------------
3.000e+00  3  2.759e-03   501
                                Solution         5.7744e-03 
                                Sensitivity 1    4.1964e-02 
                                Sensitivity 2    3.4560e-03 
------------------------------------------------------------
3.500e+00  3  3.360e-03   570
                                Solution         1.6456e-03 
                                Sensitivity 1    1.3920e-02 
                                Sensitivity 2    1.1671e-03 
------------------------------------------------------------
4.000e+00  3  1.302e-02   643
                                Solution         4.6894e-04 
                                Sensitivity 1    4.5287e-03 
                                Sensitivity 2    3.8656e-04 
------------------------------------------------------------
4.500e+00  2  9.926e-03   718
                                Solution         1.3367e-04 
                                Sensitivity 1    1.4461e-03 
                                Sensitivity 2    1.2531e-04 
------------------------------------------------------------
5.000e+00  2  1.028e-02   788
                                Solution         3.8094e-05 
                                Sensitivity 1    4.5616e-04 
                                Sensitivity 2    4.0063e-05 
------------------------------------------------------------


========================================================
Final Statistics
Sensitivity: YES ( SIMULTANEOUS + PARTIAL ERROR CONTROL )

nst     =   788

nfe     =  2406
netf    =     3    nsetups  =     0
nni     =  2403    ncfn     =   445

nfSe    =  4808    nfeS     =  9616
netfs   =     0    nsetupsS =     0
nniS    =     0    ncfnS    =     0
========================================================

****************************************************************


 1-D advection-diffusion equation, mesh size = 10 

============================================================
     T     Q       H      NST                    Max norm   
============================================================
5.000e-01  3  3.683e-03   176
                                Solution         3.0529e+00 
                                Sensitivity 1    3.8668e+00 
                                Sensitivity 2    6.2020e-01 
------------------------------------------------------------
1.000e+00  3  3.683e-03   312
                                Solution         8.7533e-01 
                                Sensitivity 1    2.1743e+00 
                                Sensitivity 2    1.8909e-01 
------------------------------------------------------------
1.500e+00  3  3.683e-03   448
                                Solution         2.4949e-01 
                                Sensitivity 1    9.1826e-01 
                                Sensitivity 2    7.3922e-02 
------------------------------------------------------------
2.000e+00  3  3.683e-03   584
                                Solution         7.1098e-02 
                                Sensitivity 1    3.4668e-01 
                                Sensitivity 2    2.8229e-02 
------------------------------------------------------------
2.500e+00  3  3.683e-03   719
                                Solution         2.0261e-02 
                                Sensitivity 1    1.2302e-01 
                                Sensitivity 2    1.0086e-02 
------------------------------------------------------------
3.000e+00  3  3.683e-03   855
                                Solution         5.7788e-03 
                                Sensitivity 1    4.1954e-02 
                                Sensitivity 2    3.4560e-03 
------------------------------------------------------------
3.500e+00  3  3.683e-03   991
                                Solution         1.6510e-03 
                                Sensitivity 1    1.3932e-02 
                                Sensitivity 2    1.1672e-03 
------------------------------------------------------------
4.000e+00  3  3.683e-03  1127
                                Solution         4.7402e-04 
                                Sensitivity 1    4.5277e-03 
                                Sensitivity 2    3.8641e-04 
------------------------------------------------------------
4.500e+00  3  3.683e-03  1262
                                Solution         1.3803e-04 
                                Sensitivity 1    1.4534e-03 
                                Sensitivity 2    1.2546e-04 
------------------------------------------------------------
5.000e+00  3  3.683e-03  1398
                                Solution         4.2015e-05 
                                Sensitivity 1    4.6734e-04 
                                Sensitivity 2    4.0150e-05 
------------------------------------------------------------


========================================================
Final Statistics
Sensitivity: YES ( STAGGERED + FULL ERROR CONTROL )

nst     =  1398

nfe     =  3127
netf    =     0    nsetups  =     0
nni     =  1726    ncfn     =     0

nfSe    =  3590    nfeS     =  7180
netfs   =     0    nsetupsS =     0
nniS    =  1792    ncfnS    =     0
========================================================

****************************************************************


 1-D advection-diffusion equation, mesh size = 10 

============================================================
     T     Q       H      NST                    Max norm   
============================================================
5.000e-01  3  7.876e-03   115
                                Solution         3.0529e+00 
                                Sensitivity 1    3.8668e+00 
                                Sensitivity 2    6.2020e-01 
------------------------------------------------------------
1.000e+00  3  4.623e-03   207
                                Solution         8.7532e-01 
                                Sensitivity 1    2.1743e+00 
                                Sensitivity 2    1.8909e-01 
------------------------------------------------------------
1.500e+00  2  8.517e-03   289
                                Solution         2.4948e-01 
                                Sensitivity 1    9.1825e-01 
                                Sensitivity 2    7.3920e-02 
------------------------------------------------------------
2.000e+00  2  8.123e-03   359
                                Solution         7.1093e-02 
                                Sensitivity 1    3.4666e-01 
                                Sensitivity 2    2.8228e-02 
------------------------------------------------------------
2.500e+00  2  1.038e-02   433
                                Solution         2.0260e-02 
                                Sensitivity 1    1.2301e-01 
                                Sensitivity 2    1.0085e-02 
------------------------------------------------------------
3.000e+00  2  4.221e-03   549
                                Solution         5.7734e-03 
                                Sensitivity 1    4.1955e-02 
                                Sensitivity 2    3.4557e-03 
------------------------------------------------------------
3.500e+00  2  4.220e-03   668
                                Solution         1.6453e-03 
                                Sensitivity 1    1.3923e-02 
                                Sensitivity 2    1.1670e-03 
------------------------------------------------------------
4.000e+00  2  4.220e-03   786
                                Solution         4.6890e-04 
                                Sensitivity 1    4.5284e-03 
                                Sensitivity 2    3.8636e-04 
------------------------------------------------------------
4.500e+00  2  4.220e-03   905
                                Solution         1.3361e-04 
                                Sensitivity 1    1.4501e-03 
                                Sensitivity 2    1.2543e-04 
------------------------------------------------------------
5.000e+00  2  4.220e-03  1023
                                Solution         3.8051e-05 
                                Sensitivity 1    4.5857e-04 
                                Sensitivity 2    4.0115e-05 
------------------------------------------------------------


========================================================
Final Statistics
Sensitivity: YES ( STAGGERED + PARTIAL ERROR CONTROL )

nst     =  1023

nfe     =  2948
netf    =     3    nsetups  =     0
nni     =  1617    ncfn     =    34

nfSe    =  4244    nfeS     =  8488
netfs   =     0    nsetupsS =     0
nniS    =  2121    ncfnS    =   305
========================================================

****************************************************************


 1-D advection-diffusion equation, mesh size = 10 

============================================================
     T     Q       H      NST                    Max norm   
============================================================
5.000e-01  3  3.683e-03   176
                                Solution         3.0529e+00 
                                Sensitivity 1    3.8668e+00 
                                Sensitivity 2    6.2019e-01 
------------------------------------------------------------
1.000e+00  3  3.683e-03   312
                                Solution         8.7533e-01 
                                Sensitivity 1    2.1743e+00 
                                Sensitivity 2    1.8909e-01 
------------------------------------------------------------
1.500e+00  3  3.683e-03   448
                                Solution         2.4949e-01 
                                Sensitivity 1    9.1826e-01 
                                Sensitivity 2    7.3916e-02 
------------------------------------------------------------
2.000e+00  3  3.683e-03   584
                                Solution         7.1098e-02 
                                Sensitivity 1    3.4668e-01 
                                Sensitivity 2    2.8225e-02 
------------------------------------------------------------
2.500e+00  3  3.683e-03   719
                                Solution         2.0261e-02 
                                Sensitivity 1    1.2302e-01 
                                Sensitivity 2    1.0093e-02 
------------------------------------------------------------
3.000e+00  3  3.683e-03   855
                                Solution         5.7788e-03 
                                Sensitivity 1    4.1954e-02 
                                Sensitivity 2    3.4633e-03 
------------------------------------------------------------
3.500e+00  3  3.683e-03   991
                                Solution         1.6510e-03 
                                Sensitivity 1    1.3932e-02 
                                Sensitivity 2    1.1597e-03 
------------------------------------------------------------
4.000e+00  3  3.683e-03  1127
                                Solution         4.7402e-04 
                                Sensitivity 1    4.5277e-03 
                                Sensitivity 2    3.8368e-04 
------------------------------------------------------------
4.500e+00  3  3.683e-03  1262
                                Solution         1.3803e-04 
                                Sensitivity 1    1.4534e-03 
                                Sensitivity 2    1.2783e-04 
------------------------------------------------------------
5.000e+00  3  3.683e-03  1398
                                Solution         4.2015e-05 
                                Sensitivity 1    4.6734e-04 
                                Sensitivity 2    4.6474e-05 
------------------------------------------------------------


========================================================
Final Statistics
Sensitivity: YES ( STAGGERED1 + FULL ERROR CONTROL )

nst     =  1398

nfe     =  3127
netf    =     0    nsetups  =     0
nni     =  1726    ncfn     =     0

nfSe    =  3521    nfeS     =  7042
netfs   =     0    nsetupsS =     0
nniS    =  3515    ncfnS    =     0
========================================================

****************************************************************


 1-D advection-diffusion equation, mesh size = 10 

============================================================
     T     Q       H      NST                    Max norm   
============================================================
5.000e-01  4  8.217e-03   114
                                Solution         3.0529e+00 
                                Sensitivity 1    3.8668e+00 
                                Sensitivity 2    6.2020e-01 
------------------------------------------------------------
1.000e+00  3  7.338e-03   197
                                Solution         8.7533e-01 
                                Sensitivity 1    2.1743e+00 
                                Sensitivity 2    1.8910e-01 
------------------------------------------------------------
1.500e+00  2  4.697e-03   303
                                Solution         2.4949e-01 
                                Sensitivity 1    9.1826e-01 
                                Sensitivity 2    7.3922e-02 
------------------------------------------------------------
2.000e+00  2  4.222e-03   420
                                Solution         7.1099e-02 
                                Sensitivity 1    3.4668e-01 
                                Sensitivity 2    2.8230e-02 
------------------------------------------------------------
2.500e+00  2  4.220e-03   538
                                Solution         2.0262e-02 
                                Sensitivity 1    1.2301e-01 
                                Sensitivity 2    1.0087e-02 
------------------------------------------------------------
3.000e+00  2  4.220e-03   657
                                Solution         5.7741e-03 
                                Sensitivity 1    4.1958e-02 
                                Sensitivity 2    3.4551e-03 
------------------------------------------------------------
3.500e+00  2  4.220e-03   775
                                Solution         1.6455e-03 
                                Sensitivity 1    1.3924e-02 
                                Sensitivity 2    1.1683e-03 
------------------------------------------------------------
4.000e+00  2  4.220e-03   894
                                Solution         4.6891e-04 
                                Sensitivity 1    4.5285e-03 
                                Sensitivity 2    3.8558e-04 
------------------------------------------------------------
4.500e+00  2  4.220e-03  1012
                                Solution         1.3361e-04 
                                Sensitivity 1    1.4502e-03 
                                Sensitivity 2    1.2416e-04 
------------------------------------------------------------
5.000e+00  2  4.220e-03  1131
                                Solution         3.8095e-05 
                                Sensitivity 1    4.5887e-04 
                                Sensitivity 2    4.0841e-05 
------------------------------------------------------------


========================================================
Final Statistics
Sensitivity: YES ( STAGGERED1 + PARTIAL ERROR CONTROL )

nst     =  1131

nfe     =  3384
netf    =     3    nsetups  =     0
nni     =  1790    ncfn     =     7

nfSe    =  3894    nfeS     =  7788
netfs   =     0    nsetupsS =     0
nniS    =  3892    ncfnS    =   460
========================================================
