2-species diurnal advection-diffusion problem, 10 by 10 mesh
SPGMR solver; band preconditioner; mu = 2, ml = 2



Preconditioner type is:  jpre = PREC_LEFT

t = 7.20e+03   no. steps = 190   order = 5   stepsize = 1.61e+02
c1 (bot.left/middle/top rt.) =    1.047e+04     2.964e+04     1.119e+04
c2 (bot.left/middle/top rt.) =    2.527e+11     7.154e+11     2.700e+11

t = 1.44e+04   no. steps = 221   order = 5   stepsize = 3.83e+02
c1 (bot.left/middle/top rt.) =    6.659e+06     5.316e+06     7.301e+06
c2 (bot.left/middle/top rt.) =    2.582e+11     2.057e+11     2.833e+11

t = 2.16e+04   no. steps = 246   order = 5   stepsize = 2.78e+02
c1 (bot.left/middle/top rt.) =    2.665e+07     1.036e+07     2.931e+07
c2 (bot.left/middle/top rt.) =    2.993e+11     1.028e+11     3.313e+11

t = 2.88e+04   no. steps = 289   order = 3   stepsize = 9.24e+01
c1 (bot.left/middle/top rt.) =    8.702e+06     1.292e+07     9.650e+06
c2 (bot.left/middle/top rt.) =    3.380e+11     5.029e+11     3.751e+11

t = 3.60e+04   no. steps = 357   order = 4   stepsize = 7.10e+01
c1 (bot.left/middle/top rt.) =    1.404e+04     2.029e+04     1.561e+04
c2 (bot.left/middle/top rt.) =    3.387e+11     4.894e+11     3.765e+11

t = 4.32e+04   no. steps = 423   order = 5   stepsize = 5.76e+02
c1 (bot.left/middle/top rt.) =   -1.918e-09     6.335e-08     5.766e-09
c2 (bot.left/middle/top rt.) =    3.382e+11     1.355e+11     3.804e+11

t = 5.04e+04   no. steps = 436   order = 5   stepsize = 6.14e+02
c1 (bot.left/middle/top rt.) =   -1.597e-10    -4.219e-08    -2.675e-09
c2 (bot.left/middle/top rt.) =    3.358e+11     4.930e+11     3.864e+11

t = 5.76e+04   no. steps = 450   order = 5   stepsize = 1.10e+02
c1 (bot.left/middle/top rt.) =   -2.208e-12    -8.555e-10    -6.711e-11
c2 (bot.left/middle/top rt.) =    3.320e+11     9.650e+11     3.909e+11

t = 6.48e+04   no. steps = 464   order = 5   stepsize = 5.53e+02
c1 (bot.left/middle/top rt.) =    3.049e-13     1.068e-10     9.299e-12
c2 (bot.left/middle/top rt.) =    3.313e+11     8.922e+11     3.963e+11

t = 7.20e+04   no. steps = 477   order = 5   stepsize = 5.53e+02
c1 (bot.left/middle/top rt.) =    5.131e-20     3.036e-14     5.260e-19
c2 (bot.left/middle/top rt.) =    3.330e+11     6.186e+11     4.039e+11

t = 7.92e+04   no. steps = 490   order = 5   stepsize = 5.53e+02
c1 (bot.left/middle/top rt.) =   -3.313e-20     1.931e-14     1.181e-21
c2 (bot.left/middle/top rt.) =    3.334e+11     6.669e+11     4.120e+11

t = 8.64e+04   no. steps = 503   order = 5   stepsize = 5.53e+02
c1 (bot.left/middle/top rt.) =   -1.323e-16     3.218e-17     2.898e-23
c2 (bot.left/middle/top rt.) =    3.352e+11     9.106e+11     4.162e+11


Final Statistics.. 

lenrw   =  2096     leniw   =    62
lenrwLS =  2046     leniwLS =    10
lenrwBP =  2400     leniwBP =   200
nst     =   503
nfe     =   643     nfetot  =  1323
nfeLS   =   635     nfeBP   =    45
nni     =   640     nli     =   635
nsetups =    85     netf    =    29
npe     =     9     nps     =  1195
ncfn    =     0     ncfl    =     0



-------------------------------------------------------------------


Preconditioner type is:  jpre = PREC_RIGHT

t = 7.20e+03   no. steps = 219   order = 5   stepsize = 1.55e+02
c1 (bot.left/middle/top rt.) =    1.047e+04     2.964e+04     1.119e+04
c2 (bot.left/middle/top rt.) =    2.527e+11     7.154e+11     2.700e+11

t = 1.44e+04   no. steps = 251   order = 5   stepsize = 3.59e+02
c1 (bot.left/middle/top rt.) =    6.659e+06     5.316e+06     7.301e+06
c2 (bot.left/middle/top rt.) =    2.582e+11     2.057e+11     2.833e+11

t = 2.16e+04   no. steps = 279   order = 5   stepsize = 3.58e+02
c1 (bot.left/middle/top rt.) =    2.665e+07     1.036e+07     2.931e+07
c2 (bot.left/middle/top rt.) =    2.993e+11     1.028e+11     3.313e+11

t = 2.88e+04   no. steps = 303   order = 5   stepsize = 2.70e+02
c1 (bot.left/middle/top rt.) =    8.702e+06     1.292e+07     9.650e+06
c2 (bot.left/middle/top rt.) =    3.380e+11     5.029e+11     3.751e+11

t = 3.60e+04   no. steps = 329   order = 5   stepsize = 1.16e+02
c1 (bot.left/middle/top rt.) =    1.404e+04     2.029e+04     1.561e+04
c2 (bot.left/middle/top rt.) =    3.387e+11     4.894e+11     3.765e+11

t = 4.32e+04   no. steps = 381   order = 4   stepsize = 4.74e+02
c1 (bot.left/middle/top rt.) =    1.682e-08     1.354e-08     1.876e-08
c2 (bot.left/middle/top rt.) =    3.382e+11     1.355e+11     3.804e+11

t = 5.04e+04   no. steps = 399   order = 5   stepsize = 3.64e+02
c1 (bot.left/middle/top rt.) =    6.114e-11     4.721e-08    -4.580e-12
c2 (bot.left/middle/top rt.) =    3.358e+11     4.930e+11     3.864e+11

t = 5.76e+04   no. steps = 411   order = 5   stepsize = 4.68e+02
c1 (bot.left/middle/top rt.) =    1.623e-14    -4.031e-12    -1.297e-13
c2 (bot.left/middle/top rt.) =    3.320e+11     9.650e+11     3.909e+11

t = 6.48e+04   no. steps = 423   order = 5   stepsize = 7.12e+02
c1 (bot.left/middle/top rt.) =   -8.838e-18     5.746e-17     1.148e-17
c2 (bot.left/middle/top rt.) =    3.313e+11     8.922e+11     3.963e+11

t = 7.20e+04   no. steps = 433   order = 5   stepsize = 7.12e+02
c1 (bot.left/middle/top rt.) =    7.484e-20     2.766e-18    -2.750e-19
c2 (bot.left/middle/top rt.) =    3.330e+11     6.186e+11     4.039e+11

t = 7.92e+04   no. steps = 443   order = 5   stepsize = 7.12e+02
c1 (bot.left/middle/top rt.) =   -4.035e-20    -1.571e-18     1.826e-19
c2 (bot.left/middle/top rt.) =    3.334e+11     6.669e+11     4.120e+11

t = 8.64e+04   no. steps = 454   order = 5   stepsize = 7.12e+02
c1 (bot.left/middle/top rt.) =   -4.869e-20     6.374e-18    -3.263e-20
c2 (bot.left/middle/top rt.) =    3.352e+11     9.106e+11     4.163e+11


Final Statistics.. 

lenrw   =  2096     leniw   =    62
lenrwLS =  2046     leniwLS =    10
lenrwBP =  2400     leniwBP =   200
nst     =   454
nfe     =   571     nfetot  =  1378
nfeLS   =   722     nfeBP   =    85
nni     =   568     nli     =   722
nsetups =    74     netf    =    23
npe     =     8     nps     =  1198
ncfn    =     0     ncfl    =     0

