
irobxf: Robertson kinetics DAE serial exampleproblem for IDA
        Three equation chemicalkinetics problem.

Tolerance parameters:  rtol = 0.10E-03   atol =  0.10E-05 0.10E-09 0.10E-05
Initial conditions y0 = ( 0.10E+01 0.00E+00 0.00E+00)
Constraints and id not used.

  t          y1           y2           y3        nst  k    h
0.40E+00   0.9852E+00   0.3386E-04   0.1480E-01   70  2  0.6248E-01
0.40E+01   0.9055E+00   0.2240E-04   0.9447E-01   84  4  0.4049E+00
0.40E+02   0.7158E+00   0.9185E-05   0.2842E+00  114  4  0.2349E+01
0.40E+03   0.4505E+00   0.3223E-05   0.5495E+00  157  3  0.2800E+02
0.40E+04   0.1832E+00   0.8941E-06   0.8168E+00  200  2  0.1608E+03
0.40E+05   0.3898E-01   0.1621E-06   0.9610E+00  249  4  0.2438E+04
0.40E+06   0.4937E-02   0.1984E-07   0.9951E+00  284  4  0.2464E+05
0.40E+07   0.5177E-03   0.2072E-08   0.9995E+00  316  4  0.4058E+06
0.40E+08   0.5187E-04   0.2075E-09   0.9999E+00  341  3  0.6493E+07
0.40E+09   0.5883E-05   0.2353E-10   0.1000E+01  355  1  0.9350E+08
0.40E+10   0.7058E-06   0.2823E-11   0.1000E+01  363  1  0.1496E+10
0.40E+11  -0.7335E-06  -0.2934E-11   0.1000E+01  368  1  0.2394E+11

Final Run Statistics:

Number of steps                    = 368
Number of residual evaluations     = 529
Number of Jacobian evaluations     =  66
Number of nonlinear iterations     = 529
Number of error test failures      =   8
Number of nonlinear conv. failures =   0
