
2D Heat PDE test problem:
 --------------------------------- 
  nprocs         = 4
  npx            = 2
  npy            = 2
 --------------------------------- 
  Dux            = 0.001
  Duy            = 0.001
  Dvx            = 0.001
  Dvy            = 0.001
  A              = 1
  B              = 3
 --------------------------------- 
  tf             = 10
  xl             = -0.5
  xu             = 0.5
  yl             = -0.5
  yu             = 0.5
 --------------------------------- 
  nx             = 128
  ny             = 128
  dx             = 0.0078125
  dy             = 0.0078125
  nxl (proc 0)   = 64
  nyl (proc 0)   = 64
  is  (proc 0)   = 0
  ie  (proc 0)   = 63
  je  (proc 0)   = 0
  je  (proc 0)   = 63
 --------------------------------- 
  rtol           = 0.0001
  atol           = 1e-08
  order          = 3
  fixed h        = 0
  controller     = 0
  linear         = 1
 --------------------------------- 
  linear solver  = PCG
  lin iters      = 5
  eps lin        = 0
  prec           = 1
  msbp           = 0
 --------------------------------- 
  output         = 1
 --------------------------------- 

          t                     ||u||_rms      
 ----------------------------------------------
 0.000000000000000e+00    3.172144385112383e+00
 5.000000000000000e-01    3.136697755289245e+00
 1.000000000000000e+00    3.125045363662519e+00
 1.500000000000000e+00    3.152621144482752e+00
 2.000000000000000e+00    3.252103105111211e+00
 2.500000000000000e+00    3.404836380445778e+00
 3.000000000000000e+00    3.570289124032259e+00
 3.500000000000000e+00    3.700390110599262e+00
 4.000000000000000e+00    3.695069067461584e+00
 4.500000000000000e+00    3.628501948241147e+00
 5.000000000000000e+00    3.475486870968288e+00
 5.500000000000000e+00    3.344048556646717e+00
 6.000000000000000e+00    3.234016955415836e+00
 6.500000000000000e+00    3.082257265934162e+00
 7.000000000000000e+00    2.890412267831545e+00
 7.500000000000000e+00    2.837091002264438e+00
 8.000000000000000e+00    2.898066439117228e+00
 8.500000000000000e+00    3.139960237168968e+00
 9.000000000000000e+00    3.442188896137627e+00
 9.500000000000000e+00    3.740379679871287e+00
 1.000000000000000e+01    4.014473424455050e+00
 ----------------------------------------------

Final integrator statistics:
  Steps            = 105
  Step attempts    = 111
  Error test fails = 6
  RHS reaction     = 440
  RHS diffusion    = 773
  NLS iters        = 333
  NLS fails        = 0
  LS iters         = 1638
  LS fails         = 300
  LS setups        = 0
  LS RHS evals     = 1638
  Jv products      = 1638

  Avg NLS iters per step attempt = 3.000000
  Avg LS iters per NLS iter      = 4.918919

  Preconditioner setups = 0
  Preconditioner solves = 1638

