
2D Heat PDE test problem:
 --------------------------------- 
  nprocs         = 4
  npx            = 2
  npy            = 2
 --------------------------------- 
  kx             = 10
  ky             = 10
  forcing        = 1
  tf             = 1
  xu             = 1
  yu             = 1
  nx             = 64
  ny             = 64
  nxl (proc 0)   = 32
  nyl (proc 0)   = 32
  dx             = 0.015873
  dy             = 0.015873
 --------------------------------- 
  rtol           = 1e-05
  atol           = 1e-10
  fixed h        = 0
  controller     = 0
  method         = 0
  eigfrequency   = 25
  stage_max_limit  = 1000
  eigsafety      = 1.01
 --------------------------------- 
  output         = 1
  max steps      = 0
 --------------------------------- 

          t                     ||u||_rms                max error      
 -----------------------------------------------------------------------
 0.000000000000000e+00    3.691406249999997e-01    0.000000000000000e+00
 5.000000000000000e-02    3.604068953517967e-01    8.105295833209514e-04
 1.000000000000000e-01    3.341701389364218e-01    7.545034548108731e-04
 1.500000000000000e-01    2.933045814986309e-01    6.655020864086980e-04
 2.000000000000000e-01    2.418102694055522e-01    5.516214337898395e-04
 2.500000000000000e-01    1.847278700508771e-01    4.242334062369291e-04
 3.000000000000000e-01    1.276450308942230e-01    2.958580787583154e-04
 3.500000000000000e-01    7.614944266688789e-02    1.791094084935274e-04
 4.000000000000000e-01    3.528179910098501e-02    8.530904672893191e-05
 4.500000000000000e-01    9.042542522659845e-03    2.370608958960491e-05
 4.999999999999999e-01    1.483315165833703e-07    3.059603009078324e-07
 5.499999999999999e-01    9.039739042855642e-03    1.741090610168916e-05
 6.000000000000000e-01    3.527647409301833e-02    7.335124039506424e-05
 6.500000000000000e-01    7.614211328452632e-02    1.626500500091221e-04
 7.000000000000001e-01    1.276364431258475e-01    2.765661019733523e-04
 7.500000000000001e-01    1.847188398300700e-01    4.039484928375914e-04
 8.000000000000002e-01    2.418016806913653e-01    5.323281456519613e-04
 8.500000000000002e-01    2.932973330368285e-01    6.492070715119480e-04
 9.000000000000002e-01    3.341649712652597e-01    7.429941070044022e-04
 9.500000000000003e-01    3.604042250427837e-01    8.045913924962234e-04
 1.000000000000000e+00    3.694466133674801e-01    8.279696784312396e-04
 -----------------------------------------------------------------------

Final integrator statistics:
Current time                 = 1
Steps                        = 617
Step attempts                = 617
Stability limited steps      = 0
Accuracy limited steps       = 617
Error test fails             = 0
NLS step fails               = 0
Inequality constraint fails  = 0
Initial step size            = 2.877680248425019e-06
Last step size               = 0.0003216915630392944
Current step size            = 0.0003216915630392944
RHS fn evals                 = 17225
Number of dom_eig updates    = 50
Max. num. of stages used     = 46
Max. num. of stages allowed  = 1000
Max. spectral radius         = 320695.20
Min. spectral radius         = 320695.20
  Max error = 8.279696784312396e-04
