
2D Heat PDE test problem:
 --------------------------------- 
  nprocs         = 4
  npx            = 2
  npy            = 2
 --------------------------------- 
  Dux            = 0.001
  Duy            = 0.001
  Dvx            = 0.001
  Dvy            = 0.001
  A              = 1
  B              = 3
 --------------------------------- 
  tf             = 10
  xl             = -0.5
  xu             = 0.5
  yl             = -0.5
  yu             = 0.5
 --------------------------------- 
  nx             = 128
  ny             = 128
  dx             = 0.0078125
  dy             = 0.0078125
  nxl (proc 0)   = 64
  nyl (proc 0)   = 64
  is  (proc 0)   = 0
  ie  (proc 0)   = 63
  je  (proc 0)   = 0
  je  (proc 0)   = 63
 --------------------------------- 
  rtol_slow      = 0.0001
  atol_slow      = 1e-08
  rtol_fast      = 1e-05
  atol_fast      = 1e-09
  order_fast     = 3
  fixed h slow   = 0.0762939
  fixed h fast   = 0
  controller     = 0
  linear         = 1
 --------------------------------- 
  linear solver  = PCG
  lin iters      = 10
  eps lin        = 0
  prec           = 1
  msbp           = 0
 --------------------------------- 
  output         = 1
 --------------------------------- 

          t                     ||u||_rms      
 ----------------------------------------------
 0.000000000000000e+00    3.172144385112383e+00
 5.000000000000000e-01    3.136702506772491e+00
 1.000000000000000e+00    3.125019831337103e+00
 1.500000000000000e+00    3.152553269284723e+00
 2.000000000000000e+00    3.251969494381176e+00
 2.500000000000000e+00    3.404673933063467e+00
 3.000000000000000e+00    3.570103152366130e+00
 3.500000000000000e+00    3.699922896883436e+00
 4.000000000000000e+00    3.694726101643302e+00
 4.500000000000000e+00    3.628066610591935e+00
 5.000000000000000e+00    3.474943316767684e+00
 5.500000000000000e+00    3.343373209172369e+00
 6.000000000000000e+00    3.233355958070737e+00
 6.500000000000000e+00    3.081713311546319e+00
 7.000000000000000e+00    2.890064956811404e+00
 7.500000000000000e+00    2.836866861961995e+00
 8.000000000000000e+00    2.897962217732046e+00
 8.500000000000000e+00    3.139852442835502e+00
 9.000000000000000e+00    3.442051478499238e+00
 9.500000000000000e+00    3.740244912270594e+00
 1.000000000000000e+01    4.014337597219764e+00
 ----------------------------------------------

Final integrator statistics:

Slow Integrator:
  Steps            = 132
  RHS diffusion    = 773
  NLS iters        = 396
  NLS fails        = 0
  LS iters         = 2645
  LS fails         = 0
  LS setups        = 0
  LS RHS evals     = 2645
  Jv products      = 2645

  Avg NLS iters per step attempt = 3.000000
  Avg LS iters per NLS iter      = 6.679293

  Preconditioner setups = 0
  Preconditioner solves = 2645

Fast Integrator:
  Steps            = 2001
  Error test fails = 398
  RHS reaction     = 4898
  NLS iters        = 3710
  NLS fails        = 0

