
2D Heat PDE test problem:
 --------------------------------- 
  nprocs         = 4
  npx            = 2
  npy            = 2
 --------------------------------- 
  kx             = 1
  ky             = 1
  forcing        = 1
  tf             = 1
  xu             = 1
  yu             = 1
  nx             = 32
  ny             = 32
  nxl (proc 0)   = 16
  nyl (proc 0)   = 16
  dx             = 0.0322581
  dy             = 0.0322581
 --------------------------------- 
  rtol           = 1e-05
  atol           = 1e-10
  order          = 3
  fixed h        = 0
  controller     = 0
  linear         = 1
 --------------------------------- 
  linear solver  = PCG
  lin iters      = 20
  eps lin        = 0
  prec           = 1
  msbp           = 0
 --------------------------------- 
  output         = 1
 --------------------------------- 

          t                     ||u||_rms                max error      
 -----------------------------------------------------------------------
 0.000000000000000e+00    3.632812500000001e-01    0.000000000000000e+00
 5.000000000000000e-02    3.551986895896301e-01    2.454809192749874e-03
 1.000000000000000e-01    3.296218924797935e-01    2.893504575480321e-03
 1.500000000000000e-01    2.894444839668597e-01    2.832208342478770e-03
 2.000000000000000e-01    2.387098901092724e-01    2.521692271806208e-03
 2.500000000000000e-01    1.824251441298110e-01    2.077136177408678e-03
 3.000000000000000e-01    1.261158170834051e-01    1.577512738791642e-03
 3.500000000000000e-01    7.529897185173372e-02    1.082631769255271e-03
 4.000000000000000e-01    3.495158561042949e-02    6.467797520159912e-04
 4.500000000000000e-01    9.023455972295553e-03    3.130158624281738e-04
 4.999999999999999e-01    5.516397406232856e-05    1.156062150588009e-04
 5.499999999999999e-01    8.918869101698226e-03    7.363173064021955e-05
 6.000000000000000e-01    3.475274021243870e-02    1.914355966323028e-04
 6.500000000000000e-01    7.502602578332933e-02    4.575663730630175e-04
 7.000000000000001e-01    1.257964771360131e-01    8.459318369608559e-04
 7.500000000000001e-01    1.820944124085353e-01    1.318720280925501e-03
 8.000000000000002e-01    2.384088105492750e-01    1.829169545728648e-03
 8.500000000000002e-01    2.892274299179443e-01    2.327857203215489e-03
 9.000000000000002e-01    3.295755856715070e-01    2.765412959527036e-03
 9.500000000000003e-01    3.555036664911532e-01    3.099463807382241e-03
 1.000000000000000e+00    3.644740299640661e-01    3.296883675957818e-03
 -----------------------------------------------------------------------

Final integrator statistics:
  Steps            = 212
  Step attempts    = 278
  Error test fails = 66
  RHS evals        = 1671
  NLS iters        = 834
  NLS fails        = 0
  LS iters         = 16144
  LS fails         = 783
  LS setups        = 149
  LS RHS evals     = 16144
  Jv products      = 16144

  Avg NLS iters per step attempt = 3.000000
  Avg LS iters per NLS iter      = 19.357314

  Preconditioner setups = 67
  Preconditioner solves = 16144

  Max error = 3.296883675957818e-03
