
2D Heat PDE test problem:
 --------------------------------- 
  nprocs         = 4
  npx            = 2
  npy            = 2
 --------------------------------- 
  Dux            = 0.001
  Duy            = 0.001
  Dvx            = 0.001
  Dvy            = 0.001
  A              = 1
  B              = 3
 --------------------------------- 
  tf             = 10
  xl             = -0.5
  xu             = 0.5
  yl             = -0.5
  yu             = 0.5
 --------------------------------- 
  nx             = 128
  ny             = 128
  dx             = 0.0078125
  dy             = 0.0078125
  nxl (proc 0)   = 64
  nyl (proc 0)   = 64
  is  (proc 0)   = 0
  ie  (proc 0)   = 63
  je  (proc 0)   = 0
  je  (proc 0)   = 63
 --------------------------------- 
  rtol_slow      = 0.0001
  atol_slow      = 1e-08
  rtol_fast      = 1e-05
  atol_fast      = 1e-09
  order_fast     = 3
  fixed h slow   = 0.0762939
  fixed h fast   = 0
  controller     = 0
  linear         = 1
 --------------------------------- 
  linear solver  = PCG
  lin iters      = 5
  eps lin        = 0
  prec           = 1
  msbp           = 0
 --------------------------------- 
  output         = 1
 --------------------------------- 

          t                     ||u||_rms      
 ----------------------------------------------
 0.000000000000000e+00    3.172144385112383e+00
 5.000000000000000e-01    3.136722629449953e+00
 1.000000000000000e+00    3.125057666126929e+00
 1.500000000000000e+00    3.152636289634263e+00
 2.000000000000000e+00    3.252083329234243e+00
 2.500000000000000e+00    3.404787270206946e+00
 3.000000000000000e+00    3.570168004923538e+00
 3.500000000000000e+00    3.699859575041093e+00
 4.000000000000000e+00    3.694339405049186e+00
 4.500000000000000e+00    3.627867885540681e+00
 5.000000000000000e+00    3.474897651115747e+00
 5.500000000000000e+00    3.343691887176871e+00
 6.000000000000000e+00    3.233893449059379e+00
 6.500000000000000e+00    3.082335249272194e+00
 7.000000000000000e+00    2.890709621824973e+00
 7.500000000000000e+00    2.837406003406129e+00
 8.000000000000000e+00    2.898407674743417e+00
 8.500000000000000e+00    3.140214704953749e+00
 9.000000000000000e+00    3.442364477880599e+00
 9.500000000000000e+00    3.740510276339601e+00
 1.000000000000000e+01    4.014550736499725e+00
 ----------------------------------------------

Final integrator statistics:

Slow Integrator:
  Steps            = 132
  RHS diffusion    = 1189
  NLS iters        = 396
  NLS fails        = 0
  LS iters         = 1958
  LS fails         = 354
  LS setups        = 0
  LS RHS evals     = 1958
  Jv products      = 1958

  Avg NLS iters per step attempt = 3.000000
  Avg LS iters per NLS iter      = 4.944444

  Preconditioner setups = 0
  Preconditioner solves = 1958

Fast Integrator:
  Steps            = 2058
  Error test fails = 392
  RHS reaction     = 4992
  NLS iters        = 3804
  NLS fails        = 0

