 
3-species kinetics problem

At t = 2.6391e-01      y =  9.899653e-01    3.470564e-05    1.000000e-02
    rootsfound[] =   0   1
At t = 4.0000e-01      y =  9.851641e-01    3.386242e-05    1.480205e-02
At t = 4.0000e+00      y =  9.055097e-01    2.240338e-05    9.446793e-02
At t = 4.0000e+01      y =  7.157952e-01    9.183486e-06    2.841956e-01
At t = 4.0000e+02      y =  4.505420e-01    3.222962e-06    5.494548e-01
At t = 4.0000e+03      y =  1.831868e-01    8.941135e-07    8.168123e-01
At t = 4.0000e+04      y =  3.898772e-02    1.621957e-07    9.610121e-01
At t = 4.0000e+05      y =  4.937957e-03    1.984865e-08    9.950620e-01
At t = 4.0000e+06      y =  5.169855e-04    2.069000e-09    9.994830e-01
At t = 2.0798e+07      y =  1.000000e-04    4.000395e-10    9.999000e-01
    rootsfound[] =   1   0
At t = 4.0000e+07      y =  5.199165e-05    2.079772e-10    9.999480e-01
At t = 4.0000e+08      y =  5.212349e-06    2.084950e-11    9.999948e-01
At t = 4.0000e+09      y =  5.193070e-07    2.077229e-12    9.999995e-01
At t = 4.0000e+10      y =  5.829567e-08    2.331827e-13    9.999999e-01

Final Statistics:
nst = 502    nfe  = 749    nsetups = 118    nfeLS = 0      nje = 12
nni = 746    ncfn = 0      netf = 30     nge = 532
 
