
2-species diurnal advection-diffusion problem

t = 7.20e+03   no. steps = 1017   stepsize = 3.01e+00
At bottom left:  c1, c2 =    1.047e+04    2.527e+11 
At top right:    c1, c2 =    1.119e+04    2.700e+11 

t = 1.44e+04   no. steps = 2779   stepsize = 6.13e+00
At bottom left:  c1, c2 =    6.659e+06    2.582e+11 
At top right:    c1, c2 =    7.301e+06    2.833e+11 

t = 2.16e+04   no. steps = 3577   stepsize = 1.60e+01
At bottom left:  c1, c2 =    2.665e+07    2.993e+11 
At top right:    c1, c2 =    2.931e+07    3.313e+11 

t = 2.88e+04   no. steps = 4812   stepsize = 3.89e+00
At bottom left:  c1, c2 =    8.702e+06    3.380e+11 
At top right:    c1, c2 =    9.650e+06    3.751e+11 

t = 3.60e+04   no. steps = 6533   stepsize = 2.36e+00
At bottom left:  c1, c2 =    1.404e+04    3.387e+11 
At top right:    c1, c2 =    1.561e+04    3.765e+11 

t = 4.32e+04   no. steps = 7923   stepsize = 6.22e+02
At bottom left:  c1, c2 =    1.093e-10    3.382e+11 
At top right:    c1, c2 =   -2.805e-10    3.804e+11 

t = 5.04e+04   no. steps = 7939   stepsize = 3.68e+02
At bottom left:  c1, c2 =   -4.118e-16    3.358e+11 
At top right:    c1, c2 =    3.489e-16    3.864e+11 

t = 5.76e+04   no. steps = 7954   stepsize = 8.37e+01
At bottom left:  c1, c2 =    3.087e-14    3.320e+11 
At top right:    c1, c2 =    4.906e-14    3.909e+11 

t = 6.48e+04   no. steps = 7968   stepsize = 6.25e+02
At bottom left:  c1, c2 =   -1.220e-15    3.313e+11 
At top right:    c1, c2 =    2.885e-15    3.963e+11 

t = 7.20e+04   no. steps = 7980   stepsize = 6.25e+02
At bottom left:  c1, c2 =   -1.080e-16    3.330e+11 
At top right:    c1, c2 =    8.846e-16    4.039e+11 

t = 7.92e+04   no. steps = 7991   stepsize = 6.25e+02
At bottom left:  c1, c2 =    6.500e-18    3.334e+11 
At top right:    c1, c2 =   -9.446e-17    4.120e+11 

t = 8.64e+04   no. steps = 8003   stepsize = 1.43e+02
At bottom left:  c1, c2 =   -9.418e-09    3.352e+11 
At top right:    c1, c2 =    1.400e-07    4.163e+11 


Final Statistics: 

lenrw   =  3058     leniw   =   160
lenrwls =  2046     leniwls =    80
nst     =  8003     nfe     =     0
nfi     = 82226     nfels   = 44343
nni     = 41832     nli     = 44343
nsetups =   528     netf    =    75
npe     =   134     nps     = 85089
ncfn    =     0     ncfl    =     0

