
2-species diurnal advection-diffusion problem
  10 by 10 mesh on 4 processors
  Using ARKBBDPRE preconditioner module
    Difference-quotient half-bandwidths are mudq = 10,  mldq = 10
    Retained band block half-bandwidths are mukeep = 2,  mlkeep = 2

Preconditioner type is:  jpre = PREC_LEFT

t = 7.20e+03   no. steps = 1013   stepsize = 3.02e+00
At bottom left:  c1, c2 =    1.047e+04    2.527e+11 
At top right:    c1, c2 =    1.119e+04    2.700e+11 

t = 1.44e+04   no. steps = 2782   stepsize = 6.08e+00
At bottom left:  c1, c2 =    6.659e+06    2.582e+11 
At top right:    c1, c2 =    7.301e+06    2.833e+11 

t = 2.16e+04   no. steps = 3720   stepsize = 1.51e+01
At bottom left:  c1, c2 =    2.665e+07    2.993e+11 
At top right:    c1, c2 =    2.931e+07    3.313e+11 

t = 2.88e+04   no. steps = 4948   stepsize = 5.17e+00
At bottom left:  c1, c2 =    8.702e+06    3.380e+11 
At top right:    c1, c2 =    9.650e+06    3.751e+11 

t = 3.60e+04   no. steps = 6646   stepsize = 2.27e+00
At bottom left:  c1, c2 =    1.404e+04    3.387e+11 
At top right:    c1, c2 =    1.561e+04    3.765e+11 

t = 4.32e+04   no. steps = 7988   stepsize = 5.22e+02
At bottom left:  c1, c2 =   -1.029e-08    3.382e+11 
At top right:    c1, c2 =    1.322e-10    3.804e+11 

t = 5.04e+04   no. steps = 8006   stepsize = 4.33e+02
At bottom left:  c1, c2 =   -3.956e-07    3.358e+11 
At top right:    c1, c2 =   -5.057e-07    3.864e+11 

t = 5.76e+04   no. steps = 8020   stepsize = 4.09e+02
At bottom left:  c1, c2 =   -2.707e-09    3.320e+11 
At top right:    c1, c2 =   -1.088e-09    3.909e+11 

t = 6.48e+04   no. steps = 8035   stepsize = 5.42e+02
At bottom left:  c1, c2 =   -1.627e-07    3.313e+11 
At top right:    c1, c2 =    1.250e-07    3.963e+11 

t = 7.20e+04   no. steps = 8051   stepsize = 5.36e+02
At bottom left:  c1, c2 =    2.737e-08    3.330e+11 
At top right:    c1, c2 =   -5.515e-09    4.039e+11 

t = 7.92e+04   no. steps = 8065   stepsize = 5.36e+02
At bottom left:  c1, c2 =   -1.195e-08    3.334e+11 
At top right:    c1, c2 =   -5.866e-08    4.120e+11 

t = 8.64e+04   no. steps = 8078   stepsize = 5.36e+02
At bottom left:  c1, c2 =   -8.252e-08    3.352e+11 
At top right:    c1, c2 =   -3.937e-08    4.163e+11 


Final Statistics: 

lenrw   =  3058     leniw   =   160
lenrwls =  2046     leniwls =    80
nst     =  8078     nfe     =     0
nfe     = 83021     nfels   = 44757
nni     = 42252     nli     = 44757
nsetups =   537     netf    =    75
npe     =   135     nps     = 85878
ncfn    =     0     ncfl    =     0

In ARKBBDPRE: real/integer local work space sizes = 600, 50
             no. flocal evals. = 2970


-------------------------------------------------------------------


Preconditioner type is:  jpre = PREC_RIGHT

t = 7.20e+03   no. steps = 1002   stepsize = 2.97e+00
At bottom left:  c1, c2 =    1.047e+04    2.527e+11 
At top right:    c1, c2 =    1.119e+04    2.700e+11 

t = 1.44e+04   no. steps = 2680   stepsize = 6.69e+00
At bottom left:  c1, c2 =    6.659e+06    2.582e+11 
At top right:    c1, c2 =    7.301e+06    2.833e+11 

t = 2.16e+04   no. steps = 3418   stepsize = 1.65e+01
At bottom left:  c1, c2 =    2.665e+07    2.993e+11 
At top right:    c1, c2 =    2.931e+07    3.313e+11 

t = 2.88e+04   no. steps = 4367   stepsize = 4.02e+00
At bottom left:  c1, c2 =    8.702e+06    3.380e+11 
At top right:    c1, c2 =    9.650e+06    3.751e+11 

t = 3.60e+04   no. steps = 5712   stepsize = 2.55e+00
At bottom left:  c1, c2 =    1.404e+04    3.387e+11 
At top right:    c1, c2 =    1.561e+04    3.765e+11 

t = 4.32e+04   no. steps = 6901   stepsize = 4.36e+02
At bottom left:  c1, c2 =    1.965e-09    3.382e+11 
At top right:    c1, c2 =   -2.039e-08    3.804e+11 

t = 5.04e+04   no. steps = 6918   stepsize = 5.06e+02
At bottom left:  c1, c2 =    5.012e-15    3.358e+11 
At top right:    c1, c2 =    1.526e-15    3.864e+11 

t = 5.76e+04   no. steps = 6933   stepsize = 3.95e+02
At bottom left:  c1, c2 =   -3.284e-14    3.320e+11 
At top right:    c1, c2 =    1.003e-15    3.909e+11 

t = 6.48e+04   no. steps = 6946   stepsize = 6.02e+02
At bottom left:  c1, c2 =    1.421e-15    3.313e+11 
At top right:    c1, c2 =    1.755e-18    3.963e+11 

t = 7.20e+04   no. steps = 6958   stepsize = 6.02e+02
At bottom left:  c1, c2 =    7.304e-15    3.330e+11 
At top right:    c1, c2 =   -1.587e-17    4.039e+11 

t = 7.92e+04   no. steps = 6970   stepsize = 6.02e+02
At bottom left:  c1, c2 =   -1.642e-12    3.334e+11 
At top right:    c1, c2 =   -2.291e-14    4.120e+11 

t = 8.64e+04   no. steps = 6982   stepsize = 6.02e+02
At bottom left:  c1, c2 =   -5.460e-08    3.352e+11 
At top right:    c1, c2 =    3.134e-08    4.163e+11 


Final Statistics: 

lenrw   =  3058     leniw   =   160
lenrwls =  2046     leniwls =    80
nst     =  6982     nfe     =     0
nfe     = 71452     nfels   = 51249
nni     = 36358     nli     = 51249
nsetups =   434     netf    =    36
npe     =   117     nps     = 86447
ncfn    =     0     ncfl    =     0

In ARKBBDPRE: real/integer local work space sizes = 600, 50
             no. flocal evals. = 2574
