   
 2D Heat PDE test problem:
   nprocs =    4
   nx =  100
   ny =  100
   kx =  1.00
   ky =  1.00
   rtol =  0.00E+00
   atol =  1.00E-03
   nxl (proc 0) =   50
   nyl (proc 0) =   50
   
   
 Case            1
   Difference quotient half-bandwidths =                    50
   Retained matrix half-bandwidths =                     1
   
 Output Summary
   umax = max-norm of solution
   nre = nre + nreLS (total number of RES evals.)
    
         t      ||u||_max       k  nst   nni   nli   nre    nge       h      npe   nps
    ------------------------------------------------------------------------------------
    0.010000    8.46213E-01   2   15    20    32    20+ 32    816    2.56E-03    8    52
    0.020000    7.05517E-01   2   18    24    47    24+ 47    918    5.12E-03    9    71
    0.040000    4.83694E-01   3   22    29    73    29+ 73    918    5.12E-03    9   102
    0.080000    2.15365E-01   3   28    38   143    38+143    918    6.97E-03    9   181
    0.160000    6.15447E-02   2   36    48   211    48+211   1020    1.39E-02   10   259
    0.320000    1.63800E-02   2   48    69   393    69+393   1428    1.88E-02   14   462
    0.640000    1.06183E-02   1   84   125   603   125+603   2958    5.52E-02   29   728
    1.280000    1.98532E-02   1   88   131   621   131+621   3162    2.21E-01   31   752
    2.560000    3.00701E-02   1   92   138   651   138+651   3264    3.52E-01   32   789
    5.120000    2.46999E-02   1   96   147   670   147+670   3570    1.07E+00   35   817
   10.240000    1.82570E-02   1   98   150   682   150+682   3672    2.14E+00   36   832
    ------------------------------------------------------------------------------------
   
 Final Solver Statistics:
   Total number of error test failures      =      1
   Total number of nonlinear conv. failures =      3
   Total number of linear conv. failures    =      2
   
 Case            2
   Difference quotient half-bandwidths =                     5
   Retained matrix half-bandwidths =                     1
   
 Output Summary
   umax = max-norm of solution
   nre = nre + nreLS (total number of RES evals.)
    
         t      ||u||_max       k  nst   nni   nli   nre    nge       h      npe   nps
    ------------------------------------------------------------------------------------
    0.010000    8.46213E-01   2   15    20    32    20+ 32     96    2.56E-03    8    52
    0.020000    7.05517E-01   2   18    24    47    24+ 47    108    5.12E-03    9    71
    0.040000    4.83694E-01   3   22    29    73    29+ 73    108    5.12E-03    9   102
    0.080000    2.15365E-01   3   28    38   143    38+143    108    6.97E-03    9   181
    0.160000    6.15447E-02   2   36    48   211    48+211    120    1.39E-02   10   259
    0.320000    1.63800E-02   2   48    69   393    69+393    168    1.88E-02   14   462
    0.640000    1.06183E-02   1   84   125   603   125+603    348    5.52E-02   29   728
    1.280000    1.98532E-02   1   88   131   621   131+621    372    2.21E-01   31   752
    2.560000    3.00701E-02   1   92   138   651   138+651    384    3.52E-01   32   789
    5.120000    2.46999E-02   1   96   147   670   147+670    420    1.07E+00   35   817
   10.240000    1.82570E-02   1   98   150   682   150+682    432    2.14E+00   36   832
    ------------------------------------------------------------------------------------
   
 Final Solver Statistics:
   Total number of error test failures      =      1
   Total number of nonlinear conv. failures =      3
   Total number of linear conv. failures    =      2
