 
Batch of independent 3-species kinetics problems

number of batches = 100

batch_0: At t = 1.0000e+00      y =  1.103886e+00    3.013144e+00    3.499981e+00
batch_10: At t = 1.0000e+00      y =  1.103886e+00    3.013144e+00    3.499981e+00
batch_20: At t = 1.0000e+00      y =  1.103886e+00    3.013144e+00    3.499981e+00
batch_30: At t = 1.0000e+00      y =  1.103886e+00    3.013144e+00    3.499981e+00
batch_40: At t = 1.0000e+00      y =  1.103886e+00    3.013144e+00    3.499981e+00
batch_50: At t = 1.0000e+00      y =  1.103886e+00    3.013144e+00    3.499981e+00
batch_60: At t = 1.0000e+00      y =  1.103886e+00    3.013144e+00    3.499981e+00
batch_70: At t = 1.0000e+00      y =  1.103886e+00    3.013144e+00    3.499981e+00
batch_80: At t = 1.0000e+00      y =  1.103886e+00    3.013144e+00    3.499981e+00
batch_90: At t = 1.0000e+00      y =  1.103886e+00    3.013144e+00    3.499981e+00
batch_0: At t = 2.0000e+00      y =  6.880333e-01    3.521296e+00    3.499988e+00
batch_10: At t = 2.0000e+00      y =  6.880333e-01    3.521296e+00    3.499988e+00
batch_20: At t = 2.0000e+00      y =  6.880333e-01    3.521296e+00    3.499988e+00
batch_30: At t = 2.0000e+00      y =  6.880333e-01    3.521296e+00    3.499988e+00
batch_40: At t = 2.0000e+00      y =  6.880333e-01    3.521296e+00    3.499988e+00
batch_50: At t = 2.0000e+00      y =  6.880333e-01    3.521296e+00    3.499988e+00
batch_60: At t = 2.0000e+00      y =  6.880333e-01    3.521296e+00    3.499988e+00
batch_70: At t = 2.0000e+00      y =  6.880333e-01    3.521296e+00    3.499988e+00
batch_80: At t = 2.0000e+00      y =  6.880333e-01    3.521296e+00    3.499988e+00
batch_90: At t = 2.0000e+00      y =  6.880333e-01    3.521296e+00    3.499988e+00
batch_0: At t = 3.0000e+00      y =  4.094720e-01    4.277811e+00    3.499993e+00
batch_10: At t = 3.0000e+00      y =  4.094720e-01    4.277811e+00    3.499993e+00
batch_20: At t = 3.0000e+00      y =  4.094720e-01    4.277811e+00    3.499993e+00
batch_30: At t = 3.0000e+00      y =  4.094720e-01    4.277811e+00    3.499993e+00
batch_40: At t = 3.0000e+00      y =  4.094720e-01    4.277811e+00    3.499993e+00
batch_50: At t = 3.0000e+00      y =  4.094720e-01    4.277811e+00    3.499993e+00
batch_60: At t = 3.0000e+00      y =  4.094720e-01    4.277811e+00    3.499993e+00
batch_70: At t = 3.0000e+00      y =  4.094720e-01    4.277811e+00    3.499993e+00
batch_80: At t = 3.0000e+00      y =  4.094720e-01    4.277811e+00    3.499993e+00
batch_90: At t = 3.0000e+00      y =  4.094720e-01    4.277811e+00    3.499993e+00
batch_0: At t = 4.0000e+00      y =  3.678801e-01    4.941936e+00    3.499994e+00
batch_10: At t = 4.0000e+00      y =  3.678801e-01    4.941936e+00    3.499994e+00
batch_20: At t = 4.0000e+00      y =  3.678801e-01    4.941936e+00    3.499994e+00
batch_30: At t = 4.0000e+00      y =  3.678801e-01    4.941936e+00    3.499994e+00
batch_40: At t = 4.0000e+00      y =  3.678801e-01    4.941936e+00    3.499994e+00
batch_50: At t = 4.0000e+00      y =  3.678801e-01    4.941936e+00    3.499994e+00
batch_60: At t = 4.0000e+00      y =  3.678801e-01    4.941936e+00    3.499994e+00
batch_70: At t = 4.0000e+00      y =  3.678801e-01    4.941936e+00    3.499994e+00
batch_80: At t = 4.0000e+00      y =  3.678801e-01    4.941936e+00    3.499994e+00
batch_90: At t = 4.0000e+00      y =  3.678801e-01    4.941936e+00    3.499994e+00
batch_0: At t = 5.0000e+00      y =  4.138423e-01    5.510568e+00    3.499993e+00
batch_10: At t = 5.0000e+00      y =  4.138423e-01    5.510568e+00    3.499993e+00
batch_20: At t = 5.0000e+00      y =  4.138423e-01    5.510568e+00    3.499993e+00
batch_30: At t = 5.0000e+00      y =  4.138423e-01    5.510568e+00    3.499993e+00
batch_40: At t = 5.0000e+00      y =  4.138423e-01    5.510568e+00    3.499993e+00
batch_50: At t = 5.0000e+00      y =  4.138423e-01    5.510568e+00    3.499993e+00
batch_60: At t = 5.0000e+00      y =  4.138423e-01    5.510568e+00    3.499993e+00
batch_70: At t = 5.0000e+00      y =  4.138423e-01    5.510568e+00    3.499993e+00
batch_80: At t = 5.0000e+00      y =  4.138423e-01    5.510568e+00    3.499993e+00
batch_90: At t = 5.0000e+00      y =  4.138423e-01    5.510568e+00    3.499993e+00
batch_0: At t = 6.0000e+00      y =  5.892066e-01    5.855657e+00    3.499990e+00
batch_10: At t = 6.0000e+00      y =  5.892066e-01    5.855657e+00    3.499990e+00
batch_20: At t = 6.0000e+00      y =  5.892066e-01    5.855657e+00    3.499990e+00
batch_30: At t = 6.0000e+00      y =  5.892066e-01    5.855657e+00    3.499990e+00
batch_40: At t = 6.0000e+00      y =  5.892066e-01    5.855657e+00    3.499990e+00
batch_50: At t = 6.0000e+00      y =  5.892066e-01    5.855657e+00    3.499990e+00
batch_60: At t = 6.0000e+00      y =  5.892066e-01    5.855657e+00    3.499990e+00
batch_70: At t = 6.0000e+00      y =  5.892066e-01    5.855657e+00    3.499990e+00
batch_80: At t = 6.0000e+00      y =  5.892066e-01    5.855657e+00    3.499990e+00
batch_90: At t = 6.0000e+00      y =  5.892066e-01    5.855657e+00    3.499990e+00
batch_0: At t = 7.0000e+00      y =  4.756754e+00    7.354049e-01    3.499917e+00
batch_10: At t = 7.0000e+00      y =  4.756754e+00    7.354049e-01    3.499917e+00
batch_20: At t = 7.0000e+00      y =  4.756754e+00    7.354049e-01    3.499917e+00
batch_30: At t = 7.0000e+00      y =  4.756754e+00    7.354049e-01    3.499917e+00
batch_40: At t = 7.0000e+00      y =  4.756754e+00    7.354049e-01    3.499917e+00
batch_50: At t = 7.0000e+00      y =  4.756754e+00    7.354049e-01    3.499917e+00
batch_60: At t = 7.0000e+00      y =  4.756754e+00    7.354049e-01    3.499917e+00
batch_70: At t = 7.0000e+00      y =  4.756754e+00    7.354049e-01    3.499917e+00
batch_80: At t = 7.0000e+00      y =  4.756754e+00    7.354049e-01    3.499917e+00
batch_90: At t = 7.0000e+00      y =  4.756754e+00    7.354049e-01    3.499917e+00
batch_0: At t = 8.0000e+00      y =  1.813550e+00    1.575729e+00    3.499968e+00
batch_10: At t = 8.0000e+00      y =  1.813550e+00    1.575729e+00    3.499968e+00
batch_20: At t = 8.0000e+00      y =  1.813550e+00    1.575729e+00    3.499968e+00
batch_30: At t = 8.0000e+00      y =  1.813550e+00    1.575729e+00    3.499968e+00
batch_40: At t = 8.0000e+00      y =  1.813550e+00    1.575729e+00    3.499968e+00
batch_50: At t = 8.0000e+00      y =  1.813550e+00    1.575729e+00    3.499968e+00
batch_60: At t = 8.0000e+00      y =  1.813550e+00    1.575729e+00    3.499968e+00
batch_70: At t = 8.0000e+00      y =  1.813550e+00    1.575729e+00    3.499968e+00
batch_80: At t = 8.0000e+00      y =  1.813550e+00    1.575729e+00    3.499968e+00
batch_90: At t = 8.0000e+00      y =  1.813550e+00    1.575729e+00    3.499968e+00
batch_0: At t = 9.0000e+00      y =  5.279346e-01    2.807312e+00    3.499991e+00
batch_10: At t = 9.0000e+00      y =  5.279346e-01    2.807312e+00    3.499991e+00
batch_20: At t = 9.0000e+00      y =  5.279346e-01    2.807312e+00    3.499991e+00
batch_30: At t = 9.0000e+00      y =  5.279346e-01    2.807312e+00    3.499991e+00
batch_40: At t = 9.0000e+00      y =  5.279346e-01    2.807312e+00    3.499991e+00
batch_50: At t = 9.0000e+00      y =  5.279346e-01    2.807312e+00    3.499991e+00
batch_60: At t = 9.0000e+00      y =  5.279346e-01    2.807312e+00    3.499991e+00
batch_70: At t = 9.0000e+00      y =  5.279346e-01    2.807312e+00    3.499991e+00
batch_80: At t = 9.0000e+00      y =  5.279346e-01    2.807312e+00    3.499991e+00
batch_90: At t = 9.0000e+00      y =  5.279346e-01    2.807312e+00    3.499991e+00
batch_0: At t = 1.0000e+01      y =  3.056015e-01    3.657344e+00    3.499995e+00
batch_10: At t = 1.0000e+01      y =  3.056015e-01    3.657344e+00    3.499995e+00
batch_20: At t = 1.0000e+01      y =  3.056015e-01    3.657344e+00    3.499995e+00
batch_30: At t = 1.0000e+01      y =  3.056015e-01    3.657344e+00    3.499995e+00
batch_40: At t = 1.0000e+01      y =  3.056015e-01    3.657344e+00    3.499995e+00
batch_50: At t = 1.0000e+01      y =  3.056015e-01    3.657344e+00    3.499995e+00
batch_60: At t = 1.0000e+01      y =  3.056015e-01    3.657344e+00    3.499995e+00
batch_70: At t = 1.0000e+01      y =  3.056015e-01    3.657344e+00    3.499995e+00
batch_80: At t = 1.0000e+01      y =  3.056015e-01    3.657344e+00    3.499995e+00
batch_90: At t = 1.0000e+01      y =  3.056015e-01    3.657344e+00    3.499995e+00

Final Statistics:
nst = 344    nfe  = 464    nsetups = 59     nje = 7
nni = 461    ncfn = 1      netf = 20        nge = 0
 
