
2-species diurnal advection-diffusion problem
  10 by 10 mesh on 4 processors
  Using CVBBDPRE preconditioner module
    Difference-quotient half-bandwidths are mudq = 10,  mldq = 10
    Retained band block half-bandwidths are mukeep = 2,  mlkeep = 2

Preconditioner type is:  jpre = PREC_LEFT

t = 7.20e+03   no. steps = 190   order = 5   stepsize = 1.61e+02
At bottom left:  c1, c2 =    1.047e+04    2.527e+11 
At top right:    c1, c2 =    1.119e+04    2.700e+11 

t = 1.44e+04   no. steps = 221   order = 5   stepsize = 3.85e+02
At bottom left:  c1, c2 =    6.659e+06    2.582e+11 
At top right:    c1, c2 =    7.301e+06    2.833e+11 

t = 2.16e+04   no. steps = 247   order = 5   stepsize = 3.01e+02
At bottom left:  c1, c2 =    2.665e+07    2.993e+11 
At top right:    c1, c2 =    2.931e+07    3.313e+11 

t = 2.88e+04   no. steps = 268   order = 5   stepsize = 1.41e+02
At bottom left:  c1, c2 =    8.702e+06    3.380e+11 
At top right:    c1, c2 =    9.650e+06    3.751e+11 

t = 3.60e+04   no. steps = 313   order = 4   stepsize = 7.37e+01
At bottom left:  c1, c2 =    1.404e+04    3.387e+11 
At top right:    c1, c2 =    1.561e+04    3.765e+11 

t = 4.32e+04   no. steps = 381   order = 4   stepsize = 4.05e+02
At bottom left:  c1, c2 =   -5.187e-08    3.382e+11 
At top right:    c1, c2 =   -2.818e-09    3.804e+11 

t = 5.04e+04   no. steps = 396   order = 5   stepsize = 2.53e+02
At bottom left:  c1, c2 =    5.766e-09    3.358e+11 
At top right:    c1, c2 =    9.968e-09    3.864e+11 

t = 5.76e+04   no. steps = 410   order = 5   stepsize = 4.55e+02
At bottom left:  c1, c2 =    9.390e-12    3.320e+11 
At top right:    c1, c2 =    1.456e-11    3.909e+11 

t = 6.48e+04   no. steps = 422   order = 5   stepsize = 7.03e+02
At bottom left:  c1, c2 =    6.812e-14    3.313e+11 
At top right:    c1, c2 =    1.048e-13    3.963e+11 

t = 7.20e+04   no. steps = 433   order = 5   stepsize = 7.03e+02
At bottom left:  c1, c2 =   -5.408e-15    3.330e+11 
At top right:    c1, c2 =   -8.239e-15    4.039e+11 

t = 7.92e+04   no. steps = 443   order = 5   stepsize = 7.03e+02
At bottom left:  c1, c2 =   -7.828e-16    3.334e+11 
At top right:    c1, c2 =   -1.186e-15    4.120e+11 

t = 8.64e+04   no. steps = 453   order = 5   stepsize = 7.03e+02
At bottom left:  c1, c2 =   -8.962e-17    3.352e+11 
At top right:    c1, c2 =   -1.418e-16    4.163e+11 


Final Statistics: 

lenrw   =  2089     leniw   =   120
lenrwls =  2046     leniwls =    80
nst     =   453
nfe     =   601     nfels   =   567
nni     =   598     nli     =   567
nsetups =    82     netf    =    32
npe     =     8     nps     =  1114
ncfn    =     0     ncfl    =     0

In CVBBDPRE: real/integer local work space sizes = 600, 50
             no. flocal evals. = 176


-------------------------------------------------------------------


Preconditioner type is:  jpre = PREC_RIGHT

t = 7.20e+03   no. steps = 191   order = 5   stepsize = 1.22e+02
At bottom left:  c1, c2 =    1.047e+04    2.527e+11 
At top right:    c1, c2 =    1.119e+04    2.700e+11 

t = 1.44e+04   no. steps = 223   order = 5   stepsize = 2.79e+02
At bottom left:  c1, c2 =    6.659e+06    2.582e+11 
At top right:    c1, c2 =    7.301e+06    2.833e+11 

t = 2.16e+04   no. steps = 249   order = 5   stepsize = 4.31e+02
At bottom left:  c1, c2 =    2.665e+07    2.993e+11 
At top right:    c1, c2 =    2.931e+07    3.313e+11 

t = 2.88e+04   no. steps = 293   order = 5   stepsize = 2.12e+02
At bottom left:  c1, c2 =    8.702e+06    3.380e+11 
At top right:    c1, c2 =    9.650e+06    3.751e+11 

t = 3.60e+04   no. steps = 323   order = 5   stepsize = 1.30e+02
At bottom left:  c1, c2 =    1.404e+04    3.387e+11 
At top right:    c1, c2 =    1.561e+04    3.765e+11 

t = 4.32e+04   no. steps = 374   order = 4   stepsize = 3.91e+02
At bottom left:  c1, c2 =    6.891e-10    3.382e+11 
At top right:    c1, c2 =    1.260e-09    3.804e+11 

t = 5.04e+04   no. steps = 388   order = 5   stepsize = 3.96e+02
At bottom left:  c1, c2 =   -9.677e-15    3.358e+11 
At top right:    c1, c2 =   -1.223e-13    3.864e+11 

t = 5.76e+04   no. steps = 400   order = 5   stepsize = 4.23e+02
At bottom left:  c1, c2 =    1.337e-17    3.320e+11 
At top right:    c1, c2 =   -1.429e-16    3.909e+11 

t = 6.48e+04   no. steps = 410   order = 5   stepsize = 8.47e+02
At bottom left:  c1, c2 =   -1.757e-14    3.313e+11 
At top right:    c1, c2 =   -9.212e-13    3.963e+11 

t = 7.20e+04   no. steps = 418   order = 5   stepsize = 8.47e+02
At bottom left:  c1, c2 =   -2.049e-15    3.330e+11 
At top right:    c1, c2 =   -8.467e-16    4.039e+11 

t = 7.92e+04   no. steps = 427   order = 5   stepsize = 8.47e+02
At bottom left:  c1, c2 =    1.742e-15    3.334e+11 
At top right:    c1, c2 =   -2.850e-18    4.120e+11 

t = 8.64e+04   no. steps = 435   order = 5   stepsize = 8.47e+02
At bottom left:  c1, c2 =    3.933e-15    3.352e+11 
At top right:    c1, c2 =    3.772e-20    4.163e+11 


Final Statistics: 

lenrw   =  2089     leniw   =   120
lenrwls =  2046     leniwls =    80
nst     =   435
nfe     =   559     nfels   =   777
nni     =   556     nli     =   777
nsetups =    84     netf    =    28
npe     =     8     nps     =  1237
ncfn    =     0     ncfl    =     0

In CVBBDPRE: real/integer local work space sizes = 600, 50
             no. flocal evals. = 176
