 
2-species diurnal advection-diffusion problem
 
t = 7.20e+03   no. steps = 219   order = 5   stepsize = 1.59e+02
At bottom left:  c1, c2 =    1.047e+04    2.527e+11
At top right:    c1, c2 =    1.119e+04    2.700e+11
 
t = 1.44e+04   no. steps = 251   order = 5   stepsize = 3.77e+02
At bottom left:  c1, c2 =    6.659e+06    2.582e+11
At top right:    c1, c2 =    7.301e+06    2.833e+11
 
t = 2.16e+04   no. steps = 277   order = 5   stepsize = 2.75e+02
At bottom left:  c1, c2 =    2.665e+07    2.993e+11
At top right:    c1, c2 =    2.931e+07    3.313e+11
 
t = 2.88e+04   no. steps = 306   order = 4   stepsize = 2.06e+02
At bottom left:  c1, c2 =    8.702e+06    3.380e+11
At top right:    c1, c2 =    9.650e+06    3.751e+11
 
t = 3.60e+04   no. steps = 347   order = 4   stepsize = 6.76e+01
At bottom left:  c1, c2 =    1.404e+04    3.387e+11
At top right:    c1, c2 =    1.561e+04    3.765e+11
 
t = 4.32e+04   no. steps = 405   order = 4   stepsize = 3.31e+02
At bottom left:  c1, c2 =    3.497e-08    3.382e+11
At top right:    c1, c2 =    3.674e-07    3.804e+11
 
t = 5.04e+04   no. steps = 419   order = 5   stepsize = 3.76e+02
At bottom left:  c1, c2 =    6.654e-11    3.358e+11
At top right:    c1, c2 =    3.781e-10    3.864e+11
 
t = 5.76e+04   no. steps = 432   order = 5   stepsize = 3.80e+02
At bottom left:  c1, c2 =   -7.307e-11    3.320e+11
At top right:    c1, c2 =   -4.036e-10    3.909e+11
 
t = 6.48e+04   no. steps = 446   order = 5   stepsize = 6.93e+02
At bottom left:  c1, c2 =   -5.582e-10    3.313e+11
At top right:    c1, c2 =   -3.105e-09    3.963e+11
 
t = 7.20e+04   no. steps = 457   order = 5   stepsize = 6.93e+02
At bottom left:  c1, c2 =   -2.172e-11    3.330e+11
At top right:    c1, c2 =   -1.205e-10    4.039e+11
 
t = 7.92e+04   no. steps = 467   order = 5   stepsize = 6.93e+02
At bottom left:  c1, c2 =    2.011e-12    3.334e+11
At top right:    c1, c2 =    1.118e-11    4.120e+11
 
t = 8.64e+04   no. steps = 478   order = 5   stepsize = 6.93e+02
At bottom left:  c1, c2 =    1.871e-15    3.352e+11
At top right:    c1, c2 =    1.007e-14    4.163e+11
 
 
Final Statistics:
 
lenrw   =  2000     leniw =    80
llrw    =  2046     lliw  =    80
nst     =   478
nfe     =   611     nfel  =   650
nni     =   608     nli   =   650
nsetups =    80     netf  =    28
npe     =     9     nps   =  1203
ncfn    =     0     ncfl  =     1
 
