2-species diurnal advection-diffusion problem
  10 by 10 mesh on 4 processors
  Using CVBBDPRE preconditioner module
    Difference-quotient half-bandwidths are mudq = 10,  mldq = 10
    Retained band block half-bandwidths are mukeep = 2,  mlkeep = 2

Preconditioner type is:  jpre = LEFT

t = 7.20e+03   no. steps = 190   order = 5   stepsize = 1.61e+02
At bottom left:  c1, c2 =    1.047e+04    2.527e+11 
At top right:    c1, c2 =    1.119e+04    2.700e+11 

t = 1.44e+04   no. steps = 221   order = 5   stepsize = 3.85e+02
At bottom left:  c1, c2 =    6.659e+06    2.582e+11 
At top right:    c1, c2 =    7.301e+06    2.833e+11 

t = 2.16e+04   no. steps = 247   order = 5   stepsize = 3.00e+02
At bottom left:  c1, c2 =    2.665e+07    2.993e+11 
At top right:    c1, c2 =    2.931e+07    3.313e+11 

t = 2.88e+04   no. steps = 268   order = 5   stepsize = 1.40e+02
At bottom left:  c1, c2 =    8.702e+06    3.380e+11 
At top right:    c1, c2 =    9.650e+06    3.751e+11 

t = 3.60e+04   no. steps = 311   order = 4   stepsize = 9.25e+01
At bottom left:  c1, c2 =    1.404e+04    3.387e+11 
At top right:    c1, c2 =    1.561e+04    3.765e+11 

t = 4.32e+04   no. steps = 383   order = 4   stepsize = 3.20e+02
At bottom left:  c1, c2 =    1.845e-09    3.382e+11 
At top right:    c1, c2 =    4.983e-09    3.804e+11 

t = 5.04e+04   no. steps = 398   order = 4   stepsize = 3.80e+02
At bottom left:  c1, c2 =    1.122e-10    3.358e+11 
At top right:    c1, c2 =    1.109e-10    3.864e+11 

t = 5.76e+04   no. steps = 419   order = 5   stepsize = 4.83e+01
At bottom left:  c1, c2 =   -2.035e-09    3.320e+11 
At top right:    c1, c2 =   -3.837e-09    3.909e+11 

t = 6.48e+04   no. steps = 450   order = 3   stepsize = 4.13e+02
At bottom left:  c1, c2 =    5.226e-15    3.313e+11 
At top right:    c1, c2 =    2.885e-16    3.963e+11 

t = 7.20e+04   no. steps = 468   order = 3   stepsize = 4.13e+02
At bottom left:  c1, c2 =    6.918e-15    3.330e+11 
At top right:    c1, c2 =   -7.484e-16    4.039e+11 

t = 7.92e+04   no. steps = 485   order = 3   stepsize = 4.13e+02
At bottom left:  c1, c2 =    5.716e-15    3.334e+11 
At top right:    c1, c2 =   -1.164e-15    4.120e+11 

t = 8.64e+04   no. steps = 503   order = 3   stepsize = 4.13e+02
At bottom left:  c1, c2 =    3.803e-15    3.352e+11 
At top right:    c1, c2 =   -3.010e-15    4.163e+11 

Final Statistics: 
lenrw   =  2000    leniw =    20
llrw    =  2046    lliw  =    20
nst     =   503    nfe   =  1296
nni     =   669    nli   =   624
nsetups =    94    netf  =    38
npe     =     9    nps   =  1225
ncfn    =     0    ncfl  =     0
In CVBBDPRE: real/integer local work space sizes = 600, 50
             no. flocal evals. = 198


-------------------------------------------------------------------


Preconditioner type is:  jpre = RIGHT

t = 7.20e+03   no. steps = 191   order = 5   stepsize = 1.22e+02
At bottom left:  c1, c2 =    1.047e+04    2.527e+11 
At top right:    c1, c2 =    1.119e+04    2.700e+11 

t = 1.44e+04   no. steps = 223   order = 5   stepsize = 2.79e+02
At bottom left:  c1, c2 =    6.659e+06    2.582e+11 
At top right:    c1, c2 =    7.301e+06    2.833e+11 

t = 2.16e+04   no. steps = 249   order = 5   stepsize = 4.31e+02
At bottom left:  c1, c2 =    2.665e+07    2.993e+11 
At top right:    c1, c2 =    2.931e+07    3.313e+11 

t = 2.88e+04   no. steps = 309   order = 4   stepsize = 1.41e+02
At bottom left:  c1, c2 =    8.702e+06    3.380e+11 
At top right:    c1, c2 =    9.650e+06    3.751e+11 

t = 3.60e+04   no. steps = 340   order = 5   stepsize = 8.99e+01
At bottom left:  c1, c2 =    1.404e+04    3.387e+11 
At top right:    c1, c2 =    1.561e+04    3.765e+11 

t = 4.32e+04   no. steps = 395   order = 4   stepsize = 4.24e+02
At bottom left:  c1, c2 =   -3.304e-09    3.382e+11 
At top right:    c1, c2 =   -5.681e-09    3.804e+11 

t = 5.04e+04   no. steps = 408   order = 5   stepsize = 4.51e+02
At bottom left:  c1, c2 =    3.438e-11    3.358e+11 
At top right:    c1, c2 =    4.369e-11    3.864e+11 

t = 5.76e+04   no. steps = 420   order = 5   stepsize = 4.47e+02
At bottom left:  c1, c2 =    7.673e-13    3.320e+11 
At top right:    c1, c2 =    9.647e-13    3.909e+11 

t = 6.48e+04   no. steps = 432   order = 5   stepsize = 7.48e+02
At bottom left:  c1, c2 =    7.510e-15    3.313e+11 
At top right:    c1, c2 =    6.845e-15    3.963e+11 

t = 7.20e+04   no. steps = 441   order = 5   stepsize = 7.48e+02
At bottom left:  c1, c2 =   -1.987e-15    3.330e+11 
At top right:    c1, c2 =   -1.341e-15    4.039e+11 

t = 7.92e+04   no. steps = 451   order = 5   stepsize = 7.48e+02
At bottom left:  c1, c2 =   -3.826e-16    3.334e+11 
At top right:    c1, c2 =   -1.942e-15    4.120e+11 

t = 8.64e+04   no. steps = 461   order = 5   stepsize = 7.48e+02
At bottom left:  c1, c2 =   -1.413e-15    3.352e+11 
At top right:    c1, c2 =   -1.067e-16    4.163e+11 

Final Statistics: 
lenrw   =  2000    leniw =    20
llrw    =  2046    lliw  =    20
nst     =   461    nfe   =  1328
nni     =   588    nli   =   737
nsetups =    86    netf  =    27
npe     =     9    nps   =  1224
ncfn    =     0    ncfl  =     0
In CVBBDPRE: real/integer local work space sizes = 600, 50
             no. flocal evals. = 198
