
2D Heat PDE test problem:
 ------------------------------------ 
 kx                = 10
 ky                = 10
 forcing           = 1
 tf                = 1
 xu                = 1
 yu                = 1
 nx                = 64
 ny                = 64
 dx                = 0.015873
 dy                = 0.015873
 ------------------------------------ 
 rtol              = 1e-05
 atol              = 1e-10
 fixed h           = 0
 controller        = I
 method            = 0
 eigfrequency      = 25
 stage_max_limit   = 1000
 eigsafety         = 1.01
 ------------------------------------ 
 output            = 1
 max steps         = 0
 ------------------------------------ 
 dee ID            = 1
 dee num_init_wups = 20
 dee num_succ_wups = 5
 dee_max_iters     = 100
 dee_krylov_dim    = 3
 dee_reltol        = 0.01
 ------------------------------------ 

          t                     ||u||_rms                max error      
 -----------------------------------------------------------------------
 0.000000000000000e+00    3.691406250000004e-01    0.000000000000000e+00
 5.000000000000000e-02    3.604068358279098e-01    8.104220314431032e-04
 1.000000000000000e-01    3.341701059727182e-01    7.544114883897279e-04
 1.500000000000000e-01    2.933044782006348e-01    6.651813911217053e-04
 2.000000000000000e-01    2.418101896071947e-01    5.514071100629625e-04
 2.500000000000000e-01    1.847278611298444e-01    4.242190316271488e-04
 3.000000000000000e-01    1.276450270426333e-01    2.958523060511142e-04
 3.500000000000000e-01    7.614942228913109e-02    1.790708722377576e-04
 4.000000000000000e-01    3.528179536998707e-02    8.530247736969476e-05
 4.500000000000000e-01    9.042539511533308e-03    2.369999169594267e-05
 4.999999999999999e-01    1.483064699944627e-07    3.058880643392085e-07
 5.499999999999999e-01    9.039745354755595e-03    1.742511893466567e-05
 6.000000000000000e-01    3.527649564200187e-02    7.339776823926669e-05
 6.500000000000000e-01    7.614215114069484e-02    1.627297130365191e-04
 7.000000000000001e-01    1.276364922567937e-01    2.766671248279895e-04
 7.500000000000001e-01    1.847188955827551e-01    4.040611525603643e-04
 8.000000000000002e-01    2.418017381597423e-01    5.324421215173736e-04
 8.500000000000002e-01    2.932973539537637e-01    6.492436781068145e-04
 9.000000000000002e-01    3.341649926305713e-01    7.430309165499249e-04
 9.500000000000003e-01    3.604042442505294e-01    8.046240484296252e-04
 1.000000000000000e+00    3.694466532403761e-01    8.281001965668722e-04
 -----------------------------------------------------------------------

Final integrator statistics:
Current time                  = 1
Steps                         = 484
Step attempts                 = 491
Stability limited steps       = 0
Accuracy limited steps        = 491
Error test fails              = 7
NLS step fails                = 0
Inequality constraint fails   = 0
Initial step size             = 2.87768024842502e-06
Last step size                = 3.50378914990567e-05
Current step size             = 3.50378914990567e-05
RHS fn evals                  = 15624
Number of dom_eig updates     = 23
Number of fe calls for DEE    = 231
Number of iterations for DEE  = 199
Max. num. of stages used      = 63
Max. num. of stages allowed   = 1000
Max. spectral radius          = 319815.174890461
Min. spectral radius          = 316783.771743622
  Max error = 8.281001965668722e-04
