Analytic ODE test problem:
    initial conditions:  u0 =    0.00000 + 2.00000i  | v0 =   -0.00000 + -0.00000i  | w0 =    0.00000 + 1.00000i
    problem parameters:  a = 1 + 0i,  b = 1 + 0i,  c = 1 + 0i
    reltol = 1.0e-06,  abstol = 1.0e-10

      t                  u                         v                          w
   --------------------------------------------------------------------------------------
      0.000 |    0.00000 + 2.00000i  |    -0.00000 + -0.00000i  |     0.00000 + 1.00000i
      1.000 |   -0.36788 + 2.00000i  |     0.00000 + -0.36788i  |     1.00000 + 0.36788i
      2.000 |   -0.27067 + 2.00000i  |     0.00000 + -0.54134i  |     2.00000 + 0.13534i
      3.000 |   -0.14936 + 2.00000i  |     0.00000 + -0.44808i  |     3.00000 + 0.04979i
      4.000 |   -0.07326 + 2.00000i  |     0.00000 + -0.29305i  |     4.00000 + 0.01831i
      5.000 |   -0.03370 + 2.00000i  |     0.00000 + -0.16845i  |     5.00000 + 0.00673i
   --------------------------------------------------------------------------------------
     Norm of the error is 6.764734910462904e-21
   --------------------------------------------------------------------------------------

Final Solver Statistics:
   Internal solver steps = 95 (attempted = 524288)
   Total RHS evals:  nfe = 121
   Total linear solver setups = 23
   Total RHS evals for setting up the linear system = 241
   Total number of Jacobian evaluations = 0
   Total number of Newton iterations = 118
   Total number of nonlinear solver convergence failures = 0
   Total number of error test failures = 4
   Total number of failed steps from solver failure = 0