2-species diurnal advection-diffusion problem, 10 by 10 mesh
SPGMR solver; band preconditioner; mu = 2, ml = 2



Preconditioner type is:  jpre = PREC_LEFT

t = 7.20e+03   no. steps = 190   order = 5   stepsize = 1.61e+02
c1 (bot.left/middle/top rt.) =    1.047e+04     2.964e+04     1.119e+04
c2 (bot.left/middle/top rt.) =    2.527e+11     7.154e+11     2.700e+11

t = 1.44e+04   no. steps = 221   order = 5   stepsize = 3.83e+02
c1 (bot.left/middle/top rt.) =    6.659e+06     5.316e+06     7.301e+06
c2 (bot.left/middle/top rt.) =    2.582e+11     2.057e+11     2.833e+11

t = 2.16e+04   no. steps = 246   order = 5   stepsize = 2.78e+02
c1 (bot.left/middle/top rt.) =    2.665e+07     1.036e+07     2.931e+07
c2 (bot.left/middle/top rt.) =    2.993e+11     1.028e+11     3.313e+11

t = 2.88e+04   no. steps = 288   order = 4   stepsize = 1.14e+02
c1 (bot.left/middle/top rt.) =    8.702e+06     1.292e+07     9.650e+06
c2 (bot.left/middle/top rt.) =    3.380e+11     5.029e+11     3.751e+11

t = 3.60e+04   no. steps = 329   order = 4   stepsize = 9.61e+01
c1 (bot.left/middle/top rt.) =    1.404e+04     2.029e+04     1.561e+04
c2 (bot.left/middle/top rt.) =    3.387e+11     4.894e+11     3.765e+11

t = 4.32e+04   no. steps = 401   order = 4   stepsize = 3.13e+02
c1 (bot.left/middle/top rt.) =   -9.450e-09     3.907e-09    -1.083e-08
c2 (bot.left/middle/top rt.) =    3.382e+11     1.355e+11     3.804e+11

t = 5.04e+04   no. steps = 416   order = 4   stepsize = 3.68e+02
c1 (bot.left/middle/top rt.) =    1.195e-10     4.155e-08     2.046e-10
c2 (bot.left/middle/top rt.) =    3.358e+11     4.930e+11     3.864e+11

t = 5.76e+04   no. steps = 430   order = 5   stepsize = 3.78e+02
c1 (bot.left/middle/top rt.) =   -5.093e-11    -2.114e-08     2.070e-10
c2 (bot.left/middle/top rt.) =    3.320e+11     9.650e+11     3.909e+11

t = 6.48e+04   no. steps = 438   order = 5   stepsize = 8.51e+02
c1 (bot.left/middle/top rt.) =   -4.172e-14    -6.618e-11     6.513e-13
c2 (bot.left/middle/top rt.) =    3.313e+11     8.922e+11     3.963e+11

t = 7.20e+04   no. steps = 447   order = 5   stepsize = 8.51e+02
c1 (bot.left/middle/top rt.) =   -7.090e-20     2.812e-17     1.620e-21
c2 (bot.left/middle/top rt.) =    3.330e+11     6.186e+11     4.039e+11

t = 7.92e+04   no. steps = 455   order = 5   stepsize = 8.51e+02
c1 (bot.left/middle/top rt.) =   -7.186e-20    -1.098e-16    -7.199e-22
c2 (bot.left/middle/top rt.) =    3.334e+11     6.670e+11     4.120e+11

t = 8.64e+04   no. steps = 464   order = 5   stepsize = 8.51e+02
c1 (bot.left/middle/top rt.) =   -5.534e-20     1.005e-16     1.567e-21
c2 (bot.left/middle/top rt.) =    3.352e+11     9.106e+11     4.162e+11


Final Statistics.. 

lenrw   =  2089     leniw   =    50
lenrwls =  2046     leniwls =    10
lenrwbp =  2400     leniwbp =   200
nst     =   464
nfe     =   618     nfetot  =  1197
nfeLS   =   539     nfeBP   =    40
nni     =   614     nli     =   539
nsetups =    90     netf    =    34
npe     =     8     nps     =  1077
ncfn    =     0     ncfl    =     0



-------------------------------------------------------------------


Preconditioner type is:  jpre = PREC_RIGHT

t = 7.20e+03   no. steps = 219   order = 5   stepsize = 1.55e+02
c1 (bot.left/middle/top rt.) =    1.047e+04     2.964e+04     1.119e+04
c2 (bot.left/middle/top rt.) =    2.527e+11     7.154e+11     2.700e+11

t = 1.44e+04   no. steps = 251   order = 5   stepsize = 3.59e+02
c1 (bot.left/middle/top rt.) =    6.659e+06     5.316e+06     7.301e+06
c2 (bot.left/middle/top rt.) =    2.582e+11     2.057e+11     2.833e+11

t = 2.16e+04   no. steps = 279   order = 5   stepsize = 3.58e+02
c1 (bot.left/middle/top rt.) =    2.665e+07     1.036e+07     2.931e+07
c2 (bot.left/middle/top rt.) =    2.993e+11     1.028e+11     3.313e+11

t = 2.88e+04   no. steps = 301   order = 5   stepsize = 2.33e+02
c1 (bot.left/middle/top rt.) =    8.702e+06     1.292e+07     9.650e+06
c2 (bot.left/middle/top rt.) =    3.380e+11     5.029e+11     3.751e+11

t = 3.60e+04   no. steps = 330   order = 5   stepsize = 9.92e+01
c1 (bot.left/middle/top rt.) =    1.404e+04     2.029e+04     1.561e+04
c2 (bot.left/middle/top rt.) =    3.387e+11     4.894e+11     3.765e+11

t = 4.32e+04   no. steps = 382   order = 4   stepsize = 4.44e+02
c1 (bot.left/middle/top rt.) =   -8.802e-11    -3.760e-09    -4.964e-11
c2 (bot.left/middle/top rt.) =    3.382e+11     1.355e+11     3.804e+11

t = 5.04e+04   no. steps = 403   order = 5   stepsize = 2.59e+02
c1 (bot.left/middle/top rt.) =    7.139e-09    -2.417e-05     1.332e-07
c2 (bot.left/middle/top rt.) =    3.358e+11     4.930e+11     3.864e+11

t = 5.76e+04   no. steps = 418   order = 5   stepsize = 4.03e+02
c1 (bot.left/middle/top rt.) =    2.831e-11     9.701e-10     2.116e-11
c2 (bot.left/middle/top rt.) =    3.320e+11     9.650e+11     3.909e+11

t = 6.48e+04   no. steps = 430   order = 5   stepsize = 6.39e+02
c1 (bot.left/middle/top rt.) =   -2.128e-19    -7.024e-17     3.263e-16
c2 (bot.left/middle/top rt.) =    3.313e+11     8.922e+11     3.963e+11

t = 7.20e+04   no. steps = 442   order = 5   stepsize = 6.39e+02
c1 (bot.left/middle/top rt.) =    1.300e-20    -4.501e-19    -8.828e-17
c2 (bot.left/middle/top rt.) =    3.330e+11     6.186e+11     4.039e+11

t = 7.92e+04   no. steps = 453   order = 5   stepsize = 6.39e+02
c1 (bot.left/middle/top rt.) =   -6.029e-20    -4.677e-18     3.192e-16
c2 (bot.left/middle/top rt.) =    3.334e+11     6.669e+11     4.120e+11

t = 8.64e+04   no. steps = 464   order = 5   stepsize = 6.39e+02
c1 (bot.left/middle/top rt.) =    4.164e-20     4.512e-18     7.737e-16
c2 (bot.left/middle/top rt.) =    3.352e+11     9.107e+11     4.163e+11


Final Statistics.. 

lenrw   =  2089     leniw   =    50
lenrwls =  2046     leniwls =    10
lenrwbp =  2400     leniwbp =   200
nst     =   464
nfe     =   582     nfetot  =  1277
nfeLS   =   655     nfeBP   =    40
nni     =   578     nli     =   655
nsetups =    78     netf    =    23
npe     =     8     nps     =  1140
ncfn    =     0     ncfl    =     0

