2-species diurnal advection-diffusion problem, 10 by 10 mesh
SPGMR solver; band preconditioner; mu = 2, ml = 2



Preconditioner type is:  jpre = PREC_LEFT

t = 7.20e+03   no. steps = 190   order = 5   stepsize = 1.61e+02
c1 (bot.left/middle/top rt.) =    1.047e+04     2.964e+04     1.119e+04
c2 (bot.left/middle/top rt.) =    2.527e+11     7.154e+11     2.700e+11

t = 1.44e+04   no. steps = 221   order = 5   stepsize = 3.83e+02
c1 (bot.left/middle/top rt.) =    6.659e+06     5.316e+06     7.301e+06
c2 (bot.left/middle/top rt.) =    2.582e+11     2.057e+11     2.833e+11

t = 2.16e+04   no. steps = 246   order = 5   stepsize = 2.78e+02
c1 (bot.left/middle/top rt.) =    2.665e+07     1.036e+07     2.931e+07
c2 (bot.left/middle/top rt.) =    2.993e+11     1.028e+11     3.313e+11

t = 2.88e+04   no. steps = 289   order = 3   stepsize = 9.24e+01
c1 (bot.left/middle/top rt.) =    8.702e+06     1.292e+07     9.650e+06
c2 (bot.left/middle/top rt.) =    3.380e+11     5.029e+11     3.751e+11

t = 3.60e+04   no. steps = 357   order = 4   stepsize = 7.10e+01
c1 (bot.left/middle/top rt.) =    1.404e+04     2.029e+04     1.561e+04
c2 (bot.left/middle/top rt.) =    3.387e+11     4.894e+11     3.765e+11

t = 4.32e+04   no. steps = 423   order = 5   stepsize = 5.76e+02
c1 (bot.left/middle/top rt.) =   -1.918e-09     6.335e-08     5.766e-09
c2 (bot.left/middle/top rt.) =    3.382e+11     1.355e+11     3.804e+11

t = 5.04e+04   no. steps = 436   order = 5   stepsize = 6.14e+02
c1 (bot.left/middle/top rt.) =   -1.597e-10    -4.219e-08    -2.675e-09
c2 (bot.left/middle/top rt.) =    3.358e+11     4.930e+11     3.864e+11

t = 5.76e+04   no. steps = 450   order = 5   stepsize = 1.10e+02
c1 (bot.left/middle/top rt.) =   -2.208e-12    -8.555e-10    -6.711e-11
c2 (bot.left/middle/top rt.) =    3.320e+11     9.650e+11     3.909e+11

t = 6.48e+04   no. steps = 464   order = 5   stepsize = 5.53e+02
c1 (bot.left/middle/top rt.) =    3.049e-13     1.068e-10     9.299e-12
c2 (bot.left/middle/top rt.) =    3.313e+11     8.922e+11     3.963e+11

t = 7.20e+04   no. steps = 477   order = 5   stepsize = 5.53e+02
c1 (bot.left/middle/top rt.) =    5.131e-20     3.036e-14     5.260e-19
c2 (bot.left/middle/top rt.) =    3.330e+11     6.186e+11     4.039e+11

t = 7.92e+04   no. steps = 490   order = 5   stepsize = 5.53e+02
c1 (bot.left/middle/top rt.) =   -3.313e-20     1.931e-14     1.181e-21
c2 (bot.left/middle/top rt.) =    3.334e+11     6.669e+11     4.120e+11

t = 8.64e+04   no. steps = 503   order = 5   stepsize = 5.53e+02
c1 (bot.left/middle/top rt.) =   -1.323e-16     3.218e-17     2.898e-23
c2 (bot.left/middle/top rt.) =    3.352e+11     9.106e+11     4.162e+11


Final Statistics.. 

lenrw   =  2089     leniw   =    50
lenrwls =  2046     leniwls =    10
lenrwbp =  2400     leniwbp =   200
nst     =   503
nfe     =   643     nfetot  =  1323
nfeLS   =   635     nfeBP   =    45
nni     =   640     nli     =   635
nsetups =    85     netf    =    29
npe     =     9     nps     =  1195
ncfn    =     0     ncfl    =     0



-------------------------------------------------------------------


Preconditioner type is:  jpre = PREC_RIGHT

t = 7.20e+03   no. steps = 219   order = 5   stepsize = 1.55e+02
c1 (bot.left/middle/top rt.) =    1.047e+04     2.964e+04     1.119e+04
c2 (bot.left/middle/top rt.) =    2.527e+11     7.154e+11     2.700e+11

t = 1.44e+04   no. steps = 251   order = 5   stepsize = 3.59e+02
c1 (bot.left/middle/top rt.) =    6.659e+06     5.316e+06     7.301e+06
c2 (bot.left/middle/top rt.) =    2.582e+11     2.057e+11     2.833e+11

t = 2.16e+04   no. steps = 279   order = 5   stepsize = 3.58e+02
c1 (bot.left/middle/top rt.) =    2.665e+07     1.036e+07     2.931e+07
c2 (bot.left/middle/top rt.) =    2.993e+11     1.028e+11     3.313e+11

t = 2.88e+04   no. steps = 301   order = 5   stepsize = 2.33e+02
c1 (bot.left/middle/top rt.) =    8.702e+06     1.292e+07     9.650e+06
c2 (bot.left/middle/top rt.) =    3.380e+11     5.029e+11     3.751e+11

t = 3.60e+04   no. steps = 330   order = 5   stepsize = 9.95e+01
c1 (bot.left/middle/top rt.) =    1.404e+04     2.029e+04     1.561e+04
c2 (bot.left/middle/top rt.) =    3.387e+11     4.894e+11     3.765e+11

t = 4.32e+04   no. steps = 382   order = 4   stepsize = 4.44e+02
c1 (bot.left/middle/top rt.) =   -3.471e-10    -3.574e-09    -3.405e-10
c2 (bot.left/middle/top rt.) =    3.382e+11     1.355e+11     3.804e+11

t = 5.04e+04   no. steps = 401   order = 4   stepsize = 2.87e+02
c1 (bot.left/middle/top rt.) =    7.097e-13     6.525e-10    -4.581e-13
c2 (bot.left/middle/top rt.) =    3.358e+11     4.930e+11     3.864e+11

t = 5.76e+04   no. steps = 414   order = 5   stepsize = 5.69e+02
c1 (bot.left/middle/top rt.) =    5.771e-13    -1.125e-09     1.428e-11
c2 (bot.left/middle/top rt.) =    3.320e+11     9.650e+11     3.909e+11

t = 6.48e+04   no. steps = 426   order = 5   stepsize = 5.69e+02
c1 (bot.left/middle/top rt.) =    4.730e-14    -8.710e-14     2.622e-14
c2 (bot.left/middle/top rt.) =    3.313e+11     8.922e+11     3.963e+11

t = 7.20e+04   no. steps = 439   order = 5   stepsize = 5.69e+02
c1 (bot.left/middle/top rt.) =    5.520e-16    -1.167e-18    -3.225e-17
c2 (bot.left/middle/top rt.) =    3.330e+11     6.186e+11     4.039e+11

t = 7.92e+04   no. steps = 452   order = 5   stepsize = 5.69e+02
c1 (bot.left/middle/top rt.) =    8.492e-16    -1.951e-18    -1.739e-16
c2 (bot.left/middle/top rt.) =    3.334e+11     6.669e+11     4.120e+11

t = 8.64e+04   no. steps = 464   order = 5   stepsize = 5.69e+02
c1 (bot.left/middle/top rt.) =   -3.655e-16     2.472e-19     5.066e-17
c2 (bot.left/middle/top rt.) =    3.352e+11     9.106e+11     4.163e+11


Final Statistics.. 

lenrw   =  2089     leniw   =    50
lenrwls =  2046     leniwls =    10
lenrwbp =  2400     leniwbp =   200
nst     =   464
nfe     =   570     nfetot  =  1308
nfeLS   =   653     nfeBP   =    85
nni     =   567     nli     =   653
nsetups =    71     netf    =    20
npe     =     8     nps     =  1136
ncfn    =     0     ncfl    =     0

