 
3-species kinetics problem

At t = 2.6391e-01      y =  9.899653e-01    3.470564e-05    1.000000e-02
    rootsfound[] =   0   1
At t = 4.0000e-01      y =  9.851641e-01    3.386242e-05    1.480205e-02
At t = 4.0000e+00      y =  9.055097e-01    2.240338e-05    9.446793e-02
At t = 4.0000e+01      y =  7.158010e-01    9.185084e-06    2.841898e-01
At t = 4.0000e+02      y =  4.504693e-01    3.222618e-06    5.495275e-01
At t = 4.0000e+03      y =  1.832127e-01    8.943456e-07    8.167865e-01
At t = 4.0000e+04      y =  3.899386e-02    1.622228e-07    9.610060e-01
At t = 4.0000e+05      y =  4.937166e-03    1.984537e-08    9.950628e-01
At t = 4.0000e+06      y =  5.167725e-04    2.068146e-09    9.994832e-01
At t = 2.0792e+07      y =  1.000000e-04    4.000399e-10    9.999000e-01
    rootsfound[] =  -1   0
At t = 4.0000e+07      y =  5.201944e-05    2.080885e-10    9.999480e-01
At t = 4.0000e+08      y =  5.222674e-06    2.089080e-11    9.999948e-01
At t = 4.0000e+09      y =  5.206257e-07    2.082504e-12    9.999995e-01
At t = 4.0000e+10      y =  4.244776e-08    1.697910e-13    1.000000e-00

Final Statistics:
nst = 545    nfe  = 773    nsetups = 117    nfeLS = 0      nje = 12
nni = 769    ncfn = 0      netf = 30     nge = 573
 
