 
3-species kinetics problem

At t = 2.6391e-01      y =  9.899653e-01    3.470564e-05    1.000000e-02
    rootsfound[] =   0   1
At t = 4.0000e-01      y =  9.851641e-01    3.386242e-05    1.480205e-02
At t = 4.0000e+00      y =  9.055097e-01    2.240338e-05    9.446793e-02
At t = 4.0000e+01      y =  7.158017e-01    9.185037e-06    2.841892e-01
At t = 4.0000e+02      y =  4.505360e-01    3.223271e-06    5.494608e-01
At t = 4.0000e+03      y =  1.832066e-01    8.942601e-07    8.167926e-01
At t = 4.0000e+04      y =  3.898824e-02    1.621985e-07    9.610116e-01
At t = 4.0000e+05      y =  4.937042e-03    1.984465e-08    9.950629e-01
At t = 4.0000e+06      y =  5.169995e-04    2.069055e-09    9.994830e-01
At t = 2.0798e+07      y =  1.000000e-04    4.000397e-10    9.999000e-01
    rootsfound[] =  -1   0
At t = 4.0000e+07      y =  5.202559e-05    2.081131e-10    9.999480e-01
At t = 4.0000e+08      y =  5.197701e-06    2.079092e-11    9.999948e-01
At t = 4.0000e+09      y =  5.184214e-07    2.073687e-12    9.999995e-01
At t = 4.0000e+10      y =  4.973570e-08    1.989428e-13    1.000000e+00

Final Statistics:
nst = 521    nfe  = 715    nsetups = 105    nje = 11
nni = 711    ncfn = 0      netf = 18        nge = 557
 
