 
Accelerating rocket problem

At t = 1.0000e+00      y =  7.642329e+01    1.459736e+02
At t = 2.0000e+00      y =  2.798917e+02    2.557191e+02
At t = 3.0000e+00      y =  5.790360e+02    3.386451e+02
At t = 4.0000e+00      y =  9.506855e+02    4.017581e+02
At t = 5.0000e+00      y =  1.377679e+03    4.501769e+02
At t = 6.0000e+00      y =  1.847424e+03    4.877639e+02
At t = 7.0000e+00      y =  2.350563e+03    5.173857e+02
At t = 8.0000e+00      y =  2.880212e+03    5.411158e+02
At t = 9.0000e+00      y =  3.431376e+03    5.605264e+02
At t = 9.9994e+00      y =  4.000000e+03    5.767744e+02
    rootsfound[] =   0   1
At t = 1.1000e+01      y =  4.484039e+03    3.995632e+02
At t = 1.2000e+01      y =  4.814628e+03    2.683359e+02
At t = 1.3000e+01      y =  5.031810e+03    1.710937e+02
At t = 1.4000e+01      y =  5.164920e+03    9.912907e+01
At t = 1.5000e+01      y =  5.235862e+03    4.565406e+01
At t = 1.6000e+01      y =  5.260905e+03    6.261564e+00
At t = 1.6190e+01      y =  5.261547e+03   -1.326939e-12
    rootsfound[] =  -1
At t = 1.7000e+01      y =  5.251809e+03   -2.305446e+01
At t = 1.8000e+01      y =  5.217548e+03   -4.445457e+01
At t = 1.9000e+01      y =  5.164556e+03   -6.038628e+01
At t = 2.0000e+01      y =  5.098108e+03   -7.232421e+01
At t = 2.1000e+01      y =  5.020775e+03   -8.139390e+01
At t = 2.2000e+01      y =  4.935899e+03   -8.792196e+01
At t = 2.3000e+01      y =  4.845412e+03   -9.275909e+01
At t = 2.4000e+01      y =  4.750695e+03   -9.639532e+01
At t = 2.5000e+01      y =  4.652860e+03   -9.908509e+01
At t = 2.6000e+01      y =  4.552716e+03   -1.010773e+02
At t = 2.7000e+01      y =  4.450850e+03   -1.025422e+02
At t = 2.8000e+01      y =  4.347706e+03   -1.036200e+02
At t = 2.9000e+01      y =  4.243632e+03   -1.044194e+02
At t = 3.0000e+01      y =  4.138860e+03   -1.050515e+02
At t = 3.1000e+01      y =  4.033510e+03   -1.055254e+02
At t = 3.2000e+01      y =  3.927802e+03   -1.058020e+02
At t = 3.3000e+01      y =  3.821912e+03   -1.059976e+02
At t = 3.4000e+01      y =  3.715754e+03   -1.061735e+02
At t = 3.5000e+01      y =  3.609486e+03   -1.063026e+02
At t = 3.6000e+01      y =  3.503137e+03   -1.063973e+02
At t = 3.7000e+01      y =  3.396726e+03   -1.064715e+02
At t = 3.8000e+01      y =  3.290243e+03   -1.065285e+02
At t = 3.9000e+01      y =  3.183705e+03   -1.065574e+02
At t = 4.0000e+01      y =  3.077154e+03   -1.065796e+02
At t = 4.1000e+01      y =  2.970580e+03   -1.066140e+02
At t = 4.2000e+01      y =  2.863950e+03   -1.066544e+02
At t = 4.3000e+01      y =  2.757269e+03   -1.066684e+02
At t = 4.4000e+01      y =  2.650597e+03   -1.066485e+02
At t = 4.5000e+01      y =  2.543977e+03   -1.066558e+02
At t = 4.6000e+01      y =  2.437275e+03   -1.066784e+02
At t = 4.7000e+01      y =  2.330558e+03   -1.066530e+02
At t = 4.8000e+01      y =  2.223944e+03   -1.066451e+02
At t = 4.9000e+01      y =  2.117307e+03   -1.066486e+02
At t = 5.0000e+01      y =  2.010656e+03   -1.066540e+02
At t = 5.1000e+01      y =  1.903988e+03   -1.066563e+02
At t = 5.2000e+01      y =  1.797317e+03   -1.066558e+02
At t = 5.3000e+01      y =  1.690663e+03   -1.066591e+02
At t = 5.4000e+01      y =  1.583992e+03   -1.066652e+02
At t = 5.5000e+01      y =  1.477319e+03   -1.066712e+02
At t = 5.6000e+01      y =  1.370642e+03   -1.066769e+02
At t = 5.7000e+01      y =  1.263961e+03   -1.066805e+02
At t = 5.8000e+01      y =  1.157276e+03   -1.066823e+02
At t = 5.9000e+01      y =  1.050594e+03   -1.066774e+02
At t = 6.0000e+01      y =  9.439212e+02   -1.066733e+02
At t = 6.1000e+01      y =  8.372526e+02   -1.066749e+02
At t = 6.2000e+01      y =  7.305691e+02   -1.066766e+02
At t = 6.3000e+01      y =  6.238880e+02   -1.066667e+02
At t = 6.4000e+01      y =  5.172226e+02   -1.066646e+02
At t = 6.5000e+01      y =  4.105556e+02   -1.066663e+02
At t = 6.6000e+01      y =  3.038878e+02   -1.066667e+02
At t = 6.7000e+01      y =  1.972195e+02   -1.066676e+02
At t = 6.8000e+01      y =  9.055123e+01   -1.066685e+02
At t = 6.9000e+01      y = -1.611703e+01   -1.066693e+02

Final Statistics:
nst = 91     nfe  = 154    nsetups = 36     nfeLS = 0      nje =  11
nni = 151    ncfn = 9      netf = 4      nge = 166
 
