   
 Diagonal test problem:
   neq =   40
   nlocal =   10
   nprocs =    4
   rtol =  1.00E-05
   atol =  1.00E-10
   alpha =  1.00E+01
    ydot_i = -alpha*i * y_i (i = 1,...,neq)
    Method is DIRK/NEWTON/SPGMR
    Precond is band-block-diagonal, using ARKBBDPRE
   
    Preconditioning on left:
         t         steps   steps att.   fe     fi
    -------------------------------------------------
     0.100000       76       79        0      885
     0.200000       95       98        0     1095
     0.300000      106      109        0     1215
     0.400000      113      116        0     1295
     0.500000      118      121        0     1355
     0.600000      123      126        0     1405
     0.700000      126      129        0     1444
     0.800000      129      132        0     1474
     0.900000      132      135        0     1504
     1.000000      135      138        0     1539
    -------------------------------------------------
Max. absolute error is   2.11E-09
   
 Final Solver Statistics:
   Internal solver steps =    135 (attempted =    138)
   Total explicit RHS evals =      0
   Total implicit RHS evals =   1539
   Total preconditioner setups =      3
   Total preconditioner solves =   1390
   Total nonlinear iterations  =    846
   Total linear iterations     =    700
   Average Krylov subspace dimension =   0.8274
   Total Convergence Failures - Nonlinear =      0
                              - Linear    =      0
   Total number of error test failures =      3
   Main solver real/int workspace sizes =    918   290
   Linear solver real/int workspace sizes =    535   126
   BBD preconditioner real/int workspace sizes =    160    72
   Total number of g evals =      6
    
    
    
    Preconditioning on right:
         t         steps   steps att.   fe     fi
    -------------------------------------------------
     0.100000       76       79        0      885
     0.200000       95       98        0     1095
     0.300000      106      109        0     1215
     0.400000      113      116        0     1295
     0.500000      118      121        0     1355
     0.600000      123      126        0     1405
     0.700000      126      129        0     1444
     0.800000      129      132        0     1474
     0.900000      132      135        0     1504
     1.000000      135      138        0     1539
    -------------------------------------------------
Max. absolute error is   2.11E-09
   
 Final Solver Statistics:
   Internal solver steps =    135 (attempted =    138)
   Total explicit RHS evals =      0
   Total implicit RHS evals =   1539
   Total preconditioner setups =      3
   Total preconditioner solves =   1390
   Total nonlinear iterations  =    846
   Total linear iterations     =    700
   Average Krylov subspace dimension =   0.8274
   Total Convergence Failures - Nonlinear =      0
                              - Linear    =      0
   Total number of error test failures =      3
   Main solver real/int workspace sizes =    918   296
   Linear solver real/int workspace sizes =    535   126
   BBD preconditioner real/int workspace sizes =    160    72
   Total number of g evals =      6
    
    
    
