   
 2D Heat PDE test problem:
   nprocs =    4
   nx =   60
   ny =  120
   kx =  0.50
   ky =  0.75
   rtol =  1.00E-05
   atol =  1.00E-10
   nxl (proc 0) =   30
   nyl (proc 0) =   60
   
         t      ||u||_rms
    ----------------------
    0.000000    0.000000
    0.015000    0.005780
    0.030000    0.009224
    0.045000    0.011275
    0.060000    0.012497
    0.075000    0.013224
    0.090000    0.013658
    0.105000    0.013916
    0.120000    0.014070
    0.135000    0.014162
    0.150000    0.014216
    0.165000    0.014249
    0.180000    0.014268
    0.195000    0.014280
    0.210000    0.014287
    0.225000    0.014291
    0.240000    0.014293
    0.255000    0.014295
    0.270000    0.014296
    0.285000    0.014296
    0.300000    0.014296
    ----------------------
   
 Final Solver Statistics:
   Internal solver steps =     31 (attempted =     35)
   Total RHS evals:  Fe =      0,  Fi =    353
   Total linear iterations =   2959
   Total number of Preconditioner setups =     20
   Total number of Preconditioner solves =   2959
   Total number of linear solver convergence failures =    139
   Total number of Newton iterations =    175
   Total number of error test failures =      4
