   
 Diagonal test problem:
   neq =    8
   nlocal =    2
   nprocs =    4
   rtol =  1.00E-05
   atol =  1.00E-10
   alpha =  1.25E+00
    ydot_i = -alpha*i * y_i (i = 1,...,neq)
   
         t      steps     steps att.    fe
    -----------------------------------------
     0.100000      10      11      47
     0.200000      17      18      75
     0.300000      24      25     103
     0.400000      31      32     131
     0.500000      38      39     159
     0.600000      45      46     187
     0.700000      52      53     215
     0.800000      59      60     243
     0.900000      66      67     271
     1.000000      73      74     299
    -----------------------------------------
Max. absolute error is   7.67E-09
   
 Final Solver Statistics:
   Internal solver steps =     73 (attempted =     74)
   Total RHS evals =    299
   Total number of error test failures =      1
