
iheatbbdf: Heat equation, parallel example problem for FIDA
           Discretized heat equation on 2D unit square.
           Zero boundary conditions, polynomial conditions.
           Mesh dimensions: 10 x 10         Total system size: 100

Subgrid dimensions:  5 x  5           Processor array:  2 x  2
Tolerance parameters: rtol = 0.00E+00   atol = 0.10E-02
Constraints set to force all solution components >= 0.
SUPPRESSALG = TRUE to suppress local error testing on all boundary components.
Linear solver: SPGMR.    Preconditioner: BBDPRE - Banded-block-diagonal.


Case  1
   Difference quotient half-bandwidths = 5   Retained matrix half-bandwidths = 1

   Output Summary (umax = max-norm of solution)

   time         umax       k   nst  nni  nli  nre  nreS   h        npe nps
 .  .  .  .  .  .  .  .  .  .  .  .  .  .  .  .  .  .  .  .  .  .  .  .
 0.1000E-01   0.82411E+00  2   12   14    7   14    7   0.26E-02    8  21
 0.2000E-01   0.68812E+00  3   15   18   12   18   12   0.51E-02    8  30
 0.4000E-01   0.47075E+00  3   18   24   22   24   22   0.66E-02    9  46
 0.8000E-01   0.21660E+00  3   22   29   30   29   30   0.13E-01    9  59
 0.1600E+00   0.45659E-01  4   28   37   43   37   43   0.26E-01   10  80
 0.3200E+00   0.21096E-02  4   35   45   59   45   59   0.24E-01   10 104
 0.6400E+00   0.29658E-04  1   40   54   72   54   72   0.19E+00   13 126
 0.1280E+01   0.12647E-18  1   42   56   72   56   72   0.76E+00   15 128
 0.2560E+01   0.31464E-19  1   43   57   72   57   72   0.15E+01   16 129
 0.5120E+01   0.79659E-19  1   44   58   72   58   72   0.30E+01   17 130
 0.1024E+02   0.22177E-18  1   45   59   72   59   72   0.61E+01   18 131

Error test failures            =  1
Nonlinear convergence failures =  0
Linear convergence failures    =  0


Case  2
   Difference quotient half-bandwidths = 1   Retained matrix half-bandwidths = 1

   Output Summary (umax = max-norm of solution)

   time         umax       k   nst  nni  nli  nre  nreS   h        npe nps
 .  .  .  .  .  .  .  .  .  .  .  .  .  .  .  .  .  .  .  .  .  .  .  .
 0.1000E-01   0.82411E+00  2   12   14    7   14    7   0.26E-02    8  21
 0.2000E-01   0.68812E+00  3   15   18   12   18   12   0.51E-02    8  30
 0.4000E-01   0.47093E+00  3   19   23   20   23   20   0.10E-01    9  43
 0.8000E-01   0.21655E+00  3   23   27   32   27   32   0.10E-01    9  59
 0.1600E+00   0.45225E-01  4   27   33   44   33   44   0.20E-01   10  77
 0.3200E+00   0.21868E-02  3   34   41   67   41   67   0.41E-01   11 108
 0.6400E+00   0.22040E-18  1   39   49   86   49   86   0.16E+00   13 135
 0.1280E+01   0.12826E-18  1   41   51   86   51   86   0.66E+00   15 137
 0.2560E+01   0.72541E-18  1   42   52   86   52   86   0.13E+01   16 138
 0.5120E+01   0.65980E-17  1   43   53   86   53   86   0.26E+01   17 139
 0.1024E+02   0.49060E-16  1   44   54   86   54   86   0.52E+01   18 140

Error test failures            =  0
Nonlinear convergence failures =  0
Linear convergence failures    =  0
