
 netf = 1,   ncfn = 0,   ncfl = 0 

 netf = 1,   ncfn = 0,   ncfl = 0 

 netf = 1,   ncfn = 0,   ncfl = 0 
iheatpk: Heat equation, parallel example problem for IDA 
         Discretized heat equation on 2D unit square. 
         Zero boundary conditions, polynomial initial conditions.
         Mesh dimensions: 10 x 10        Total system size: 100

Subgrid dimensions: 5 x 5        Processor array: 2 x 2
Tolerance parameters:  rtol = 0   atol = 0.001
Constraints set to force all solution components >= 0. 
SUPPRESSALG = TRUE to suppress local error testing on all boundary components. 
Linear solver: IDASPGMR  Preconditioner: diagonal elements only.

   Output Summary (umax = max-norm of solution) 

  time     umax       k  nst  nni  nli   nre   nreS    h      npe nps
 .  .  .  .  .  .  .  .  .  .  .  .  .  .  .  .  .  .  .  .  .  .  .
  0.00   9.75461e-01  0    0    0    0     0    0   0.00e+00    0   0
  0.01   8.24107e-01  2   11   13    7    13    7   2.56e-03    8  20
  0.02   6.88134e-01  3   14   17   12    17   12   5.12e-03    8  29
  0.04   4.70711e-01  3   17   23   21    23   21   6.58e-03    9  44
  0.08   2.16509e-01  3   21   28   30    28   30   1.32e-02    9  58
  0.16   4.57680e-02  4   27   35   44    35   44   1.32e-02    9  79
  0.32   2.10083e-03  4   34   43   67    43   67   2.63e-02   10 110
  0.64   1.83312e-04  1   38   51   80    51   80   2.11e-01   13 131
  1.28   1.18182e-04  1   40   53   81    53   81   4.21e-01   14 134
  2.56   4.12224e-04  1   42   57   86    57   86   1.68e+00   16 143
  5.12   4.19011e-04  1   43   59   88    59   88   3.37e+00   17 147
 10.24   3.79134e-04  1   44   60   88    60   88   6.74e+00   18 148

 netf = 1,   ncfn = 0,   ncfl = 0 
