iwebbbd: Predator-prey DAE parallel example problem for IDA 

Number of species ns: 2     Mesh dimensions: 20 x 20     Total system size: 800
Subgrid dimensions: 10 x 10     Processor array: 2 x 2
Tolerance parameters:  rtol = 1e-05   atol = 1e-05
Linear solver: IDASPGMR     Max. Krylov dimension maxl: 12
Preconditioner: band-block-diagonal (IDABBDPRE), with parameters
     mudq = 20,  mldq = 20,  mukeep = 2,  mlkeep = 2
CalcIC called to correct initial predator concentrations 


TIME t = 0.000000e+00.     NST = 0,  k = 0,  h = 1.631027e-08
NRE = 5,  NRE_S = 12,  NGE = 84,  NNI = 3,  NLI = 12,  NPE = 2,  NPS = 17
At bottom left:  c1, c2 = 1.000000e+01 9.999900e+04 
At top right:    c1, c2 = 1.000000e+01 9.994900e+04 


TIME t = 1.000000e-03.     NST = 32,  k = 4,  h = 9.740434e-05
NRE = 50,  NRE_S = 41,  NGE = 546,  NNI = 48,  NLI = 41,  NPE = 13,  NPS = 91
At bottom left:  c1, c2 = 1.031839e+01 1.031882e+05 
At top right:    c1, c2 = 1.082692e+01 1.082233e+05 


TIME t = 1.000000e-02.     NST = 115,  k = 4,  h = 1.753278e-04
NRE = 147,  NRE_S = 568,  NGE = 588,  NNI = 145,  NLI = 568,  NPE = 14,  NPS = 715
At bottom left:  c1, c2 = 1.618893e+02 1.618908e+06 
At top right:    c1, c2 = 1.973524e+02 1.973487e+06 


TIME t = 1.000000e-01.     NST = 189,  k = 1,  h = 4.039553e-02
NRE = 235,  NRE_S = 751,  NGE = 924,  NNI = 233,  NLI = 751,  NPE = 22,  NPS = 986
At bottom left:  c1, c2 = 2.401904e+02 2.401915e+06 
At top right:    c1, c2 = 2.707209e+02 2.707169e+06 


TIME t = 4.000000e-01.     NST = 192,  k = 1,  h = 3.231642e-01
NRE = 239,  NRE_S = 754,  NGE = 1050,  NNI = 237,  NLI = 754,  NPE = 25,  NPS = 993
At bottom left:  c1, c2 = 2.401904e+02 2.401915e+06 
At top right:    c1, c2 = 2.707209e+02 2.707169e+06 


TIME t = 7.000000e-01.     NST = 193,  k = 1,  h = 6.463285e-01
NRE = 240,  NRE_S = 754,  NGE = 1092,  NNI = 238,  NLI = 754,  NPE = 26,  NPS = 994
At bottom left:  c1, c2 = 2.401904e+02 2.401915e+06 
At top right:    c1, c2 = 2.707209e+02 2.707169e+06 


TIME t = 1.000000e+00.     NST = 193,  k = 1,  h = 6.463285e-01
NRE = 240,  NRE_S = 754,  NGE = 1092,  NNI = 238,  NLI = 754,  NPE = 26,  NPS = 994
At bottom left:  c1, c2 = 2.401904e+02 2.401915e+06 
At top right:    c1, c2 = 2.707209e+02 2.707169e+06 


Final statistics: 

NST  =   193     NRE  =   994     NGE  =  1092 
NNI  =   238     NLI  =   754
NPE  =    26     NPS  =   994
NETF =     0     NCFN =     0     NCFL =     0
