
sensdiagk: Parallel example for SensIDA 
           Test problem: y' + alpha*D*y = 0. 
           Total system size: Ny = 8
           D = diag(1,2,...,Ny). 
           alpha = 0.500000
Number of sensitivities: Ns = 1
Parameter value:      alpha =  5.00e-01
Scale factor:        pbar_1 =  1.00e+00
Finite difference:   rhomax =  0.00e+00
Tolerance parameters:  rtol = 0   atol = 1e-05
Constraints set to force all components of solution u >= 0. 
Linear solver: IDASPGMR  Preconditioner: diagonal elements only.

Output Summary:   err(u) = max-norm of error in solution u 
                err(s_i) = max-norm of error in sensitivity wrt p_i

  time     k   nst  nni  nli   nre    h       npe   nps
 .  .  .  .  .  .  .  .  .  .  .  .  .  .  .  .  .  .  .  .  .
  0.00     0    0    3    6    11  1.00e-04    2    16
err(u)   = 0.00000e+00
err(s_1) = 0.00000e+00

  0.10     4   25   34   35    71  1.65e-02   15   107
err(u)   = 7.66827e-06
err(s_1) = 3.77875e-05

  0.20     5   31   41   46    89  3.30e-02   15   132
err(u)   = 6.15930e-06
err(s_1) = 2.98744e-05

  0.30     5   34   44   52    98  3.30e-02   15   144
err(u)   = 3.45065e-06
err(s_1) = 1.04718e-05

  0.40     5   37   47   58   107  3.30e-02   15   156
err(u)   = 1.62670e-06
err(s_1) = 3.84754e-06

  0.50     5   40   50   64   116  3.30e-02   15   168
err(u)   = 9.18930e-07
err(s_1) = 8.14075e-06

  0.60     5   43   53   70   125  3.30e-02   15   180
err(u)   = 6.04625e-07
err(s_1) = 8.78708e-06

  0.70     5   46   56   75   133  3.30e-02   15   191
err(u)   = 4.73880e-07
err(s_1) = 7.95726e-06

  0.80     5   49   59   79   140  3.30e-02   15   201
err(u)   = 5.53174e-07
err(s_1) = 6.42398e-06

  0.90     5   51   62   83   147  6.59e-02   16   211
err(u)   = 4.21531e-07
err(s_1) = 6.67736e-06

  1.00     5   53   65   89   156  5.93e-02   16   223
err(u)   = 3.11269e-07
err(s_1) = 1.43062e-05


 netf = 0,   ncfn = 0,   ncfl = 0 
