sensrobx: Robertson kinetics DAE serial example problem for SensIDA 
          Three equation chemical kinetics problem. 

Linear solver: SENSIDADENSE, with user-supplied Jacobian.
Tolerance parameters:  rtol = 0.0001   atol = 1e-06, 1e-10, 1e-06 
Initial conditions: y0 = (1, 0, 0)
Constraints not used.
Derivatives initialized via IDACalcIC.
Parameter values: p1 = 0.04, p2 = 10000, p3 = 3e+07
Number of sensitivity vectors: Ns  =   2 
s_k is the sensitivity of y with respect to parameter k
.......................................................

t = 0.4
y   = (0.985172, 3.38639e-05, 0.0147943)
s_3 = (-1.58144e-11, -5.29e-13, 1.63434e-11)
s_1 = (-0.355975, 0.000390251, 0.355585)
k = 3, nst = 90, nni = 128, nje = 28, nre = 130, h = 0.0830844

t = 4
y   = (0.90552, 2.2405e-05, 0.0944572)
s_3 = (-4.93362e-10, -2.7627e-13, 4.93638e-10)
s_1 = (-1.87602, 0.000179224, 1.87584)
k = 3, nst = 116, nni = 162, nje = 30, nre = 164, h = 0.332338

t = 40
y   = (0.715846, 9.18628e-06, 0.284145)
s_3 = (-2.28818e-09, -1.13811e-13, 2.2883e-09)
s_1 = (-4.2473, 4.59217e-05, 4.24726)
k = 3, nst = 179, nni = 253, nje = 33, nre = 255, h = 2.20892

t = 400
y   = (0.45051, 3.22278e-06, 0.549487)
s_3 = (-3.7897e-09, -4.99471e-14, 3.78975e-09)
s_1 = (-5.95844, 3.54113e-06, 5.95844)
k = 2, nst = 230, nni = 355, nje = 38, nre = 357, h = 15.6875

t = 4000
y   = (0.183109, 8.93677e-07, 0.81689)
s_3 = (-3.13474e-09, -1.87547e-14, 3.13476e-09)
s_1 = (-4.74978, -5.99801e-06, 4.74978)
k = 2, nst = 286, nni = 429, nje = 42, nre = 431, h = 192.069

t = 40000
y   = (0.0389609, 1.6208e-07, 0.961039)
s_3 = (-1.04757e-09, -4.53498e-15, 1.04758e-09)
s_1 = (-1.57448, -2.76185e-06, 1.57448)
k = 3, nst = 340, nni = 506, nje = 45, nre = 508, h = 1244.61

t = 400000
y   = (0.00493673, 1.98437e-08, 0.995063)
s_3 = (-1.57467e-10, -6.36097e-16, 1.57468e-10)
s_1 = (-0.236264, -4.58264e-07, 0.236264)
k = 5, nst = 387, nni = 571, nje = 50, nre = 573, h = 15983.8

t = 4e+06
y   = (0.000516433, 2.06679e-09, 0.999484)
s_3 = (-1.70979e-11, -6.84621e-17, 1.7098e-11)
s_1 = (-0.025647, -5.10046e-08, 0.025647)
k = 4, nst = 431, nni = 627, nje = 54, nre = 629, h = 255740

t = 4e+07
y   = (5.20183e-05, 2.08084e-10, 0.999948)
s_3 = (-1.73248e-12, -6.93064e-18, 1.73249e-12)
s_1 = (-0.00259756, -5.16617e-09, 0.00259756)
k = 4, nst = 460, nni = 665, nje = 58, nre = 667, h = 3.68266e+06

t = 4e+08
y   = (5.04344e-06, 2.01738e-11, 0.999995)
s_3 = (-1.68114e-13, -6.72463e-19, 1.68115e-13)
s_1 = (-0.000251769, -4.77722e-10, 0.000251769)
k = 2, nst = 478, nni = 691, nje = 62, nre = 693, h = 5.30303e+07

t = 4e+09
y   = (6.00137e-07, 2.40055e-12, 0.999999)
s_3 = (-2.00064e-14, -8.00256e-20, 2.00065e-14)
s_1 = (-2.94094e-05, -6.54499e-11, 2.94094e-05)
k = 1, nst = 488, nni = 707, nje = 67, nre = 709, h = 1.69697e+09

t = 4e+10
y   = (5.48609e-08, 2.19444e-13, 1)
s_3 = (-1.82888e-15, -7.31552e-21, 1.82889e-15)
s_1 = (-9.89218e-07, 2.3946e-12, 9.89216e-07)
k = 1, nst = 494, nni = 723, nje = 75, nre = 725, h = 6.78788e+09

Final Run Statistics: 

Number of steps =                494
Number of residual evaluations = 725
Number of Jacobian evaluations = 75
Number of error test failures =  4
Number of nonlinear (corrector) convergence failures = 2
