sensheatpk: Heat equation, parallel example problem for SensIDA 
            Discretized heat equation on 2D unit square. 
            Zero boundary conditions, polynomial initial conditions.
            Mesh dimensions: 10 x 10            Total system size: 100

Subgrid dimensions: 5 x 5            Processor array: 2 x 2
Number of sensitivities: Ns = 2
Parameter values:       p_1 =  1.00e+00,    p_2 =  1.00e+00
Scale factors:       pbar_1 =  1.00e+00, pbar_2 =  1.00e+00
Finite difference:   rhomax = 0
Tolerance parameters:  rtol = 0,  atol = 0.001
Constraints set to force all components of solution u >= 0. 
iopt[SUPPRESSALG] = 1 to suppress local error testing on all boundary components. 
Linear solver: IDASPGMR  Preconditioner: diagonal elements only.

Output Summary:   max(u) = max-norm of solution u 
                max(s_i) = max-norm of sensitivity vector s_i

  time       max(u)     k   nst  nni  nli   nre    h       npe nps
 .  .  .  .  .  .  .  .  .  .  .  .  .  .  .  .  .  .  .  .  .
  0.00     9.75461e-01  0    0    1    2     5  1.00e-05    2  11
max(s_1) = 0.00000e+00
max(s_2) = 0.00000e+00

  0.01     8.24106e-01  2   11   14   25    41  2.56e-03   10  73
max(s_1) = 7.20774e-02
max(s_2) = 7.20774e-02

  0.02     6.88134e-01  3   14   18   40    60  5.12e-03   10 100
max(s_1) = 1.27129e-01
max(s_2) = 1.27129e-01

  0.04     4.70846e-01  3   18   22   58    82  5.12e-03   10 130
max(s_1) = 1.81792e-01
max(s_2) = 1.81792e-01

  0.08     2.16343e-01  3   22   27   94   123  1.02e-02   11 181
max(s_1) = 1.68497e-01
max(s_2) = 1.68494e-01

  0.16     4.54871e-02  4   30   36  147   185  1.02e-02   11 261
max(s_1) = 7.05468e-02
max(s_2) = 7.05478e-02

  0.32     2.00938e-03  2   38   47  226   275  4.10e-02   13 373
max(s_1) = 5.95024e-03
max(s_2) = 5.94397e-03

  0.64     2.04003e-04  1   44   56  270   328  1.47e-01   15 444
max(s_1) = 4.18633e-04
max(s_2) = 4.18349e-04

  1.28     3.24684e-04  1   47   62  283   347  2.95e-01   19 475
max(s_1) = 3.74875e-04
max(s_2) = 3.79646e-04

  2.56     3.16884e-04  1   49   65  293   360  5.90e-01   20 494
max(s_1) = 5.97687e-04
max(s_2) = 5.87800e-04

  5.12     4.80339e-05  1   51   68  299   369  2.36e+00   22 509
max(s_1) = 4.89528e-04
max(s_2) = 4.51301e-04

 10.24     3.54902e-04  1   52   70  307   379  4.72e+00   23 523
max(s_1) = 1.84619e-04
max(s_2) = 1.57882e-04


 netf = 0,   ncfn = 1,   ncfl = 0 
