  
 idaHeat2D_kry: Heat equation, OpenMP example problem for IDA
          Discretized heat equation on 2D unit square.
          Zero boundary conditions, polynomial initial conditions.
         Mesh dimensions:  100 x  100        Total system size:    10000
  
  Number of OpenMP threads =            4
  
Tolerance parameters:  rtol =  0.0E+00   atol =  1.0E-03
 Constraints set to force all solution components >= 0.
 Linear solver: SPGMR, preconditioner using diagonal elements.
  
  
 Case 1: gsytpe = SUN_MODIFIED_GS
  
    Output Summary (umax = max-norm of solution)
  
   time     umax       k  nst  nni  nje   nre   nreLS    h      npe nps
 ----------------------------------------------------------------------
 0.01   8.45000E-01    1   17   24   44    24    44   1.28E-03    8  68
 0.02   7.01828E-01    1   22   34   96    34    96   1.99E-03    9 130
 0.04   4.69419E-01    2   28   42  124    42   124   3.99E-03   11 166
 0.08   2.44066E-01    2   35   57  192    57   192   1.01E-02   14 249
 0.16   6.23528E-02    2   44   69  296    69   296   7.46E-03   14 365
 0.32   1.41347E-02    1   64  105  530   105   530   2.76E-03   20 635
 0.64   1.41330E-02    1   82  138  590   138   590   1.13E-01   37 728
 1.28   1.82940E-02    1   86  144  615   144   615   1.97E-01   38 759
 2.56   2.11146E-02    1   90  151  646   151   646   6.51E-01   39 797
 5.12   3.16022E-02    1   94  160  663   160   663   1.69E+00   42 823
10.24   4.33003E-02    1  100  171  691   171   691   9.06E-01   46 862
  
Error test failures            = 3
Nonlinear convergence failures = 5
Linear convergence failures    = 2
  
  
 Case 2: gsytpe = SUN_CLASSICAL_GS
  
    Output Summary (umax = max-norm of solution)
  
   time     umax       k  nst  nni  nje   nre   nreLS    h      npe nps
 ----------------------------------------------------------------------
 0.01   8.45000E-01    1   17   24   44    24    44   1.28E-03    8  68
 0.02   7.01828E-01    1   22   34   96    34    96   1.99E-03    9 130
 0.04   4.69419E-01    2   28   42  124    42   124   3.99E-03   11 166
 0.08   2.44066E-01    2   35   57  192    57   192   1.01E-02   14 249
 0.16   6.23528E-02    2   44   69  296    69   296   7.46E-03   14 365
 0.32   1.41348E-02    1   64  105  530   105   530   2.76E-03   20 635
 0.64   1.41341E-02    1   82  138  590   138   590   1.13E-01   37 728
 1.28   1.82948E-02    1   86  144  615   144   615   1.97E-01   38 759
 2.56   2.11155E-02    1   90  151  646   151   646   6.51E-01   39 797
 5.12   3.16043E-02    1   94  160  663   160   663   1.69E+00   42 823
10.24   4.32890E-02    1  100  171  691   171   691   9.06E-01   46 862
  
Error test failures            = 3
Nonlinear convergence failures = 5
Linear convergence failures    = 2
