
Batch of independent 3-species kinetics problems
  number of batches = 100
  linear solver     = KokkosKernels
  test type         = 2
  execution space   = OpenMP

At t = 0
  batch 0: y = 1.2 3.1 3
  batch 10: y = 1.2 3.1 3
  batch 20: y = 1.2 3.1 3
  batch 30: y = 1.2 3.1 3
  batch 40: y = 1.2 3.1 3
  batch 50: y = 1.2 3.1 3
  batch 60: y = 1.2 3.1 3
  batch 70: y = 1.2 3.1 3
  batch 80: y = 1.2 3.1 3
  batch 90: y = 1.2 3.1 3
At t = 1
  batch 0: y = 1.10389 3.01314 3.49998
  batch 10: y = 1.10389 3.01314 3.49998
  batch 20: y = 1.10389 3.01314 3.49998
  batch 30: y = 1.10389 3.01314 3.49998
  batch 40: y = 1.10389 3.01314 3.49998
  batch 50: y = 1.10389 3.01314 3.49998
  batch 60: y = 1.10389 3.01314 3.49998
  batch 70: y = 1.10389 3.01314 3.49998
  batch 80: y = 1.10389 3.01314 3.49998
  batch 90: y = 1.10389 3.01314 3.49998
At t = 2
  batch 0: y = 0.688033 3.5213 3.49999
  batch 10: y = 0.688033 3.5213 3.49999
  batch 20: y = 0.688033 3.5213 3.49999
  batch 30: y = 0.688033 3.5213 3.49999
  batch 40: y = 0.688033 3.5213 3.49999
  batch 50: y = 0.688033 3.5213 3.49999
  batch 60: y = 0.688033 3.5213 3.49999
  batch 70: y = 0.688033 3.5213 3.49999
  batch 80: y = 0.688033 3.5213 3.49999
  batch 90: y = 0.688033 3.5213 3.49999
At t = 3
  batch 0: y = 0.409472 4.27781 3.49999
  batch 10: y = 0.409472 4.27781 3.49999
  batch 20: y = 0.409472 4.27781 3.49999
  batch 30: y = 0.409472 4.27781 3.49999
  batch 40: y = 0.409472 4.27781 3.49999
  batch 50: y = 0.409472 4.27781 3.49999
  batch 60: y = 0.409472 4.27781 3.49999
  batch 70: y = 0.409472 4.27781 3.49999
  batch 80: y = 0.409472 4.27781 3.49999
  batch 90: y = 0.409472 4.27781 3.49999
At t = 4
  batch 0: y = 0.36788 4.94194 3.49999
  batch 10: y = 0.36788 4.94194 3.49999
  batch 20: y = 0.36788 4.94194 3.49999
  batch 30: y = 0.36788 4.94194 3.49999
  batch 40: y = 0.36788 4.94194 3.49999
  batch 50: y = 0.36788 4.94194 3.49999
  batch 60: y = 0.36788 4.94194 3.49999
  batch 70: y = 0.36788 4.94194 3.49999
  batch 80: y = 0.36788 4.94194 3.49999
  batch 90: y = 0.36788 4.94194 3.49999
At t = 5
  batch 0: y = 0.413842 5.51057 3.49999
  batch 10: y = 0.413842 5.51057 3.49999
  batch 20: y = 0.413842 5.51057 3.49999
  batch 30: y = 0.413842 5.51057 3.49999
  batch 40: y = 0.413842 5.51057 3.49999
  batch 50: y = 0.413842 5.51057 3.49999
  batch 60: y = 0.413842 5.51057 3.49999
  batch 70: y = 0.413842 5.51057 3.49999
  batch 80: y = 0.413842 5.51057 3.49999
  batch 90: y = 0.413842 5.51057 3.49999
At t = 6
  batch 0: y = 0.589207 5.85566 3.49999
  batch 10: y = 0.589207 5.85566 3.49999
  batch 20: y = 0.589207 5.85566 3.49999
  batch 30: y = 0.589207 5.85566 3.49999
  batch 40: y = 0.589207 5.85566 3.49999
  batch 50: y = 0.589207 5.85566 3.49999
  batch 60: y = 0.589207 5.85566 3.49999
  batch 70: y = 0.589207 5.85566 3.49999
  batch 80: y = 0.589207 5.85566 3.49999
  batch 90: y = 0.589207 5.85566 3.49999
At t = 7
  batch 0: y = 4.75675 0.735405 3.49992
  batch 10: y = 4.75675 0.735405 3.49992
  batch 20: y = 4.75675 0.735405 3.49992
  batch 30: y = 4.75675 0.735405 3.49992
  batch 40: y = 4.75675 0.735405 3.49992
  batch 50: y = 4.75675 0.735405 3.49992
  batch 60: y = 4.75675 0.735405 3.49992
  batch 70: y = 4.75675 0.735405 3.49992
  batch 80: y = 4.75675 0.735405 3.49992
  batch 90: y = 4.75675 0.735405 3.49992
At t = 8
  batch 0: y = 1.81355 1.57573 3.49997
  batch 10: y = 1.81355 1.57573 3.49997
  batch 20: y = 1.81355 1.57573 3.49997
  batch 30: y = 1.81355 1.57573 3.49997
  batch 40: y = 1.81355 1.57573 3.49997
  batch 50: y = 1.81355 1.57573 3.49997
  batch 60: y = 1.81355 1.57573 3.49997
  batch 70: y = 1.81355 1.57573 3.49997
  batch 80: y = 1.81355 1.57573 3.49997
  batch 90: y = 1.81355 1.57573 3.49997
At t = 9
  batch 0: y = 0.527935 2.80731 3.49999
  batch 10: y = 0.527935 2.80731 3.49999
  batch 20: y = 0.527935 2.80731 3.49999
  batch 30: y = 0.527935 2.80731 3.49999
  batch 40: y = 0.527935 2.80731 3.49999
  batch 50: y = 0.527935 2.80731 3.49999
  batch 60: y = 0.527935 2.80731 3.49999
  batch 70: y = 0.527935 2.80731 3.49999
  batch 80: y = 0.527935 2.80731 3.49999
  batch 90: y = 0.527935 2.80731 3.49999
At t = 10
  batch 0: y = 0.305602 3.65734 3.49999
  batch 10: y = 0.305602 3.65734 3.49999
  batch 20: y = 0.305602 3.65734 3.49999
  batch 30: y = 0.305602 3.65734 3.49999
  batch 40: y = 0.305602 3.65734 3.49999
  batch 50: y = 0.305602 3.65734 3.49999
  batch 60: y = 0.305602 3.65734 3.49999
  batch 70: y = 0.305602 3.65734 3.49999
  batch 80: y = 0.305602 3.65734 3.49999
  batch 90: y = 0.305602 3.65734 3.49999

Final Statistics:
  Steps            = 344
  RHS evals        = 464
  LS setups        = 59
  Jac evals        = 7
  NLS iters        = 461
  NLS fails        = 1
  Error test fails = 20
