Diagonal test problem:

 NEQ =   8
 parameter alpha =    1.250
 ydot_i = -alpha*i * y_i (i = 1,...,NEQ)
 RTOL, ATOL =    0.1E-04   0.1E-09
 Method is ADAMS/FUNCTIONAL
 Number of processors =   4


 t =   0.10E+00     no. steps =    14   no. f-s =    31
 t =   0.20E+00     no. steps =    22   no. f-s =    39
 t =   0.30E+00     no. steps =    29   no. f-s =    46
 t =   0.40E+00     no. steps =    37   no. f-s =    54
 t =   0.50E+00     no. steps =    44   no. f-s =    61
 t =   0.60E+00     no. steps =    51   no. f-s =    68
 t =   0.70E+00     no. steps =    59   no. f-s =    77
 t =   0.80E+00     no. steps =    66   no. f-s =    84
 t =   0.90E+00     no. steps =    74   no. f-s =    92
 t =   0.10E+01     no. steps =    81   no. f-s =    99

Max. absolute error is   0.41E-07


Final statistics:

 number of steps =    81
 number of f evals. =    99
 number of nonlinear iters. =     0
 number of nonlinear conv. failures =   0
 number of error test failures =   3
