
2-species diurnal advection-diffusion problem

t = 7.20e+03   no. steps = 99   stepsize = 6.86e+01
At bottom left:  c1, c2 =    1.047e+04    2.527e+11 
At top right:    c1, c2 =    1.119e+04    2.700e+11 

t = 1.44e+04   no. steps = 150   stepsize = 3.62e+02
At bottom left:  c1, c2 =    6.659e+06    2.582e+11 
At top right:    c1, c2 =    7.301e+06    2.833e+11 

t = 2.16e+04   no. steps = 176   stepsize = 3.29e+02
At bottom left:  c1, c2 =    2.665e+07    2.993e+11 
At top right:    c1, c2 =    2.931e+07    3.313e+11 

t = 2.88e+04   no. steps = 201   stepsize = 1.39e+02
At bottom left:  c1, c2 =    8.702e+06    3.380e+11 
At top right:    c1, c2 =    9.650e+06    3.751e+11 

t = 3.60e+04   no. steps = 239   stepsize = 7.05e+01
At bottom left:  c1, c2 =    1.404e+04    3.387e+11 
At top right:    c1, c2 =    1.561e+04    3.765e+11 

t = 4.32e+04   no. steps = 294   stepsize = 1.30e+03
At bottom left:  c1, c2 =    4.557e-06    3.382e+11 
At top right:    c1, c2 =   -9.376e-06    3.804e+11 

t = 5.04e+04   no. steps = 300   stepsize = 9.89e+02
At bottom left:  c1, c2 =   -1.531e-05    3.358e+11 
At top right:    c1, c2 =    6.214e-05    3.864e+11 

t = 5.76e+04   no. steps = 308   stepsize = 9.89e+02
At bottom left:  c1, c2 =    1.963e-05    3.320e+11 
At top right:    c1, c2 =   -6.347e-05    3.909e+11 

t = 6.48e+04   no. steps = 313   stepsize = 1.60e+03
At bottom left:  c1, c2 =    4.135e-05    3.313e+11 
At top right:    c1, c2 =   -8.151e-05    3.963e+11 

t = 7.20e+04   no. steps = 317   stepsize = 1.60e+03
At bottom left:  c1, c2 =    1.074e-05    3.330e+11 
At top right:    c1, c2 =    1.614e-04    4.039e+11 

t = 7.92e+04   no. steps = 322   stepsize = 1.60e+03
At bottom left:  c1, c2 =   -3.990e-06    3.334e+11 
At top right:    c1, c2 =   -1.066e-04    4.120e+11 

t = 8.64e+04   no. steps = 326   stepsize = 1.60e+03
At bottom left:  c1, c2 =    9.983e-05    3.352e+11 
At top right:    c1, c2 =    1.489e-04    4.163e+11 


Final Statistics: 

lenrw   =  3518     leniw   =   266
lenrwls =  2455     leniwls =   126
nst     =   326     nfe     =     0
nfi     =  3916     nfels   =  7367
nni     =  2213     nli     =  7367
nsetups =    58     netf    =    14
npe     =     6     nps     =  9468
ncfn    =     0     ncfl    =   226

