
2D Heat problem:
 ----------------------------
  kx        = 1
  ky        = 1
  tf        = 1
  xu        = 1
  yu        = 1
  nx        = 32
  ny        = 32
  dx        = 0.0322581
  dy        = 0.0322581
 ----------------------------
  linear solver  = PCG
  rtol      = 1e-05
  atol      = 1e-10
 ----------------------------
  lin iters = 20
  eps lin   = 0
  prec      = 1
  msbp      = 0
 ----------------------------
  output    = 0
 ----------------------------

          t                     ||u||_rms                max error
 -----------------------------------------------------------------------
 0.000000000000000e+00    1.265389879780759e+00    0.000000000000000e+00
 5.000000000000000e-02    1.258897319115579e+00    2.448959683337248e-03
 1.000000000000000e-01    1.238701934803589e+00    2.902568221648805e-03
 1.500000000000000e-01    1.207338453501122e+00    2.851021617201965e-03
 2.000000000000000e-01    1.168490651510542e+00    2.549619685427329e-03
 2.500000000000000e-01    1.126480695473552e+00    2.080572849252560e-03
 3.000000000000000e-01    1.085744260390084e+00    1.562554290293949e-03
 3.500000000000000e-01    1.050220995060609e+00    1.064608292483005e-03
 4.000000000000000e-01    1.022932717334118e+00    6.220473636535662e-04
 4.500000000000000e-01    1.005852702657221e+00    2.732779001597407e-04
 4.999999999999999e-01    1.000039240708924e+00    1.086001581946938e-04
 5.499999999999999e-01    1.005786926810093e+00    7.954662800813139e-05
 6.000000000000000e-01    1.022783247120916e+00    1.940781330338481e-04
 6.500000000000000e-01    1.050008076128300e+00    4.651349888240564e-04
 7.000000000000001e-01    1.085486511121052e+00    8.536186633891774e-04
 7.500000000000001e-01    1.126197877159280e+00    1.322898262380523e-03
 8.000000000000002e-01    1.168219851066705e+00    1.831421137211242e-03
 8.500000000000002e-01    1.207142268973303e+00    2.328166561740508e-03
 9.000000000000002e-01    1.238658430221621e+00    2.757464505448892e-03
 9.500000000000003e-01    1.259174374367654e+00    3.071633300191889e-03
 1.000000000000000e+00    1.266321184570032e+00    3.262949634055934e-03
 -----------------------------------------------------------------------

Final integrator statistics:
  Steps            = 47
  Error test fails = 1
  RHS evals        = 60
  NLS iters        = 57
  NLS fails        = 0
  LS iters         = 686
  LS fails         = 6
  LS setups        = 10
  LS RHS evals     = 686
  Jv products      = 686

  Avg NLS iters per step    = 1.212766
  Avg LS iters per NLS iter = 12.035088

  Preconditioner setups = 1
  Preconditioner solves = 686

  Max error = 3.262949634055934e-03
