iheatsk: Heat equation, serial example problem for IDA 
         Discretized heat equation on 2D unit square. 
         Zero boundary conditions, polynomial initial conditions.
         Mesh dimensions: 10 x 10        Total system size: 100

Tolerance parameters:  rtol = 0   atol = 0.001
Constraints set to force all solution components >= 0. 
Linear solver: IDASPGMR, preconditioner using diagonal elements. 


Case 1: gsytpe = MODIFIED_GS

   Output Summary (umax = max-norm of solution) 

  time     umax       k  nst  nni  nje   nre   nreS     h      npe nps
 .  .  .  .  .  .  .  .  .  .  .  .  .  .  .  .  .  .  .  .  .
  0.00   9.75461e-01  0    0    0    0     0     0   0.00e+00    0   0
  0.01   8.24106e-01  2   11   13    7    13     7   2.56e-03    8  20
  0.02   6.88134e-01  3   14   17   12    17    12   5.12e-03    8  29
  0.04   4.70711e-01  3   17   23   21    23    21   6.58e-03    9  44
  0.08   2.16509e-01  3   21   28   30    28    30   1.32e-02    9  58
  0.16   4.57674e-02  4   27   35   44    35    44   1.32e-02    9  79
  0.32   2.10436e-03  4   34   43   67    43    67   2.63e-02   10 110
  0.64   2.74838e-04  1   39   53   82    53    82   2.11e-01   13 135
  1.28   2.81817e-04  1   41   55   83    55    83   4.21e-01   14 138
  2.56   3.07386e-04  1   43   59   87    59    87   1.68e+00   16 146
  5.12   7.51657e-05  1   44   60   87    60    87   3.37e+00   17 147
 10.24   2.18593e-04  1   45   62   90    62    90   6.74e+00   18 152

 netf = 1,   ncfn = 0,   ncfl = 0 




Case 2: gstype = CLASSICAL_GS

   Output Summary (umax = max-norm of solution) 

  time     umax       k  nst  nni  nje   nre   nreS     h      npe nps
 .  .  .  .  .  .  .  .  .  .  .  .  .  .  .  .  .  .  .  .  .
  0.00   9.75461e-01  0    0    0    0     0     0   0.00e+00    0   0
  0.01   8.24106e-01  2   11   13    7    13     7   2.56e-03    8  20
  0.02   6.88134e-01  3   14   17   12    17    12   5.12e-03    8  29
  0.04   4.70711e-01  3   17   23   21    23    21   6.58e-03    9  44
  0.08   2.16509e-01  3   21   28   30    28    30   1.32e-02    9  58
  0.16   4.57674e-02  4   27   35   44    35    44   1.32e-02    9  79
  0.32   2.10436e-03  4   34   43   67    43    67   2.63e-02   10 110
  0.64   2.74838e-04  1   39   53   82    53    82   2.11e-01   13 135
  1.28   2.81806e-04  1   41   55   83    55    83   4.21e-01   14 138
  2.56   3.07368e-04  1   43   59   87    59    87   1.68e+00   16 146
  5.12   7.52531e-05  1   44   60   87    60    87   3.37e+00   17 147
 10.24   2.18721e-04  1   45   62   90    62    90   6.74e+00   18 152

 netf = 1,   ncfn = 0,   ncfl = 0 
