irobx: Robertson kinetics DAE serial example problem for IDA 
       Three equation chemical kinetics problem. 

Linear solver: IDADENSE, with user-supplied Jacobian.
Tolerance parameters:  rtol = 0.0001   atol = 1e-06 1e-10 1e-06 
Initial conditions y0 = (1 0 0)
Constraints and id not used.
...............................................

t = 0.4,  y = (0.985171, 3.38637e-05, 0.0147952)
k = 3, nst = 77, nni = 99, nje = 22, nre = 99, nreD = 0  h = 0.114311

t = 4,  y = (0.905507, 2.24034e-05, 0.0944702)
k = 4, nst = 91, nni = 117, nje = 24, nre = 117, nreD = 0  h = 0.370369

t = 40,  y = (0.715824, 9.18541e-06, 0.284167)
k = 4, nst = 127, nni = 166, nje = 27, nre = 166, nreD = 0  h = 2.96295

t = 400,  y = (0.450509, 3.22274e-06, 0.549488)
k = 3, nst = 177, nni = 244, nje = 33, nre = 244, nreD = 0  h = 12.4054

t = 4000,  y = (0.183156, 8.93961e-07, 0.816843)
k = 3, nst = 228, nni = 318, nje = 36, nre = 318, nreD = 0  h = 276.455

t = 40000,  y = (0.0389852, 1.62184e-07, 0.961015)
k = 5, nst = 278, nni = 383, nje = 41, nre = 383, nreD = 0  h = 2614.03

t = 400000,  y = (0.00493878, 1.9852e-08, 0.995061)
k = 5, nst = 324, nni = 442, nje = 45, nre = 442, nreD = 0  h = 27701.2

t = 4e+06,  y = (0.000517632, 2.07159e-09, 0.999482)
k = 4, nst = 355, nni = 484, nje = 49, nre = 484, nreD = 0  h = 397878

t = 4e+07,  y = (5.19069e-05, 2.07638e-10, 0.999948)
k = 3, nst = 380, nni = 516, nje = 53, nre = 516, nreD = 0  h = 6.36605e+06

t = 4e+08,  y = (5.88177e-06, 2.35272e-11, 0.999994)
k = 1, nst = 394, nni = 536, nje = 57, nre = 536, nreD = 0  h = 9.16712e+07

t = 4e+09,  y = (7.05393e-07, 2.82157e-12, 0.999999)
k = 1, nst = 402, nni = 548, nje = 61, nre = 548, nreD = 0  h = 1.46674e+09

t = 4e+10,  y = (-7.30007e-07, -2.92003e-12, 1)
k = 1, nst = 407, nni = 557, nje = 65, nre = 557, nreD = 0  h = 2.34678e+10

Final Run Statistics: 

Number of steps =                407
Number of residual evaluations = 557
Number of Jacobian evaluations = 65
Number of error test failures =  6
Number of nonlinear (corrector) convergence failures = 0
