iwebsb: Predator-prey DAE serial example problem for IDA 

Number of species ns: 2     Mesh dimensions: 20 x 20     System size: 800
Tolerance parameters:  rtol = 1e-05   atol = 1e-05
Linear solver: IDABAND,  Band parameters mu = 40, ml = 40
CalcIC called to correct initial predator concentrations 


TIME t = 0.000000e+00.     NST = 0, k = 0, h = 1.631027e-08
NRE = 11, NRE_B = 162, NNI = 9, NJE = 2
At bottom left:  c1, c2 = 1.000000e+01 9.999900e+04 
At top right:    c1, c2 = 1.000000e+01 9.994900e+04 


TIME t = 1.000000e-03.     NST = 31, k = 4, h = 1.082270e-04
NRE = 54, NRE_B = 972, NNI = 52, NJE = 12
At bottom left:  c1, c2 = 1.031832e+01 1.031874e+05 
At top right:    c1, c2 = 1.082683e+01 1.082224e+05 


TIME t = 1.000000e-02.     NST = 134, k = 4, h = 1.800028e-04
NRE = 238, NRE_B = 1782, NNI = 236, NJE = 22
At bottom left:  c1, c2 = 1.618917e+02 1.618932e+06 
At top right:    c1, c2 = 1.973560e+02 1.973523e+06 


TIME t = 1.000000e-01.     NST = 226, k = 1, h = 4.144189e-02
NRE = 387, NRE_B = 2592, NNI = 385, NJE = 32
At bottom left:  c1, c2 = 2.401904e+02 2.401915e+06 
At top right:    c1, c2 = 2.707209e+02 2.707169e+06 


TIME t = 4.000000e-01.     NST = 229, k = 1, h = 3.315351e-01
NRE = 390, NRE_B = 2835, NNI = 388, NJE = 35
At bottom left:  c1, c2 = 2.401904e+02 2.401915e+06 
At top right:    c1, c2 = 2.707209e+02 2.707169e+06 


TIME t = 7.000000e-01.     NST = 229, k = 1, h = 3.315351e-01
NRE = 390, NRE_B = 2835, NNI = 388, NJE = 35
At bottom left:  c1, c2 = 2.401904e+02 2.401915e+06 
At top right:    c1, c2 = 2.707209e+02 2.707169e+06 


TIME t = 1.000000e+00.     NST = 230, k = 1, h = 6.630702e-01
NRE = 391, NRE_B = 2916, NNI = 389, NJE = 36
At bottom left:  c1, c2 = 2.401904e+02 2.401915e+06 
At top right:    c1, c2 = 2.707209e+02 2.707169e+06 


Final run statistics: 

NST  =   230     NRE  =  3307 
NNI  =   389     NJE  =    36 
NETF =     4     NCFN =     0 
