
2-species diurnal advection-diffusion problem
Number of sensitivity vectors: Ns  =   2 
Number of PEs =   4 

t = 7.20e+03   no. steps = 953   order = 3   stepsize = 3.16e+01
At bottom left:  c1, c2 =    1.047e+04    2.527e+11 
At top right:    c1, c2 =    1.119e+04    2.700e+11 

sensitivity wrt p_1:
At bottom left:     s_1 =   -6.420e+19    7.118e+19 
At top right:       s_1 =   -6.860e+19    7.656e+19 
sensitivity wrt p_2:
At bottom left:     s_2 =   -4.385e+14   -2.441e+18 
At top right:       s_2 =   -5.006e+14   -2.784e+18 

t = 1.44e+04   no. steps = 1181   order = 3   stepsize = 4.51e+01
At bottom left:  c1, c2 =    6.659e+06    2.582e+11 
At top right:    c1, c2 =    7.301e+06    2.833e+11 

sensitivity wrt p_1:
At bottom left:     s_1 =   -4.085e+22    5.955e+22 
At top right:       s_1 =   -4.478e+22    6.717e+22 
sensitivity wrt p_2:
At bottom left:     s_2 =   -4.523e+17   -6.542e+21 
At top right:       s_2 =   -5.432e+17   -7.831e+21 

t = 2.16e+04   no. steps = 1299   order = 4   stepsize = 1.92e+02
At bottom left:  c1, c2 =    2.665e+07    2.993e+11 
At top right:    c1, c2 =    2.931e+07    3.313e+11 

sensitivity wrt p_1:
At bottom left:     s_1 =   -1.635e+23    3.820e+23 
At top right:       s_1 =   -1.798e+23    4.499e+23 
sensitivity wrt p_2:
At bottom left:     s_2 =   -7.660e+18   -7.646e+22 
At top right:       s_2 =   -9.443e+18   -9.450e+22 

t = 2.88e+04   no. steps = 1413   order = 2   stepsize = 4.07e+01
At bottom left:  c1, c2 =    8.702e+06    3.380e+11 
At top right:    c1, c2 =    9.650e+06    3.751e+11 

sensitivity wrt p_1:
At bottom left:     s_1 =   -5.338e+22    5.449e+23 
At top right:       s_1 =   -5.919e+22    6.743e+23 
sensitivity wrt p_2:
At bottom left:     s_2 =   -4.886e+18   -1.719e+23 
At top right:       s_2 =   -6.104e+18   -2.152e+23 

t = 3.60e+04   no. steps = 1521   order = 4   stepsize = 5.17e+01
At bottom left:  c1, c2 =    1.404e+04    3.387e+11 
At top right:    c1, c2 =    1.561e+04    3.765e+11 

sensitivity wrt p_1:
At bottom left:     s_1 =   -8.614e+19    5.272e+23 
At top right:       s_1 =   -9.576e+19    6.603e+23 
sensitivity wrt p_2:
At bottom left:     s_2 =   -8.433e+15   -1.844e+23 
At top right:       s_2 =   -1.055e+16   -2.310e+23 

t = 4.32e+04   no. steps = 1724   order = 4   stepsize = 1.80e+02
At bottom left:  c1, c2 =   -4.972e-11    3.382e+11 
At top right:    c1, c2 =   -4.926e-11    3.804e+11 

sensitivity wrt p_1:
At bottom left:     s_1 =    6.206e+07    5.275e+23 
At top right:       s_1 =    7.013e+07    6.745e+23 
sensitivity wrt p_2:
At bottom left:     s_2 =   -3.067e+05   -1.845e+23 
At top right:       s_2 =   -2.300e+05   -2.360e+23 

t = 5.04e+04   no. steps = 1752   order = 5   stepsize = 3.96e+02
At bottom left:  c1, c2 =    3.435e-07    3.358e+11 
At top right:    c1, c2 =    3.394e-07    3.864e+11 

sensitivity wrt p_1:
At bottom left:     s_1 =    1.526e+11    5.207e+23 
At top right:       s_1 =    1.510e+11    6.967e+23 
sensitivity wrt p_2:
At bottom left:     s_2 =    3.498e+06   -1.821e+23 
At top right:       s_2 =    4.094e+06   -2.437e+23 

t = 5.76e+04   no. steps = 1771   order = 5   stepsize = 2.12e+02
At bottom left:  c1, c2 =    8.096e-08    3.320e+11 
At top right:    c1, c2 =    7.736e-08    3.909e+11 

sensitivity wrt p_1:
At bottom left:     s_1 =    6.389e+10    5.083e+23 
At top right:       s_1 =    6.114e+10    7.121e+23 
sensitivity wrt p_2:
At bottom left:     s_2 =   -2.000e+07   -1.778e+23 
At top right:       s_2 =   -2.291e+07   -2.491e+23 

t = 6.48e+04   no. steps = 1949   order = 4   stepsize = 2.70e+02
At bottom left:  c1, c2 =   -5.432e-11    3.313e+11 
At top right:    c1, c2 =   -4.728e-11    3.963e+11 

sensitivity wrt p_1:
At bottom left:     s_1 =   -5.679e+08    5.044e+23 
At top right:       s_1 =   -4.970e+08    7.328e+23 
sensitivity wrt p_2:
At bottom left:     s_2 =   -6.058e+04   -1.765e+23 
At top right:       s_2 =   -6.359e+04   -2.563e+23 

t = 7.20e+04   no. steps = 1967   order = 4   stepsize = 4.38e+02
At bottom left:  c1, c2 =    3.648e-12    3.330e+11 
At top right:    c1, c2 =    3.175e-12    4.039e+11 

sensitivity wrt p_1:
At bottom left:     s_1 =   -4.644e+06    5.078e+23 
At top right:       s_1 =   -4.028e+06    7.638e+23 
sensitivity wrt p_2:
At bottom left:     s_2 =    6.910e+01   -1.777e+23 
At top right:       s_2 =    7.253e+01   -2.672e+23 

t = 7.92e+04   no. steps = 1983   order = 4   stepsize = 4.38e+02
At bottom left:  c1, c2 =    9.015e-19    3.334e+11 
At top right:    c1, c2 =   -2.221e-18    4.120e+11 

sensitivity wrt p_1:
At bottom left:     s_1 =   -1.639e+01    5.073e+23 
At top right:       s_1 =   -1.477e+01    7.996e+23 
sensitivity wrt p_2:
At bottom left:     s_2 =   -7.758e-05   -1.775e+23 
At top right:       s_2 =   -8.703e-05   -2.797e+23 

t = 8.64e+04   no. steps = 1995   order = 5   stepsize = 6.72e+02
At bottom left:  c1, c2 =    1.207e-19    3.352e+11 
At top right:    c1, c2 =    2.268e-20    4.163e+11 

sensitivity wrt p_1:
At bottom left:     s_1 =   -8.837e-01    5.117e+23 
At top right:       s_1 =   -6.380e-01    8.214e+23 
sensitivity wrt p_2:
At bottom left:     s_2 =   -2.156e-06   -1.790e+23 
At top right:       s_2 =   -8.659e-07   -2.874e+23 


Final Statistics.. 

lenrw   =  6000    leniw =     0
llrw    =  2046    lliw  =     0
nst     =  1995    nfe   = 20377
nni     =  2693    nli   =  6901
nsetups =   266    netf  =    81
npe     =    38    nps   = 14866
ncfn    =     2    ncfl  =     0
 
