
2-species diurnal advection-diffusion problem
  Number of sensitivity vectors: Ns  =   1 
  10 by 10 mesh on 4 processors
  Using PVBBDPRE preconditioner module
    Difference-quotient half-bandwidths are mudq = 10,  mldq = 10
    Retained band block half-bandwidths are mukeep = 2,  mlkeep = 2

t = 7.20e+03   no. steps = 916   order = 3   stepsize = 3.94e+01
At bottom left:  c1, c2 =    1.047e+04    2.527e+11 
At top right:    c1, c2 =    1.119e+04    2.700e+11 

sensitivity wrt p_1:
At bottom left:     s_1 =   -6.420e+19    7.118e+19 
At top right:       s_1 =   -6.860e+19    7.656e+19 

t = 1.44e+04   no. steps = 1187   order = 3   stepsize = 8.68e+01
At bottom left:  c1, c2 =    6.659e+06    2.582e+11 
At top right:    c1, c2 =    7.301e+06    2.833e+11 

sensitivity wrt p_1:
At bottom left:     s_1 =   -4.085e+22    5.955e+22 
At top right:       s_1 =   -4.478e+22    6.717e+22 

t = 2.16e+04   no. steps = 1385   order = 4   stepsize = 5.95e+01
At bottom left:  c1, c2 =    2.665e+07    2.993e+11 
At top right:    c1, c2 =    2.931e+07    3.313e+11 

sensitivity wrt p_1:
At bottom left:     s_1 =   -1.635e+23    3.820e+23 
At top right:       s_1 =   -1.798e+23    4.499e+23 

t = 2.88e+04   no. steps = 1583   order = 3   stepsize = 7.55e+01
At bottom left:  c1, c2 =    8.702e+06    3.380e+11 
At top right:    c1, c2 =    9.650e+06    3.751e+11 

sensitivity wrt p_1:
At bottom left:     s_1 =   -5.338e+22    5.449e+23 
At top right:       s_1 =   -5.919e+22    6.743e+23 

t = 3.60e+04   no. steps = 1674   order = 4   stepsize = 4.86e+01
At bottom left:  c1, c2 =    1.404e+04    3.387e+11 
At top right:    c1, c2 =    1.561e+04    3.765e+11 

sensitivity wrt p_1:
At bottom left:     s_1 =   -8.614e+19    5.272e+23 
At top right:       s_1 =   -9.576e+19    6.603e+23 

t = 4.32e+04   no. steps = 1941   order = 4   stepsize = 2.47e+01
At bottom left:  c1, c2 =   -2.823e-12    3.382e+11 
At top right:    c1, c2 =   -2.974e-12    3.804e+11 

sensitivity wrt p_1:
At bottom left:     s_1 =    5.225e+07    5.275e+23 
At top right:       s_1 =    5.611e+07    6.745e+23 

t = 5.04e+04   no. steps = 1967   order = 5   stepsize = 3.83e+02
At bottom left:  c1, c2 =   -1.464e-16    3.358e+11 
At top right:    c1, c2 =   -8.239e-18    3.864e+11 

sensitivity wrt p_1:
At bottom left:     s_1 =    7.140e+07    5.207e+23 
At top right:       s_1 =    7.505e+07    6.966e+23 

t = 5.76e+04   no. steps = 1981   order = 5   stepsize = 3.38e+02
At bottom left:  c1, c2 =    3.035e-16    3.320e+11 
At top right:    c1, c2 =   -7.052e-20    3.909e+11 

sensitivity wrt p_1:
At bottom left:     s_1 =    5.728e+05    5.082e+23 
At top right:       s_1 =    5.962e+05    7.121e+23 

t = 6.48e+04   no. steps = 2000   order = 5   stepsize = 5.38e+02
At bottom left:  c1, c2 =    1.202e-11    3.313e+11 
At top right:    c1, c2 =   -2.312e-15    3.963e+11 

sensitivity wrt p_1:
At bottom left:     s_1 =    2.121e+07    5.044e+23 
At top right:       s_1 =    6.795e+02    7.327e+23 

t = 7.20e+04   no. steps = 2014   order = 5   stepsize = 6.15e+02
At bottom left:  c1, c2 =   -1.096e-09    3.330e+11 
At top right:    c1, c2 =    2.082e-13    4.039e+11 

sensitivity wrt p_1:
At bottom left:     s_1 =   -4.957e+08    5.078e+23 
At top right:       s_1 =    9.575e+04    7.638e+23 

t = 7.92e+04   no. steps = 2026   order = 5   stepsize = 6.15e+02
At bottom left:  c1, c2 =   -5.198e-11    3.334e+11 
At top right:    c1, c2 =    1.103e-14    4.120e+11 

sensitivity wrt p_1:
At bottom left:     s_1 =   -2.292e+08    5.073e+23 
At top right:       s_1 =    4.154e+04    7.996e+23 

t = 8.64e+04   no. steps = 2038   order = 5   stepsize = 6.15e+02
At bottom left:  c1, c2 =   -1.446e-12    3.352e+11 
At top right:    c1, c2 =    1.913e-16    4.163e+11 

sensitivity wrt p_1:
At bottom left:     s_1 =   -1.133e+07    5.117e+23 
At top right:       s_1 =    1.887e+03    8.214e+23 

Final Statistics.. 
lenrw   =  4000    leniw =     0
llrw    =  2046    lliw  =     0
nst     =  2038    nfe   = 14266
nni     =  3038    nli   =  5148
nsetups =   387    netf  =   120
npe     =    60    nps   = 10946
ncfn    =    15    ncfl  =     0
 
In PVBBDPRE: real/integer local work space sizes = 600, 50
             no. flocal evals. = 1320
