
Nonlinear Kvaerno-Prothero-Robinson test problem with mass matrix:
    time domain:  (-3,7]
    Time-dependent mass matrix
    ARK solver, order = 5
    Newton nonlinear solver
    Adaptive run with reltol = 1e-05, abstol = 1e-11
    G = -100
    g = 10
    e = 0.5

        t           u           v       uerr      verr
   ------------------------------------------------------
   -3.000000    0.710636    1.363407  0.00e+00  0.00e+00
   -2.900000    0.717299    1.326933  2.10e-06  2.97e-08
   -2.800000    0.727246    1.290353  1.45e-06  3.40e-08
   -2.700000    0.740245    1.254042  9.57e-07  4.41e-08
   -2.600000    0.756012    1.218400  1.22e-06  4.78e-08
   -2.500000    0.774227    1.183861  8.12e-07  5.76e-08
   -2.400000    0.794545    1.150885  9.58e-07  5.69e-08
   -2.300000    0.816616    1.119953  6.53e-07  6.31e-08
   -2.200000    0.840088    1.091560  7.00e-07  5.82e-08
   -2.100000    0.864625    1.066204  5.09e-07  6.06e-08
   -2.000000    0.889900    1.044367  2.74e-06  5.72e-08
   -1.900000    0.915612    1.026499  4.90e-06  8.64e-09
   -1.800000    0.941483    1.012992  4.88e-06  9.51e-09
   -1.700000    0.967252    1.004159  4.56e-07  1.66e-08
   -1.600000    0.992674    1.000213  3.78e-07  1.80e-08
   -1.500000    1.017534    1.001252  3.41e-06  1.36e-10
   -1.400000    1.041636    1.007249  1.02e-05  3.11e-08
   -1.300000    1.064794    1.018058  1.74e-05  8.55e-08
   -1.200000    1.086855    1.033422  3.42e-05  1.62e-07
   -1.100000    1.107635    1.052992  2.57e-05  1.13e-07
   -1.000000    1.127022    1.076350  1.17e-05  3.82e-08
   -0.900000    1.144907    1.103029  3.53e-06  6.18e-09
   -0.800000    1.161202    1.132539  1.61e-05  5.48e-08
   -0.700000    1.175792    1.164381  2.75e-05  1.13e-07
   -0.600000    1.188574    1.198064  1.70e-05  4.79e-08
   -0.500000    1.199500    1.233116  3.26e-06  1.57e-08
   -0.400000    1.208541    1.269087  1.66e-05  1.30e-07
   -0.300000    1.215617    1.305557  2.29e-05  2.46e-07
   -0.200000    1.220679    1.342137  1.01e-05  3.84e-08
   -0.100000    1.223732    1.378465  7.28e-06  1.23e-07
    0.000000    1.224767    1.414213  2.24e-05  5.92e-07
    0.100000    1.223738    1.449080  1.36e-05  5.64e-07
    0.200000    1.220675    1.482790  6.01e-06  7.21e-07
    0.300000    1.215618    1.515097  2.38e-05  7.14e-07
    0.400000    1.208537    1.545774  1.27e-05  6.01e-07
    0.500000    1.199502    1.574619  5.68e-06  5.19e-07
    0.600000    1.188578    1.601450  2.08e-05  5.67e-07
    0.700000    1.175776    1.626105  1.21e-05  4.90e-07
    0.800000    1.161190    1.648440  4.26e-06  4.23e-07
    0.900000    1.144921    1.668330  1.67e-05  4.78e-07
    1.000000    1.127020    1.685666  1.01e-05  4.28e-07
    1.100000    1.107612    1.700355  2.69e-06  3.74e-07
    1.200000    1.086831    1.712319  1.06e-05  4.21e-07
    1.300000    1.064783    1.721498  6.36e-06  3.94e-07
    1.400000    1.041627    1.727845  1.09e-06  3.57e-07
    1.500000    1.017534    1.731327  2.97e-06  3.83e-07
    1.600000    0.992674    1.731927  7.68e-07  3.72e-07
    1.700000    0.967252    1.729643  3.93e-07  3.58e-07
    1.800000    0.941482    1.724484  5.43e-06  3.53e-07
    1.900000    0.915611    1.716479  6.11e-06  3.53e-07
    2.000000    0.889903    1.705666  3.55e-07  5.61e-07
    2.100000    0.864614    1.692102  1.10e-05  3.18e-07
    2.200000    0.840064    1.675857  2.53e-05  1.37e-07
    2.300000    0.816591    1.657017  2.56e-05  1.25e-07
    2.400000    0.794516    1.635684  3.01e-05  6.15e-08
    2.500000    0.774209    1.611978  1.80e-05  1.44e-07
    2.600000    0.756010    1.586033  3.38e-06  2.12e-07
    2.700000    0.740223    1.558005  2.24e-05  4.78e-08
    2.800000    0.727243    1.528067  4.02e-06  1.09e-07
    2.900000    0.717284    1.496412  1.66e-05  4.95e-09
    3.000000    0.710625    1.463257  1.07e-05  1.90e-08
    3.100000    0.707408    1.428839  4.00e-06  6.81e-08
    3.200000    0.707707    1.393422  2.67e-06  9.65e-08
    3.300000    0.711514    1.357297  5.82e-06  1.03e-07
    3.400000    0.718740    1.320780  9.40e-06  8.77e-08
    3.500000    0.729216    1.284218  1.09e-05  6.80e-08
    3.600000    0.742702    1.247990  9.76e-06  6.26e-08
    3.700000    0.758907    1.212503  6.75e-06  6.76e-08
    3.800000    0.777503    1.178194  3.42e-06  7.51e-08
    3.900000    0.798143    1.145528  1.33e-06  7.70e-08
    4.000000    0.820473    1.114988  1.24e-06  6.93e-08
    4.100000    0.844147    1.087071  1.84e-06  5.85e-08
    4.200000    0.868831    1.062273  1.72e-06  5.20e-08
    4.300000    0.894203    1.041073  8.22e-07  5.00e-08
    4.400000    0.919958    1.023913  6.02e-06  8.59e-08
    4.500000    0.945832    1.011172  2.30e-06  1.74e-07
    4.600000    0.971559    1.003149  1.24e-06  1.84e-07
    4.700000    0.996925    1.000038  2.70e-05  2.99e-07
    4.800000    1.021651    1.001916  1.01e-05  2.00e-07
    4.900000    1.045596    1.008735  7.01e-06  1.51e-07
    5.000000    1.068580    1.020331  1.47e-05  2.56e-07
    5.100000    1.090437    1.036429  2.93e-05  4.17e-07
    5.200000    1.111002    1.056667  2.97e-05  2.92e-07
    5.300000    1.130151    1.080616  2.40e-05  3.11e-07
    5.400000    1.147774    1.107806  1.70e-05  2.37e-07
    5.500000    1.163762    1.137743  3.25e-06  1.19e-07
    5.600000    1.178052    1.169929  9.91e-06  1.31e-07
    5.700000    1.190554    1.203875  2.64e-05  1.95e-07
    5.800000    1.201170    1.239111  2.11e-05  2.57e-07
    5.900000    1.209855    1.275195  4.00e-06  1.40e-07
    6.000000    1.216603    1.311710  1.54e-05  2.59e-07
    6.100000    1.221350    1.348272  2.49e-05  3.61e-07
    6.200000    1.224048    1.384525  9.24e-06  1.33e-07
    6.300000    1.224727    1.420145  1.09e-05  4.75e-07
    6.400000    1.223386    1.454836  3.35e-05  9.28e-07
    6.500000    1.219966    1.488327  9.50e-06  5.96e-07
    6.600000    1.214551    1.520375  7.82e-06  5.77e-07
    6.700000    1.207165    1.550757  2.28e-05  6.12e-07
    6.800000    1.197800    1.579276  1.14e-05  5.12e-07
    6.900000    1.186540    1.605752  6.03e-06  4.51e-07
    7.000000    1.173455    1.630026  1.98e-05  5.05e-07
   ------------------------------------------------------

Final Solver Statistics:
   Internal solver steps = 153 (attempted = 154)
   Total number of error test failures = 1
   Total RHS evals:  Fe = 1334,  Fi = 4801
   Total mass matrix setups = 1180
   Total mass matrix solves = 2566
   Total mass times evals = 3620
   Total number of Jacobian evaluations = 174
   Total linear solver setups = 182
   Total number of Nonlinear iterations = 3467
   Total number of Nonlinear convergence failures = 173
   Errors: u = 1.40896e-05, v = 3.07883e-07, total = 9.96525e-06
