
2D Heat PDE test problem:
 --------------------------------- 
  kx             = 1
  ky             = 1
  forcing        = 1
  tf             = 1
  xu             = 1
  yu             = 1
  nx             = 32
  ny             = 32
  dx             = 0.0322581
  dy             = 0.0322581
 --------------------------------- 
  rtol           = 1e-05
  atol           = 1e-10
  order          = 3
  fixed h        = 0
  controller     = 0
  linear         = 1
 --------------------------------- 
  linear solver  = PCG
  lin iters      = 20
  eps lin        = 0
  prec           = 1
  msbp           = 0
 --------------------------------- 
  output         = 1
 --------------------------------- 

          t                     ||u||_rms                max error      
 -----------------------------------------------------------------------
 0.000000000000000e+00    3.632812500000000e-01    0.000000000000000e+00
 5.000000000000000e-02    3.551985098542798e-01    2.454186628624844e-03
 1.000000000000000e-01    3.296220192902475e-01    2.893773472733230e-03
 1.500000000000000e-01    2.894444030745082e-01    2.832677636714465e-03
 2.000000000000000e-01    2.387097539034183e-01    2.521359923804090e-03
 2.500000000000000e-01    1.824252333193799e-01    2.077373198548560e-03
 3.000000000000000e-01    1.261157686830275e-01    1.577507359157349e-03
 3.500000000000000e-01    7.529896076825714e-02    1.082671564304138e-03
 4.000000000000000e-01    3.495143178674121e-02    6.464124900900231e-04
 4.500000000000000e-01    9.023428737472831e-03    3.129818776226138e-04
 4.999999999999999e-01    5.513764028489616e-05    1.155516508160836e-04
 5.499999999999999e-01    8.918883646077789e-03    7.367502288030403e-05
 6.000000000000000e-01    3.475276474614436e-02    1.915025319679242e-04
 6.500000000000000e-01    7.502609185709115e-02    4.577462621551120e-04
 7.000000000000001e-01    1.257965856654374e-01    8.462707750805931e-04
 7.500000000000001e-01    1.820943276158712e-01    1.318505532336145e-03
 8.000000000000002e-01    2.384088925045184e-01    1.829516851343471e-03
 8.500000000000002e-01    2.892274135430374e-01    2.327923868139070e-03
 9.000000000000002e-01    3.295755998811176e-01    2.765541643157010e-03
 9.500000000000003e-01    3.555039541806354e-01    3.099904652095753e-03
 1.000000000000000e+00    3.644741568903656e-01    3.297049110868921e-03
 -----------------------------------------------------------------------

Final integrator statistics:
  Steps            = 199
  Step attempts    = 249
  Error test fails = 50
  RHS evals        = 1497
  NLS iters        = 747
  NLS fails        = 0
  LS iters         = 14751
  LS fails         = 726
  LS setups        = 117
  LS RHS evals     = 14751
  Jv products      = 14751

  Avg NLS iters per step attempt = 3.000000
  Avg LS iters per NLS iter      = 19.746988

  Preconditioner setups = 51
  Preconditioner solves = 14751

  Max error = 3.297049110868921e-03
