
Nonlinear Kvaerno-Prothero-Robinson test problem with mass matrix:
    time domain:  (-3,7]
    Time-dependent mass matrix
    ARK solver, order = 4
    Newton nonlinear solver
    Adaptive run with reltol = 1e-05, abstol = 1e-11
    G = -10
    g = 10
    e = 0.5

        t           u           v       uerr      verr
   ------------------------------------------------------
   -3.000000    0.710636    1.363407  0.00e+00  0.00e+00
   -2.900000    0.717304    1.326932  3.32e-06  3.83e-07
   -2.800000    0.727274    1.290350  2.70e-05  3.70e-06
   -2.700000    0.740282    1.254039  3.61e-05  2.26e-06
   -2.600000    0.756042    1.218396  2.88e-05  3.65e-06
   -2.500000    0.774280    1.183856  5.27e-05  5.30e-06
   -2.400000    0.794588    1.150883  4.19e-05  1.94e-06
   -2.300000    0.816632    1.119954  1.62e-05  4.86e-07
   -2.200000    0.840096    1.091563  7.54e-06  2.56e-06
   -2.100000    0.864630    1.066208  4.28e-06  4.01e-06
   -2.000000    0.889906    1.044373  3.12e-06  6.33e-06
   -1.900000    0.915620    1.026507  2.41e-06  8.07e-06
   -1.800000    0.941489    1.013000  1.06e-06  8.50e-06
   -1.700000    0.967253    1.004168  6.89e-07  8.69e-06
   -1.600000    0.992673    1.000222  5.62e-08  9.09e-06
   -1.500000    1.017531    1.001261  1.60e-08  9.14e-06
   -1.400000    1.041624    1.007259  1.40e-06  9.91e-06
   -1.300000    1.064776    1.018068  1.09e-06  1.02e-05
   -1.200000    1.086818    1.033434  2.54e-06  1.25e-05
   -1.100000    1.107607    1.053006  2.25e-06  1.43e-05
   -1.000000    1.126963    1.076369  4.70e-05  1.90e-05
   -0.900000    1.144766    1.103054  1.38e-04  2.45e-05
   -0.800000    1.160990    1.132563  1.96e-04  2.46e-05
   -0.700000    1.175611    1.164401  1.53e-04  2.02e-05
   -0.600000    1.188469    1.198070  8.79e-05  6.10e-06
   -0.500000    1.199353    1.233112  1.43e-04  3.77e-06
   -0.400000    1.208315    1.269092  2.09e-04  4.60e-06
   -0.300000    1.215410    1.305574  1.84e-04  1.70e-05
   -0.200000    1.220576    1.342142  9.29e-05  5.05e-06
   -0.100000    1.223598    1.378460  1.27e-04  5.39e-06
    0.000000    1.224559    1.414215  1.86e-04  1.56e-06
    0.100000    1.223559    1.449093  1.66e-04  1.26e-05
    0.200000    1.220583    1.482794  8.57e-05  2.82e-06
    0.300000    1.215474    1.515093  1.19e-04  4.78e-06
    0.400000    1.208352    1.545775  1.72e-04  1.03e-06
    0.500000    1.199348    1.574628  1.48e-04  8.57e-06
    0.600000    1.188479    1.601450  7.81e-05  2.32e-07
    0.700000    1.175655    1.626099  1.09e-04  5.86e-06
    0.800000    1.161034    1.648440  1.52e-04  7.25e-07
    0.900000    1.144780    1.668335  1.24e-04  4.74e-06
    1.000000    1.126961    1.685664  4.93e-05  1.87e-06
    1.100000    1.107588    1.700349  2.07e-05  6.05e-06
    1.200000    1.086811    1.712311  9.24e-06  9.21e-06
    1.300000    1.064772    1.721487  5.13e-06  1.18e-05
    1.400000    1.041623    1.727834  1.95e-06  1.17e-05
    1.500000    1.017528    1.731316  2.31e-06  1.11e-05
    1.600000    0.992673    1.731917  1.46e-07  1.05e-05
    1.700000    0.967249    1.729632  3.30e-06  1.13e-05
    1.800000    0.941486    1.724473  1.36e-06  1.15e-05
    1.900000    0.915618    1.716467  1.39e-07  1.15e-05
    2.000000    0.889904    1.705655  1.12e-06  1.12e-05
    2.100000    0.864626    1.692091  1.01e-06  1.11e-05
    2.200000    0.840089    1.675845  4.76e-07  1.14e-05
    2.300000    0.816616    1.657004  9.40e-09  1.30e-05
    2.400000    0.794547    1.635673  7.09e-07  1.18e-05
    2.500000    0.774229    1.611966  1.79e-06  1.12e-05
    2.600000    0.756015    1.586021  2.49e-06  1.18e-05
    2.700000    0.740250    1.557992  4.24e-06  1.35e-05
    2.800000    0.727337    1.528042  8.99e-05  2.46e-05
    2.900000    0.717493    1.496380  1.92e-04  3.25e-05
    3.000000    0.710837    1.463230  2.00e-04  2.62e-05
    3.100000    0.707515    1.428821  1.02e-04  1.83e-05
    3.200000    0.707808    1.393401  9.81e-05  2.17e-05
    3.300000    0.711620    1.357277  1.00e-04  1.92e-05
    3.400000    0.718806    1.320763  5.62e-05  1.63e-05
    3.500000    0.729308    1.284198  8.14e-05  2.01e-05
    3.600000    0.742801    1.247974  8.87e-05  1.58e-05
    3.700000    0.758960    1.212490  4.59e-05  1.34e-05
    3.800000    0.777562    1.178180  5.54e-05  1.45e-05
    3.900000    0.798196    1.145517  5.16e-05  1.07e-05
    4.000000    0.820494    1.114980  1.96e-05  7.44e-06
    4.100000    0.844158    1.087066  8.36e-06  4.76e-06
    4.200000    0.868837    1.062271  4.73e-06  2.29e-06
    4.300000    0.894206    1.041072  1.85e-06  1.26e-06
    4.400000    0.919965    1.023912  1.01e-06  6.15e-07
    4.500000    0.945835    1.011175  1.12e-06  2.33e-06
    4.600000    0.971559    1.003154  1.20e-06  4.72e-06
    4.700000    0.996898    1.000043  2.48e-07  4.76e-06
    4.800000    1.021640    1.001923  4.54e-07  6.83e-06
    4.900000    1.045588    1.008743  1.40e-06  7.43e-06
    5.000000    1.068564    1.020339  1.41e-06  7.77e-06
    5.100000    1.090399    1.036440  8.41e-06  1.07e-05
    5.200000    1.110906    1.056694  6.59e-05  2.67e-05
    5.300000    1.130005    1.080645  1.22e-04  2.80e-05
    5.400000    1.147642    1.107823  1.15e-04  1.63e-05
    5.500000    1.163691    1.137750  6.83e-05  6.93e-06
    5.600000    1.177914    1.169928  1.28e-04  1.07e-06
    5.700000    1.190321    1.203878  2.07e-04  3.66e-06
    5.800000    1.200941    1.239127  2.09e-04  1.54e-05
    5.900000    1.209748    1.275203  1.03e-04  7.93e-06
    6.000000    1.216472    1.311704  1.15e-04  6.48e-06
    6.100000    1.221143    1.348269  1.81e-04  3.49e-06
    6.200000    1.223847    1.384536  1.92e-04  1.08e-05
    6.300000    1.224619    1.420152  9.68e-05  6.05e-06
    6.400000    1.223247    1.454831  1.06e-04  5.20e-06
    6.500000    1.219791    1.488326  1.65e-04  2.34e-06
    6.600000    1.214372    1.520384  1.72e-04  8.54e-06
    6.700000    1.207055    1.550761  8.66e-05  3.47e-06
    6.800000    1.197689    1.579271  9.99e-05  5.17e-06
    6.900000    1.186381    1.605750  1.53e-04  2.47e-06
    7.000000    1.173282    1.630032  1.53e-04  5.59e-06
   ------------------------------------------------------

Final Solver Statistics:
   Internal solver steps = 60 (attempted = 82)
   Total number of error test failures = 1
   Total RHS evals:  Fe = 518,  Fi = 2073
   Total mass matrix setups = 479
   Total mass matrix solves = 579
   Total mass times evals = 2070
   Total number of Jacobian evaluations = 250
   Total linear solver setups = 274
   Total number of Nonlinear iterations = 2010
   Total number of Nonlinear convergence failures = 249
   Errors: u = 9.65933e-05, v = 1.17581e-05, total = 6.88059e-05
