
Nonlinear Kvaerno-Prothero-Robinson test problem with mass matrix:
    time domain:  (-3,7]
    Fixed mass matrix
    ARK solver, order = 3
    Newton nonlinear solver
    Adaptive run with reltol = 1e-05, abstol = 1e-11
    G = -10
    g = 10
    e = 0.5

        t           u           v       uerr      verr
   ------------------------------------------------------
   -3.000000    0.710636    1.363407  0.00e+00  0.00e+00
   -2.900000    0.717320    1.326932  1.86e-05  1.01e-06
   -2.800000    0.727277    1.290351  2.96e-05  1.89e-06
   -2.700000    0.740281    1.254039  3.52e-05  2.94e-06
   -2.600000    0.756050    1.218396  3.74e-05  4.09e-06
   -2.500000    0.774260    1.183860  3.23e-05  1.38e-06
   -2.400000    0.794586    1.150881  3.97e-05  4.56e-06
   -2.300000    0.816650    1.119952  3.38e-05  9.05e-07
   -2.200000    0.840127    1.091554  3.81e-05  5.82e-06
   -2.100000    0.864664    1.066196  3.83e-05  7.57e-06
   -2.000000    0.889933    1.044360  3.04e-05  6.72e-06
   -1.900000    0.915631    1.026496  1.38e-05  2.60e-06
   -1.800000    0.941481    1.012996  6.50e-06  4.69e-06
   -1.700000    0.967229    1.004170  2.34e-05  1.12e-05
   -1.600000    0.992638    1.000229  3.53e-05  1.60e-05
   -1.500000    1.017487    1.001271  4.34e-05  1.94e-05
   -1.400000    1.041577    1.007270  4.86e-05  2.11e-05
   -1.300000    1.064726    1.018078  5.07e-05  2.05e-05
   -1.200000    1.086772    1.033441  4.83e-05  1.86e-05
   -1.100000    1.107557    1.053015  5.25e-05  2.32e-05
   -1.000000    1.126951    1.076375  5.89e-05  2.47e-05
   -0.900000    1.144843    1.103051  6.11e-05  2.15e-05
   -0.800000    1.161129    1.132556  5.73e-05  1.73e-05
   -0.700000    1.175704    1.164401  5.97e-05  2.06e-05
   -0.600000    1.188491    1.198085  6.61e-05  2.11e-05
   -0.500000    1.199430    1.233133  6.64e-05  1.72e-05
   -0.400000    1.208464    1.269100  5.99e-05  1.32e-05
   -0.300000    1.215529    1.305573  6.51e-05  1.61e-05
   -0.200000    1.220600    1.342151  6.96e-05  1.49e-05
   -0.100000    1.223657    1.378477  6.75e-05  1.13e-05
    0.000000    1.224686    1.414222  5.87e-05  8.37e-06
    0.100000    1.223657    1.449091  6.77e-05  1.07e-05
    0.200000    1.220599    1.482800  7.04e-05  9.03e-06
    0.300000    1.215527    1.515104  6.70e-05  6.13e-06
    0.400000    1.208466    1.545778  5.83e-05  3.88e-06
    0.500000    1.199429    1.574624  6.70e-05  5.21e-06
    0.600000    1.188487    1.601454  6.99e-05  4.11e-06
    0.700000    1.175696    1.626107  6.80e-05  2.11e-06
    0.800000    1.161124    1.648441  6.23e-05  1.45e-07
    0.900000    1.144847    1.668330  5.65e-05  1.07e-06
    1.000000    1.126948    1.685665  6.23e-05  1.13e-06
    1.100000    1.107544    1.700353  6.49e-05  2.06e-06
    1.200000    1.086755    1.712316  6.53e-05  3.35e-06
    1.300000    1.064712    1.721494  6.42e-05  4.91e-06
    1.400000    1.041563    1.727839  6.22e-05  6.73e-06
    1.500000    1.017471    1.731319  5.94e-05  8.95e-06
    1.600000    0.992619    1.731916  5.46e-05  1.20e-05
    1.700000    0.967211    1.729627  4.18e-05  1.62e-05
    1.800000    0.941469    1.724465  1.82e-05  1.93e-05
    1.900000    0.915630    1.716452  1.26e-05  2.68e-05
    2.000000    0.889934    1.705638  3.10e-05  2.87e-05
    2.100000    0.864665    1.692074  4.01e-05  2.83e-05
    2.200000    0.840139    1.675829  5.03e-05  2.82e-05
    2.300000    0.816672    1.656990  5.55e-05  2.66e-05
    2.400000    0.794596    1.635660  4.99e-05  2.41e-05
    2.500000    0.774276    1.611954  4.86e-05  2.40e-05
    2.600000    0.756057    1.586012  4.42e-05  2.14e-05
    2.700000    0.740289    1.557984  4.36e-05  2.08e-05
    2.800000    0.727288    1.528047  4.02e-05  1.96e-05
    2.900000    0.717338    1.496394  3.68e-05  1.79e-05
    3.000000    0.710671    1.463240  3.50e-05  1.63e-05
    3.100000    0.707448    1.428823  3.51e-05  1.54e-05
    3.200000    0.707745    1.393408  3.52e-05  1.47e-05
    3.300000    0.711555    1.357283  3.55e-05  1.41e-05
    3.400000    0.718786    1.320766  3.61e-05  1.37e-05
    3.500000    0.729264    1.284205  3.68e-05  1.35e-05
    3.600000    0.742748    1.247977  3.65e-05  1.33e-05
    3.700000    0.758945    1.212493  3.17e-05  1.04e-05
    3.800000    0.777544    1.178183  3.81e-05  1.18e-05
    3.900000    0.798179    1.145516  3.54e-05  1.13e-05
    4.000000    0.820515    1.114975  4.02e-05  1.24e-05
    4.100000    0.844185    1.087062  3.58e-05  8.54e-06
    4.200000    0.868862    1.062268  2.94e-05  5.13e-06
    4.300000    0.894225    1.041071  2.15e-05  2.23e-06
    4.400000    0.919971    1.023914  6.73e-06  1.01e-06
    4.500000    0.945821    1.011177  1.27e-05  4.91e-06
    4.600000    0.971530    1.003158  2.75e-05  8.94e-06
    4.700000    0.996862    1.000050  3.64e-05  1.19e-05
    4.800000    1.021601    1.001929  3.95e-05  1.33e-05
    4.900000    1.045545    1.008752  4.38e-05  1.68e-05
    5.000000    1.068515    1.020352  5.04e-05  2.06e-05
    5.100000    1.090353    1.036450  5.51e-05  2.11e-05
    5.200000    1.110916    1.056686  5.61e-05  1.86e-05
    5.300000    1.130076    1.080633  5.14e-05  1.59e-05
    5.400000    1.147699    1.107828  5.86e-05  2.17e-05
    5.500000    1.163695    1.137764  6.39e-05  2.12e-05
    5.600000    1.177978    1.169946  6.35e-05  1.70e-05
    5.700000    1.190471    1.203888  5.64e-05  1.34e-05
    5.800000    1.201084    1.239130  6.50e-05  1.79e-05
    5.900000    1.209782    1.275211  6.87e-05  1.60e-05
    6.000000    1.216522    1.311722  6.58e-05  1.19e-05
    6.100000    1.221264    1.348283  6.04e-05  1.06e-05
    6.200000    1.223970    1.384538  6.85e-05  1.24e-05
    6.300000    1.224646    1.420156  7.01e-05  1.00e-05
    6.400000    1.223288    1.454843  6.52e-05  6.76e-06
    6.500000    1.219894    1.488334  6.25e-05  6.46e-06
    6.600000    1.214474    1.520382  6.93e-05  6.95e-06
    6.700000    1.207072    1.550763  7.01e-05  5.08e-06
    6.800000    1.197724    1.579279  6.56e-05  2.75e-06
    6.900000    1.186475    1.605754  5.89e-05  1.51e-06
    7.000000    1.173370    1.630029  6.60e-05  2.11e-06
   ------------------------------------------------------

Final Solver Statistics:
   Internal solver steps = 130 (attempted = 133)
   Total number of error test failures = 3
   Total RHS evals:  Fe = 532,  Fi = 1619
   Total mass matrix setups = 402
   Total mass matrix solves = 1062
   Total mass times evals = 1217
   Total number of Jacobian evaluations = 21
   Total linear solver setups = 29
   Total number of Nonlinear iterations = 1087
   Total number of Nonlinear convergence failures = 20
   Errors: u = 5.11464e-05, v = 1.44464e-05, total = 3.75809e-05
