
2D Heat PDE test problem:
 --------------------------------- 
  kx             = 10
  ky             = 10
  forcing        = 1
  tf             = 1
  xu             = 1
  yu             = 1
  nx             = 64
  ny             = 64
  dx             = 0.015873
  dy             = 0.015873
 --------------------------------- 
  rtol           = 1e-05
  atol           = 1e-10
  fixed h        = 0
  controller     = 0
  method         = 0
  eigfrequency   = 25
  stage_max_limit  = 1000
  eigsafety      = 1.01
 --------------------------------- 
  output         = 1
  max steps      = 0
 --------------------------------- 

          t                     ||u||_rms                max error      
 -----------------------------------------------------------------------
 0.000000000000000e+00    3.691406250000004e-01    0.000000000000000e+00
 5.000000000000000e-02    3.604068953520301e-01    8.105295841017712e-04
 1.000000000000000e-01    3.341701389350745e-01    7.545034505144210e-04
 1.500000000000000e-01    2.933045814983327e-01    6.655020855537153e-04
 2.000000000000000e-01    2.418102694052504e-01    5.516214332385028e-04
 2.500000000000000e-01    1.847278700505578e-01    4.242334056229757e-04
 3.000000000000000e-01    1.276450308939153e-01    2.958580781732834e-04
 3.500000000000000e-01    7.614944266707302e-02    1.791094089112766e-04
 4.000000000000000e-01    3.528179910113802e-02    8.530904703597797e-05
 4.500000000000000e-01    9.042542522707109e-03    2.370608968294344e-05
 4.999999999999999e-01    1.483315166123639e-07    3.059603009555119e-07
 5.499999999999999e-01    9.039739042898762e-03    1.741090620130045e-05
 6.000000000000000e-01    3.527647409310541e-02    7.335124059545950e-05
 6.500000000000000e-01    7.614211328464944e-02    1.626500502927286e-04
 7.000000000000001e-01    1.276364431259940e-01    2.765661023106936e-04
 7.500000000000001e-01    1.847188398302247e-01    4.039484931924187e-04
 8.000000000000002e-01    2.418016806915138e-01    5.323281459940210e-04
 8.500000000000002e-01    2.932973330368961e-01    6.492070716975773e-04
 9.000000000000002e-01    3.341649712653119e-01    7.429941071103174e-04
 9.500000000000003e-01    3.604042250428113e-01    8.045913925477377e-04
 1.000000000000000e+00    3.694466133675676e-01    8.279696766086975e-04
 -----------------------------------------------------------------------

Final integrator statistics:
Current time                 = 1
Steps                        = 617
Step attempts                = 617
Stability limited steps      = 0
Accuracy limited steps       = 617
Error test fails             = 0
NLS step fails               = 0
Inequality constraint fails  = 0
Initial step size            = 2.877680248425025e-06
Last step size               = 0.0003207825982536325
Current step size            = 0.0003207825982536325
RHS fn evals                 = 17225
Number of dom_eig updates    = 50
Max. num. of stages used     = 46
Max. num. of stages allowed  = 1000
Max. spectral radius         = 320695.20
Min. spectral radius         = 320695.20
  Max error = 8.279696766086975e-04
