
Nonlinear Kvaerno-Prothero-Robinson test problem with mass matrix:
    time domain:  (-3,7]
    Time-dependent mass matrix
    ARK solver, order = 4
    Newton nonlinear solver
    Order-of-convergence run
    G = -100
    g = 10
    e = 0.5

 Fixed-step runs:
 -----------------------------------------------------
   h = 5.000e-01,  error = 3.413e-04
   h = 2.500e-01,  error = 8.325e-05,  order = 2.04
   h = 1.250e-01,  error = 2.270e-05,  order = 1.87
   h = 6.250e-02,  error = 3.679e-06,  order = 2.63
   h = 3.125e-02,  error = 3.525e-07,  order = 3.38
   h = 1.562e-02,  error = 2.499e-08,  order = 3.82
   h = 7.812e-03,  error = 1.597e-09,  order = 3.97
   h = 3.906e-03,  error = 9.844e-11,  order = 4.02
 -----------------------------------------------------
 Order: max = 4.02,  avg = 3.10,  overall = 3.13 [SUCCESS]
