
Nonlinear Kvaerno-Prothero-Robinson test problem with mass matrix:
    time domain:  (-3,7]
    Time-dependent mass matrix
    ARK solver, order = 4
    Fixed-point nonlinear solver
    Adaptive run with reltol = 1e-05, abstol = 1e-11
    G = -100
    g = 10
    e = 0.5

        t           u           v       uerr      verr
   ------------------------------------------------------
   -3.000000    0.710636    1.363407  0.00e+00  0.00e+00
   -2.900000    0.717301    1.326933  7.87e-09  4.05e-11
   -2.800000    0.727247    1.290353  1.46e-08  7.32e-11
   -2.700000    0.740246    1.254042  7.47e-10  1.24e-12
   -2.600000    0.756013    1.218400  9.93e-09  4.58e-11
   -2.500000    0.774227    1.183861  4.05e-09  1.40e-11
   -2.400000    0.794546    1.150885  9.12e-09  3.60e-11
   -2.300000    0.816616    1.119953  9.74e-09  3.47e-11
   -2.200000    0.840089    1.091560  3.91e-09  4.30e-12
   -2.100000    0.864625    1.066204  3.56e-09  2.71e-12
   -2.000000    0.889903    1.044367  1.48e-09  1.84e-11
   -1.900000    0.915617    1.026499  6.30e-09  1.36e-11
   -1.800000    0.941488    1.012992  1.24e-09  1.28e-10
   -1.700000    0.967253    1.004159  1.40e-08  5.11e-10
   -1.600000    0.992673    1.000213  2.01e-08  2.45e-10
   -1.500000    1.017531    1.001252  2.67e-08  5.82e-10
   -1.400000    1.041625    1.007249  4.48e-08  3.55e-10
   -1.300000    1.064777    1.018058  1.35e-08  1.85e-10
   -1.200000    1.086821    1.033422  6.52e-10  1.00e-10
   -1.100000    1.107609    1.052992  3.11e-09  1.17e-10
   -1.000000    1.127010    1.076350  1.57e-09  9.21e-11
   -0.900000    1.144904    1.103029  7.72e-10  5.85e-11
   -0.800000    1.161186    1.132539  1.04e-09  5.65e-11
   -0.700000    1.175764    1.164381  2.98e-08  1.21e-10
   -0.600000    1.188557    1.198064  4.55e-09  7.98e-12
   -0.500000    1.199496    1.233116  2.20e-08  1.08e-10
   -0.400000    1.208524    1.269087  3.30e-08  1.74e-10
   -0.300000    1.215594    1.305557  5.46e-10  1.36e-11
   -0.200000    1.220669    1.342137  5.01e-08  2.74e-10
   -0.100000    1.223725    1.378465  7.08e-08  4.12e-10
    0.000000    1.224744    1.414214  5.33e-07  2.66e-09
    0.100000    1.223725    1.449080  6.30e-08  2.77e-10
    0.200000    1.220669    1.482791  1.00e-07  4.52e-10
    0.300000    1.215594    1.515097  1.13e-08  1.17e-11
    0.400000    1.208524    1.545774  9.70e-09  1.40e-11
    0.500000    1.199496    1.574619  1.39e-08  3.82e-12
    0.600000    1.188557    1.601450  2.42e-08  5.66e-11
    0.700000    1.175764    1.626105  8.47e-09  2.73e-11
    0.800000    1.161186    1.648441  7.63e-09  3.16e-11
    0.900000    1.144904    1.668331  7.91e-09  2.86e-11
    1.000000    1.127010    1.685666  1.25e-08  1.99e-12
    1.100000    1.107609    1.700355  1.18e-08  4.81e-12
    1.200000    1.086821    1.712320  1.26e-08  1.16e-11
    1.300000    1.064777    1.721499  1.15e-08  2.20e-12
    1.400000    1.041625    1.727845  9.75e-09  7.38e-12
    1.500000    1.017531    1.731328  9.01e-09  3.59e-12
    1.600000    0.992673    1.731928  8.14e-09  3.26e-12
    1.700000    0.967253    1.729643  9.35e-09  6.12e-13
    1.800000    0.941488    1.724485  6.09e-09  4.03e-11
    1.900000    0.915617    1.716479  3.18e-10  2.88e-11
    2.000000    0.889903    1.705666  2.35e-09  4.31e-11
    2.100000    0.864625    1.692102  7.68e-10  2.25e-11
    2.200000    0.840089    1.675857  1.07e-09  2.46e-11
    2.300000    0.816616    1.657017  3.57e-10  1.12e-11
    2.400000    0.794546    1.635684  3.13e-10  9.21e-12
    2.500000    0.774227    1.611978  3.40e-11  9.45e-12
    2.600000    0.756013    1.586033  3.93e-09  1.33e-11
    2.700000    0.740246    1.558005  2.03e-09  8.97e-12
    2.800000    0.727247    1.528067  3.29e-09  1.84e-11
    2.900000    0.717301    1.496412  7.82e-09  4.39e-11
    3.000000    0.710636    1.463257  7.36e-09  4.15e-11
    3.100000    0.707412    1.428839  2.66e-08  1.37e-10
    3.200000    0.707709    1.393422  2.01e-08  9.92e-11
    3.300000    0.711520    1.357297  1.90e-08  8.93e-11
    3.400000    0.718750    1.320780  7.29e-09  2.96e-11
    3.500000    0.729227    1.284218  1.68e-08  7.65e-11
    3.600000    0.742712    1.247990  1.51e-08  6.67e-11
    3.700000    0.758914    1.212503  3.76e-09  1.01e-11
    3.800000    0.777506    1.178194  1.41e-08  5.85e-11
    3.900000    0.798144    1.145528  1.47e-08  5.81e-11
    4.000000    0.820474    1.114988  1.49e-08  5.51e-11
    4.100000    0.844149    1.087071  1.98e-09  9.67e-12
    4.200000    0.868832    1.062273  1.90e-09  1.61e-11
    4.300000    0.894204    1.041074  3.52e-09  2.22e-12
    4.400000    0.919964    1.023913  1.22e-09  6.84e-11
    4.500000    0.945834    1.011173  2.59e-10  3.48e-11
    4.600000    0.971557    1.003150  1.95e-08  5.34e-10
    4.700000    0.996898    1.000038  1.74e-08  1.84e-10
    4.800000    1.021639    1.001916  1.49e-06  3.69e-08
    4.900000    1.045589    1.008736  1.32e-08  2.24e-10
    5.000000    1.068565    1.020331  1.16e-08  2.15e-10
    5.100000    1.090408    1.036429  2.41e-09  1.31e-10
    5.200000    1.110972    1.056667  6.37e-10  8.64e-11
    5.300000    1.130127    1.080617  4.63e-10  8.06e-11
    5.400000    1.147757    1.107807  4.15e-09  8.37e-11
    5.500000    1.163759    1.137743  1.28e-08  1.75e-11
    5.600000    1.178042    1.169929  2.43e-09  4.57e-11
    5.700000    1.190528    1.203875  2.50e-08  1.12e-10
    5.800000    1.201149    1.239112  3.53e-08  1.80e-10
    5.900000    1.209851    1.275195  1.06e-08  6.29e-11
    6.000000    1.216588    1.311711  9.30e-09  5.88e-11
    6.100000    1.221325    1.348272  3.26e-08  1.82e-10
    6.200000    1.224039    1.384525  5.53e-08  3.11e-10
    6.300000    1.224716    1.420146  2.41e-08  1.96e-10
    6.400000    1.223353    1.454836  6.12e-08  2.77e-10
    6.500000    1.219956    1.488328  1.05e-07  4.80e-10
    6.600000    1.214544    1.520375  4.74e-08  1.85e-10
    6.700000    1.207142    1.550758  2.58e-08  7.17e-11
    6.800000    1.197789    1.579276  3.16e-08  1.03e-10
    6.900000    1.186534    1.605752  1.02e-08  1.12e-11
    7.000000    1.173436    1.630027  2.47e-08  6.25e-11
   ------------------------------------------------------

Final Solver Statistics:
   Internal solver steps = 1401 (attempted = 2262)
   Total number of error test failures = 0
   Total RHS evals:  Fe = 10689,  Fi = 39921
   Total mass matrix setups = 10149
   Total mass matrix solves = 50608
   Total mass times evals = 1401
   Total number of Jacobian evaluations = 0
   Total linear solver setups = 0
   Total number of Nonlinear iterations = 29232
   Total number of Nonlinear convergence failures = 861
   Errors: u = 1.60593e-07, v = 3.69996e-09, total = 1.13587e-07
