
2D Heat PDE test problem:
 ------------------------------------ 
 kx                = 10
 ky                = 10
 forcing           = 1
 tf                = 1
 xu                = 1
 yu                = 1
 nx                = 64
 ny                = 64
 dx                = 0.015873
 dy                = 0.015873
 ------------------------------------ 
 rtol              = 1e-05
 atol              = 1e-10
 fixed h           = 0
 controller        = I
 method            = 0
 eigfrequency      = 25
 stage_max_limit   = 1000
 eigsafety         = 1.01
 ------------------------------------ 
 output            = 1
 max steps         = 0
 ------------------------------------ 
 dee ID            = 1
 dee num_init_wups = 20
 dee num_succ_wups = 5
 dee_max_iters     = 100
 dee_krylov_dim    = 3
 dee_reltol        = 0.01
 ------------------------------------ 

          t                     ||u||_rms                max error      
 -----------------------------------------------------------------------
 0.000000000000000e+00    3.691406250000004e-01    0.000000000000000e+00
 5.000000000000000e-02    3.604068358279098e-01    8.104220314431032e-04
 1.000000000000000e-01    3.341701059883578e-01    7.544115394892970e-04
 1.500000000000000e-01    2.933044781984011e-01    6.651813782196925e-04
 2.000000000000000e-01    2.418101896444727e-01    5.514072325868424e-04
 2.500000000000000e-01    1.847278611320189e-01    4.242190359623477e-04
 3.000000000000000e-01    1.276450270428290e-01    2.958523064162666e-04
 3.500000000000000e-01    7.614942228979435e-02    1.790708744606184e-04
 4.000000000000000e-01    3.528179536908846e-02    8.530247482713138e-05
 4.500000000000000e-01    9.042539512403983e-03    2.369999343491275e-05
 4.999999999999999e-01    1.483064710856768e-07    3.058880650570927e-07
 5.499999999999999e-01    9.039745354753796e-03    1.742511893092213e-05
 6.000000000000000e-01    3.527649564229403e-02    7.339776873803439e-05
 6.500000000000000e-01    7.614215114427975e-02    1.627297207747458e-04
 7.000000000000001e-01    1.276364922568651e-01    2.766671247227404e-04
 7.500000000000001e-01    1.847188955825678e-01    4.040611520837456e-04
 8.000000000000002e-01    2.418017381614675e-01    5.324421262933310e-04
 8.500000000000002e-01    2.932973539532778e-01    6.492436769266474e-04
 9.000000000000002e-01    3.341649926328031e-01    7.430309229934373e-04
 9.500000000000003e-01    3.604042442502526e-01    8.046240474683941e-04
 1.000000000000000e+00    3.694466530558174e-01    8.280988651331311e-04
 -----------------------------------------------------------------------

Final integrator statistics:
Current time                  = 1
Steps                         = 484
Step attempts                 = 491
Stability limited steps       = 0
Accuracy limited steps        = 491
Error test fails              = 7
NLS step fails                = 0
Inequality constraint fails   = 0
Initial step size             = 2.87768024842502e-06
Last step size                = 5.64422150136634e-05
Current step size             = 5.64422150136634e-05
RHS fn evals                  = 15639
Number of dom_eig updates     = 23
Number of fe calls for DEE    = 621
Max. num. of stages used      = 63
Max. num. of stages allowed   = 1000
Max. spectral radius          = 320204.767273263
Min. spectral radius          = 316783.771743622
Final DEE statistics:

Arnoldi Iteration DEE Statistics:
------------------------------------------------
Krylov dimensions             = 3
Num. of warmups               = 20
Num. of ATimes calls          = 529

  Max error = 8.280988651331311e-04
