
Nonlinear Kvaerno-Prothero-Robinson test problem with mass matrix:
    time domain:  (-3,7]
    Fixed mass matrix
    ARK solver, order = 4
    Newton nonlinear solver
    Adaptive run with reltol = 1e-05, abstol = 1e-11
    G = -10
    g = 10
    e = 0.5

        t           u           v       uerr      verr
   ------------------------------------------------------
   -3.000000    0.710636    1.363407  0.00e+00  0.00e+00
   -2.900000    0.717332    1.326928  3.06e-05  4.38e-06
   -2.800000    0.727305    1.290349  5.77e-05  4.82e-06
   -2.700000    0.740281    1.254039  3.48e-05  2.49e-06
   -2.600000    0.756065    1.218397  5.19e-05  3.28e-06
   -2.500000    0.774288    1.183863  6.07e-05  2.01e-06
   -2.400000    0.794577    1.150889  3.16e-05  4.18e-06
   -2.300000    0.816656    1.119959  4.01e-05  5.56e-06
   -2.200000    0.840128    1.091568  3.95e-05  7.47e-06
   -2.100000    0.864642    1.066218  1.70e-05  1.42e-05
   -2.000000    0.889922    1.044383  1.99e-05  1.56e-05
   -1.900000    0.915639    1.026505  2.15e-05  5.97e-06
   -1.800000    0.941486    1.013022  1.49e-06  3.04e-05
   -1.700000    0.967234    1.004208  1.86e-05  4.95e-05
   -1.600000    0.992656    1.000234  1.77e-05  2.05e-05
   -1.500000    1.017514    1.001268  1.63e-05  1.64e-05
   -1.400000    1.041535    1.007341  9.05e-05  9.17e-05
   -1.300000    1.064591    1.018186  1.86e-04  1.29e-04
   -1.200000    1.086586    1.033510  2.34e-04  8.82e-05
   -1.100000    1.107426    1.053016  1.83e-04  2.37e-05
   -1.000000    1.126918    1.076365  9.22e-05  1.49e-05
   -0.900000    1.144771    1.103047  1.33e-04  1.76e-05
   -0.800000    1.160981    1.132559  2.05e-04  2.00e-05
   -0.700000    1.175557    1.164401  2.07e-04  2.03e-05
   -0.600000    1.188454    1.198074  1.03e-04  1.00e-05
   -0.500000    1.199375    1.233110  1.21e-04  5.51e-06
   -0.400000    1.208327    1.269083  1.97e-04  3.95e-06
   -0.300000    1.215374    1.305569  2.20e-04  1.14e-05
   -0.200000    1.220553    1.342146  1.16e-04  9.72e-06
   -0.100000    1.223620    1.378461  1.05e-04  3.85e-06
    0.000000    1.224579    1.414211  1.66e-04  2.35e-06
    0.100000    1.223535    1.449092  1.90e-04  1.13e-05
    0.200000    1.220568    1.482801  1.01e-04  9.72e-06
    0.300000    1.215497    1.515096  9.64e-05  1.84e-06
    0.400000    1.208372    1.545773  1.52e-04  1.80e-06
    0.500000    1.199327    1.574626  1.70e-04  7.20e-06
    0.600000    1.188468    1.601454  8.87e-05  4.28e-06
    0.700000    1.175677    1.626101  8.75e-05  4.33e-06
    0.800000    1.161051    1.648438  1.35e-04  2.98e-06
    0.900000    1.144759    1.668335  1.45e-04  4.91e-06
    1.000000    1.126935    1.685668  7.45e-05  1.79e-06
    1.100000    1.107534    1.700349  7.50e-05  5.61e-06
    1.200000    1.086709    1.712316  1.12e-04  4.07e-06
    1.300000    1.064660    1.721502  1.17e-04  3.39e-06
    1.400000    1.041566    1.727846  5.93e-05  8.36e-07
    1.500000    1.017477    1.731320  5.35e-05  7.56e-06
    1.600000    0.992600    1.731920  7.33e-05  7.92e-06
    1.700000    0.967178    1.729642  7.42e-05  8.92e-07
    1.800000    0.941450    1.724484  3.74e-05  8.35e-07
    1.900000    0.915599    1.716469  1.83e-05  9.51e-06
    2.000000    0.889894    1.705655  9.02e-06  1.09e-05
    2.100000    0.864627    1.692100  2.10e-06  2.22e-06
    2.200000    0.840095    1.675861  5.95e-06  4.37e-06
    2.300000    0.816658    1.657008  4.20e-05  9.16e-06
    2.400000    0.794664    1.635660  1.18e-04  2.44e-05
    2.500000    0.774409    1.611953  1.82e-04  2.51e-05
    2.600000    0.756192    1.586021  1.79e-04  1.22e-05
    2.700000    0.740345    1.558000  9.94e-05  5.36e-06
    2.800000    0.727403    1.528049  1.56e-04  1.75e-05
    2.900000    0.717549    1.496388  2.48e-04  2.41e-05
    3.000000    0.710881    1.463241  2.45e-04  1.59e-05
    3.100000    0.707535    1.428832  1.23e-04  7.26e-06
    3.200000    0.707818    1.393412  1.09e-04  9.98e-06
    3.300000    0.711628    1.357290  1.09e-04  7.10e-06
    3.400000    0.718810    1.320775  6.04e-05  4.90e-06
    3.500000    0.729310    1.284208  8.36e-05  1.05e-05
    3.600000    0.742802    1.247982  9.03e-05  7.91e-06
    3.700000    0.758960    1.212496  4.67e-05  7.19e-06
    3.800000    0.777562    1.178182  5.57e-05  1.28e-05
    3.900000    0.798196    1.145516  5.18e-05  1.20e-05
    4.000000    0.820500    1.114978  2.60e-05  9.18e-06
    4.100000    0.844183    1.087062  3.34e-05  8.37e-06
    4.200000    0.868860    1.062264  2.74e-05  8.73e-06
    4.300000    0.894213    1.041080  9.40e-06  6.03e-06
    4.400000    0.919975    1.023921  1.12e-05  7.67e-06
    4.500000    0.945848    1.011165  1.35e-05  7.10e-06
    4.600000    0.971545    1.003177  1.22e-05  2.80e-05
    4.700000    0.996855    1.000097  4.30e-05  5.89e-05
    4.800000    1.021590    1.001944  5.09e-05  2.77e-05
    4.900000    1.045559    1.008735  2.99e-05  8.06e-07
    5.000000    1.068481    1.020381  8.42e-05  4.99e-05
    5.100000    1.090213    1.036519  1.95e-04  9.03e-05
    5.200000    1.110696    1.056744  2.76e-04  7.66e-05
    5.300000    1.129870    1.080648  2.57e-04  3.10e-05
    5.400000    1.147634    1.107817  1.23e-04  9.95e-06
    5.500000    1.163643    1.137745  1.16e-04  1.78e-06
    5.600000    1.177860    1.169932  1.82e-04  3.25e-06
    5.700000    1.190320    1.203887  2.07e-04  1.23e-05
    5.800000    1.201038    1.239121  1.12e-04  8.82e-06
    5.900000    1.209744    1.275188  1.07e-04  7.22e-06
    6.000000    1.216412    1.311702  1.76e-04  8.16e-06
    6.100000    1.221116    1.348279  2.09e-04  6.49e-06
    6.200000    1.223921    1.384533  1.18e-04  8.08e-06
    6.300000    1.224618    1.420141  9.77e-05  4.49e-06
    6.400000    1.223198    1.454832  1.55e-04  4.12e-06
    6.500000    1.219773    1.488336  1.84e-04  8.34e-06
    6.600000    1.214441    1.520384  1.03e-04  8.46e-06
    6.700000    1.207052    1.550757  8.99e-05  1.09e-06
    6.800000    1.197647    1.579277  1.42e-04  3.10e-07
    6.900000    1.186371    1.605762  1.63e-04  1.02e-05
    7.000000    1.173348    1.630035  8.81e-05  8.47e-06
   ------------------------------------------------------

Final Solver Statistics:
   Internal solver steps = 29 (attempted = 34)
   Total number of error test failures = 5
   Total RHS evals:  Fe = 236,  Fi = 585
   Total mass matrix setups = 207
   Total mass matrix solves = 266
   Total mass times evals = 582
   Total number of Jacobian evaluations = 11
   Total linear solver setups = 20
   Total number of Nonlinear iterations = 553
   Total number of Nonlinear convergence failures = 10
   Errors: u = 0.000122443, v = 2.60128e-05, total = 8.85127e-05
