
Adaptive nested multirate nonlinear Kvaerno-Prothero-Robinson test problem:
    time domain:  (0,5]
    G = -10
    e = 0.5
    al = -1
    be = 1
    om = 50

  Slow integrator: ARKODE_MRI_GARK_ERK45a (explicit)

  Intermediate integrator: ARKODE_MRI_GARK_ERK45a (explicit)
    MRI-HTOL controller (using I for H) based on order of MRI embedding
    rtol = 0.0001, atol = 1e-11
    fast error accumulation strategy = 0

  Fast order 4
    I controller for fast time scale, based on order of RK embedding
    fast_rtol = 0.0001, atol = 1e-11
        t          u          v          w        uerr       verr       werr
   ----------------------------------------------------------------------------
    0.000000   1.581139   1.732051   1.732051   0.00e+00   0.00e+00   0.00e+00
    0.250000   1.576211   1.693761   1.005220   9.29e-07   5.67e-05   6.93e-05
    0.500000   1.561599   1.094201   1.236938   6.40e-06   7.10e-05   8.20e-05
    0.750000   1.538091   1.480215   1.289928   3.15e-06   7.57e-05   4.66e-05
    1.000000   1.506678   1.658588   1.566388   1.86e-06   8.12e-05   6.89e-06
    1.250000   1.468874   1.117572   1.128939   4.86e-07   8.50e-05   3.56e-05
    1.500000   1.426630   1.451349   1.383721   1.73e-07   6.82e-05   3.51e-05
    1.750000   1.382317   1.731537   1.400664   5.24e-06   1.42e-04   8.50e-05
    2.000000   1.338583   1.576792   1.004753   9.92e-07   7.73e-05   6.02e-05
    2.250000   1.298343   1.357630   1.203255   3.15e-05   2.22e-04   3.28e-04
    2.500000   1.265157   1.111803   1.080348   5.76e-08   2.91e-09   3.16e-07
    2.750000   1.240078   1.181758   1.688613   3.74e-07   1.13e-07   1.82e-05
    3.000000   1.226708   1.199800   1.243898   1.03e-07   2.74e-05   1.47e-04
    3.250000   1.225891   1.336847   1.695845   3.83e-05   4.66e-05   6.62e-05
    3.500000   1.237704   1.494163   1.577915   5.90e-07   3.39e-07   1.38e-05
    3.750000   1.260835   1.441462   1.440583   3.72e-05   1.97e-05   1.14e-04
    4.000000   1.293784   1.067928   1.718725   4.24e-07   1.12e-06   8.69e-06
    4.250000   1.333018   1.724738   1.003916   2.75e-06   1.16e-05   6.63e-05
    4.500000   1.376563   1.650128   1.499923   3.22e-07   2.16e-07   8.96e-07
    4.750000   1.420823   1.555111   1.167594   1.04e-06   5.84e-06   5.16e-06
    5.000000   1.463470   1.506592   1.644722   6.82e-06   4.07e-05   8.05e-05
   ----------------------------------------------------------------------------

Final Solver Statistics:
   Slow steps = 56  (attempts = 56,  fails = 0)
   Intermediate steps = 728  (attempts = 806,  fails = 78)
   Fast steps = 108912  (attempts = 122048,  fails = 13136)
   u error = 0.000170499, v error = 0.00011944, total error = 0.000173095
   Relative accuracy = 5.36137
   Total RHS evals:  Fse = 281, Fsi = 0, Fme = 3953, Fmi = 0, Ff = 597107
