
Nonlinear Kvaerno-Prothero-Robinson test problem with mass matrix:
    time domain:  (-3,7]
    Fixed mass matrix
    ERK solver, order = 4
    Adaptive run with reltol = 1e-05, abstol = 1e-11
    G = -10
    g = 10
    e = 0.5

        t           u           v       uerr      verr
   ------------------------------------------------------
   -3.000000    0.710636    1.363407  0.00e+00  0.00e+00
   -2.900000    0.717597    1.325196  2.96e-04  1.74e-03
   -2.800000    0.727055    1.291201  1.92e-04  8.48e-04
   -2.700000    0.739973    1.255085  2.73e-04  1.04e-03
   -2.600000    0.756418    1.217518  4.05e-04  8.82e-04
   -2.500000    0.774692    1.182899  4.64e-04  9.62e-04
   -2.400000    0.793831    1.152211  7.15e-04  1.33e-03
   -2.300000    0.816530    1.120195  8.67e-05  2.42e-04
   -2.200000    0.840948    1.090496  8.59e-04  1.06e-03
   -2.100000    0.864359    1.066500  2.66e-04  2.96e-04
   -2.000000    0.891288    1.043175  1.39e-03  1.19e-03
   -1.900000    0.913438    1.028314  2.18e-03  1.82e-03
   -1.800000    0.939262    1.014419  2.23e-03  1.43e-03
   -1.700000    0.965152    1.005107  2.10e-03  9.48e-04
   -1.600000    0.990984    1.000778  1.69e-03  5.65e-04
   -1.500000    1.017309    1.001622  2.22e-04  3.70e-04
   -1.400000    1.043230    1.007884  1.60e-03  6.36e-04
   -1.300000    1.063617    1.017540  1.16e-03  5.18e-04
   -1.200000    1.086799    1.033696  2.14e-05  2.74e-04
   -1.100000    1.108327    1.053673  7.18e-04  6.80e-04
   -1.000000    1.126269    1.075743  7.41e-04  6.06e-04
   -0.900000    1.145935    1.104537  1.03e-03  1.51e-03
   -0.800000    1.160316    1.131311  8.70e-04  1.23e-03
   -0.700000    1.176677    1.166273  9.13e-04  1.89e-03
   -0.600000    1.187776    1.196487  7.81e-04  1.58e-03
   -0.500000    1.200206    1.235189  7.09e-04  2.07e-03
   -0.400000    1.207908    1.267337  6.16e-04  1.75e-03
   -0.300000    1.216074    1.307696  4.81e-04  2.14e-03
   -0.200000    1.220244    1.340317  4.26e-04  1.82e-03
   -0.100000    1.223963    1.380584  2.38e-04  2.12e-03
    0.000000    1.224525    1.412398  2.20e-04  1.82e-03
    0.100000    1.223712    1.451105  1.29e-05  2.02e-03
    0.200000    1.220664    1.481043  4.75e-06  1.75e-03
    0.300000    1.215328    1.516967  2.66e-04  1.87e-03
    0.400000    1.208740    1.544149  2.15e-04  1.63e-03
    0.500000    1.198981    1.576283  5.15e-04  1.66e-03
    0.600000    1.188992    1.599994  4.35e-04  1.46e-03
    0.700000    1.175010    1.627521  7.54e-04  1.42e-03
    0.800000    1.161836    1.647192  6.49e-04  1.25e-03
    0.900000    1.143927    1.669466  9.77e-04  1.14e-03
    1.000000    1.127862    1.684658  8.52e-04  1.01e-03
    1.100000    1.106433    1.701184  1.18e-03  8.29e-04
    1.200000    1.087858    1.711577  1.04e-03  7.42e-04
    1.300000    1.063431    1.722004  1.35e-03  5.05e-04
    1.400000    1.042823    1.727389  1.20e-03  4.57e-04
    1.500000    1.016054    1.731497  1.48e-03  1.69e-04
    1.600000    0.993998    1.731771  1.33e-03  1.57e-04
    1.700000    0.965692    1.729472  1.56e-03  1.71e-04
    1.800000    0.943815    1.724768  2.33e-03  2.83e-04
    1.900000    0.917975    1.717015  2.36e-03  5.36e-04
    2.000000    0.892202    1.706429  2.30e-03  7.62e-04
    2.100000    0.866416    1.692846  1.79e-03  7.44e-04
    2.200000    0.839985    1.675553  1.04e-04  3.04e-04
    2.300000    0.815183    1.655878  1.43e-03  1.14e-03
    2.400000    0.795811    1.636696  1.27e-03  1.01e-03
    2.500000    0.773104    1.610672  1.12e-03  1.31e-03
    2.600000    0.756245    1.586119  2.32e-04  8.61e-05
    2.700000    0.741121    1.559378  8.76e-04  1.37e-03
    2.800000    0.727019    1.527561  2.28e-04  5.06e-04
    2.900000    0.716828    1.494857  4.73e-04  1.55e-03
    3.000000    0.710427    1.461921  2.09e-04  1.34e-03
    3.100000    0.707420    1.428004  7.89e-06  8.35e-04
    3.200000    0.707812    1.393090  1.03e-04  3.32e-04
    3.300000    0.711612    1.357460  9.29e-05  1.63e-04
    3.400000    0.718738    1.321437  1.13e-05  6.57e-04
    3.500000    0.729038    1.285320  1.89e-04  1.10e-03
    3.600000    0.742308    1.249432  4.04e-04  1.44e-03
    3.700000    0.758303    1.214133  6.11e-04  1.63e-03
    3.800000    0.776750    1.179823  7.57e-04  1.63e-03
    3.900000    0.797355    1.146945  7.89e-04  1.42e-03
    4.000000    0.819816    1.115988  6.59e-04  1.00e-03
    4.100000    0.843829    1.087481  3.20e-04  4.11e-04
    4.200000    0.869064    1.062027  2.31e-04  2.46e-04
    4.300000    0.894905    1.040470  7.02e-04  6.04e-04
    4.400000    0.918213    1.025261  1.75e-03  1.35e-03
    4.500000    0.945400    1.011740  4.34e-04  5.67e-04
    4.600000    0.973135    1.002933  1.58e-03  2.17e-04
    4.700000    0.997652    0.999974  7.54e-04  6.42e-05
    4.800000    1.019924    1.001904  1.72e-03  1.15e-05
    4.900000    1.045828    1.009136  2.39e-04  4.00e-04
    5.000000    1.069724    1.020978  1.16e-03  6.47e-04
    5.100000    1.089137    1.035699  1.27e-03  7.30e-04
    5.200000    1.112209    1.058020  1.24e-03  1.35e-03
    5.300000    1.128861    1.079217  1.27e-03  1.40e-03
    5.400000    1.148573    1.109197  8.16e-04  1.39e-03
    5.500000    1.162768    1.136120  9.91e-04  1.62e-03
    5.600000    1.178581    1.171263  5.39e-04  1.33e-03
    5.700000    1.189774    1.202150  7.54e-04  1.73e-03
    5.800000    1.201508    1.240423  3.59e-04  1.31e-03
    5.900000    1.209300    1.273401  5.51e-04  1.79e-03
    6.000000    1.216793    1.313000  2.06e-04  1.29e-03
    6.100000    1.220978    1.346470  3.47e-04  1.80e-03
    6.200000    1.224093    1.385751  5.37e-05  1.23e-03
    6.300000    1.224578    1.418404  1.38e-04  1.74e-03
    6.400000    1.223258    1.455961  9.54e-05  1.12e-03
    6.500000    1.220027    1.486703  7.03e-05  1.62e-03
    6.600000    1.214306    1.521371  2.38e-04  9.95e-04
    6.700000    1.207416    1.549295  2.74e-04  1.46e-03
    6.800000    1.197418    1.580121  3.71e-04  8.45e-04
    6.900000    1.187001    1.604485  4.67e-04  1.27e-03
    7.000000    1.172945    1.630705  4.91e-04  6.79e-04
   ------------------------------------------------------

Final Solver Statistics:
   Internal solver steps = 160 (attempted = 161)
   Total number of error test failures = 1
   Total RHS evals:  Fe = 808,  Fi = 0
   Total mass matrix setups = 488
   Total mass matrix solves = 968
   Total mass times evals = 160
   Errors: u = 0.0009669, v = 0.00120007, total = 0.00108974
