
Problem parameters and options:
 --------------------------------- 
  advection        = ON
  diffusion        = ON
  splitting        = 3
 --------------------------------- 
  c                = 0.001
  d                = 0.01
  A                = 0.6
  B                = 2
 --------------------------------- 
  tf               = 3
  xl               = 0
  xu               = 1
  nx               = 512
  dx               = 0.00195312
 --------------------------------- 
  integrator       = ARK
  order            = 3
  rtol             = 0.0001
  atol             = 1e-08
  fixed h          = 0
  controller       = -1
  predictor        = 0
  ls setup freq    = 0
  linear           = 0
 --------------------------------- 
  output          = 1
 --------------------------------- 

          t                     ||y||_rms      
 ----------------------------------------------
 0.000000000000000e+00    4.030082406614759e+00
 3.000000000000000e-01    3.942337618167635e+00
 6.000000000000000e-01    3.877405976549495e+00
 8.999999999999999e-01    3.793529152279420e+00
 1.200000000000000e+00    3.688844780140758e+00
 1.500000000000000e+00    3.566697852777653e+00
 1.800000000000000e+00    3.438878375880726e+00
 2.100000000000000e+00    3.319700520510848e+00
 2.400000000000000e+00    3.219301832757077e+00
 2.700000000000000e+00    3.146586020276895e+00
 3.000000000000000e+00    3.110695845558375e+00
 ----------------------------------------------

Final integrator statistics:
  Steps              = 23
  Step attempts      = 24
  Error test fails   = 0
  Explicit RHS evals = 96
  Implicit RHS evals = 288
  NLS iters          = 192
  NLS fails          = 7
  LS setups          = 16
  J evals            = 8

  Avg NLS iters per step attempt = 8.000000
  Avg LS setups per NLS iter     = 0.083333

