
Nonlinear Kvaerno-Prothero-Robinson test problem with mass matrix:
    time domain:  (-3,7]
    Time-dependent mass matrix
    DIRK solver, order = 4
    Newton nonlinear solver
    Adaptive run with reltol = 1e-05, abstol = 1e-11
    G = -100
    g = 10
    e = 0.5

        t           u           v       uerr      verr
   ------------------------------------------------------
   -3.000000    0.710636    1.363407  0.00e+00  0.00e+00
   -2.900000    0.717300    1.326933  6.90e-07  4.00e-08
   -2.800000    0.727250    1.290353  2.85e-06  2.04e-07
   -2.700000    0.740246    1.254041  4.65e-07  3.90e-07
   -2.600000    0.756016    1.218399  3.06e-06  5.79e-07
   -2.500000    0.774228    1.183861  8.32e-07  7.57e-07
   -2.400000    0.794548    1.150884  2.53e-06  8.93e-07
   -2.300000    0.816617    1.119952  1.19e-06  1.06e-06
   -2.200000    0.840089    1.091559  5.50e-07  1.12e-06
   -2.100000    0.864626    1.066203  2.50e-07  1.05e-06
   -2.000000    0.889904    1.044366  1.55e-06  1.03e-06
   -1.900000    0.915619    1.026498  1.84e-06  1.01e-06
   -1.800000    0.941487    1.012991  3.20e-07  9.47e-07
   -1.700000    0.967252    1.004158  8.70e-07  8.30e-07
   -1.600000    0.992671    1.000212  2.01e-06  7.03e-07
   -1.500000    1.017529    1.001251  2.00e-06  5.98e-07
   -1.400000    1.041624    1.007248  1.54e-06  6.65e-07
   -1.300000    1.064775    1.018057  1.32e-06  6.28e-07
   -1.200000    1.086819    1.033421  1.50e-06  6.53e-07
   -1.100000    1.107607    1.052992  2.13e-06  7.21e-07
   -1.000000    1.127007    1.076349  2.61e-06  7.67e-07
   -0.900000    1.144902    1.103029  1.59e-06  4.52e-07
   -0.800000    1.161188    1.132538  2.05e-06  7.58e-07
   -0.700000    1.175758    1.164380  6.36e-06  1.01e-06
   -0.600000    1.188555    1.198063  2.28e-06  7.51e-07
   -0.500000    1.199497    1.233116  8.55e-07  4.03e-07
   -0.400000    1.208524    1.269087  2.18e-07  1.52e-08
   -0.300000    1.215590    1.305557  3.40e-06  3.81e-07
   -0.200000    1.220663    1.342136  6.25e-06  5.43e-07
   -0.100000    1.223722    1.378465  2.50e-06  5.70e-07
    0.000000    1.224746    1.414215  1.59e-06  1.14e-06
    0.100000    1.223720    1.449082  4.25e-06  2.11e-06
    0.200000    1.220668    1.482793  1.05e-06  1.99e-06
    0.300000    1.215593    1.515099  5.06e-07  1.85e-06
    0.400000    1.208521    1.545776  3.29e-06  1.89e-06
    0.500000    1.199496    1.574621  7.48e-07  1.78e-06
    0.600000    1.188557    1.601452  3.26e-07  1.70e-06
    0.700000    1.175760    1.626107  4.35e-06  1.78e-06
    0.800000    1.161186    1.648442  5.26e-07  1.68e-06
    0.900000    1.144902    1.668332  2.31e-06  1.66e-06
    1.000000    1.127009    1.685668  7.43e-07  1.62e-06
    1.100000    1.107609    1.700357  2.63e-07  1.56e-06
    1.200000    1.086820    1.712321  5.20e-07  1.44e-06
    1.300000    1.064777    1.721500  1.01e-07  1.33e-06
    1.400000    1.041624    1.727847  1.38e-06  1.26e-06
    1.500000    1.017531    1.731329  2.37e-07  1.16e-06
    1.600000    0.992672    1.731929  1.41e-06  1.12e-06
    1.700000    0.967253    1.729644  7.13e-07  1.05e-06
    1.800000    0.941487    1.724486  7.08e-07  1.19e-06
    1.900000    0.915618    1.716480  2.17e-07  1.09e-06
    2.000000    0.889903    1.705667  3.68e-07  1.00e-06
    2.100000    0.864628    1.692103  2.94e-06  8.92e-07
    2.200000    0.840091    1.675858  2.07e-06  8.30e-07
    2.300000    0.816605    1.657018  1.09e-05  9.67e-07
    2.400000    0.794549    1.635685  2.66e-06  8.36e-07
    2.500000    0.774229    1.611978  1.17e-06  7.72e-07
    2.600000    0.756015    1.586034  2.29e-06  7.56e-07
    2.700000    0.740247    1.558006  9.29e-07  7.11e-07
    2.800000    0.727248    1.528067  7.64e-07  6.57e-07
    2.900000    0.717300    1.496413  8.02e-07  3.69e-07
    3.000000    0.710637    1.463257  9.13e-07  3.64e-08
    3.100000    0.707413    1.428839  7.08e-07  1.44e-08
    3.200000    0.707711    1.393422  1.21e-06  4.66e-08
    3.300000    0.711519    1.357297  3.86e-07  1.18e-07
    3.400000    0.718749    1.320780  1.65e-07  1.46e-07
    3.500000    0.729227    1.284219  9.88e-08  2.27e-07
    3.600000    0.742713    1.247990  1.15e-06  1.02e-07
    3.700000    0.758912    1.212503  1.30e-06  1.06e-07
    3.800000    0.777506    1.178195  6.05e-07  1.87e-07
    3.900000    0.798144    1.145528  1.62e-07  2.67e-07
    4.000000    0.820474    1.114988  9.51e-08  1.14e-07
    4.100000    0.844149    1.087071  3.96e-08  1.31e-07
    4.200000    0.868833    1.062273  7.67e-07  1.16e-07
    4.300000    0.894211    1.041073  6.73e-06  1.81e-08
    4.400000    0.919966    1.023913  2.11e-06  2.69e-09
    4.500000    0.945834    1.011173  1.70e-07  1.10e-08
    4.600000    0.971556    1.003150  1.13e-06  5.16e-08
    4.700000    0.996897    1.000038  1.42e-06  7.91e-08
    4.800000    1.021639    1.001916  1.19e-06  9.31e-08
    4.900000    1.045588    1.008735  1.03e-06  1.05e-07
    5.000000    1.068564    1.020331  8.61e-07  1.62e-07
    5.100000    1.090406    1.036429  1.29e-06  1.73e-07
    5.200000    1.110970    1.056667  1.73e-06  2.26e-07
    5.300000    1.130125    1.080616  2.51e-06  3.16e-07
    5.400000    1.147755    1.107807  1.99e-06  5.35e-08
    5.500000    1.163762    1.137744  3.40e-06  5.27e-07
    5.600000    1.178038    1.169929  4.12e-06  5.47e-07
    5.700000    1.190529    1.203876  1.31e-06  1.08e-06
    5.800000    1.201148    1.239113  1.78e-06  1.03e-06
    5.900000    1.209851    1.275196  3.91e-07  1.02e-06
    6.000000    1.216587    1.311712  9.50e-07  1.05e-06
    6.100000    1.221330    1.348274  4.73e-06  2.31e-06
    6.200000    1.224037    1.384529  2.28e-06  3.47e-06
    6.300000    1.224714    1.420148  1.85e-06  2.61e-06
    6.400000    1.223352    1.454838  1.34e-06  2.00e-06
    6.500000    1.219949    1.488332  7.09e-06  3.63e-06
    6.600000    1.214542    1.520380  1.21e-06  4.50e-06
    6.700000    1.207144    1.550762  1.64e-06  3.71e-06
    6.800000    1.197789    1.579279  2.09e-07  3.17e-06
    6.900000    1.186534    1.605755  6.36e-07  2.59e-06
    7.000000    1.173438    1.630029  2.81e-06  2.14e-06
   ------------------------------------------------------

Final Solver Statistics:
   Internal solver steps = 286 (attempted = 289)
   Total number of error test failures = 3
   Total RHS evals:  Fe = 0,  Fi = 5808
   Total mass matrix setups = 1448
   Total mass matrix solves = 1448
   Total mass times evals = 4646
   Total number of Jacobian evaluations = 154
   Total linear solver setups = 167
   Total number of Nonlinear iterations = 4360
   Total number of Nonlinear convergence failures = 153
   Errors: u = 2.42732e-06, v = 1.3135e-06, total = 1.95156e-06
