
2D Heat PDE test problem:
 --------------------------------- 
  nprocs         = 4
  npx            = 2
  npy            = 2
 --------------------------------- 
  kx             = 1
  ky             = 1
  forcing        = 1
  tf             = 1
  xu             = 1
  yu             = 1
  nx             = 64
  ny             = 64
  nxl (proc 0)   = 32
  nyl (proc 0)   = 32
  dx             = 0.015873
  dy             = 0.015873
 --------------------------------- 
  rtol           = 1e-05
  atol           = 1e-10
  order          = 3
  fixed h        = 0
  controller     = 0
  linear         = 1
 --------------------------------- 
  linear solver  = PCG
  lin iters      = 10
  matvec         = 0
  eps lin        = 0
  prec           = 1
  msbp           = 0
  pfmg_relax     = 2
  pfmg_nrelax    = 2
 --------------------------------- 
  output         = 1
 --------------------------------- 

          t                     ||u||_rms                max error      
 -----------------------------------------------------------------------
 0.000000000000000e+00    3.691406249999997e-01    0.000000000000000e+00
 5.000000000000000e-02    3.603048619662594e-01    5.947589771124751e-04
 1.000000000000000e-01    3.341442196174839e-01    7.029444121012807e-04
 1.500000000000000e-01    2.933129358750161e-01    6.872089117678781e-04
 2.000000000000000e-01    2.418371814148556e-01    6.138930842621848e-04
 2.500000000000000e-01    1.847632276336554e-01    5.043519800296270e-04
 3.000000000000000e-01    1.276839995651514e-01    3.835913188042217e-04
 3.500000000000000e-01    7.618719103623366e-02    2.636064234229352e-04
 4.000000000000000e-01    3.531419609294345e-02    1.573069046419823e-04
 4.500000000000000e-01    9.066519518111988e-03    7.648477672918610e-05
 4.999999999999999e-01    1.366000896373604e-05    2.823150862393431e-05
 5.499999999999999e-01    9.040623277437885e-03    1.797018734061087e-05
 6.000000000000000e-01    3.526521486679048e-02    4.668299420636235e-05
 6.500000000000000e-01    7.611978809919251e-02    1.113067842546667e-04
 7.000000000000001e-01    1.276052144727296e-01    2.055090932608361e-04
 7.500000000000001e-01    1.846816861396953e-01    3.198149617728019e-04
 8.000000000000002e-01    2.417622654058103e-01    4.435981137953515e-04
 8.500000000000002e-01    2.932595616787877e-01    5.646785202919613e-04
 9.000000000000002e-01    3.341325729864703e-01    6.709838211867991e-04
 9.500000000000003e-01    3.603805171569960e-01    7.524541115215833e-04
 1.000000000000000e+00    3.694333171827900e-01    7.994038755922972e-04
 -----------------------------------------------------------------------

Final integrator statistics:
  Steps            = 134
  Step attempts    = 135
  Error test fails = 1
  RHS evals        = 813
  NLS iters        = 405
  NLS fails        = 0
  LS iters         = 2482
  LS fails         = 0
  LS setups        = 59
  LS RHS evals     = 2482
  Jv products      = 2482

  Avg NLS iters per step attempt = 3.000000
  Avg LS iters per NLS iter      = 6.128395

  Preconditioner setups = 59
  Preconditioner solves = 2482
  PFMG iters            = 2482

  Max error = 7.994038755922972e-04
