
2D Heat PDE test problem:
 ---------------------------------
  nprocs         = 4
  npx            = 2
  npy            = 2
 ---------------------------------
  kx             = 1
  ky             = 1
  ax             = 1
  ay             = 1
  r              = 1
  tf             = 1
  xu             = 1
  yu             = 1
  nx             = 64
  ny             = 64
  nxl (proc 0)   = 32
  nyl (proc 0)   = 32
  dx             = 0.015873
  dy             = 0.015873
 ---------------------------------
  rtol           = 1e-05
  atol           = 1e-10
  sorder         = 3
  forder         = 3
  hf             = 0
  hs             = 0.001
  controller     = 0
  linear         = 0
 ---------------------------------
  lin iters      = 10
  eps lins       = -1
  prectype       = 1
  msbp           = 0
  pfmg_relax     = 2
  pfmg_nrelax    = 2
 ---------------------------------
  output         = 1
 ---------------------------------

          t                     ||u||_rms
 ----------------------------------------------
 0.000000000000000e+00    3.691406249999997e-01
 1.000000000000000e-01    5.162014241945451e-02
 2.000000000000000e-01    7.426100187258647e-03
 3.000000000000000e-01    1.067221316468833e-03
 4.000000000000000e-01    1.533638016725418e-04
 5.000000000000000e-01    2.203889954707766e-05
 6.000000000000000e-01    3.167064268521805e-06
 7.000000000000000e-01    4.551178805378924e-07
 7.999999999999999e-01    6.540199603786467e-08
 8.999999999999999e-01    9.398525782926989e-09
 1.000000000000000e+00    1.350608880521382e-09
 ----------------------------------------------

Final slow integrator statistics:
  Steps            = 1000
  Fe RHS evals     = 4000
  Fi RHS evals     = 7355
  NLS iters        = 3355
  NLS fails        = 0
  LS iters         = 10603
  LS fails         = 0
  LS setups        = 50
  Jv products      = 10603

  Avg LS iters per NLS iter      = 3.160358

  Preconditioner setups = 50
  Preconditioner solves = 10603
  PFMG iters            = 10603

Final fast integrator statistics:
  Steps            = 3003
  Step attempts    = 3003
  Error test fails = 0
  RHS evals        = 30853
  NLS iters        = 17842
  NLS fails        = 0
  LS iters         = 10048
  LS fails         = 0
  LS setups        = 0
  Jv products      = 10048

  Avg NLS iters per step attempt = 5.941392
  Avg LS iters per NLS iter      = 0.563166

  Preconditioner setups = 0
  Preconditioner solves = 0
  PFMG iters            = 10603
