
2D Heat PDE test problem:
 --------------------------------- 
  nprocs         = 4
  npx            = 2
  npy            = 2
 --------------------------------- 
  kx             = 1
  ky             = 1
  forcing        = 1
  tf             = 1
  xu             = 1
  yu             = 1
  nx             = 64
  ny             = 64
  nxl (proc 0)   = 32
  nyl (proc 0)   = 32
  dx             = 0.015873
  dy             = 0.015873
 --------------------------------- 
  rtol           = 1e-05
  atol           = 1e-10
  order          = 3
  fixed h        = 0
  controller     = 0
  linear         = 1
 --------------------------------- 
  linear solver  = PCG
  lin iters      = 10
  eps lin        = 0
  prec           = 1
  msbp           = 0
  pfmg_relax     = 2
  pfmg_nrelax    = 2
 --------------------------------- 
  output         = 1
 --------------------------------- 

          t                     ||u||_rms                max error      
 -----------------------------------------------------------------------
 0.000000000000000e+00    3.691406249999997e-01    0.000000000000000e+00
 5.000000000000000e-02    3.603048616822545e-01    5.947581714760286e-04
 1.000000000000000e-01    3.341442212785615e-01    7.029488409013851e-04
 1.500000000000000e-01    2.933129364275077e-01    6.872104685722302e-04
 2.000000000000000e-01    2.418371828080387e-01    6.138967946408558e-04
 2.500000000000000e-01    1.847632280583572e-01    5.043531478602370e-04
 3.000000000000000e-01    1.276840002100012e-01    3.835930452203429e-04
 3.500000000000000e-01    7.618719032579514e-02    2.636045144156773e-04
 4.000000000000000e-01    3.531419592855609e-02    1.573064584402817e-04
 4.500000000000000e-01    9.066519338739386e-03    7.648428870138738e-05
 4.999999999999999e-01    1.366001182694566e-05    2.823151529496145e-05
 5.499999999999999e-01    9.040623249651518e-03    1.797011214870609e-05
 6.000000000000000e-01    3.526521493569591e-02    4.668318270634186e-05
 6.500000000000000e-01    7.611978800136085e-02    1.113065263843305e-04
 7.000000000000001e-01    1.276052139782833e-01    2.055077698996932e-04
 7.500000000000001e-01    1.846816872939459e-01    3.198180155253305e-04
 8.000000000000002e-01    2.417622665916507e-01    4.436012737950579e-04
 8.500000000000002e-01    2.932595626771289e-01    5.646812075739138e-04
 9.000000000000002e-01    3.341325736192596e-01    6.709855232923667e-04
 9.500000000000003e-01    3.603805168236139e-01    7.524532347086277e-04
 1.000000000000000e+00    3.694333172787351e-01    7.994041733336843e-04
 -----------------------------------------------------------------------

Final integrator statistics:
  Steps            = 134
  Step attempts    = 135
  Error test fails = 1
  RHS evals        = 813
  NLS iters        = 405
  NLS fails        = 0
  LS iters         = 2925
  LS fails         = 0
  LS setups        = 59
  J evals          = 4

  Avg NLS iters per step attempt = 3.000000
  Avg LS iters per NLS iter      = 7.222222

  Max error = 7.994041733336843e-04
