
2D Heat PDE test problem:
 --------------------------------- 
  nprocs         = 4
  npx            = 2
  npy            = 2
 --------------------------------- 
  kx             = 1
  ky             = 1
  ax             = 1
  ay             = 1
  r              = 1
  tf             = 1
  xu             = 1
  yu             = 1
  nx             = 64
  ny             = 64
  nxl (proc 0)   = 32
  nyl (proc 0)   = 32
  dx             = 0.015873
  dy             = 0.015873
 --------------------------------- 
  rtol           = 1e-05
  atol           = 1e-10
  order          = 3
  hf             = 0
  controller     = 0
  linear         = 0
 --------------------------------- 
  lin iters      = 10
  eps lin        = -1
  prectype       = 1
  msbp           = 0
  pfmg_relax     = 2
  pfmg_nrelax    = 2
 --------------------------------- 
  output         = 1
 --------------------------------- 

          t                     ||u||_rms      
 ----------------------------------------------
 0.000000000000000e+00    3.691406249999997e-01
 1.000000000000000e-01    5.162012365391507e-02
 2.000000000000000e-01    7.426101463014229e-03
 3.000000000000000e-01    1.067221342205248e-03
 4.000000000000000e-01    1.533638355978608e-04
 5.000000000000000e-01    2.203889445573548e-05
 6.000000000000000e-01    3.167067650994161e-06
 7.000000000000000e-01    4.551053690380334e-07
 7.999999999999999e-01    6.539914223431773e-08
 8.999999999999999e-01    9.581666744809992e-09
 1.000000000000000e+00    1.327978981962355e-09
 ----------------------------------------------

Final fast integrator statistics:
  Steps            = 601
  Step attempts    = 603
  Error test fails = 2
  Fe RHS evals     = 2412
  Fi RHS evals     = 4585
  NLS iters        = 2173
  NLS fails        = 0
  LS iters         = 7108
  LS fails         = 0
  LS setups        = 46
  Jv products      = 7108

  Avg NLS iters per step attempt = 3.603648
  Avg LS iters per NLS iter      = 3.271054

  Preconditioner setups = 46
  Preconditioner solves = 9099
  PFMG iters            = 9099

