
Stationary 2D Heat PDE with Nonlinear Terms:
 --------------------------------- 
  nprocs         = 4
  npx            = 2
  npy            = 2
 --------------------------------- 
  kx             = 1
  ky             = 1
  xu             = 1
  yu             = 1
  nx             = 64
  ny             = 64
  nxl (proc 0)   = 32
  nyl (proc 0)   = 32
  dx             = 0.015873
  dy             = 0.015873
 --------------------------------- 
  rtol           = 1e-05
  maxits         = 700
  maa            = 0
 --------------------------------- 
  output         = 1
 --------------------------------- 

Final statistics:
  Func evals       = 690
  NLS iters        = 690

  Max error = 9.998513396003439e-06

  Total time                = 1.260500e-01 sec
  Function evaluation time  = 1.042910e-01 sec
  Boundary exchange time    = 1.983000e-03 sec

