
2-species diurnal advection-diffusion problem
  10 by 10 mesh on 4 processors
  Using PVBBDPRE preconditioner module
    Difference-quotient half-bandwidths are mudq = 10,  mldq = 10
    Retained band block half-bandwidths are mukeep = 2,  mlkeep = 2

t = 7.20e+03   no. steps = 190   order = 5   stepsize = 1.61e+02
At bottom left:  c1, c2 =    1.047e+04    2.527e+11 
At top right:    c1, c2 =    1.119e+04    2.700e+11 

t = 1.44e+04   no. steps = 221   order = 5   stepsize = 3.85e+02
At bottom left:  c1, c2 =    6.659e+06    2.582e+11 
At top right:    c1, c2 =    7.301e+06    2.833e+11 

t = 2.16e+04   no. steps = 247   order = 5   stepsize = 3.00e+02
At bottom left:  c1, c2 =    2.665e+07    2.993e+11 
At top right:    c1, c2 =    2.931e+07    3.313e+11 

t = 2.88e+04   no. steps = 269   order = 5   stepsize = 2.90e+02
At bottom left:  c1, c2 =    8.702e+06    3.380e+11 
At top right:    c1, c2 =    9.650e+06    3.751e+11 

t = 3.60e+04   no. steps = 301   order = 5   stepsize = 1.16e+02
At bottom left:  c1, c2 =    1.404e+04    3.387e+11 
At top right:    c1, c2 =    1.561e+04    3.765e+11 

t = 4.32e+04   no. steps = 359   order = 4   stepsize = 4.53e+02
At bottom left:  c1, c2 =   -3.273e-08    3.382e+11 
At top right:    c1, c2 =   -3.620e-08    3.804e+11 

t = 5.04e+04   no. steps = 376   order = 5   stepsize = 3.59e+02
At bottom left:  c1, c2 =    1.895e-11    3.358e+11 
At top right:    c1, c2 =   -1.808e-12    3.864e+11 

t = 5.76e+04   no. steps = 393   order = 5   stepsize = 4.39e+02
At bottom left:  c1, c2 =    4.769e-10    3.320e+11 
At top right:    c1, c2 =    2.617e-10    3.909e+11 

t = 6.48e+04   no. steps = 404   order = 5   stepsize = 7.37e+02
At bottom left:  c1, c2 =   -3.956e-12    3.313e+11 
At top right:    c1, c2 =    3.020e-13    3.963e+11 

t = 7.20e+04   no. steps = 414   order = 5   stepsize = 7.37e+02
At bottom left:  c1, c2 =   -8.695e-13    3.330e+11 
At top right:    c1, c2 =   -1.916e-13    4.039e+11 

t = 7.92e+04   no. steps = 424   order = 5   stepsize = 7.37e+02
At bottom left:  c1, c2 =   -7.878e-14    3.334e+11 
At top right:    c1, c2 =   -1.591e-14    4.120e+11 

t = 8.64e+04   no. steps = 434   order = 5   stepsize = 7.37e+02
At bottom left:  c1, c2 =   -3.718e-15    3.352e+11 
At top right:    c1, c2 =   -8.118e-15    4.163e+11 

Final Statistics.. 
lenrw   =  2000    leniw =     0
llrw    =  2046    lliw  =     0
nst     =   434    nfe   =  1065
nni     =   567    nli   =   495
nsetups =    82    netf  =    30
npe     =     8    nps   =  1012
ncfn    =     0    ncfl  =     0
 
In PVBBDPRE: real/integer local work space sizes = 600, 50
             no. flocal evals. = 176
