
2D Heat PDE test problem:
 --------------------------------- 
  nprocs         = 4
  npx            = 2
  npy            = 1
  npt            = 2
 --------------------------------- 
  kx             = 1
  ky             = 1
  forcing        = 1
  tf             = 1
  xu             = 1
  yu             = 1
  nx             = 32
  ny             = 32
  nxl (proc 0)   = 16
  nyl (proc 0)   = 32
  dx             = 0.0322581
  dy             = 0.0322581
 --------------------------------- 
  rtol           = 1e-05
  atol           = 1e-10
  order          = 3
  linear         = 1
 --------------------------------- 
  linear solver  = PCG
  lin iters      = 100
  matvec         = 0
  eps lin        = 0
  prec           = 1
  msbp           = 0
  pfmg_relax     = 2
  pfmg_nrelax    = 2
 --------------------------------- 
  nt             = 300
  xtol           = 1e-06
  refine         = 0
  rfactor limit  = 10
  rfactor fail   = 4
  init seq       = 0
  print level    = 0
  access level   = 1
 --------------------------------- 
  output         = 1
 --------------------------------- 

  Max error = 3.297249636368682e-03

Final max integrator statistics:
  Steps            = 1780
  Step attempts    = 1780
  Error test fails = 285
  RHS evals        = 16020
  NLS iters        = 7120
  NLS fails        = 0
  LS iters         = 38065
  LS fails         = 0
  LS setups        = 1780
  LS RHS evals     = 38065
  Jv products      = 38065

  Avg NLS iters per step attempt = 4.000000
  Avg LS iters per NLS iter      = 5.346208

  Preconditioner setups = 1780
  Preconditioner solves = 38065
  PFMG iters            = 38065

