 
Batch of independent 3-species kinetics problems
number of batches = 100, solver_type = 0, test type = 0

batch_0: At t = 5.0000e+00      y =  1.186982e+00    2.595565e+00    2.499970e+00
batch_1: At t = 5.0000e+00      y =  1.186982e+00    2.595565e+00    2.499970e+00
batch_2: At t = 5.0000e+00      y =  1.186982e+00    2.595565e+00    2.499970e+00
batch_3: At t = 5.0000e+00      y =  1.186982e+00    2.595565e+00    2.499970e+00
batch_4: At t = 5.0000e+00      y =  1.186982e+00    2.595565e+00    2.499970e+00
batch_5: At t = 5.0000e+00      y =  1.186982e+00    2.595565e+00    2.499970e+00
batch_6: At t = 5.0000e+00      y =  1.186982e+00    2.595565e+00    2.499970e+00
batch_7: At t = 5.0000e+00      y =  1.186982e+00    2.595565e+00    2.499970e+00
batch_8: At t = 5.0000e+00      y =  1.186982e+00    2.595565e+00    2.499970e+00
batch_9: At t = 5.0000e+00      y =  1.186982e+00    2.595565e+00    2.499970e+00
batch_10: At t = 5.0000e+00      y =  1.186982e+00    2.595565e+00    2.499970e+00
batch_11: At t = 5.0000e+00      y =  1.186982e+00    2.595565e+00    2.499970e+00
batch_12: At t = 5.0000e+00      y =  1.186982e+00    2.595565e+00    2.499970e+00
batch_13: At t = 5.0000e+00      y =  1.186982e+00    2.595565e+00    2.499970e+00
batch_14: At t = 5.0000e+00      y =  1.186982e+00    2.595565e+00    2.499970e+00
batch_15: At t = 5.0000e+00      y =  1.186982e+00    2.595565e+00    2.499970e+00
batch_16: At t = 5.0000e+00      y =  1.186982e+00    2.595565e+00    2.499970e+00
batch_17: At t = 5.0000e+00      y =  1.186982e+00    2.595565e+00    2.499970e+00
batch_18: At t = 5.0000e+00      y =  1.186982e+00    2.595565e+00    2.499970e+00
batch_19: At t = 5.0000e+00      y =  1.186982e+00    2.595565e+00    2.499970e+00
batch_20: At t = 5.0000e+00      y =  1.186982e+00    2.595565e+00    2.499970e+00
batch_21: At t = 5.0000e+00      y =  1.186982e+00    2.595565e+00    2.499970e+00
batch_22: At t = 5.0000e+00      y =  1.186982e+00    2.595565e+00    2.499970e+00
batch_23: At t = 5.0000e+00      y =  1.186982e+00    2.595565e+00    2.499970e+00
batch_24: At t = 5.0000e+00      y =  1.186982e+00    2.595565e+00    2.499970e+00
batch_25: At t = 5.0000e+00      y =  1.186982e+00    2.595565e+00    2.499970e+00
batch_26: At t = 5.0000e+00      y =  1.186982e+00    2.595565e+00    2.499970e+00
batch_27: At t = 5.0000e+00      y =  1.186982e+00    2.595565e+00    2.499970e+00
batch_28: At t = 5.0000e+00      y =  1.186982e+00    2.595565e+00    2.499970e+00
batch_29: At t = 5.0000e+00      y =  1.186982e+00    2.595565e+00    2.499970e+00
batch_30: At t = 5.0000e+00      y =  1.186982e+00    2.595565e+00    2.499970e+00
batch_31: At t = 5.0000e+00      y =  1.186982e+00    2.595565e+00    2.499970e+00
batch_32: At t = 5.0000e+00      y =  1.186982e+00    2.595565e+00    2.499970e+00
batch_33: At t = 5.0000e+00      y =  1.186982e+00    2.595565e+00    2.499970e+00
batch_34: At t = 5.0000e+00      y =  1.186982e+00    2.595565e+00    2.499970e+00
batch_35: At t = 5.0000e+00      y =  1.186982e+00    2.595565e+00    2.499970e+00
batch_36: At t = 5.0000e+00      y =  1.186982e+00    2.595565e+00    2.499970e+00
batch_37: At t = 5.0000e+00      y =  1.186982e+00    2.595565e+00    2.499970e+00
batch_38: At t = 5.0000e+00      y =  1.186982e+00    2.595565e+00    2.499970e+00
batch_39: At t = 5.0000e+00      y =  1.186982e+00    2.595565e+00    2.499970e+00
batch_40: At t = 5.0000e+00      y =  1.186982e+00    2.595565e+00    2.499970e+00
batch_41: At t = 5.0000e+00      y =  1.186982e+00    2.595565e+00    2.499970e+00
batch_42: At t = 5.0000e+00      y =  1.186982e+00    2.595565e+00    2.499970e+00
batch_43: At t = 5.0000e+00      y =  1.186982e+00    2.595565e+00    2.499970e+00
batch_44: At t = 5.0000e+00      y =  1.186982e+00    2.595565e+00    2.499970e+00
batch_45: At t = 5.0000e+00      y =  1.186982e+00    2.595565e+00    2.499970e+00
batch_46: At t = 5.0000e+00      y =  1.186982e+00    2.595565e+00    2.499970e+00
batch_47: At t = 5.0000e+00      y =  1.186982e+00    2.595565e+00    2.499970e+00
batch_48: At t = 5.0000e+00      y =  1.186982e+00    2.595565e+00    2.499970e+00
batch_49: At t = 5.0000e+00      y =  1.186982e+00    2.595565e+00    2.499970e+00
batch_50: At t = 5.0000e+00      y =  1.186982e+00    2.595565e+00    2.499970e+00
batch_51: At t = 5.0000e+00      y =  1.186982e+00    2.595565e+00    2.499970e+00
batch_52: At t = 5.0000e+00      y =  1.186982e+00    2.595565e+00    2.499970e+00
batch_53: At t = 5.0000e+00      y =  1.186982e+00    2.595565e+00    2.499970e+00
batch_54: At t = 5.0000e+00      y =  1.186982e+00    2.595565e+00    2.499970e+00
batch_55: At t = 5.0000e+00      y =  1.186982e+00    2.595565e+00    2.499970e+00
batch_56: At t = 5.0000e+00      y =  1.186982e+00    2.595565e+00    2.499970e+00
batch_57: At t = 5.0000e+00      y =  1.186982e+00    2.595565e+00    2.499970e+00
batch_58: At t = 5.0000e+00      y =  1.186982e+00    2.595565e+00    2.499970e+00
batch_59: At t = 5.0000e+00      y =  1.186982e+00    2.595565e+00    2.499970e+00
batch_60: At t = 5.0000e+00      y =  1.186982e+00    2.595565e+00    2.499970e+00
batch_61: At t = 5.0000e+00      y =  1.186982e+00    2.595565e+00    2.499970e+00
batch_62: At t = 5.0000e+00      y =  1.186982e+00    2.595565e+00    2.499970e+00
batch_63: At t = 5.0000e+00      y =  1.186982e+00    2.595565e+00    2.499970e+00
batch_64: At t = 5.0000e+00      y =  1.186982e+00    2.595565e+00    2.499970e+00
batch_65: At t = 5.0000e+00      y =  1.186982e+00    2.595565e+00    2.499970e+00
batch_66: At t = 5.0000e+00      y =  1.186982e+00    2.595565e+00    2.499970e+00
batch_67: At t = 5.0000e+00      y =  1.186982e+00    2.595565e+00    2.499970e+00
batch_68: At t = 5.0000e+00      y =  1.186982e+00    2.595565e+00    2.499970e+00
batch_69: At t = 5.0000e+00      y =  1.186982e+00    2.595565e+00    2.499970e+00
batch_70: At t = 5.0000e+00      y =  1.186982e+00    2.595565e+00    2.499970e+00
batch_71: At t = 5.0000e+00      y =  1.186982e+00    2.595565e+00    2.499970e+00
batch_72: At t = 5.0000e+00      y =  1.186982e+00    2.595565e+00    2.499970e+00
batch_73: At t = 5.0000e+00      y =  1.186982e+00    2.595565e+00    2.499970e+00
batch_74: At t = 5.0000e+00      y =  1.186982e+00    2.595565e+00    2.499970e+00
batch_75: At t = 5.0000e+00      y =  1.186982e+00    2.595565e+00    2.499970e+00
batch_76: At t = 5.0000e+00      y =  1.186982e+00    2.595565e+00    2.499970e+00
batch_77: At t = 5.0000e+00      y =  1.186982e+00    2.595565e+00    2.499970e+00
batch_78: At t = 5.0000e+00      y =  1.186982e+00    2.595565e+00    2.499970e+00
batch_79: At t = 5.0000e+00      y =  1.186982e+00    2.595565e+00    2.499970e+00
batch_80: At t = 5.0000e+00      y =  1.186982e+00    2.595565e+00    2.499970e+00
batch_81: At t = 5.0000e+00      y =  1.186982e+00    2.595565e+00    2.499970e+00
batch_82: At t = 5.0000e+00      y =  1.186982e+00    2.595565e+00    2.499970e+00
batch_83: At t = 5.0000e+00      y =  1.186982e+00    2.595565e+00    2.499970e+00
batch_84: At t = 5.0000e+00      y =  1.186982e+00    2.595565e+00    2.499970e+00
batch_85: At t = 5.0000e+00      y =  1.186982e+00    2.595565e+00    2.499970e+00
batch_86: At t = 5.0000e+00      y =  1.186982e+00    2.595565e+00    2.499970e+00
batch_87: At t = 5.0000e+00      y =  1.186982e+00    2.595565e+00    2.499970e+00
batch_88: At t = 5.0000e+00      y =  1.186982e+00    2.595565e+00    2.499970e+00
batch_89: At t = 5.0000e+00      y =  1.186982e+00    2.595565e+00    2.499970e+00
batch_90: At t = 5.0000e+00      y =  1.186982e+00    2.595565e+00    2.499970e+00
batch_91: At t = 5.0000e+00      y =  1.186982e+00    2.595565e+00    2.499970e+00
batch_92: At t = 5.0000e+00      y =  1.186982e+00    2.595565e+00    2.499970e+00
batch_93: At t = 5.0000e+00      y =  1.186982e+00    2.595565e+00    2.499970e+00
batch_94: At t = 5.0000e+00      y =  1.186982e+00    2.595565e+00    2.499970e+00
batch_95: At t = 5.0000e+00      y =  1.186982e+00    2.595565e+00    2.499970e+00
batch_96: At t = 5.0000e+00      y =  1.186982e+00    2.595565e+00    2.499970e+00
batch_97: At t = 5.0000e+00      y =  1.186982e+00    2.595565e+00    2.499970e+00
batch_98: At t = 5.0000e+00      y =  1.186982e+00    2.595565e+00    2.499970e+00
batch_99: At t = 5.0000e+00      y =  1.186982e+00    2.595565e+00    2.499970e+00
batch_0: At t = 1.0000e+01      y =  1.064956e+00    2.595985e+00    2.499973e+00
batch_1: At t = 1.0000e+01      y =  1.064956e+00    2.595985e+00    2.499973e+00
batch_2: At t = 1.0000e+01      y =  1.064956e+00    2.595985e+00    2.499973e+00
batch_3: At t = 1.0000e+01      y =  1.064956e+00    2.595985e+00    2.499973e+00
batch_4: At t = 1.0000e+01      y =  1.064956e+00    2.595985e+00    2.499973e+00
batch_5: At t = 1.0000e+01      y =  1.064956e+00    2.595985e+00    2.499973e+00
batch_6: At t = 1.0000e+01      y =  1.064956e+00    2.595985e+00    2.499973e+00
batch_7: At t = 1.0000e+01      y =  1.064956e+00    2.595985e+00    2.499973e+00
batch_8: At t = 1.0000e+01      y =  1.064956e+00    2.595985e+00    2.499973e+00
batch_9: At t = 1.0000e+01      y =  1.064956e+00    2.595985e+00    2.499973e+00
batch_10: At t = 1.0000e+01      y =  1.064956e+00    2.595985e+00    2.499973e+00
batch_11: At t = 1.0000e+01      y =  1.064956e+00    2.595985e+00    2.499973e+00
batch_12: At t = 1.0000e+01      y =  1.064956e+00    2.595985e+00    2.499973e+00
batch_13: At t = 1.0000e+01      y =  1.064956e+00    2.595985e+00    2.499973e+00
batch_14: At t = 1.0000e+01      y =  1.064956e+00    2.595985e+00    2.499973e+00
batch_15: At t = 1.0000e+01      y =  1.064956e+00    2.595985e+00    2.499973e+00
batch_16: At t = 1.0000e+01      y =  1.064956e+00    2.595985e+00    2.499973e+00
batch_17: At t = 1.0000e+01      y =  1.064956e+00    2.595985e+00    2.499973e+00
batch_18: At t = 1.0000e+01      y =  1.064956e+00    2.595985e+00    2.499973e+00
batch_19: At t = 1.0000e+01      y =  1.064956e+00    2.595985e+00    2.499973e+00
batch_20: At t = 1.0000e+01      y =  1.064956e+00    2.595985e+00    2.499973e+00
batch_21: At t = 1.0000e+01      y =  1.064956e+00    2.595985e+00    2.499973e+00
batch_22: At t = 1.0000e+01      y =  1.064956e+00    2.595985e+00    2.499973e+00
batch_23: At t = 1.0000e+01      y =  1.064956e+00    2.595985e+00    2.499973e+00
batch_24: At t = 1.0000e+01      y =  1.064956e+00    2.595985e+00    2.499973e+00
batch_25: At t = 1.0000e+01      y =  1.064956e+00    2.595985e+00    2.499973e+00
batch_26: At t = 1.0000e+01      y =  1.064956e+00    2.595985e+00    2.499973e+00
batch_27: At t = 1.0000e+01      y =  1.064956e+00    2.595985e+00    2.499973e+00
batch_28: At t = 1.0000e+01      y =  1.064956e+00    2.595985e+00    2.499973e+00
batch_29: At t = 1.0000e+01      y =  1.064956e+00    2.595985e+00    2.499973e+00
batch_30: At t = 1.0000e+01      y =  1.064956e+00    2.595985e+00    2.499973e+00
batch_31: At t = 1.0000e+01      y =  1.064956e+00    2.595985e+00    2.499973e+00
batch_32: At t = 1.0000e+01      y =  1.064956e+00    2.595985e+00    2.499973e+00
batch_33: At t = 1.0000e+01      y =  1.064956e+00    2.595985e+00    2.499973e+00
batch_34: At t = 1.0000e+01      y =  1.064956e+00    2.595985e+00    2.499973e+00
batch_35: At t = 1.0000e+01      y =  1.064956e+00    2.595985e+00    2.499973e+00
batch_36: At t = 1.0000e+01      y =  1.064956e+00    2.595985e+00    2.499973e+00
batch_37: At t = 1.0000e+01      y =  1.064956e+00    2.595985e+00    2.499973e+00
batch_38: At t = 1.0000e+01      y =  1.064956e+00    2.595985e+00    2.499973e+00
batch_39: At t = 1.0000e+01      y =  1.064956e+00    2.595985e+00    2.499973e+00
batch_40: At t = 1.0000e+01      y =  1.064956e+00    2.595985e+00    2.499973e+00
batch_41: At t = 1.0000e+01      y =  1.064956e+00    2.595985e+00    2.499973e+00
batch_42: At t = 1.0000e+01      y =  1.064956e+00    2.595985e+00    2.499973e+00
batch_43: At t = 1.0000e+01      y =  1.064956e+00    2.595985e+00    2.499973e+00
batch_44: At t = 1.0000e+01      y =  1.064956e+00    2.595985e+00    2.499973e+00
batch_45: At t = 1.0000e+01      y =  1.064956e+00    2.595985e+00    2.499973e+00
batch_46: At t = 1.0000e+01      y =  1.064956e+00    2.595985e+00    2.499973e+00
batch_47: At t = 1.0000e+01      y =  1.064956e+00    2.595985e+00    2.499973e+00
batch_48: At t = 1.0000e+01      y =  1.064956e+00    2.595985e+00    2.499973e+00
batch_49: At t = 1.0000e+01      y =  1.064956e+00    2.595985e+00    2.499973e+00
batch_50: At t = 1.0000e+01      y =  1.064956e+00    2.595985e+00    2.499973e+00
batch_51: At t = 1.0000e+01      y =  1.064956e+00    2.595985e+00    2.499973e+00
batch_52: At t = 1.0000e+01      y =  1.064956e+00    2.595985e+00    2.499973e+00
batch_53: At t = 1.0000e+01      y =  1.064956e+00    2.595985e+00    2.499973e+00
batch_54: At t = 1.0000e+01      y =  1.064956e+00    2.595985e+00    2.499973e+00
batch_55: At t = 1.0000e+01      y =  1.064956e+00    2.595985e+00    2.499973e+00
batch_56: At t = 1.0000e+01      y =  1.064956e+00    2.595985e+00    2.499973e+00
batch_57: At t = 1.0000e+01      y =  1.064956e+00    2.595985e+00    2.499973e+00
batch_58: At t = 1.0000e+01      y =  1.064956e+00    2.595985e+00    2.499973e+00
batch_59: At t = 1.0000e+01      y =  1.064956e+00    2.595985e+00    2.499973e+00
batch_60: At t = 1.0000e+01      y =  1.064956e+00    2.595985e+00    2.499973e+00
batch_61: At t = 1.0000e+01      y =  1.064956e+00    2.595985e+00    2.499973e+00
batch_62: At t = 1.0000e+01      y =  1.064956e+00    2.595985e+00    2.499973e+00
batch_63: At t = 1.0000e+01      y =  1.064956e+00    2.595985e+00    2.499973e+00
batch_64: At t = 1.0000e+01      y =  1.064956e+00    2.595985e+00    2.499973e+00
batch_65: At t = 1.0000e+01      y =  1.064956e+00    2.595985e+00    2.499973e+00
batch_66: At t = 1.0000e+01      y =  1.064956e+00    2.595985e+00    2.499973e+00
batch_67: At t = 1.0000e+01      y =  1.064956e+00    2.595985e+00    2.499973e+00
batch_68: At t = 1.0000e+01      y =  1.064956e+00    2.595985e+00    2.499973e+00
batch_69: At t = 1.0000e+01      y =  1.064956e+00    2.595985e+00    2.499973e+00
batch_70: At t = 1.0000e+01      y =  1.064956e+00    2.595985e+00    2.499973e+00
batch_71: At t = 1.0000e+01      y =  1.064956e+00    2.595985e+00    2.499973e+00
batch_72: At t = 1.0000e+01      y =  1.064956e+00    2.595985e+00    2.499973e+00
batch_73: At t = 1.0000e+01      y =  1.064956e+00    2.595985e+00    2.499973e+00
batch_74: At t = 1.0000e+01      y =  1.064956e+00    2.595985e+00    2.499973e+00
batch_75: At t = 1.0000e+01      y =  1.064956e+00    2.595985e+00    2.499973e+00
batch_76: At t = 1.0000e+01      y =  1.064956e+00    2.595985e+00    2.499973e+00
batch_77: At t = 1.0000e+01      y =  1.064956e+00    2.595985e+00    2.499973e+00
batch_78: At t = 1.0000e+01      y =  1.064956e+00    2.595985e+00    2.499973e+00
batch_79: At t = 1.0000e+01      y =  1.064956e+00    2.595985e+00    2.499973e+00
batch_80: At t = 1.0000e+01      y =  1.064956e+00    2.595985e+00    2.499973e+00
batch_81: At t = 1.0000e+01      y =  1.064956e+00    2.595985e+00    2.499973e+00
batch_82: At t = 1.0000e+01      y =  1.064956e+00    2.595985e+00    2.499973e+00
batch_83: At t = 1.0000e+01      y =  1.064956e+00    2.595985e+00    2.499973e+00
batch_84: At t = 1.0000e+01      y =  1.064956e+00    2.595985e+00    2.499973e+00
batch_85: At t = 1.0000e+01      y =  1.064956e+00    2.595985e+00    2.499973e+00
batch_86: At t = 1.0000e+01      y =  1.064956e+00    2.595985e+00    2.499973e+00
batch_87: At t = 1.0000e+01      y =  1.064956e+00    2.595985e+00    2.499973e+00
batch_88: At t = 1.0000e+01      y =  1.064956e+00    2.595985e+00    2.499973e+00
batch_89: At t = 1.0000e+01      y =  1.064956e+00    2.595985e+00    2.499973e+00
batch_90: At t = 1.0000e+01      y =  1.064956e+00    2.595985e+00    2.499973e+00
batch_91: At t = 1.0000e+01      y =  1.064956e+00    2.595985e+00    2.499973e+00
batch_92: At t = 1.0000e+01      y =  1.064956e+00    2.595985e+00    2.499973e+00
batch_93: At t = 1.0000e+01      y =  1.064956e+00    2.595985e+00    2.499973e+00
batch_94: At t = 1.0000e+01      y =  1.064956e+00    2.595985e+00    2.499973e+00
batch_95: At t = 1.0000e+01      y =  1.064956e+00    2.595985e+00    2.499973e+00
batch_96: At t = 1.0000e+01      y =  1.064956e+00    2.595985e+00    2.499973e+00
batch_97: At t = 1.0000e+01      y =  1.064956e+00    2.595985e+00    2.499973e+00
batch_98: At t = 1.0000e+01      y =  1.064956e+00    2.595985e+00    2.499973e+00
batch_99: At t = 1.0000e+01      y =  1.064956e+00    2.595985e+00    2.499973e+00
Final integrator statistics:
Current time                  = 10.0672363540683
Steps                         = 270
Error test fails              = 22
NLS step fails                = 0
Initial step size             = 2.84247208242898e-08
Last step size                = 0.0891171802985761
Current step size             = 0.0891171802985761
Last method order             = 5
Current method order          = 5
Stab. lim. order reductions   = 0
RHS fn evals                  = 371
NLS iters                     = 368
NLS fails                     = 0
NLS iters per step            = 1.36296296296296
LS setups                     = 60
Jac fn evals                  = 5
LS RHS fn evals               = 0
Prec setup evals              = 0
Prec solves                   = 0
LS iters                      = 344
LS fails                      = 0
Jac-times setups              = 0
Jac-times evals               = 0
LS iters per NLS iter         = 0.934782608695652
Jac evals per NLS iter        = 0.0135869565217391
Prec evals per NLS iter       = 0
Root fn evals                 = 0
