
2D Heat problem:
 ----------------------------
  kx        = 1
  ky        = 1
  tf        = 1
  xu        = 1
  yu        = 1
  nx        = 64
  ny        = 64
  dx        = 0.015873
  dy        = 0.015873
 ----------------------------
  rtol      = 0.0001
  atol      = 1e-08
 ----------------------------
  lin iters = 20
  eps lin   = 0
 ----------------------------
  output    = 0
 ----------------------------

          t                     ||u||_rms                max error
 -----------------------------------------------------------------------
 0.000000000000000e+00    1.273091462283007e+00    0.000000000000000e+00
 5.000000000000000e-02    1.265953031236582e+00    5.779434651733695e-04
 1.000000000000000e-01    1.245126468059218e+00    8.596371345779286e-04
 1.500000000000000e-01    1.212971694657921e+00    1.027159865904403e-03
 2.000000000000000e-01    1.173149587077717e+00    1.048316441905506e-03
 2.500000000000000e-01    1.129971459276027e+00    7.766174965313510e-04
 3.000000000000000e-01    1.088069233421262e+00    3.879012313652286e-04
 3.500000000000000e-01    1.051569637105353e+00    2.299316777640836e-04
 4.000000000000000e-01    1.023519627798689e+00    1.143462031309994e-04
 4.500000000000000e-01    1.005966584792407e+00    3.505417258842236e-05
 4.999999999999999e-01    9.999944371662526e-01    6.530685488637111e-05
 5.499999999999999e-01    1.005919954050827e+00    1.083577674927394e-04
 6.000000000000000e-01    1.023439763816546e+00    1.261618740924231e-04
 6.500000000000000e-01    1.051474374581306e+00    4.412514760065989e-05
 7.000000000000001e-01    1.087966642127137e+00    8.355154137729137e-05
 7.500000000000001e-01    1.129793345401488e+00    2.407587815189682e-04
 8.000000000000002e-01    1.172918896430627e+00    4.328127088288891e-04
 8.500000000000002e-01    1.212839716388230e+00    6.911829729767671e-04
 9.000000000000002e-01    1.245175026074906e+00    9.860204504377190e-04
 9.500000000000003e-01    1.266235150473632e+00    1.302278122152112e-03
 1.000000000000000e+00    1.273469422529945e+00    1.184407004586108e-03
 -----------------------------------------------------------------------

Final integrator statistics:
Current time                 = 1
Steps                        = 41
Error test fails             = 0
NLS step fails               = 0
Initial step size            = 0.002110117768486902
Last step size               = 0.02866494489991731
Current step size            = 0.02866494489991731
Last method order            = 3
Current method order         = 3
Stab. lim. order reductions  = 0
RHS fn evals                 = 52
NLS iters                    = 49
NLS fails                    = 0
NLS iters per step           = 1.195121951219512
LS setups                    = 7
Jac fn evals                 = 1
LS RHS fn evals              = 0
Prec setup evals             = 0
Prec solves                  = 0
LS iters                     = 875
LS fails                     = 0
Jac-times setups             = 0
Jac-times evals              = 0
LS iters per NLS iter        = 17.85714285714286
Jac evals per NLS iter       = 0.02040816326530612
Prec evals per NLS iter      = 0
Root fn evals                = 0

Max error = 1.184407004586108e-03
