
2D Heat problem:
 ----------------------------
  kx        = 1
  ky        = 1
  tf        = 1
  xu        = 1
  yu        = 1
  nx        = 64
  ny        = 64
  dx        = 0.015873
  dy        = 0.015873
 ----------------------------
  rtol      = 1e-05
  atol      = 1e-10
 ----------------------------
  lin iters = 20
  eps lin   = 0
 ----------------------------
  output    = 0
 ----------------------------

          t                     ||u||_rms                max error
 -----------------------------------------------------------------------
 0.000000000000000e+00    3.691406250000004e-01    0.000000000000000e+00
 5.000000000000000e-02    3.603055518066622e-01    5.963838581607428e-04
 1.000000000000000e-01    3.341441426528348e-01    7.025794317083722e-04
 1.500000000000000e-01    2.933130343037728e-01    6.875433229960315e-04
 2.000000000000000e-01    2.418362947830780e-01    6.116680090579862e-04
 2.500000000000000e-01    1.847629512957200e-01    5.037909065196966e-04
 3.000000000000000e-01    1.276834128210423e-01    3.822179377748758e-04
 3.500000000000000e-01    7.618675579048649e-02    2.626516165439019e-04
 4.000000000000000e-01    3.531411355140564e-02    1.571697133636724e-04
 4.500000000000000e-01    9.066320569414555e-03    7.600799982235631e-05
 4.999999999999999e-01    1.356761402038743e-05    2.803747825226318e-05
 5.499999999999999e-01    9.040587450072086e-03    1.789538223917475e-05
 6.000000000000000e-01    3.526523989584034e-02    4.675582331779837e-05
 6.500000000000000e-01    7.611998264249793e-02    1.117566657703184e-04
 7.000000000000001e-01    1.276053330815272e-01    2.057890335356860e-04
 7.500000000000001e-01    1.846818763482453e-01    3.203969558458475e-04
 8.000000000000002e-01    2.417625014437591e-01    4.442391308286942e-04
 8.500000000000002e-01    2.932597146224251e-01    5.650529414967798e-04
 9.000000000000002e-01    3.341323389513831e-01    6.703047732449230e-04
 9.500000000000003e-01    3.603797950007684e-01    7.507413525201789e-04
 1.000000000000000e+00    3.694330465884088e-01    7.988051034683030e-04
 -----------------------------------------------------------------------

Final integrator statistics:
Current time                 = 1
Steps                        = 107
Error test fails             = 4
NLS step fails               = 0
Initial step size            = 2.878490503890896e-05
Last step size               = 0.006640351616878475
Current step size            = 0.006640351616878475
Last method order            = 5
Current method order         = 5
Stab. lim. order reductions  = 0
RHS fn evals                 = 133
NLS iters                    = 130
NLS fails                    = 0
NLS iters per step           = 1.214953271028037
LS setups                    = 23
Jac fn evals                 = 2
LS RHS fn evals              = 0
Prec setup evals             = 0
Prec solves                  = 0
LS iters                     = 1971
LS fails                     = 0
Jac-times setups             = 0
Jac-times evals              = 0
LS iters per NLS iter        = 15.16153846153846
Jac evals per NLS iter       = 0.01538461538461539
Prec evals per NLS iter      = 0
Root fn evals                = 0

Max error = 7.988051034683030e-04
