
2D Heat problem:
 ----------------------------
  kx        = 1
  ky        = 1
  tf        = 1
  xu        = 1
  yu        = 1
  nx        = 64
  ny        = 64
  dx        = 0.015873
  dy        = 0.015873
 ----------------------------
  rtol      = 1e-05
  atol      = 1e-10
 ----------------------------
  lin iters = 20
  eps lin   = 0
 ----------------------------
  output    = 0
 ----------------------------

          t                     ||u||_rms                max error
 -----------------------------------------------------------------------
 0.000000000000000e+00    1.273091462283009e+00    0.000000000000000e+00
 5.000000000000000e-02    1.265974993367766e+00    6.069164720075015e-04
 1.000000000000000e-01    1.245074462472540e+00    7.071583627344946e-04
 1.500000000000000e-01    1.212858197656351e+00    7.088085592297233e-04
 2.000000000000000e-01    1.172993636883098e+00    6.266106237990954e-04
 2.500000000000000e-01    1.129887152481312e+00    4.962154256005213e-04
 3.000000000000000e-01    1.088068333473984e+00    3.720138069207568e-04
 3.500000000000000e-01    1.051572014415644e+00    2.507780168075069e-04
 4.000000000000000e-01    1.023523494671654e+00    1.449327927653954e-04
 4.500000000000000e-01    1.005974339032450e+00    6.707090250679393e-05
 4.999999999999999e-01    1.000009173890739e+00    2.201475379703943e-05
 5.499999999999999e-01    1.005955819899890e+00    1.631548858616050e-05
 6.000000000000000e-01    1.023489124982649e+00    5.414486250265860e-05
 6.500000000000000e-01    1.051528810910655e+00    1.377344955897364e-04
 7.000000000000001e-01    1.088020037476197e+00    2.554172015396539e-04
 7.500000000000001e-01    1.129840126095082e+00    4.086936419058773e-04
 8.000000000000002e-01    1.172949216599795e+00    5.293992123653890e-04
 8.500000000000002e-01    1.212815003668443e+00    5.966782143764782e-04
 9.000000000000002e-01    1.245068051285874e+00    6.753666765464406e-04
 9.500000000000003e-01    1.266046277528340e+00    7.660415553807365e-04
 1.000000000000000e+00    1.273326679904412e+00    8.039692348558169e-04
 -----------------------------------------------------------------------

Final integrator statistics:
Current time                 = 1
Steps                        = 50
Error test fails             = 1
NLS step fails               = 0
Initial step size            = 0.0006716195167545131
Last step size               = 0.006402763252951076
Current step size            = 0.01382267632577764
Last method order            = 4
Current method order         = 4
Stab. lim. order reductions  = 0
RHS fn evals                 = 60
NLS iters                    = 57
NLS fails                    = 0
NLS iters per step           = 1.14
LS setups                    = 9
Jac fn evals                 = 1
LS RHS fn evals              = 0
Prec setup evals             = 0
Prec solves                  = 0
LS iters                     = 954
LS fails                     = 0
Jac-times setups             = 0
Jac-times evals              = 0
LS iters per NLS iter        = 16.73684210526316
Jac evals per NLS iter       = 0.01754385964912281
Prec evals per NLS iter      = 0
Root fn evals                = 0

Max error = 8.039692348558169e-04
