   
 Diagonal test problem:
   neq =   40
   nlocal =   10
   nprocs =    4
   rtol =  1.00E-05
   atol =  1.00E-10
   alpha =  1.00E+01
    ydot_i = -alpha*i * y_i (i = 1,...,neq)
    Method is BDF/NEWTON/SPGMR
    Diagonal preconditioner uses approximate Jacobian
   
    Preconditioning on left:
         t         steps     fe
    --------------------------------
     0.100000      221      261
     0.200000      265      307
     0.300000      290      333
     0.400000      306      350
     0.500000      319      364
     0.600000      329      374
     0.700000      339      384
     0.800000      346      392
     0.900000      351      399
     1.000000      355      403
    --------------------------------
Max. absolute error is   1.46E-08
   
 Final Solver Statistics:
   Internal solver steps =    355
   Total RHS evals =    403
   Total preconditioner setups =      7
   Total preconditioner solves =    727
   Total nonlinear iterations  =    400
   Total linear iterations     =    367
   Average Krylov subspace dimension =   0.9175
   Total Convergence Failures - Nonlinear =      0
                              - Linear    =      0
   Total number of error test failures =      5
   Main solver real/int workspace sizes =    609   144
   Linear solver real/int workspace sizes =    534   126
    
    
    
    Preconditioning on right:
         t         steps     fe
    --------------------------------
     0.100000      221      261
     0.200000      265      307
     0.300000      290      333
     0.400000      306      350
     0.500000      319      364
     0.600000      329      374
     0.700000      339      384
     0.800000      345      391
     0.900000      352      398
     1.000000      358      404
    --------------------------------
Max. absolute error is   2.09E-09
   
 Final Solver Statistics:
   Internal solver steps =    358
   Total RHS evals =    404
   Total preconditioner setups =      6
   Total preconditioner solves =    730
   Total nonlinear iterations  =    401
   Total linear iterations     =    367
   Average Krylov subspace dimension =   0.9152
   Total Convergence Failures - Nonlinear =      0
                              - Linear    =      0
   Total number of error test failures =      5
   Main solver real/int workspace sizes =    609   144
   Linear solver real/int workspace sizes =    534   126
    
    
    
