iheatsk: Heat equation, serial example problem for IDA 
         Discretized heat equation on 2D unit square. 
         Zero boundary conditions, polynomial initial conditions.
         Mesh dimensions: 10 x 10        Total system size: 100

Tolerance parameters:  rtol = 0   atol = 0.001
Constraints set to force all solution components >= 0. 
Linear solver: IDASPGMR, preconditioner using diagonal elements. 


Case 1: gsytpe = MODIFIED_GS

   Output Summary (umax = max-norm of solution) 

  time     umax       k  nst  nni  nje   nre   nreS     h      npe nps
 .  .  .  .  .  .  .  .  .  .  .  .  .  .  .  .  .  .  .  .  .
  0.00   9.75461e-01  0    0    0    0     0     0   0.00e+00    0   0
  0.01   8.24107e-01  2   11   13    7    13     7   2.56e-03    8  20
  0.02   6.88134e-01  3   14   17   12    17    12   5.12e-03    8  29
  0.04   4.70711e-01  3   17   23   21    23    21   6.58e-03    9  44
  0.08   2.16509e-01  3   21   28   30    28    30   1.32e-02    9  58
  0.16   4.57680e-02  4   27   35   44    35    44   1.32e-02    9  79
  0.32   2.10083e-03  4   34   43   67    43    67   2.63e-02   10 110
  0.64   1.82129e-04  1   38   51   80    51    80   2.11e-01   13 131
  1.28   1.12408e-04  1   40   53   80    53    80   4.21e-01   14 133
  2.56   4.06304e-04  1   42   57   85    57    85   1.68e+00   16 142
  5.12   6.91311e-05  1   43   58   85    58    85   1.68e+00   16 143
 10.24   4.84595e-04  1   45   61   89    61    89   6.74e+00   18 150

 netf = 1,   ncfn = 0,   ncfl = 0 




Case 2: gstype = CLASSICAL_GS

   Output Summary (umax = max-norm of solution) 

  time     umax       k  nst  nni  nje   nre   nreS     h      npe nps
 .  .  .  .  .  .  .  .  .  .  .  .  .  .  .  .  .  .  .  .  .
  0.00   9.75461e-01  0    0    0    0     0     0   0.00e+00    0   0
  0.01   8.24107e-01  2   11   13    7    13     7   2.56e-03    8  20
  0.02   6.88134e-01  3   14   17   12    17    12   5.12e-03    8  29
  0.04   4.70711e-01  3   17   23   21    23    21   6.58e-03    9  44
  0.08   2.16509e-01  3   21   28   30    28    30   1.32e-02    9  58
  0.16   4.57680e-02  4   27   35   44    35    44   1.32e-02    9  79
  0.32   2.10083e-03  4   34   43   67    43    67   2.63e-02   10 110
  0.64   1.82101e-04  1   38   51   80    51    80   2.11e-01   13 131
  1.28   1.12331e-04  1   40   53   80    53    80   4.21e-01   14 133
  2.56   4.07227e-04  1   42   57   85    57    85   1.68e+00   16 142
  5.12   7.68608e-05  1   43   58   85    58    85   1.68e+00   16 143
 10.24   4.63838e-04  1   45   61   89    61    89   6.74e+00   18 150

 netf = 1,   ncfn = 0,   ncfl = 0 
