iheatsb: Heat equation, serial example problem for IDA 
         Discretized heat equation on 2D unit square. 
         Zero boundary conditions, polynomial initial conditions.
         Mesh dimensions: 10 x 10        Total system size: 100

Tolerance parameters:  rtol = 0   atol = 0.001
Constraints set to force all solution components >= 0. 
Linear solver: IDABAND, banded direct solver 
       difference quotient Jacobian, half-bandwidths = 10 
IDACalcIC called with input boundary values = 0.1 

   Output Summary (umax = max-norm of solution) 

  time       umax     k  nst  nni  nje   nre    h      
 .  .  .  .  .  .  .  .  .  .  .  .  .  .  .  .  .  .  .
  0.00   9.75461e-01  0    0    3    2    47   1.00e-05 
  0.01   8.24602e-01  2   12   19    9   210   2.56e-03 
  0.02   6.88908e-01  2   14   22   10   234   5.12e-03 
  0.04   4.71178e-01  3   18   27   10   239   5.12e-03 
  0.08   2.16305e-01  3   22   32   10   244   1.02e-02 
  0.16   4.53754e-02  4   28   40   11   273   2.05e-02 
  0.32   1.78919e-03  4   35   49   12   303   4.10e-02 
  0.64   1.72035e-05  1   40   58   14   354   1.64e-01 
  1.28   6.37571e-07  1   42   61   16   399   6.55e-01 
  2.56   2.55658e-08  1   43   62   17   421   1.31e+00 
  5.12   5.49725e-10  1   44   63   18   443   2.62e+00 
 10.24   6.47433e-12  1   45   64   19   465   5.24e+00 

 netf = 0,   ncfn = 0 
