iwebsb: Predator-prey DAE serial example problem for IDA 

Number of species ns: 2     Mesh dimensions: 20 x 20     System size: 800
Tolerance parameters:  rtol = 1e-05   atol = 1e-05
Linear solver: IDABAND,  Band parameters mu = 40, ml = 40
CalcIC called to correct initial predator concentrations 


TIME t = 0.000000e+00.     NST = 0, k = 0, h = 1.631027e-08
NRE = 11, NRE_B = 162, NNI = 9, NJE = 2
At bottom left:  c1, c2 = 1.000000e+01 9.999900e+04 
At top right:    c1, c2 = 1.000000e+01 9.994900e+04 


TIME t = 1.000000e-03.     NST = 33, k = 4, h = 7.399114e-05
NRE = 58, NRE_B = 1134, NNI = 56, NJE = 14
At bottom left:  c1, c2 = 1.031837e+01 1.031879e+05 
At top right:    c1, c2 = 1.082689e+01 1.082230e+05 


TIME t = 1.000000e-02.     NST = 133, k = 4, h = 1.254453e-04
NRE = 258, NRE_B = 1701, NNI = 256, NJE = 21
At bottom left:  c1, c2 = 1.618889e+02 1.618898e+06 
At top right:    c1, c2 = 1.973516e+02 1.973473e+06 


TIME t = 1.000000e-01.     NST = 232, k = 1, h = 4.354841e-02
NRE = 422, NRE_B = 2835, NNI = 420, NJE = 35
At bottom left:  c1, c2 = 2.401904e+02 2.401915e+06 
At top right:    c1, c2 = 2.707209e+02 2.707169e+06 


TIME t = 4.000000e-01.     NST = 234, k = 1, h = 1.741937e-01
NRE = 424, NRE_B = 2997, NNI = 422, NJE = 37
At bottom left:  c1, c2 = 2.401904e+02 2.401915e+06 
At top right:    c1, c2 = 2.707209e+02 2.707169e+06 


TIME t = 7.000000e-01.     NST = 235, k = 1, h = 3.483873e-01
NRE = 425, NRE_B = 3078, NNI = 423, NJE = 38
At bottom left:  c1, c2 = 2.401904e+02 2.401915e+06 
At top right:    c1, c2 = 2.707209e+02 2.707169e+06 


TIME t = 1.000000e+00.     NST = 236, k = 1, h = 6.967746e-01
NRE = 426, NRE_B = 3159, NNI = 424, NJE = 39
At bottom left:  c1, c2 = 2.401904e+02 2.401915e+06 
At top right:    c1, c2 = 2.707209e+02 2.707169e+06 


Final run statistics: 

NST  =   236     NRE  =  3585 
NNI  =   424     NJE  =    39 
NETF =     6     NCFN =     0 
