
 Finished initialization, starting time steps

       t          c1  (bottom left      middle       top right)  | lnst  lnst_att  lh
       t          c2  (bottom left      middle       top right)  | lnst  lnst_att  lh
  ----------------------------------------------------------------------------------------
    7.200000E+03    1.046835E+04    2.963689E+04    1.118527E+04    987  989  3.065063E+00
                    2.526726E+11    7.153660E+11    2.699771E+11
    1.440000E+04    6.659022E+06    5.315902E+06    7.300814E+06   2737 2739  6.898535E+00
                    2.581915E+11    2.056750E+11    2.832860E+11
    2.160000E+04    2.664973E+07    1.036519E+07    2.930768E+07   3539 3541  1.040223E+01
                    2.992790E+11    1.028292E+11    3.313439E+11
    2.880000E+04    8.702136E+06    1.292001E+07    9.650056E+06   4696 4720  4.957411E+00
                    3.380369E+11    5.029423E+11    3.750972E+11
    3.600000E+04    1.404044E+04    2.028856E+04    1.560908E+04   5926 5950  2.549499E+00
                    3.386788E+11    4.893995E+11    3.765180E+11
    4.320000E+04    2.072456E-07    1.831762E-05    8.182708E-05   7118 7142  2.921351E+02
                    3.382343E+11    1.355160E+11    3.803539E+11
    5.040000E+04   -2.522827E-15   -4.647253E-11    5.440598E-07   7139 7164  3.764306E+02
                    3.358179E+11    4.930348E+11    3.864461E+11
    5.760000E+04    6.497140E-16   -2.282639E-14    3.426998E-08   7152 7179  3.750626E+02
                    3.320329E+11    9.649758E+11    3.909013E+11
    6.480000E+04    8.579142E-15    8.852440E-11    1.485418E-06   7168 7197  5.999035E+02
                    3.313041E+11    8.921783E+11    3.963437E+11
    7.200000E+04    1.144112E-14    6.390356E-11    1.760960E-07   7180 7209  5.999035E+02
                    3.329739E+11    6.186283E+11    4.038864E+11
    7.920000E+04    1.862556E-15   -1.496124E-10   -2.477935E-07   7192 7221  5.999035E+02
                    3.334429E+11    6.669050E+11    4.120274E+11
    8.640000E+04    3.839423E-07   -3.953360E-16    9.927570E-09   7204 7233  5.999035E+02
                    3.351798E+11    9.106207E+11    4.162525E+11
  ----------------------------------------------------------------------------------------

  General Solver Stats:
    Total internal steps taken      =     7204
    Total internal steps attempts   =     7233
    Total rhs exp function call     =        0
    Total rhs imp function call     =    75672
    Total num preconditioner evals  =      120
    Total num preconditioner solves =   109951
    Num error test failures         =       29
    Num nonlinear solver iters      =    39504
    Num linear solver iters         =    73481
    Avg Krylov subspace dim         =  1.860090E+00
    Num nonlinear solver fails      =        0
    Num linear solver fails         =        0
    main solver real/int workspace sizes   =     3701         131
    linear solver real/int workspace sizes =     2455          42
    ARKBandPre real/int workspace sizes    =     2800         622
    ARKBandPre number of f evaluations     =      600