 Multirate nonlinear Kvaerno-Prothero-Robinson test problem:
    time domain: (0.00, 5.00]
    hs =   0.2000E-02
    hf =   0.2000E-04
     G =  -0.1000E+03
     w =   0.1000E+03
     e =   0.5000E+00
    solver: dirk-2/none (dirk slow, no fast)
    reltol:   0.4000E-05 abstol:   0.1000E-10
         t           u           v       uerr      verr
    ------------------------------------------------------
     0.000000    1.224745    1.732051   0.00E+00   0.00E+00
     0.100000    1.223734    1.079428   0.94E-05   0.20E-02
     0.200000    1.220669    1.551975   0.32E-06   0.17E-03
     0.300000    1.215599    1.468008   0.55E-05   0.27E-03
     0.400000    1.208526    1.155919   0.22E-05   0.13E-02
     0.500000    1.199497    1.721561   0.88E-06   0.35E-03
     0.600000    1.188564    1.025537   0.74E-05   0.20E-02
     0.700000    1.175763    1.622485   0.12E-05   0.27E-03
     0.800000    1.161186    1.374900   0.25E-06   0.27E-03
     0.900000    1.144904    1.246518   0.45E-06   0.75E-03
     1.000000    1.127011    1.691383   0.85E-06   0.46E-03
     1.100000    1.107615    1.002555   0.57E-05   0.21E-02
     1.200000    1.086819    1.677049   0.18E-05   0.50E-03
     1.300000    1.064782    1.278212   0.56E-05   0.44E-03
     1.400000    1.041624    1.342668   0.13E-05   0.21E-03
     1.500000    1.017531    1.642387   0.80E-06   0.55E-03
     1.600000    0.992677    1.013922   0.34E-05   0.18E-02
     1.700000    0.967249    1.713363   0.34E-05   0.70E-03
     1.800000    0.941493    1.184574   0.53E-05   0.71E-03
     1.900000    0.915615    1.437301   0.24E-05   0.16E-03
     2.000000    0.889904    1.576560   0.13E-05   0.52E-03
     2.100000    0.864627    1.057865   0.15E-05   0.14E-02
     2.200000    0.840086    1.730082   0.26E-05   0.84E-03
     2.300000    0.816622    1.102105   0.56E-05   0.11E-02
     2.400000    0.794543    1.524597   0.33E-05   0.45E-03
     2.500000    0.774230    1.496572   0.20E-05   0.42E-03
     2.600000    0.756013    1.127777   0.20E-06   0.92E-03
     2.700000    0.740244    1.726675   0.20E-05   0.86E-03
     2.800000    0.727253    1.039846   0.53E-05   0.15E-02
     2.900000    0.717298    1.600124   0.33E-05   0.63E-03
     3.000000    0.710633    1.406188   0.31E-05   0.19E-03
     3.100000    0.707411    1.214834   0.13E-05   0.48E-03
     3.200000    0.707708    1.703186   0.13E-05   0.84E-03
     3.300000    0.711524    1.006093   0.43E-05   0.17E-02
     3.400000    0.718746    1.660457   0.34E-05   0.77E-03
     3.500000    0.729231    1.310187   0.40E-05   0.85E-04
     3.600000    0.742710    1.310183   0.22E-05   0.10E-03
     3.700000    0.758913    1.660456   0.50E-06   0.78E-03
     3.800000    0.777509    1.006081   0.30E-05   0.17E-02
     3.900000    0.798140    1.703183   0.39E-05   0.84E-03
     4.000000    0.820479    1.214815   0.46E-05   0.44E-03
     4.100000    0.844146    1.406159   0.28E-05   0.20E-03
     4.200000    0.868833    1.600098   0.40E-06   0.68E-03
     4.300000    0.894205    1.039810   0.15E-05   0.14E-02
     4.400000    0.919961    1.726622   0.29E-05   0.91E-03
     4.500000    0.945839    1.127712   0.52E-05   0.84E-03
     4.600000    0.971554    1.496517   0.34E-05   0.46E-03
     4.700000    0.996899    1.524526   0.13E-05   0.54E-03
     4.800000    1.021641    1.102047   0.10E-07   0.10E-02
     4.900000    1.045587    1.730008   0.21E-05   0.91E-03
     5.000000    1.068570    1.057757   0.52E-05   0.13E-02
    ------------------------------------------------------
 Final Solver Statistics:
   Steps: nsts =    2501, nstf =  250100
   u error =  0.349E-05, v error =  0.956E-03, total error =  0.676E-03
   Total RHS evals: Fs =    7093, Ff =  750350
   Slow Newton iters =    4641
   Slow Newton conv fails =       0
   Slow Jacobian evals =     126
