                      t                      u                      v                      w                  u err                  v err                  w err
-----------------------------------------------------------------------------------------------------------------------------------------------------------------
  0.000000000000000E+00  1.581138830084190E+00  1.732050807568877E+00  1.732050807568877E+00  0.000000000000000E+00  0.000000000000000E+00  0.000000000000000E+00
  2.500000000000000E-01  1.575354291246483E+00  1.691373126460135E+00  9.812421429231667E-01  8.614969168394548E-04  2.345080409599243E-03  2.419407022538012E-02
  5.000000000000000E-01  1.560212294026093E+00  1.084576713219838E+00  1.207272508262092E+00  1.450691686633254E-03  9.735026934536206E-03  2.997874834915581E-02
  7.500000000000000E-01  1.535821076747637E+00  1.467789591527085E+00  1.255006960906892E+00  2.309097989505071E-03  1.257411189143820E-02  3.526051581286360E-02
  1.000000000000000E+00  1.503887082550468E+00  1.643393179226049E+00  1.535654981910508E+00  2.814995809440779E-03  1.525150440227940E-02  3.101170591704605E-02
  1.250000000000000E+00  1.465905643537446E+00  1.089933329662596E+00  1.084638429275984E+00  2.992304312449567E-03  2.789958266923698E-02  4.466716150204997E-02
  1.500000000000000E+00  1.423229745439111E+00  1.425917760680276E+00  1.339651334373588E+00  3.433705005265075E-03  2.577827207164485E-02  4.443172398449646E-02
  1.750000000000000E+00  1.378128849503047E+00  1.705806280347786E+00  1.350088006444161E+00  4.215887592317724E-03  2.584462291202727E-02  5.098823106377615E-02
  2.000000000000000E+00  1.333355012586035E+00  1.542435734349903E+00  9.112070209266151E-01  5.273607206037756E-03  3.464627842147050E-02  9.439169201282838E-02
  2.250000000000000E+00  1.291537836005878E+00  1.307772985752775E+00  1.107535568317707E+00  6.889362045145342E-03  5.013750111947490E-02  9.666829292882495E-02
  2.500000000000000E+00  1.255098553621510E+00  1.035657788229420E+00  9.250541164345283E-01  9.586463379376520E-03  7.658378239399588E-02  1.565644027369089E-01
  2.750000000000000E+00  1.228934066560649E+00  1.090949490777971E+00  1.585342217044049E+00  1.116625626963286E-02  9.140812086615169E-02  1.042801863250207E-01
  3.000000000000000E+00  1.216068981183502E+00  1.092743725552892E+00  1.119044383134361E+00  1.071696253275123E-02  1.079411365878937E-01  1.262647701802380E-01
  3.250000000000000E+00  1.215535683841296E+00  1.240138856057141E+00  1.634277111133497E+00  1.040687678694474E-02  9.750154196508354E-02  6.240302147277599E-02
  3.500000000000000E+00  1.230683988799683E+00  1.411798205839374E+00  1.537522817681417E+00  6.963641325548942E-03  8.309509943358773E-02  4.096413595028614E-02
  3.750000000000000E+00  1.255243587698301E+00  1.364045071871572E+00  1.405428626185899E+00  5.597528910060712E-03  7.816284969822607E-02  3.565721522248300E-02
  4.000000000000000E+00  1.287688262349332E+00  9.732518195985076E-01  1.683597645865881E+00  5.825629948773337E-03  9.562343869545264E-02  3.551174121668166E-02
  4.250000000000000E+00  1.327308264061362E+00  1.671985598563317E+00  9.485164357756218E-01  5.716962647833945E-03  5.329655557719581E-02  5.599299185700490E-02
  4.500000000000000E+00  1.371496246048615E+00  1.600815391511029E+00  1.478302429626823E+00  4.949212472938891E-03  4.982578455617181E-02  2.187914362084453E-02
  4.750000000000000E+00  1.417737644421425E+00  1.510885615348590E+00  1.158937763182584E+00  3.107553495641957E-03  4.466421552633992E-02  8.800123298265516E-03
  5.000000000000000E+00  1.460953298338492E+00  1.470134387042476E+00  1.643590770857166E+00  2.546306284485933E-03  3.678699021167353E-02  1.189678851420295E-03
-----------------------------------------------------------------------------------------------------------------------------------------------------------------

Slow Integrator Stats
Current time                  = 5
Steps                         = 242
Step attempts                 = 312
Stability limited steps       = 0
Accuracy limited steps        = 312
Error test fails              = 70
NLS step fails                = 0
Inequality constraint fails   = 0
Initial step size             = 0.025
Last step size                = 0.0258711979041237
Current step size             = 0.0258711979041237
Explicit slow RHS fn evals    = 1491
Implicit slow RHS fn evals    = 0
Inner stepper failures        = 0
NLS iters                     = 0
NLS fails                     = 0
NLS iters per step            = 0
LS setups                     = 0

Intermediate Integrator Stats
Current time                  = 5
Steps                         = 2982
Step attempts                 = 3169
Stability limited steps       = 0
Accuracy limited steps        = 3169
Error test fails              = 187
NLS step fails                = 0
Inequality constraint fails   = 0
Initial step size             = 0.0005
Last step size                = 0.00517423958082474
Current step size             = 0.00517423958082474
Explicit slow RHS fn evals    = 15901
Implicit slow RHS fn evals    = 0
Inner stepper failures        = 0
NLS iters                     = 0
NLS fails                     = 0
NLS iters per step            = 0
LS setups                     = 0

Fast Integrator Stats
Current time                  = 5
Steps                         = 84773
Step attempts                 = 119399
Stability limited steps       = 0
Accuracy limited steps        = 119399
Error test fails              = 34626
NLS step fails                = 0
Inequality constraint fails   = 0
Initial step size             = 3.4322590648825e-09
Last step size                = 0.00046218630415673
Current step size             = 0.00046218630415673
RHS fn evals                  = 484178
