    
 Finished initialization, starting time steps
    
        t           y        
 ----------------------------
   0.00000E+00  0.00000E+00
   1.00000E+00  7.85398E-01
   2.00000E+00  1.10715E+00
   3.00000E+00  1.24905E+00
   4.00000E+00  1.32582E+00
   5.00000E+00  1.37340E+00
   6.00000E+00  1.40565E+00
   7.00000E+00  1.42890E+00
   8.00000E+00  1.44644E+00
   9.00000E+00  1.46014E+00
   1.00000E+01  1.47113E+00
  
  General Solver Stats:
    Total internal steps taken    =      415
    Total internal steps attempts =      422
    Total rhs function calls      =     5002
    Num lin solver setup calls    =       46
    Num error test failures       =        7
    First internal step size      = 6.10352E-12
    Last internal step size       = 7.92971E-02
    Next internal step size       = 7.92971E-02
    Current internal time         = 1.00714E+01
    Num nonlinear solver iters    =     2889
    Num nonlinear solver fails    =        4
  
