  
 arkRoberts_dnsL.f03: Robertson ARK ODE serial example problem for ARKODE
          Three equation chemical kinetics problem.
  
 Linear solver: DENSE, with user-supplied Jacobian.
Tolerance parameters:  rtol = 0.0001   atol =  1.E-08  1.E-11  1.E-08
Initial conditions y0 = ( 1.00  0.00  0.00 )
 Constraints and id not used.
  
 ----------------------------------------------------------------------
    t            y1           y2           y3       | nst      h
 ----------------------------------------------------------------------
  2.6402E-01   9.8997E-01   3.4706E-05   1.0000E-02 |  19    2.9467E-01
    rootsfound[] =  0   1
  4.0000E-01   9.8517E-01   3.3864E-05   1.4794E-02 |  19    2.9467E-01
  4.0000E+00   9.0552E-01   2.2405E-05   9.4459E-02 |  24    8.8784E-01
  4.0000E+01   7.1583E-01   9.1854E-06   2.8416E-01 |  37    7.8476E+00
  4.0000E+02   4.5052E-01   3.2229E-06   5.4948E-01 |  50    6.3609E+01
  4.0000E+03   1.8320E-01   8.9420E-07   8.1680E-01 |  63    5.6899E+02
  4.0000E+04   3.8980E-02   1.6246E-07   9.6102E-01 |  76    9.5727E+03
  4.0000E+05   4.9382E-03   1.9843E-08   9.9506E-01 |  88    6.2505E+04
  4.0000E+06   5.1672E-04   2.0654E-09   9.9948E-01 |  98    1.0133E+06
  2.0773E+07   1.0000E-04   3.9983E-10   9.9990E-01 | 103    7.6475E+06
    rootsfound[] = -1   0
  4.0000E+07   5.1961E-05   2.0760E-10   9.9995E-01 | 105    1.5310E+07
  4.0000E+08   5.1913E-06   2.0787E-11   9.9999E-01 | 113    2.0895E+08
  4.0000E+09   5.2082E-07   2.0762E-12   1.0000E+00 | 130    2.5950E+08
  4.0000E+10   5.2069E-08   1.9237E-13   1.0000E+00 | 153    3.4390E+09
  
 ------------------------------------------------------
      Final      y1'          y2'          y3'
 ------------------------------------------------------
              -1.3012E-18   3.1566E-23   1.3012E-18
  
  General Solver Stats:
    Total internal steps taken    =      153
    Total internal steps attempts =      173
    Total rhs exp function call   =      968
    Total rhs imp function call   =     5926
    Num lin solver setup calls    =      145
    Num error test failures       =        0
    First internal step size      = 1.00000E-08
    Last internal step size       = 3.43897E+09
    Next internal step size       = 1.17845E+10
    Current internal time         = 4.04041E+10
    Num nonlinear solver iters    =     4958
    Num nonlinear solver fails    =       69
  
