    
 Finished initialization, starting time steps
    
        t           u           v           w       
  ---------------------------------------------------
   0.00000E+00  3.90000E+00  1.10000E+00  2.80000E+00
   1.00000E+00  2.07527E+00  1.05960E+00  2.49993E+00
   2.00000E+00  1.10046E+00  1.72361E+00  2.49996E+00
   3.00000E+00  7.89620E-01  2.32667E+00  2.50000E+00
   4.00000E+00  8.11773E-01  2.72558E+00  2.49996E+00
   5.00000E+00  1.18700E+00  2.59554E+00  2.49998E+00
   6.00000E+00  1.88731E+00  1.49410E+00  2.49996E+00
   7.00000E+00  1.32327E+00  1.61902E+00  2.50001E+00
   8.00000E+00  9.21787E-01  2.13022E+00  2.50000E+00
   9.00000E+00  8.49543E-01  2.53947E+00  2.49995E+00
   1.00000E+01  1.06497E+00  2.59595E+00  2.49994E+00
  ----------------------------------------------------
  
  General Solver Stats:
    Total internal steps taken    =      905
    Total internal steps attempts =      934
    Total rhs exp function call   =     3739
    Total rhs imp function call   =     7529
    Num lin solver setup calls    =      158
    Num error test failures       =       29
    First internal step size      = 2.84252E-08
    Last internal step size       = 2.07420E-02
    Next internal step size       = 2.07420E-02
    Current internal time         = 1.00030E+01
    Num nonlinear solver iters    =     3790
    Num nonlinear solver fails    =       17
  
