Dense example problem:
 
 Robertson kinetics, NEQ =  3
 
 
At t =   0.2639E+00   y =   0.989965E+00  0.347056E-04  0.100000E-01
     Above is a root, INFO() =   0  1
At t =   0.4000E+00   y =   0.985164E+00  0.338624E-04  0.148021E-01
At t =   0.4000E+01   y =   0.905510E+00  0.224034E-04  0.944679E-01
At t =   0.4000E+02   y =   0.715795E+00  0.918349E-05  0.284196E+00
At t =   0.4000E+03   y =   0.450542E+00  0.322296E-05  0.549455E+00
At t =   0.4000E+04   y =   0.183187E+00  0.894113E-06  0.816812E+00
At t =   0.4000E+05   y =   0.389877E-01  0.162196E-06  0.961012E+00
At t =   0.4000E+06   y =   0.493796E-02  0.198486E-07  0.995062E+00
At t =   0.4000E+07   y =   0.516986E-03  0.206900E-08  0.999483E+00
At t =   0.2079E+08   y =   0.100000E-03  0.400040E-09  0.999900E+00
     Above is a root, INFO() =   1  0
At t =   0.4000E+08   y =   0.520375E-04  0.208161E-09  0.999948E+00
At t =   0.4000E+09   y =   0.520275E-05  0.208111E-10  0.999995E+00
At t =   0.4000E+10   y =   0.526269E-06  0.210508E-11  0.999999E+00
At t =   0.4000E+11   y =   0.617471E-07  0.246989E-12  0.100000E+01
 
Final value of ydot =  -0.108815E-17 -0.435258E-23  0.108815E-17
 
 
Final statistics:
 
 No. steps =  522   No. f-s =  757   No. J-s =   13   No. LU-s =  118
 No. nonlinear iterations =  754
 No. nonlinear convergence failures =    1
 No. error test failures =   29
 No. root function evals =  558
