Krylov example problem:

 Kinetics-transport, NEQ =  200


 t =   0.720000E+04     no. steps =   219   order =   5   stepsize =   0.158696E+03
  c1 (bot.left/middle/top rt.) =   0.104683E+05  0.296373E+05  0.111853E+05
  c2 (bot.left/middle/top rt.) =   0.252672E+12  0.715376E+12  0.269977E+12

 t =   0.144000E+05     no. steps =   251   order =   5   stepsize =   0.377205E+03
  c1 (bot.left/middle/top rt.) =   0.665902E+07  0.531602E+07  0.730081E+07
  c2 (bot.left/middle/top rt.) =   0.258192E+12  0.205680E+12  0.283286E+12

 t =   0.216000E+05     no. steps =   277   order =   5   stepsize =   0.274586E+03
  c1 (bot.left/middle/top rt.) =   0.266498E+08  0.103636E+08  0.293077E+08
  c2 (bot.left/middle/top rt.) =   0.299279E+12  0.102810E+12  0.331344E+12

 t =   0.288000E+05     no. steps =   310   order =   4   stepsize =   0.210072E+03
  c1 (bot.left/middle/top rt.) =   0.870209E+07  0.129197E+08  0.965002E+07
  c2 (bot.left/middle/top rt.) =   0.338035E+12  0.502929E+12  0.375096E+12

 t =   0.360000E+05     no. steps =   349   order =   4   stepsize =   0.934392E+02
  c1 (bot.left/middle/top rt.) =   0.140404E+05  0.202903E+05  0.156090E+05
  c2 (bot.left/middle/top rt.) =   0.338677E+12  0.489443E+12  0.376516E+12

 t =   0.432000E+05     no. steps =   420   order =   4   stepsize =   0.327588E+03
  c1 (bot.left/middle/top rt.) =  -0.221539E-07 -0.924182E-08 -0.259300E-07
  c2 (bot.left/middle/top rt.) =   0.338233E+12  0.135489E+12  0.380352E+12

 t =   0.504000E+05     no. steps =   436   order =   5   stepsize =   0.413201E+03
  c1 (bot.left/middle/top rt.) =   0.247003E-08  0.527464E-08  0.952551E-09
  c2 (bot.left/middle/top rt.) =   0.335816E+12  0.493045E+12  0.386445E+12

 t =   0.576000E+05     no. steps =   447   order =   5   stepsize =   0.355763E+03
  c1 (bot.left/middle/top rt.) =   0.470784E-08  0.100915E-07  0.181180E-08
  c2 (bot.left/middle/top rt.) =   0.332031E+12  0.964970E+12  0.390900E+12

 t =   0.648000E+05     no. steps =   459   order =   5   stepsize =   0.818267E+03
  c1 (bot.left/middle/top rt.) =   0.431186E-07  0.924863E-07  0.165968E-07
  c2 (bot.left/middle/top rt.) =   0.331303E+12  0.892187E+12  0.396342E+12

 t =   0.720000E+05     no. steps =   468   order =   5   stepsize =   0.818267E+03
  c1 (bot.left/middle/top rt.) =   0.242621E-07  0.519627E-07  0.934119E-08
  c2 (bot.left/middle/top rt.) =   0.332972E+12  0.618613E+12  0.403885E+12

 t =   0.792000E+05     no. steps =   477   order =   5   stepsize =   0.818267E+03
  c1 (bot.left/middle/top rt.) =   0.290960E-08  0.622576E-08  0.112038E-08
  c2 (bot.left/middle/top rt.) =   0.333441E+12  0.666926E+12  0.412026E+12

 t =   0.864000E+05     no. steps =   486   order =   5   stepsize =   0.818267E+03
  c1 (bot.left/middle/top rt.) =   0.213822E-09  0.457242E-09  0.823381E-10
  c2 (bot.left/middle/top rt.) =   0.335178E+12  0.910654E+12  0.416250E+12


Final statistics:

 number of steps        =   486     number of f evals.     =  639
 number of prec. setups =    85
 number of prec. evals. =     9     number of prec. solves =  1211
 number of nonl. iters. =   636     number of lin. iters.  =   644
 average Krylov subspace dimension (NLI/NNI)  =   0.101258E+01
 number of conv. failures.. nonlinear =   0  linear =   1
