Krylov example problem:
                                                                                                                                                                                                                           
 Kinetics-transport, NEQ =  200
                                                                                                                                                                                                                           
 
 t =   0.720E+04     no. steps =   219   order =   5   stepsize =   0.158696E+03
  c1 (bot.left/middle/top rt.) =   0.104683E+05  0.296373E+05  0.111853E+05
  c2 (bot.left/middle/top rt.) =   0.252672E+12  0.715376E+12  0.269977E+12
 
 t =   0.144E+05     no. steps =   251   order =   5   stepsize =   0.377205E+03
  c1 (bot.left/middle/top rt.) =   0.665902E+07  0.531602E+07  0.730081E+07
  c2 (bot.left/middle/top rt.) =   0.258192E+12  0.205680E+12  0.283286E+12
 
 t =   0.216E+05     no. steps =   277   order =   5   stepsize =   0.274580E+03
  c1 (bot.left/middle/top rt.) =   0.266498E+08  0.103636E+08  0.293077E+08
  c2 (bot.left/middle/top rt.) =   0.299279E+12  0.102810E+12  0.331344E+12
 
 t =   0.288E+05     no. steps =   301   order =   5   stepsize =   0.407571E+03
  c1 (bot.left/middle/top rt.) =   0.870209E+07  0.129197E+08  0.965002E+07
  c2 (bot.left/middle/top rt.) =   0.338035E+12  0.502929E+12  0.375096E+12
 
 t =   0.360E+05     no. steps =   327   order =   5   stepsize =   0.714967E+02
  c1 (bot.left/middle/top rt.) =   0.140404E+05  0.202903E+05  0.156090E+05
  c2 (bot.left/middle/top rt.) =   0.338678E+12  0.489443E+12  0.376517E+12
 
 t =   0.432E+05     no. steps =   399   order =   4   stepsize =   0.878769E+03
  c1 (bot.left/middle/top rt.) =   0.247344E-05  0.248038E-05  0.204048E-05
  c2 (bot.left/middle/top rt.) =   0.338233E+12  0.135491E+12  0.380352E+12
 
 t =   0.504E+05     no. steps =   415   order =   4   stepsize =   0.371862E+03
  c1 (bot.left/middle/top rt.) =  -0.133491E-08 -0.570301E-06 -0.178870E-08
  c2 (bot.left/middle/top rt.) =   0.335817E+12  0.493035E+12  0.386445E+12
 
 t =   0.576E+05     no. steps =   429   order =   5   stepsize =   0.447717E+03
  c1 (bot.left/middle/top rt.) =   0.138140E-09  0.263599E-06 -0.239198E-09
  c2 (bot.left/middle/top rt.) =   0.332031E+12  0.964981E+12  0.390900E+12
 
 t =   0.648E+05     no. steps =   441   order =   5   stepsize =   0.689538E+03
  c1 (bot.left/middle/top rt.) =  -0.322385E-10 -0.343674E-08 -0.603227E-10
  c2 (bot.left/middle/top rt.) =   0.331303E+12  0.892182E+12  0.396342E+12
 
 t =   0.720E+05     no. steps =   451   order =   5   stepsize =   0.689538E+03
  c1 (bot.left/middle/top rt.) =   0.172918E-10  0.183073E-07 -0.732661E-12
  c2 (bot.left/middle/top rt.) =   0.332973E+12  0.618620E+12  0.403885E+12
 
 t =   0.792E+05     no. steps =   462   order =   5   stepsize =   0.689538E+03
  c1 (bot.left/middle/top rt.) =  -0.811764E-13 -0.127574E-09  0.871031E-13
  c2 (bot.left/middle/top rt.) =   0.333442E+12  0.666896E+12  0.412026E+12
 
 t =   0.864E+05     no. steps =   472   order =   5   stepsize =   0.689538E+03
  c1 (bot.left/middle/top rt.) =  -0.245557E-13 -0.254388E-10 -0.961410E-16
  c2 (bot.left/middle/top rt.) =   0.335179E+12  0.910657E+12  0.416251E+12
 
 
Final statistics:
 
 number of steps        =   472      number of f evals.     =  611
 number of prec. setups =    79
 number of prec. evals. =     8      number of prec. solves =  1185
 number of nonl. iters. =   608      number of lin. iters.  =   628
 average Krylov subspace dimension (NLI/NNI)  =   0.103289E+01
 number of conv. failures.. nonlinear =   0 linear =   1
 number of error test failures =  29
