g(tf) = 2.129214e-02
 
dgdp(tf)
  [ 1]: -1.129208e+00
  [ 2]: -1.008885e+00
 
mu(t0)
  [ 1]: 2.774621e-04
  [ 2]: 5.622945e-04
  [ 3]: 8.471341e-04
  [ 4]: 1.127047e-03
  [ 5]: 1.392780e-03
  [ 6]: 1.640532e-03
  [ 7]: 1.859853e-03
  [ 8]: 2.048552e-03
  [ 9]: 2.195862e-03
  [10]: 2.301573e-03
  [11]: 2.355597e-03
  [12]: 2.359923e-03
  [13]: 2.306176e-03
  [14]: 2.198572e-03
  [15]: 2.031419e-03
  [16]: 1.810981e-03
  [17]: 1.535063e-03
  [18]: 1.211581e-03
  [19]: 8.423974e-04
  [20]: 4.364889e-04
