
Parallel Krylov adjoint sensitivity analysis example
2D Advection diffusion PDE with homogeneous Neumann B.C.
Computes gradient of G = int_t_Omega ( c_i^2 ) dt dOmega
with respect to the source values at each grid point.

Domain:
   0.000000 < x < 20.000000   mx = 20  npe_x = 2 
   0.000000 < y < 20.000000   my = 40  npe_y = 2 

Begin forward integration... done.   G = 2.522277e+03

Final Statistics.. 

lenrw   =   8746     leniw =    212
llrw    =   8656     lliw  =     80
nst     =     99
nfe     =    106     nfel  =    122
nni     =    102     nli   =    122
nsetups =     14     netf  =      0
npe     =      2     nps   =    203
ncfn    =      0     ncfl  =      0

Begin backward integration... done.

Final Statistics.. 

lenrw   =  17316     leniw =    212
llrw    =   8656     lliw  =     80
nst     =     94
nfe     =    117     nfel  =    160
nni     =    113     nli   =    160
nsetups =     20     netf  =      2
npe     =      2     nps   =    253
ncfn    =      0     ncfl  =      0

