
1-D advection-diffusion equation, mesh size = 10 

Number of PEs =   4 
Sensitivity: YES ( SIMULTANEOUS + FULL ERROR CONTROL )

============================================================
     T     Q       H      NST                    Max norm   
============================================================
5.000e-01  4  7.656e-03   115
                                Solution         3.0529e+00 
                                Sensitivity 1    3.8668e+00 
                                Sensitivity 2    6.2020e-01 
------------------------------------------------------------
1.000e+00  4  9.504e-03   182
                                Solution         8.7533e-01 
                                Sensitivity 1    2.1743e+00 
                                Sensitivity 2    1.8909e-01 
------------------------------------------------------------
1.500e+00  3  4.221e-03   290
                                Solution         2.4949e-01 
                                Sensitivity 1    9.1826e-01 
                                Sensitivity 2    7.3922e-02 
------------------------------------------------------------
2.000e+00  2  8.301e-03   375
                                Solution         7.1098e-02 
                                Sensitivity 1    3.4667e-01 
                                Sensitivity 2    2.8228e-02 
------------------------------------------------------------
2.500e+00  2  5.100e-03   450
                                Solution         2.0260e-02 
                                Sensitivity 1    1.2301e-01 
                                Sensitivity 2    1.0085e-02 
------------------------------------------------------------
3.000e+00  2  7.134e-03   514
                                Solution         5.7728e-03 
                                Sensitivity 1    4.1956e-02 
                                Sensitivity 2    3.4555e-03 
------------------------------------------------------------
3.500e+00  2  1.657e-02   586
                                Solution         1.6450e-03 
                                Sensitivity 1    1.3921e-02 
                                Sensitivity 2    1.1669e-03 
------------------------------------------------------------
4.000e+00  2  1.959e-02   656
                                Solution         4.6877e-04 
                                Sensitivity 1    4.5290e-03 
                                Sensitivity 2    3.8631e-04 
------------------------------------------------------------
4.500e+00  1  5.326e-03   732
                                Solution         1.3417e-04 
                                Sensitivity 1    1.4551e-03 
                                Sensitivity 2    1.2585e-04 
------------------------------------------------------------
5.000e+00  2  9.973e-03   814
                                Solution         3.8672e-05 
                                Sensitivity 1    4.6549e-04 
                                Sensitivity 2    4.0632e-05 
------------------------------------------------------------

Final Statistics

nst     =   814

nfe     =  1462
netf    =     2    nsetups  =     0
nni     =  1458    ncfn     =   134

nfSe    =  2924    nfeS     =  5848
netfs   =     0    nsetupsS =     0
nniS    =     0    ncfnS    =     0
