
2-species diurnal advection-diffusion problem
Sensitivity: YES ( SIMULTANEOUS + FULL ERROR CONTROL )

========================================================================
     T     Q       H      NST                    Bottom left  Top right 
========================================================================
7.200e+03  3  3.544e+01   415
                                Solution         1.0468e+04   1.1185e+04 
                                                 2.5267e+11   2.6998e+11 
                                ----------------------------------------
                                Sensitivity 1   -6.4201e+19  -6.8598e+19 
                                                 7.1177e+19   7.6556e+19 
                                ----------------------------------------
                                Sensitivity 2   -4.3853e+14  -5.0065e+14 
                                                -2.4407e+18  -2.7842e+18 
------------------------------------------------------------------------
1.440e+04  3  4.903e+01   640
                                Solution         6.6590e+06   7.3008e+06 
                                                 2.5819e+11   2.8329e+11 
                                ----------------------------------------
                                Sensitivity 1   -4.0848e+22  -4.4785e+22 
                                                 5.9550e+22   6.7173e+22 
                                ----------------------------------------
                                Sensitivity 2   -4.5235e+17  -5.4318e+17 
                                                -6.5419e+21  -7.8316e+21 
------------------------------------------------------------------------
2.160e+04  2  2.948e+01  1198
                                Solution         2.6650e+07   2.9308e+07 
                                                 2.9928e+11   3.3134e+11 
                                ----------------------------------------
                                Sensitivity 1   -1.6346e+23  -1.7976e+23 
                                                 3.8203e+23   4.4991e+23 
                                ----------------------------------------
                                Sensitivity 2   -7.6601e+18  -9.4433e+18 
                                                -7.6459e+22  -9.4502e+22 
------------------------------------------------------------------------
2.880e+04  3  4.499e+01  1542
                                Solution         8.7021e+06   9.6501e+06 
                                                 3.3804e+11   3.7510e+11 
                                ----------------------------------------
                                Sensitivity 1   -5.3375e+22  -5.9188e+22 
                                                 5.4487e+23   6.7430e+23 
                                ----------------------------------------
                                Sensitivity 2   -4.8855e+18  -6.1040e+18 
                                                -1.7194e+23  -2.1518e+23 
------------------------------------------------------------------------
3.600e+04  3  1.107e+01  1675
                                Solution         1.4040e+04   1.5609e+04 
                                                 3.3868e+11   3.7652e+11 
                                ----------------------------------------
                                Sensitivity 1   -8.6141e+19  -9.5761e+19 
                                                 5.2718e+23   6.6030e+23 
                                ----------------------------------------
                                Sensitivity 2   -8.4328e+15  -1.0549e+16 
                                                -1.8439e+23  -2.3096e+23 
------------------------------------------------------------------------
4.320e+04  4  8.016e+01  3146
                                Solution        -2.5802e-07  -2.3679e-07 
                                                 3.3823e+11   3.8035e+11 
                                ----------------------------------------
                                Sensitivity 1   -3.4238e+08  -3.8876e+08 
                                                 5.2753e+23   6.7448e+23 
                                ----------------------------------------
                                Sensitivity 2    5.4404e+03   6.6262e+03 
                                                -1.8454e+23  -2.3595e+23 
------------------------------------------------------------------------
5.040e+04  4  2.431e+02  3194
                                Solution         8.0708e-08   7.0502e-08 
                                                 3.3582e+11   3.8645e+11 
                                ----------------------------------------
                                Sensitivity 1   -4.5550e+10  -3.9697e+10 
                                                 5.2067e+23   6.9664e+23 
                                ----------------------------------------
                                Sensitivity 2   -5.5727e+08  -5.5845e+08 
                                                -1.8214e+23  -2.4371e+23 
------------------------------------------------------------------------
5.760e+04  4  2.523e+02  3216
                                Solution        -1.8957e-11  -1.6762e-11 
                                                 3.3203e+11   3.9090e+11 
                                ----------------------------------------
                                Sensitivity 1   -1.5940e+06  -1.4035e+06 
                                                 5.0825e+23   7.1205e+23 
                                ----------------------------------------
                                Sensitivity 2   -2.2867e+02  -2.2722e+02 
                                                -1.7780e+23  -2.4910e+23 
------------------------------------------------------------------------
6.480e+04  4  2.820e+02  3254
                                Solution        -7.8717e-10  -6.7017e-10 
                                                 3.3130e+11   3.9634e+11 
                                ----------------------------------------
                                Sensitivity 1   -3.4373e+07  -2.1671e+07 
                                                 5.0442e+23   7.3274e+23 
                                ----------------------------------------
                                Sensitivity 2    1.3198e+08   1.3575e+08 
                                                -1.7646e+23  -2.5633e+23 
------------------------------------------------------------------------
7.200e+04  4  3.810e+02  3276
                                Solution        -4.4006e-09  -3.7463e-09 
                                                 3.3297e+11   4.0389e+11 
                                ----------------------------------------
                                Sensitivity 1    4.5106e+09   3.8200e+09 
                                                 5.0783e+23   7.6382e+23 
                                ----------------------------------------
                                Sensitivity 2    2.0264e+05   2.0791e+05 
                                                -1.7765e+23  -2.6721e+23 
------------------------------------------------------------------------
7.920e+04  5  6.406e+02  3291
                                Solution        -1.8328e-11  -1.5666e-11 
                                                 3.3344e+11   4.1203e+11 
                                ----------------------------------------
                                Sensitivity 1    1.3650e+07   1.1729e+07 
                                                 5.0730e+23   7.9960e+23 
                                ----------------------------------------
                                Sensitivity 2    6.1764e+01   6.8476e+01 
                                                -1.7747e+23  -2.7972e+23 
------------------------------------------------------------------------
8.640e+04  5  6.406e+02  3302
                                Solution        -2.0206e-13  -1.7557e-13 
                                                 3.3518e+11   4.1625e+11 
                                ----------------------------------------
                                Sensitivity 1    1.1323e+06   9.7319e+05 
                                                 5.1171e+23   8.2142e+23 
                                ----------------------------------------
                                Sensitivity 2    7.6632e+00   8.2818e+00 
                                                -1.7901e+23  -2.8736e+23 
------------------------------------------------------------------------

Final Statistics

nst     =  3302

nfe     =  4387
netf    =   165    nsetups  =   508
nni     =  4383    ncfn     =     7

nfSe    =  8774    nfeS     = 17548
netfs   =     0    nsetupsS =     0
nniS    =     0    ncfnS    =     0
