
2-species diurnal advection-diffusion problem
Sensitivity: YES ( STAGGERED + FULL ERROR CONTROL )

========================================================================
     T     Q       H      NST                    Bottom left  Top right 
========================================================================
7.200e+03  4  6.240e+01   456
                                Solution         1.0468e+04   1.1185e+04 
                                                 2.5267e+11   2.6998e+11 
                                ----------------------------------------
                                Sensitivity 1   -6.4201e+19  -6.8598e+19 
                                                 7.1178e+19   7.6557e+19 
                                ----------------------------------------
                                Sensitivity 2   -4.3853e+14  -5.0065e+14 
                                                -2.4408e+18  -2.7843e+18 
------------------------------------------------------------------------
1.440e+04  4  1.666e+02   521
                                Solution         6.6590e+06   7.3008e+06 
                                                 2.5819e+11   2.8329e+11 
                                ----------------------------------------
                                Sensitivity 1   -4.0848e+22  -4.4785e+22 
                                                 5.9549e+22   6.7173e+22 
                                ----------------------------------------
                                Sensitivity 2   -4.5235e+17  -5.4317e+17 
                                                -6.5418e+21  -7.8315e+21 
------------------------------------------------------------------------
2.160e+04  4  1.992e+02   606
                                Solution         2.6650e+07   2.9308e+07 
                                                 2.9928e+11   3.3134e+11 
                                ----------------------------------------
                                Sensitivity 1   -1.6346e+23  -1.7976e+23 
                                                 3.8203e+23   4.4991e+23 
                                ----------------------------------------
                                Sensitivity 2   -7.6601e+18  -9.4433e+18 
                                                -7.6459e+22  -9.4501e+22 
------------------------------------------------------------------------
2.880e+04  3  1.091e+02   673
                                Solution         8.7021e+06   9.6500e+06 
                                                 3.3804e+11   3.7510e+11 
                                ----------------------------------------
                                Sensitivity 1   -5.3375e+22  -5.9187e+22 
                                                 5.4487e+23   6.7430e+23 
                                ----------------------------------------
                                Sensitivity 2   -4.8855e+18  -6.1040e+18 
                                                -1.7194e+23  -2.1518e+23 
------------------------------------------------------------------------
3.600e+04  4  8.486e+01   726
                                Solution         1.4040e+04   1.5609e+04 
                                                 3.3868e+11   3.7652e+11 
                                ----------------------------------------
                                Sensitivity 1   -8.6141e+19  -9.5761e+19 
                                                 5.2718e+23   6.6030e+23 
                                ----------------------------------------
                                Sensitivity 2   -8.4328e+15  -1.0549e+16 
                                                -1.8439e+23  -2.3096e+23 
------------------------------------------------------------------------
4.320e+04  5  2.007e+02   799
                                Solution        -3.2053e-07  -8.2067e-08 
                                                 3.3823e+11   3.8035e+11 
                                ----------------------------------------
                                Sensitivity 1    2.5041e+09   1.1068e+09 
                                                 5.2753e+23   6.7448e+23 
                                ----------------------------------------
                                Sensitivity 2   -2.7306e+08  -3.2516e+08 
                                                -1.8454e+23  -2.3595e+23 
------------------------------------------------------------------------
5.040e+04  4  3.505e+02   834
                                Solution        -3.8285e-06  -4.1822e-06 
                                                 3.3582e+11   3.8645e+11 
                                ----------------------------------------
                                Sensitivity 1    1.6643e+10   1.8174e+10 
                                                 5.2067e+23   6.9664e+23 
                                ----------------------------------------
                                Sensitivity 2    4.0895e+10   4.6693e+10 
                                                -1.8214e+23  -2.4371e+23 
------------------------------------------------------------------------
5.760e+04  5  3.805e+02   851
                                Solution        -3.3001e-09  -3.6176e-09 
                                                 3.3203e+11   3.9090e+11 
                                ----------------------------------------
                                Sensitivity 1   -8.4985e+07  -9.3979e+07 
                                                 5.0825e+23   7.1205e+23 
                                ----------------------------------------
                                Sensitivity 2    2.0322e+07   2.4170e+07 
                                                -1.7780e+23  -2.4910e+23 
------------------------------------------------------------------------
6.480e+04  5  3.938e+02   872
                                Solution         1.1051e-06   1.2213e-06 
                                                 3.3130e+11   3.9634e+11 
                                ----------------------------------------
                                Sensitivity 1    7.1018e+10   7.8084e+10 
                                                 5.0442e+23   7.3274e+23 
                                ----------------------------------------
                                Sensitivity 2   -4.9939e+06  -5.8955e+06 
                                                -1.7646e+23  -2.5633e+23 
------------------------------------------------------------------------
7.200e+04  5  3.938e+02   890
                                Solution        -4.0822e-06  -4.3014e-06 
                                                 3.3297e+11   4.0389e+11 
                                ----------------------------------------
                                Sensitivity 1    3.7438e+10   3.9806e+10 
                                                 5.0783e+23   7.6382e+23 
                                ----------------------------------------
                                Sensitivity 2   -2.8120e+07  -3.3371e+07 
                                                -1.7765e+23  -2.6721e+23 
------------------------------------------------------------------------
7.920e+04  5  6.446e+02   905
                                Solution        -5.9523e-06  -6.1213e-06 
                                                 3.3344e+11   4.1203e+11 
                                ----------------------------------------
                                Sensitivity 1    7.5332e+10   7.7483e+10 
                                                 5.0730e+23   7.9960e+23 
                                ----------------------------------------
                                Sensitivity 2    7.4326e+05   9.4687e+05 
                                                -1.7747e+23  -2.7972e+23 
------------------------------------------------------------------------
8.640e+04  5  6.446e+02   916
                                Solution        -1.2279e-07  -1.2697e-07 
                                                 3.3518e+11   4.1625e+11 
                                ----------------------------------------
                                Sensitivity 1    3.2765e+09   3.3795e+09 
                                                 5.1171e+23   8.2142e+23 
                                ----------------------------------------
                                Sensitivity 2    3.1113e+04   4.0059e+04 
                                                -1.7901e+23  -2.8736e+23 
------------------------------------------------------------------------

Final Statistics

nst     =   916

nfe     =  1986
netf    =    12    nsetups  =   134
nni     =  1039    ncfn     =     0

nfSe    =  2198    nfeS     =  4396
netfs   =    29    nsetupsS =     0
nniS    =  1097    ncfnS    =     0
