 
 Predator-prey test problem --  KINSol (serial version)

Mesh dimensions 4 X 4
Number of species 6 
Total system size 96
Preconditioning uses interaction-only block-diagonal matrix
tolerance parameters:  fnormtol = 1e-07   scsteptol = 1e-13
Max Krylov dimension = 16, Max linear restarts = 128

Initial profile of concentration

At bottom left::

   1.16347000e+00   1.16347000e+00   1.16347000e+00   3.49031000e+04
   3.49031000e+04   3.49031000e+04

At top right:

   1.16347000e+00   1.16347000e+00   1.16347000e+00   3.49031000e+04
   3.49031000e+04   3.49031000e+04




Computed equilibrium species concentrations:


At bottom left::

   1.16049281e+00   1.16049281e+00   1.16049281e+00   3.48138907e+04
   3.48138907e+04   3.48138907e+04

At top right:

   1.27017987e+00   1.27017987e+00   1.27017987e+00   3.81030600e+04
   3.81030600e+04   3.81030600e+04


Final Statistics.. 

nni    =     4    nli   =    34
nfe    =    43    npe   =     1
nps    =    38    ncfl  =     0

Solution for sensitivity parameter 0

At bottom left::

 -1.06055 -1.06055 -1.06055 -66630.3 -66630.3 -66630.3

At top right:

 -1.16079 -1.16079 -1.16079 -72926.7 -72926.7 -72926.7


Final Statistics.. 

nni    =     4    nli   =    49
nfe    =    59    npe   =     2
nps    =    54    ncfl  =     0

Solution for sensitivity parameter 1

At bottom left::

 -0.0499717 -0.0499717 -0.0499717 -1499.15 -1499.15 -1499.15

At top right:

 -0.0546947 -0.0546947 -0.0546947 -1640.84 -1640.84 -1640.84


Final Statistics.. 

nni    =     4    nli   =    61
nfe    =    72    npe   =     2
nps    =    67    ncfl  =     0

Solution for sensitivity parameter 2

At bottom left::

 -0.0499734 -0.0499734 -0.0499734 33315.6 33315.6 33315.6

At top right:

 -0.0546967 -0.0546967 -0.0546967 36464.5 36464.5 36464.5


Final Statistics.. 

nni    =     4    nli   =    75
nfe    =    87    npe   =     2
nps    =    82    ncfl  =     0
