
2D Heat PDE test problem:
 --------------------------------- 
  nprocs         = 4
  npx            = 2
  npy            = 2
 --------------------------------- 
  kx             = 1
  ky             = 1
  forcing        = 1
  tf             = 1
  xu             = 1
  yu             = 1
  nx             = 64
  ny             = 64
  nxl (proc 0)   = 32
  nyl (proc 0)   = 32
  dx             = 0.015873
  dy             = 0.015873
 --------------------------------- 
  rtol           = 1e-05
  atol           = 1e-10
 --------------------------------- 
  linear solver  = PCG
  lin iters      = 10
  matvec         = 0
  eps lin        = 0
  prec           = 1
  msbp           = 0
  pfmg_relax     = 2
  pfmg_nrelax    = 2
 --------------------------------- 
  output         = 1
 --------------------------------- 

          t                     ||u||_rms                max error      
 -----------------------------------------------------------------------
 0.000000000000000e+00    3.691406249999997e-01    0.000000000000000e+00
 5.000000000000000e-02    3.603055554618401e-01    5.964173726504818e-04
 1.000000000000000e-01    3.341441224301172e-01    7.025395334918638e-04
 1.500000000000000e-01    2.933127013538682e-01    6.866886664798066e-04
 2.000000000000000e-01    2.418343851732419e-01    6.071577798290040e-04
 2.500000000000000e-01    1.847604617593562e-01    4.981015938002042e-04
 3.000000000000000e-01    1.276806346646456e-01    3.759131573524699e-04
 3.500000000000000e-01    7.618368887581935e-02    2.556336591995889e-04
 4.000000000000000e-01    3.531134504036503e-02    1.509783196590175e-04
 4.500000000000000e-01    9.065110416475970e-03    7.339193581234332e-05
 4.999999999999999e-01    1.303966686459703e-05    2.695683056831103e-05
 5.499999999999999e-01    9.040401134899187e-03    1.750181203876225e-05
 6.000000000000000e-01    3.526522803343135e-02    4.675490650009329e-05
 6.500000000000000e-01    7.611997718423313e-02    1.117172009507394e-04
 7.000000000000001e-01    1.276053472884836e-01    2.058134301199943e-04
 7.500000000000001e-01    1.846818876471782e-01    3.204182496353014e-04
 8.000000000000002e-01    2.417625108259743e-01    4.442520433308728e-04
 8.500000000000002e-01    2.932595819786000e-01    5.647162036863662e-04
 9.000000000000002e-01    3.341321084171230e-01    6.698653632757345e-04
 9.500000000000003e-01    3.603795155583735e-01    7.501325986108975e-04
 1.000000000000000e+00    3.694324966390761e-01    7.975663692660895e-04
 -----------------------------------------------------------------------

Final integrator statistics:
  Steps            = 95
  Error test fails = 3
  RHS evals        = 118
  NLS iters        = 115
  NLS fails        = 0
  LS iters         = 214
  LS fails         = 0
  LS setups        = 18
  LS RHS evals     = 214
  Jv products      = 214

  Avg NLS iters per step    = 1.210526
  Avg LS iters per NLS iter = 1.860870

  Preconditioner setups = 18
  Preconditioner solves = 214
  PFMG iters            = 214

  Max error = 7.975663692660895e-04
