
2D Heat PDE test problem:
 --------------------------------- 
  nprocs         = 4
  npx            = 2
  npy            = 2
 --------------------------------- 
  kx             = 1
  ky             = 1
  forcing        = 1
  tf             = 1
  xu             = 1
  yu             = 1
  nx             = 64
  ny             = 64
  nxl (proc 0)   = 32
  nyl (proc 0)   = 32
  dx             = 0.015873
  dy             = 0.015873
 --------------------------------- 
  rtol           = 1e-05
  atol           = 1e-10
 --------------------------------- 
  linear solver  = PCG
  lin iters      = 10
  eps lin        = 0
  prec           = 1
  msbp           = 0
  pfmg_relax     = 2
  pfmg_nrelax    = 2
 --------------------------------- 
  output         = 1
 --------------------------------- 

          t                     ||u||_rms                max error      
 -----------------------------------------------------------------------
 0.000000000000000e+00    3.691406249999997e-01    0.000000000000000e+00
 5.000000000000000e-02    3.603055518800799e-01    5.963840619074290e-04
 1.000000000000000e-01    3.341441424620971e-01    7.025778158963325e-04
 1.500000000000000e-01    2.933130334981864e-01    6.875401429233818e-04
 2.000000000000000e-01    2.418362927676236e-01    6.116639653660494e-04
 2.500000000000000e-01    1.847625453317853e-01    5.027718887616328e-04
 3.000000000000000e-01    1.276816623016358e-01    3.781074016995789e-04
 3.500000000000000e-01    7.618596890951394e-02    2.609835414890682e-04
 4.000000000000000e-01    3.531363328804876e-02    1.561203385513354e-04
 4.500000000000000e-01    9.066155382441906e-03    7.564948806687566e-05
 4.999999999999999e-01    1.349906864287600e-05    2.789662254680244e-05
 5.499999999999999e-01    9.040566171460009e-03    1.785150436988889e-05
 6.000000000000000e-01    3.526524125808409e-02    4.675367076756309e-05
 6.500000000000000e-01    7.612020277863629e-02    1.122856596541544e-04
 7.000000000000001e-01    1.276054683557336e-01    2.060590487891201e-04
 7.500000000000001e-01    1.846819738527333e-01    3.206056994818907e-04
 8.000000000000002e-01    2.417625152639782e-01    4.442737986845025e-04
 8.500000000000002e-01    2.932595405272482e-01    5.646860290162703e-04
 9.000000000000002e-01    3.341317884108227e-01    6.691060222309142e-04
 9.500000000000003e-01    3.603789961491980e-01    7.489450310769197e-04
 1.000000000000000e+00    3.694320000651677e-01    7.966520937526811e-04
 -----------------------------------------------------------------------

Final integrator statistics:
  Steps            = 93
  Error test fails = 6
  RHS evals        = 127
  NLS iters        = 124
  NLS fails        = 0
  LS iters         = 315
  LS fails         = 0
  LS setups        = 24
  J evals          = 2

  Avg NLS iters per step    = 1.333333
  Avg LS iters per NLS iter = 2.540323

  Max error = 7.966520937526811e-04
